Host Parallel Execution Space:
  KOKKOS_ENABLE_OPENMP: yes

OpenMP Runtime Configuration:
Kokkos::OpenMP thread_pool_topology[ 1 x 48 x 1 ]
Reading ParaDiS configuration
 Input file: /data/home/dg000246b/openDIS/HomeWork/init_data_twin/init_config.data
 nodes: 4154, segments: 3884
 Warning: Burgers vector is not conserved for 540 node(s)
[System] 10 spherical obstacles loaded
[System] 2 planar obstacles (twin boundaries) loaded
Step =      0: nodes = 4154, dt = 0.000000e+00, strain = 0.000000e+00, elapsed = 0.0 sec
Writing configuration in legacy data format
 Output file: /data/home/dg000246b/openDIS/HomeWork/output_Cu_twin/config.0.data
Writing restart file
 Restart file: /data/home/dg000246b/openDIS/HomeWork/output_Cu_twin/restart.0.exadis
Run until reaching strain = 0.010000
Step =      1: nodes = 4163, dt = 1.000000e-09, strain = 1.000000e-06, elapsed = 0.3 sec
Step =      2: nodes = 4174, dt = 6.000000e-10, strain = 1.600000e-06, elapsed = 0.5 sec
Step =      3: nodes = 4191, dt = 6.000000e-10, strain = 2.200000e-06, elapsed = 0.7 sec
Step =      4: nodes = 4226, dt = 7.200000e-10, strain = 2.920000e-06, elapsed = 0.9 sec
Step =      5: nodes = 4297, dt = 8.640000e-10, strain = 3.784000e-06, elapsed = 1.2 sec
Step =      6: nodes = 4378, dt = 1.036800e-09, strain = 4.820800e-06, elapsed = 1.4 sec
Step =      7: nodes = 4413, dt = 6.220800e-10, strain = 5.442880e-06, elapsed = 1.7 sec
Step =      8: nodes = 4442, dt = 6.220800e-10, strain = 6.064960e-06, elapsed = 1.9 sec
Step =      9: nodes = 4473, dt = 7.464960e-10, strain = 6.811456e-06, elapsed = 2.2 sec
Step =     10: nodes = 4509, dt = 8.957952e-10, strain = 7.707251e-06, elapsed = 2.5 sec
Writing configuration in legacy data format
 Output file: /data/home/dg000246b/openDIS/HomeWork/output_Cu_twin/config.10.data
Writing restart file
 Restart file: /data/home/dg000246b/openDIS/HomeWork/output_Cu_twin/restart.10.exadis
Step =     11: nodes = 4557, dt = 5.374771e-10, strain = 8.244728e-06, elapsed = 2.8 sec
Step =     12: nodes = 4644, dt = 5.374771e-10, strain = 8.782205e-06, elapsed = 3.1 sec
Step =     13: nodes = 4807, dt = 3.224863e-10, strain = 9.104692e-06, elapsed = 3.3 sec
Step =     14: nodes = 5004, dt = 3.224863e-10, strain = 9.427178e-06, elapsed = 3.6 sec
Step =     15: nodes = 5261, dt = 9.674588e-11, strain = 9.523924e-06, elapsed = 3.8 sec
Step =     16: nodes = 5463, dt = 9.674588e-11, strain = 9.620670e-06, elapsed = 4.0 sec
Step =     17: nodes = 5589, dt = 1.160951e-10, strain = 9.736765e-06, elapsed = 4.3 sec
Step =     18: nodes = 5794, dt = 1.393141e-10, strain = 9.876079e-06, elapsed = 4.5 sec
Error: MAX_CONN = 15 exceeded during merge_node()
Step =     19: nodes = 5875, dt = 1.671769e-10, strain = 1.004326e-05, elapsed = 4.9 sec
Step =     20: nodes = 5928, dt = 2.006123e-10, strain = 1.024387e-05, elapsed = 5.2 sec
Writing configuration in legacy data format
 Output file: /data/home/dg000246b/openDIS/HomeWork/output_Cu_twin/config.20.data
Writing restart file
 Restart file: /data/home/dg000246b/openDIS/HomeWork/output_Cu_twin/restart.20.exadis
Step =     21: nodes = 6048, dt = 1.203674e-10, strain = 1.036424e-05, elapsed = 5.9 sec
Step =     22: nodes = 6188, dt = 1.203674e-10, strain = 1.048460e-05, elapsed = 6.5 sec
Error: MAX_CONN = 15 exceeded during merge_node()
Error: MAX_CONN = 15 exceeded during merge_node()
Step =     23: nodes = 6387, dt = 1.444408e-10, strain = 1.062904e-05, elapsed = 7.3 sec
Error: MAX_CONN = 15 exceeded during merge_node()
Error: MAX_CONN = 15 exceeded during merge_node()
Error: MAX_CONN = 15 exceeded during merge_node()
Error: MAX_CONN = 15 exceeded during merge_node()
Error: MAX_CONN = 15 exceeded during merge_node()
Error: MAX_CONN = 15 exceeded during merge_node()
Error: MAX_CONN = 15 exceeded during merge_node()
Error: MAX_CONN = 15 exceeded during merge_node()
Error: MAX_CONN = 15 exceeded during merge_node()
Error: MAX_CONN = 15 exceeded during merge_node()
Error: MAX_CONN = 15 exceeded during merge_node()
Error: MAX_CONN = 15 exceeded during merge_node()
Error: MAX_CONN = 15 exceeded during merge_node()
Step =     24: nodes = 6700, dt = 1.733290e-10, strain = 1.080237e-05, elapsed = 8.9 sec
Error: MAX_CONN = 15 exceeded during merge_node()
Error: MAX_CONN = 15 exceeded during merge_node()
Error: MAX_CONN = 15 exceeded during merge_node()
Error: MAX_CONN = 15 exceeded during merge_node()
Error: MAX_CONN = 15 exceeded during merge_node()
Error: MAX_CONN = 15 exceeded during merge_node()
Error: MAX_CONN = 15 exceeded during merge_node()
Error: MAX_CONN = 15 exceeded during merge_node()
Step =     25: nodes = 7259, dt = 2.079948e-10, strain = 1.101037e-05, elapsed = 16.7 sec
Warning: max collisions have been reached. Some collisions have been ignored
Error: MAX_CONN = 15 exceeded during merge_node()
Error: MAX_CONN = 15 exceeded during merge_node()
Error: MAX_CONN = 15 exceeded during merge_node()
Error: MAX_CONN = 15 exceeded during merge_node()
Error: MAX_CONN = 15 exceeded during merge_node()
Error: MAX_CONN = 15 exceeded during merge_node()
Error: MAX_CONN = 15 exceeded during merge_node()
Error: MAX_CONN = 15 exceeded during merge_node()
Error: MAX_CONN = 15 exceeded during merge_node()
Error: MAX_CONN = 15 exceeded during merge_node()
Error: MAX_CONN = 15 exceeded during merge_node()
Error: MAX_CONN = 15 exceeded during merge_node()
Error: MAX_CONN = 15 exceeded during merge_node()
Error: MAX_CONN = 15 exceeded during merge_node()
Error: MAX_CONN = 15 exceeded during merge_node()
Error: MAX_CONN = 15 exceeded during merge_node()
Error: MAX_CONN = 15 exceeded during merge_node()
Error: MAX_CONN = 15 exceeded during merge_node()
Error: MAX_CONN = 15 exceeded during merge_node()
Error: MAX_CONN = 15 exceeded during merge_node()
Error: MAX_CONN = 15 exceeded during merge_node()
Error: MAX_CONN = 15 exceeded during merge_node()
Error: MAX_CONN = 15 exceeded during merge_node()
Step =     26: nodes = 7966, dt = 1.247969e-10, strain = 1.113516e-05, elapsed = 25.7 sec
Warning: max collisions have been reached. Some collisions have been ignored
Error: MAX_CONN = 15 exceeded during merge_node()
Error: MAX_CONN = 15 exceeded during merge_node()
Error: MAX_CONN = 15 exceeded during merge_node()
Error: MAX_CONN = 15 exceeded during merge_node()
Error: MAX_CONN = 15 exceeded during merge_node()
Error: MAX_CONN = 15 exceeded during merge_node()
Error: MAX_CONN = 15 exceeded during merge_node()
Error: MAX_CONN = 15 exceeded during merge_node()
Error: MAX_CONN = 15 exceeded during merge_node()
Error: MAX_CONN = 15 exceeded during merge_node()
Error: MAX_CONN = 15 exceeded during merge_node()
Error: MAX_CONN = 15 exceeded during merge_node()
Error: MAX_CONN = 15 exceeded during merge_node()
Error: MAX_CONN = 15 exceeded during merge_node()
Error: MAX_CONN = 15 exceeded during merge_node()
Error: MAX_CONN = 15 exceeded during merge_node()
Error: MAX_CONN = 15 exceeded during merge_node()
Error: MAX_CONN = 15 exceeded during merge_node()
Error: MAX_CONN = 15 exceeded during merge_node()
Error: MAX_CONN = 15 exceeded during merge_node()
Error: MAX_CONN = 15 exceeded during merge_node()
Error: MAX_CONN = 15 exceeded during merge_node()
Error: MAX_CONN = 15 exceeded during merge_node()
Error: MAX_CONN = 15 exceeded during merge_node()
Error: MAX_CONN = 15 exceeded during merge_node()
Error: MAX_CONN = 15 exceeded during merge_node()
Error: MAX_CONN = 15 exceeded during merge_node()
Error: MAX_CONN = 15 exceeded during merge_node()
Error: MAX_CONN = 15 exceeded during merge_node()
Error: MAX_CONN = 15 exceeded during merge_node()
Error: MAX_CONN = 15 exceeded during merge_node()
Error: MAX_CONN = 15 exceeded during merge_node()
Error: MAX_CONN = 15 exceeded during merge_node()
Error: MAX_CONN = 15 exceeded during merge_node()
Step =     27: nodes = 8760, dt = 6.239844e-11, strain = 1.119756e-05, elapsed = 46.6 sec
Warning: max collisions have been reached. Some collisions have been ignored
Error: MAX_CONN = 15 exceeded during merge_node()
Error: MAX_CONN = 15 exceeded during merge_node()
Error: MAX_CONN = 15 exceeded during merge_node()
Error: MAX_CONN = 15 exceeded during merge_node()
Error: MAX_CONN = 15 exceeded during merge_node()
Error: MAX_CONN = 15 exceeded during merge_node()
Error: MAX_CONN = 15 exceeded during merge_node()
Error: MAX_CONN = 15 exceeded during merge_node()
Error: MAX_CONN = 15 exceeded during merge_node()
Error: MAX_CONN = 15 exceeded during merge_node()
Error: MAX_CONN = 15 exceeded during merge_node()
Error: MAX_CONN = 15 exceeded during merge_node()
Error: MAX_CONN = 15 exceeded during merge_node()
slurmstepd-c2n170: error: *** JOB 224076 ON c2n170 CANCELLED AT 2026-05-07T10:17:43 ***
