Host Parallel Execution Space:
  KOKKOS_ENABLE_OPENMP: yes

OpenMP Runtime Configuration:
Kokkos::OpenMP thread_pool_topology[ 1 x 48 x 1 ]
Reading ParaDiS configuration
 Input file: /data/home/dg000246b/openDIS/HomeWork/init_data_twin/init_config.data
 nodes: 4154, segments: 3884
 Warning: Burgers vector is not conserved for 540 node(s)
[System] 10 spherical obstacles loaded
[System] 2 planar obstacles (twin boundaries) loaded
Step =      0: nodes = 4154, dt = 0.000000e+00, strain = 0.000000e+00, elapsed = 0.0 sec
Writing configuration in legacy data format
 Output file: /data/home/dg000246b/openDIS/HomeWork/output_Cu_twin/config.0.data
Writing restart file
 Restart file: /data/home/dg000246b/openDIS/HomeWork/output_Cu_twin/restart.0.exadis
Run until reaching strain = 0.010000
Step =      1: nodes = 4154, dt = 1.000000e-09, strain = 1.000000e-06, elapsed = 0.3 sec
Step =      2: nodes = 4154, dt = 1.200000e-09, strain = 2.200000e-06, elapsed = 0.5 sec
Step =      3: nodes = 4154, dt = 1.440000e-09, strain = 3.640000e-06, elapsed = 0.8 sec
Step =      4: nodes = 4154, dt = 1.728000e-09, strain = 5.368000e-06, elapsed = 1.1 sec
Step =      5: nodes = 4154, dt = 1.036800e-09, strain = 6.404800e-06, elapsed = 1.3 sec
Step =      6: nodes = 4154, dt = 1.036800e-09, strain = 7.441600e-06, elapsed = 1.5 sec
Step =      7: nodes = 5154, dt = 1.244160e-09, strain = 8.685760e-06, elapsed = 1.7 sec
Step =      8: nodes = 6638, dt = 3.732480e-10, strain = 9.059008e-06, elapsed = 2.2 sec
Step =      9: nodes = 9299, dt = 9.331200e-11, strain = 9.152320e-06, elapsed = 2.7 sec
Step =     10: nodes = 13753, dt = 9.331200e-11, strain = 9.245632e-06, elapsed = 3.2 sec
Writing configuration in legacy data format
 Output file: /data/home/dg000246b/openDIS/HomeWork/output_Cu_twin/config.10.data
Writing restart file
 Restart file: /data/home/dg000246b/openDIS/HomeWork/output_Cu_twin/restart.10.exadis
Step =     11: nodes = 20084, dt = 1.119744e-10, strain = 9.357606e-06, elapsed = 4.4 sec
Step =     12: nodes = 27022, dt = 6.718464e-11, strain = 9.424791e-06, elapsed = 7.3 sec
Step =     13: nodes = 28817, dt = 6.718464e-11, strain = 9.491976e-06, elapsed = 11.2 sec
Step =     14: nodes = 30273, dt = 8.062157e-11, strain = 9.572597e-06, elapsed = 15.8 sec
Step =     15: nodes = 32046, dt = 4.837294e-11, strain = 9.620970e-06, elapsed = 23.4 sec
Error: MAX_CONN = 15 exceeded during merge_node()
Error: MAX_CONN = 15 exceeded during merge_node()
Step =     16: nodes = 33972, dt = 4.837294e-11, strain = 9.669343e-06, elapsed = 30.2 sec
slurmstepd-c2n016: error: *** JOB 224093 ON c2n016 CANCELLED AT 2026-05-07T10:28:12 ***
