Host Parallel Execution Space:
  KOKKOS_ENABLE_OPENMP: yes

OpenMP Runtime Configuration:
Kokkos::OpenMP thread_pool_topology[ 1 x 48 x 1 ]
[System] 100 spherical obstacles loaded
Step =      0: nodes = 1908, dt = 0.000000e+00, strain = 0.000000e+00, elapsed = 0.0 sec
Writing configuration in legacy data format
 Output file: /data/home/dg000246b/openDIS/HomeWork/output_Cu_fcc/config.0.data
Writing restart file
 Restart file: /data/home/dg000246b/openDIS/HomeWork/output_Cu_fcc/restart.0.exadis
Run until reaching strain = 0.010000
Step =      1: nodes = 1908, dt = 1.000000e-09, strain = 1.000000e-06, elapsed = 0.1 sec
Step =      2: nodes = 1908, dt = 1.200000e-09, strain = 2.200000e-06, elapsed = 0.3 sec
Step =      3: nodes = 1908, dt = 1.440000e-09, strain = 3.640000e-06, elapsed = 0.4 sec
Step =      4: nodes = 1908, dt = 1.728000e-09, strain = 5.368000e-06, elapsed = 0.5 sec
Step =      5: nodes = 1908, dt = 2.073600e-09, strain = 7.441600e-06, elapsed = 0.6 sec
Step =      6: nodes = 1908, dt = 2.488320e-09, strain = 9.929920e-06, elapsed = 0.8 sec
Step =      7: nodes = 1908, dt = 2.985984e-09, strain = 1.291590e-05, elapsed = 1.0 sec
Step =      8: nodes = 1908, dt = 3.583181e-09, strain = 1.649908e-05, elapsed = 1.2 sec
Step =      9: nodes = 1908, dt = 4.299817e-09, strain = 2.079890e-05, elapsed = 1.4 sec
Step =     10: nodes = 1908, dt = 5.159780e-09, strain = 2.595868e-05, elapsed = 1.7 sec
Step =     11: nodes = 1919, dt = 6.191736e-09, strain = 3.215042e-05, elapsed = 2.2 sec
Step =     12: nodes = 1931, dt = 7.430084e-09, strain = 3.958050e-05, elapsed = 2.9 sec
Step =     13: nodes = 1941, dt = 8.916100e-09, strain = 4.849660e-05, elapsed = 4.8 sec
Step =     14: nodes = 1939, dt = 5.349660e-09, strain = 5.384626e-05, elapsed = 6.2 sec
Step =     15: nodes = 1956, dt = 5.349660e-09, strain = 5.919592e-05, elapsed = 6.8 sec
Step =     16: nodes = 1976, dt = 6.419592e-09, strain = 6.561552e-05, elapsed = 8.0 sec
Step =     17: nodes = 1969, dt = 7.703511e-09, strain = 7.331903e-05, elapsed = 9.4 sec
Step =     18: nodes = 1940, dt = 4.622106e-09, strain = 7.794113e-05, elapsed = 10.1 sec
Step =     19: nodes = 1924, dt = 4.622106e-09, strain = 8.256324e-05, elapsed = 10.7 sec
Step =     20: nodes = 1915, dt = 5.546528e-09, strain = 8.810977e-05, elapsed = 11.6 sec
Step =     21: nodes = 1905, dt = 6.655833e-09, strain = 9.476560e-05, elapsed = 12.7 sec
Step =     22: nodes = 1930, dt = 7.987000e-09, strain = 1.027526e-04, elapsed = 14.2 sec
Step =     23: nodes = 1938, dt = 4.792200e-09, strain = 1.075448e-04, elapsed = 15.0 sec
Step =     24: nodes = 1945, dt = 4.792200e-09, strain = 1.123370e-04, elapsed = 15.4 sec
Step =     25: nodes = 1955, dt = 5.750640e-09, strain = 1.180876e-04, elapsed = 16.0 sec
Step =     26: nodes = 1957, dt = 6.900768e-09, strain = 1.249884e-04, elapsed = 17.1 sec
Step =     27: nodes = 1966, dt = 8.280922e-09, strain = 1.332693e-04, elapsed = 19.2 sec
Step =     28: nodes = 1973, dt = 4.968553e-09, strain = 1.382379e-04, elapsed = 20.5 sec
Step =     29: nodes = 1968, dt = 4.968553e-09, strain = 1.432064e-04, elapsed = 21.3 sec
Step =     30: nodes = 1962, dt = 5.962264e-09, strain = 1.491687e-04, elapsed = 22.4 sec
Step =     31: nodes = 1961, dt = 7.154716e-09, strain = 1.563234e-04, elapsed = 23.5 sec
Step =     32: nodes = 1967, dt = 4.292830e-09, strain = 1.606162e-04, elapsed = 24.5 sec
Step =     33: nodes = 1964, dt = 4.292830e-09, strain = 1.649091e-04, elapsed = 25.1 sec
Step =     34: nodes = 1962, dt = 5.151396e-09, strain = 1.700605e-04, elapsed = 25.7 sec
Step =     35: nodes = 1968, dt = 6.181675e-09, strain = 1.762421e-04, elapsed = 26.5 sec
Step =     36: nodes = 1972, dt = 7.418010e-09, strain = 1.836602e-04, elapsed = 28.1 sec
Step =     37: nodes = 1973, dt = 4.450806e-09, strain = 1.881110e-04, elapsed = 28.8 sec
Step =     38: nodes = 1979, dt = 4.450806e-09, strain = 1.925618e-04, elapsed = 29.3 sec
Step =     39: nodes = 1986, dt = 5.340967e-09, strain = 1.979027e-04, elapsed = 29.9 sec
Step =     40: nodes = 1992, dt = 6.409160e-09, strain = 2.043119e-04, elapsed = 30.7 sec
Step =     41: nodes = 1990, dt = 7.690993e-09, strain = 2.120029e-04, elapsed = 32.0 sec
Step =     42: nodes = 1989, dt = 4.614596e-09, strain = 2.166175e-04, elapsed = 33.1 sec
Step =     43: nodes = 1983, dt = 4.614596e-09, strain = 2.212321e-04, elapsed = 33.8 sec
Step =     44: nodes = 1972, dt = 5.537515e-09, strain = 2.267696e-04, elapsed = 34.8 sec
Step =     45: nodes = 1979, dt = 6.645018e-09, strain = 2.334146e-04, elapsed = 36.0 sec
