Host Parallel Execution Space:
  KOKKOS_ENABLE_OPENMP: yes

OpenMP Runtime Configuration:
Kokkos::OpenMP thread_pool_topology[ 1 x 48 x 1 ]
[System] 100 spherical obstacles loaded
[System] 1 planar obstacles (twin boundaries) loaded
Step =      0: nodes = 1908, dt = 0.000000e+00, strain = 0.000000e+00, elapsed = 0.0 sec
Writing configuration in legacy data format
 Output file: /data/home/dg000246b/openDIS/HomeWork/output_Cu_twin/config.0.data
Writing restart file
 Restart file: /data/home/dg000246b/openDIS/HomeWork/output_Cu_twin/restart.0.exadis
Run until reaching strain = 0.010000
Step =      1: nodes = 1908, dt = 1.000000e-09, strain = 1.000000e-06, elapsed = 0.1 sec
Step =      2: nodes = 1908, dt = 1.200000e-09, strain = 2.200000e-06, elapsed = 0.3 sec
Step =      3: nodes = 1908, dt = 1.440000e-09, strain = 3.640000e-06, elapsed = 0.4 sec
Step =      4: nodes = 1908, dt = 1.728000e-09, strain = 5.368000e-06, elapsed = 0.5 sec
Step =      5: nodes = 1908, dt = 2.073600e-09, strain = 7.441600e-06, elapsed = 0.7 sec
Step =      6: nodes = 1908, dt = 2.488320e-09, strain = 9.929920e-06, elapsed = 0.8 sec
Step =      7: nodes = 1908, dt = 2.985984e-09, strain = 1.291590e-05, elapsed = 1.0 sec
Step =      8: nodes = 1908, dt = 3.583181e-09, strain = 1.649908e-05, elapsed = 1.2 sec
Step =      9: nodes = 1908, dt = 4.299817e-09, strain = 2.079890e-05, elapsed = 1.4 sec
Step =     10: nodes = 1911, dt = 5.159780e-09, strain = 2.595868e-05, elapsed = 1.8 sec
Step =     11: nodes = 1930, dt = 6.191736e-09, strain = 3.215042e-05, elapsed = 2.4 sec
Step =     12: nodes = 1938, dt = 7.430084e-09, strain = 3.958050e-05, elapsed = 3.8 sec
Step =     13: nodes = 1961, dt = 8.916100e-09, strain = 4.849660e-05, elapsed = 5.4 sec
Step =     14: nodes = 1935, dt = 5.349660e-09, strain = 5.384626e-05, elapsed = 6.8 sec
Step =     15: nodes = 1939, dt = 5.349660e-09, strain = 5.919592e-05, elapsed = 7.7 sec
Step =     16: nodes = 1966, dt = 6.419592e-09, strain = 6.561552e-05, elapsed = 9.2 sec
Step =     17: nodes = 1983, dt = 7.703511e-09, strain = 7.331903e-05, elapsed = 11.5 sec
Step =     18: nodes = 1978, dt = 2.311053e-09, strain = 7.563008e-05, elapsed = 12.0 sec
Step =     19: nodes = 1964, dt = 2.311053e-09, strain = 7.794113e-05, elapsed = 12.3 sec
Step =     20: nodes = 1951, dt = 2.773264e-09, strain = 8.071440e-05, elapsed = 12.6 sec
Step =     21: nodes = 1943, dt = 3.327917e-09, strain = 8.404231e-05, elapsed = 13.1 sec
Step =     22: nodes = 1930, dt = 3.993500e-09, strain = 8.803581e-05, elapsed = 13.6 sec
Step =     23: nodes = 1904, dt = 4.792200e-09, strain = 9.282801e-05, elapsed = 14.4 sec
Step =     24: nodes = 1911, dt = 5.750640e-09, strain = 9.857865e-05, elapsed = 15.1 sec
Step =     25: nodes = 1920, dt = 6.900768e-09, strain = 1.054794e-04, elapsed = 16.0 sec
Step =     26: nodes = 1947, dt = 8.280922e-09, strain = 1.137603e-04, elapsed = 18.0 sec
Step =     27: nodes = 1952, dt = 4.968553e-09, strain = 1.187289e-04, elapsed = 19.0 sec
Step =     28: nodes = 1954, dt = 4.968553e-09, strain = 1.236974e-04, elapsed = 20.1 sec
Step =     29: nodes = 1963, dt = 5.962264e-09, strain = 1.296597e-04, elapsed = 20.8 sec
Step =     30: nodes = 1980, dt = 7.154716e-09, strain = 1.368144e-04, elapsed = 22.2 sec
Step =     31: nodes = 1971, dt = 8.585659e-09, strain = 1.454001e-04, elapsed = 24.4 sec
Step =     32: nodes = 1961, dt = 2.575698e-09, strain = 1.479758e-04, elapsed = 24.9 sec
Step =     33: nodes = 1958, dt = 2.575698e-09, strain = 1.505515e-04, elapsed = 25.2 sec
Step =     34: nodes = 1964, dt = 3.090837e-09, strain = 1.536423e-04, elapsed = 25.7 sec
Step =     35: nodes = 1960, dt = 3.709005e-09, strain = 1.573513e-04, elapsed = 26.1 sec
Step =     36: nodes = 1953, dt = 4.450806e-09, strain = 1.618021e-04, elapsed = 26.7 sec
Step =     37: nodes = 1961, dt = 5.340967e-09, strain = 1.671431e-04, elapsed = 27.7 sec
Step =     38: nodes = 1951, dt = 6.409160e-09, strain = 1.735523e-04, elapsed = 28.7 sec
Step =     39: nodes = 1956, dt = 7.690993e-09, strain = 1.812433e-04, elapsed = 29.8 sec
Step =     40: nodes = 1978, dt = 9.229191e-09, strain = 1.904724e-04, elapsed = 31.5 sec
Step =     41: nodes = 1978, dt = 2.768757e-09, strain = 1.932412e-04, elapsed = 32.1 sec
Step =     42: nodes = 1973, dt = 2.768757e-09, strain = 1.960100e-04, elapsed = 32.4 sec
Step =     43: nodes = 1970, dt = 3.322509e-09, strain = 1.993325e-04, elapsed = 32.7 sec
Step =     44: nodes = 1960, dt = 3.987011e-09, strain = 2.033195e-04, elapsed = 33.1 sec
Step =     45: nodes = 1959, dt = 4.784413e-09, strain = 2.081039e-04, elapsed = 33.7 sec
Step =     46: nodes = 1952, dt = 5.741295e-09, strain = 2.138452e-04, elapsed = 34.5 sec
Step =     47: nodes = 1967, dt = 6.889554e-09, strain = 2.207347e-04, elapsed = 35.8 sec
Step =     48: nodes = 1984, dt = 8.267465e-09, strain = 2.290022e-04, elapsed = 37.4 sec
Step =     49: nodes = 1984, dt = 2.480240e-09, strain = 2.314824e-04, elapsed = 38.0 sec
Step =     50: nodes = 1981, dt = 2.480240e-09, strain = 2.339627e-04, elapsed = 38.5 sec
Step =     51: nodes = 1975, dt = 2.976287e-09, strain = 2.369390e-04, elapsed = 39.2 sec
Step =     52: nodes = 1967, dt = 3.571545e-09, strain = 2.405105e-04, elapsed = 39.7 sec
Step =     53: nodes = 1952, dt = 4.285854e-09, strain = 2.447964e-04, elapsed = 40.3 sec
Step =     54: nodes = 1956, dt = 5.143025e-09, strain = 2.499394e-04, elapsed = 40.9 sec
Step =     55: nodes = 1953, dt = 6.171630e-09, strain = 2.561110e-04, elapsed = 41.9 sec
Step =     56: nodes = 1964, dt = 7.405956e-09, strain = 2.635170e-04, elapsed = 43.2 sec
Step =     57: nodes = 1973, dt = 8.887147e-09, strain = 2.724041e-04, elapsed = 45.3 sec
Step =     58: nodes = 1973, dt = 5.332288e-09, strain = 2.777364e-04, elapsed = 46.6 sec
Step =     59: nodes = 1971, dt = 5.332288e-09, strain = 2.830687e-04, elapsed = 47.4 sec
Step =     60: nodes = 1970, dt = 6.398746e-09, strain = 2.894674e-04, elapsed = 49.0 sec
Step =     61: nodes = 1978, dt = 7.678495e-09, strain = 2.971459e-04, elapsed = 50.2 sec
Step =     62: nodes = 1989, dt = 9.214194e-09, strain = 3.063601e-04, elapsed = 52.5 sec
Step =     63: nodes = 1983, dt = 2.764258e-09, strain = 3.091244e-04, elapsed = 53.2 sec
Step =     64: nodes = 1977, dt = 2.764258e-09, strain = 3.118887e-04, elapsed = 53.7 sec
Step =     65: nodes = 1976, dt = 3.317110e-09, strain = 3.152058e-04, elapsed = 54.2 sec
Step =     66: nodes = 1971, dt = 3.980532e-09, strain = 3.191863e-04, elapsed = 54.8 sec
Step =     67: nodes = 1974, dt = 4.776638e-09, strain = 3.239629e-04, elapsed = 55.5 sec
Step =     68: nodes = 1987, dt = 5.731966e-09, strain = 3.296949e-04, elapsed = 56.1 sec
Step =     69: nodes = 1980, dt = 6.878359e-09, strain = 3.365733e-04, elapsed = 57.7 sec
Step =     70: nodes = 2002, dt = 8.254030e-09, strain = 3.448273e-04, elapsed = 59.8 sec
Step =     71: nodes = 2002, dt = 4.952418e-09, strain = 3.497797e-04, elapsed = 61.0 sec
Step =     72: nodes = 2003, dt = 4.952418e-09, strain = 3.547321e-04, elapsed = 62.1 sec
Step =     73: nodes = 2000, dt = 5.942902e-09, strain = 3.606750e-04, elapsed = 63.2 sec
Step =     74: nodes = 1998, dt = 7.131482e-09, strain = 3.678065e-04, elapsed = 64.8 sec
Step =     75: nodes = 2008, dt = 8.557779e-09, strain = 3.763643e-04, elapsed = 66.9 sec
Step =     76: nodes = 1997, dt = 5.134667e-09, strain = 3.814990e-04, elapsed = 67.8 sec
Step =     77: nodes = 2000, dt = 5.134667e-09, strain = 3.866336e-04, elapsed = 68.3 sec
Step =     78: nodes = 2013, dt = 6.161601e-09, strain = 3.927952e-04, elapsed = 69.3 sec
Step =     79: nodes = 2033, dt = 7.393921e-09, strain = 4.001891e-04, elapsed = 70.7 sec
Step =     80: nodes = 2041, dt = 8.872705e-09, strain = 4.090618e-04, elapsed = 73.2 sec
Step =     81: nodes = 2049, dt = 5.323623e-09, strain = 4.143855e-04, elapsed = 74.3 sec
Step =     82: nodes = 2050, dt = 5.323623e-09, strain = 4.197091e-04, elapsed = 75.3 sec
Step =     83: nodes = 2049, dt = 6.388348e-09, strain = 4.260974e-04, elapsed = 76.7 sec
Step =     84: nodes = 2067, dt = 7.666017e-09, strain = 4.337635e-04, elapsed = 78.0 sec
Step =     85: nodes = 2081, dt = 9.199221e-09, strain = 4.429627e-04, elapsed = 80.4 sec
Step =     86: nodes = 2090, dt = 5.519532e-09, strain = 4.484822e-04, elapsed = 82.2 sec
Step =     87: nodes = 2078, dt = 5.519532e-09, strain = 4.540017e-04, elapsed = 83.2 sec
Step =     88: nodes = 2083, dt = 3.311719e-09, strain = 4.573135e-04, elapsed = 83.9 sec
Step =     89: nodes = 2077, dt = 3.311719e-09, strain = 4.606252e-04, elapsed = 84.6 sec
Step =     90: nodes = 2078, dt = 1.987032e-09, strain = 4.626122e-04, elapsed = 85.0 sec
Step =     91: nodes = 2082, dt = 1.987032e-09, strain = 4.645992e-04, elapsed = 85.3 sec
Step =     92: nodes = 2093, dt = 2.384438e-09, strain = 4.669837e-04, elapsed = 85.6 sec
Step =     93: nodes = 2098, dt = 2.861326e-09, strain = 4.698450e-04, elapsed = 85.9 sec
Step =     94: nodes = 2106, dt = 3.433591e-09, strain = 4.732786e-04, elapsed = 86.4 sec
Step =     95: nodes = 2109, dt = 4.120309e-09, strain = 4.773989e-04, elapsed = 86.9 sec
Step =     96: nodes = 2107, dt = 1.236093e-09, strain = 4.786350e-04, elapsed = 87.1 sec
Step =     97: nodes = 2116, dt = 1.236093e-09, strain = 4.798711e-04, elapsed = 87.2 sec
Step =     98: nodes = 2114, dt = 1.483311e-09, strain = 4.813544e-04, elapsed = 87.4 sec
Step =     99: nodes = 2113, dt = 1.779973e-09, strain = 4.831344e-04, elapsed = 87.6 sec
Step =    100: nodes = 2121, dt = 2.135968e-09, strain = 4.852703e-04, elapsed = 87.8 sec
Writing configuration in legacy data format
 Output file: /data/home/dg000246b/openDIS/HomeWork/output_Cu_twin/config.100.data
Writing restart file
 Restart file: /data/home/dg000246b/openDIS/HomeWork/output_Cu_twin/restart.100.exadis
Step =    101: nodes = 2124, dt = 2.563162e-09, strain = 4.878335e-04, elapsed = 88.1 sec
Step =    102: nodes = 2124, dt = 3.075794e-09, strain = 4.909093e-04, elapsed = 88.5 sec
Step =    103: nodes = 2132, dt = 3.690953e-09, strain = 4.946003e-04, elapsed = 89.1 sec
Step =    104: nodes = 2147, dt = 4.429143e-09, strain = 4.990294e-04, elapsed = 93.8 sec
Step =    105: nodes = 2156, dt = 5.314972e-09, strain = 5.043444e-04, elapsed = 99.1 sec
Step =    106: nodes = 2163, dt = 1.594492e-09, strain = 5.059389e-04, elapsed = 99.9 sec
Step =    107: nodes = 2163, dt = 1.594492e-09, strain = 5.075334e-04, elapsed = 100.6 sec
Step =    108: nodes = 2166, dt = 1.913390e-09, strain = 5.094467e-04, elapsed = 101.3 sec
Step =    109: nodes = 2168, dt = 2.296068e-09, strain = 5.117428e-04, elapsed = 102.1 sec
