Host Parallel Execution Space:
  KOKKOS_ENABLE_OPENMP: yes

OpenMP Runtime Configuration:
Kokkos::OpenMP thread_pool_topology[ 1 x 48 x 1 ]
Reading ParaDiS configuration
 Input file: /data/home/dg000246b/openDIS/HomeWork/output_Cu_fcc/config.0.data
 nodes: 1908, segments: 1908
 Burgers vector is conserved for all nodes
Step =      0: nodes = 1908, dt = 0.000000e+00, strain = 0.000000e+00, elapsed = 0.2 sec
Writing configuration in legacy data format
 Output file: /data/home/dg000246b/openDIS/HomeWork/debug_MAX_CONN/config.0.data
Writing restart file
 Restart file: /data/home/dg000246b/openDIS/HomeWork/debug_MAX_CONN/restart.0.exadis
Run until reaching strain = 0.010000
Step =      1: nodes = 1908, dt = 1.000000e-09, strain = 1.000000e-06, elapsed = 0.3 sec
Step =      2: nodes = 1908, dt = 1.200000e-09, strain = 2.200000e-06, elapsed = 0.5 sec
Step =      3: nodes = 1908, dt = 1.440000e-09, strain = 3.640000e-06, elapsed = 0.6 sec
Step =      4: nodes = 1908, dt = 1.728000e-09, strain = 5.368000e-06, elapsed = 0.7 sec
Step =      5: nodes = 1908, dt = 2.073600e-09, strain = 7.441600e-06, elapsed = 0.9 sec
Step =      6: nodes = 1908, dt = 2.488320e-09, strain = 9.929920e-06, elapsed = 1.0 sec
Step =      7: nodes = 1908, dt = 2.985984e-09, strain = 1.291590e-05, elapsed = 1.2 sec
Step =      8: nodes = 1908, dt = 3.583181e-09, strain = 1.649908e-05, elapsed = 1.4 sec
Step =      9: nodes = 1908, dt = 4.299817e-09, strain = 2.079890e-05, elapsed = 1.7 sec
Step =     10: nodes = 1908, dt = 5.159780e-09, strain = 2.595868e-05, elapsed = 2.0 sec
Step =     11: nodes = 1919, dt = 6.191736e-09, strain = 3.215042e-05, elapsed = 2.4 sec
Step =     12: nodes = 1934, dt = 7.430084e-09, strain = 3.958050e-05, elapsed = 3.1 sec
Step =     13: nodes = 1943, dt = 8.916100e-09, strain = 4.849660e-05, elapsed = 5.0 sec
Step =     14: nodes = 1949, dt = 5.349660e-09, strain = 5.384626e-05, elapsed = 6.4 sec
Step =     15: nodes = 1950, dt = 5.349660e-09, strain = 5.919592e-05, elapsed = 7.4 sec
Step =     16: nodes = 1973, dt = 6.419592e-09, strain = 6.561552e-05, elapsed = 8.1 sec
Step =     17: nodes = 1978, dt = 7.703511e-09, strain = 7.331903e-05, elapsed = 9.9 sec
Step =     18: nodes = 1955, dt = 4.622106e-09, strain = 7.794113e-05, elapsed = 11.1 sec
Step =     19: nodes = 1935, dt = 4.622106e-09, strain = 8.256324e-05, elapsed = 11.7 sec
Step =     20: nodes = 1914, dt = 5.546528e-09, strain = 8.810977e-05, elapsed = 12.5 sec
Step =     21: nodes = 1908, dt = 6.655833e-09, strain = 9.476560e-05, elapsed = 13.4 sec
Step =     22: nodes = 1938, dt = 7.987000e-09, strain = 1.027526e-04, elapsed = 14.5 sec
Step =     23: nodes = 1941, dt = 4.792200e-09, strain = 1.075448e-04, elapsed = 15.5 sec
Step =     24: nodes = 1944, dt = 4.792200e-09, strain = 1.123370e-04, elapsed = 16.1 sec
Step =     25: nodes = 1935, dt = 5.750640e-09, strain = 1.180876e-04, elapsed = 17.1 sec
Step =     26: nodes = 1956, dt = 6.900768e-09, strain = 1.249884e-04, elapsed = 18.4 sec
Step =     27: nodes = 1970, dt = 8.280922e-09, strain = 1.332693e-04, elapsed = 20.4 sec
Step =     28: nodes = 1978, dt = 4.968553e-09, strain = 1.382379e-04, elapsed = 21.7 sec
Step =     29: nodes = 1976, dt = 4.968553e-09, strain = 1.432064e-04, elapsed = 22.3 sec
Step =     30: nodes = 1964, dt = 5.962264e-09, strain = 1.491687e-04, elapsed = 23.6 sec
Step =     31: nodes = 1969, dt = 7.154716e-09, strain = 1.563234e-04, elapsed = 24.7 sec
Step =     32: nodes = 1968, dt = 4.292830e-09, strain = 1.606162e-04, elapsed = 25.6 sec
Step =     33: nodes = 1958, dt = 4.292830e-09, strain = 1.649091e-04, elapsed = 26.1 sec
Step =     34: nodes = 1955, dt = 5.151396e-09, strain = 1.700605e-04, elapsed = 26.7 sec
Step =     35: nodes = 1959, dt = 6.181675e-09, strain = 1.762421e-04, elapsed = 27.6 sec
Step =     36: nodes = 1969, dt = 7.418010e-09, strain = 1.836602e-04, elapsed = 28.7 sec
Step =     37: nodes = 1975, dt = 4.450806e-09, strain = 1.881110e-04, elapsed = 29.6 sec
Step =     38: nodes = 1977, dt = 4.450806e-09, strain = 1.925618e-04, elapsed = 30.1 sec
Step =     39: nodes = 1980, dt = 5.340967e-09, strain = 1.979027e-04, elapsed = 30.7 sec
Step =     40: nodes = 1990, dt = 6.409160e-09, strain = 2.043119e-04, elapsed = 31.6 sec
Step =     41: nodes = 2007, dt = 7.690993e-09, strain = 2.120029e-04, elapsed = 33.0 sec
Step =     42: nodes = 1999, dt = 4.614596e-09, strain = 2.166175e-04, elapsed = 34.2 sec
Step =     43: nodes = 1987, dt = 4.614596e-09, strain = 2.212321e-04, elapsed = 35.0 sec
Step =     44: nodes = 1977, dt = 5.537515e-09, strain = 2.267696e-04, elapsed = 35.7 sec
Step =     45: nodes = 1984, dt = 6.645018e-09, strain = 2.334146e-04, elapsed = 36.9 sec
Step =     46: nodes = 2005, dt = 7.974021e-09, strain = 2.413886e-04, elapsed = 38.2 sec
Step =     47: nodes = 2006, dt = 4.784413e-09, strain = 2.461730e-04, elapsed = 39.4 sec
Step =     48: nodes = 1994, dt = 4.784413e-09, strain = 2.509575e-04, elapsed = 40.3 sec
Step =     49: nodes = 1996, dt = 5.741295e-09, strain = 2.566988e-04, elapsed = 41.4 sec
Step =     50: nodes = 1997, dt = 6.889554e-09, strain = 2.635883e-04, elapsed = 43.0 sec
Step =     51: nodes = 2001, dt = 8.267465e-09, strain = 2.718558e-04, elapsed = 44.8 sec
Step =     52: nodes = 1997, dt = 4.960479e-09, strain = 2.768163e-04, elapsed = 45.9 sec
Step =     53: nodes = 1990, dt = 4.960479e-09, strain = 2.817767e-04, elapsed = 46.7 sec
Step =     54: nodes = 1991, dt = 5.952575e-09, strain = 2.877293e-04, elapsed = 47.6 sec
Step =     55: nodes = 1988, dt = 7.143090e-09, strain = 2.948724e-04, elapsed = 48.8 sec
Step =     56: nodes = 1983, dt = 4.285854e-09, strain = 2.991582e-04, elapsed = 49.8 sec
Step =     57: nodes = 1974, dt = 4.285854e-09, strain = 3.034441e-04, elapsed = 50.4 sec
Step =     58: nodes = 1976, dt = 5.143025e-09, strain = 3.085871e-04, elapsed = 51.0 sec
Step =     59: nodes = 1985, dt = 6.171630e-09, strain = 3.147588e-04, elapsed = 52.0 sec
Step =     60: nodes = 1992, dt = 7.405956e-09, strain = 3.221647e-04, elapsed = 53.8 sec
Step =     61: nodes = 1995, dt = 4.443573e-09, strain = 3.266083e-04, elapsed = 54.4 sec
Step =     62: nodes = 1988, dt = 4.443573e-09, strain = 3.310519e-04, elapsed = 55.2 sec
Step =     63: nodes = 2003, dt = 5.332288e-09, strain = 3.363841e-04, elapsed = 55.7 sec
Step =     64: nodes = 2003, dt = 6.398746e-09, strain = 3.427829e-04, elapsed = 56.6 sec
Step =     65: nodes = 2019, dt = 7.678495e-09, strain = 3.504614e-04, elapsed = 57.8 sec
Step =     66: nodes = 2011, dt = 4.607097e-09, strain = 3.550685e-04, elapsed = 58.8 sec
Step =     67: nodes = 2013, dt = 4.607097e-09, strain = 3.596756e-04, elapsed = 59.7 sec
Step =     68: nodes = 2018, dt = 5.528516e-09, strain = 3.652041e-04, elapsed = 60.6 sec
Step =     69: nodes = 2016, dt = 6.634219e-09, strain = 3.718383e-04, elapsed = 61.6 sec
Step =     70: nodes = 2023, dt = 7.961063e-09, strain = 3.797994e-04, elapsed = 62.9 sec
Step =     71: nodes = 2015, dt = 2.388319e-09, strain = 3.821877e-04, elapsed = 63.4 sec
Step =     72: nodes = 2011, dt = 2.388319e-09, strain = 3.845760e-04, elapsed = 63.7 sec
Step =     73: nodes = 2016, dt = 2.865983e-09, strain = 3.874420e-04, elapsed = 64.1 sec
Step =     74: nodes = 2023, dt = 3.439179e-09, strain = 3.908812e-04, elapsed = 64.4 sec
Step =     75: nodes = 2023, dt = 4.127015e-09, strain = 3.950082e-04, elapsed = 64.9 sec
Step =     76: nodes = 2031, dt = 4.952418e-09, strain = 3.999606e-04, elapsed = 65.8 sec
Step =     77: nodes = 2033, dt = 5.942902e-09, strain = 4.059035e-04, elapsed = 66.6 sec
Step =     78: nodes = 2050, dt = 7.131482e-09, strain = 4.130350e-04, elapsed = 67.2 sec
Step =     79: nodes = 2057, dt = 2.139445e-09, strain = 4.151744e-04, elapsed = 67.5 sec
Step =     80: nodes = 2057, dt = 2.139445e-09, strain = 4.173139e-04, elapsed = 67.7 sec
Step =     81: nodes = 2052, dt = 2.567334e-09, strain = 4.198812e-04, elapsed = 68.1 sec
Step =     82: nodes = 2058, dt = 3.080800e-09, strain = 4.229620e-04, elapsed = 68.4 sec
Step =     83: nodes = 2058, dt = 3.696960e-09, strain = 4.266590e-04, elapsed = 69.0 sec
Step =     84: nodes = 2063, dt = 4.436353e-09, strain = 4.310953e-04, elapsed = 69.5 sec
Step =     85: nodes = 2075, dt = 5.323623e-09, strain = 4.364190e-04, elapsed = 70.5 sec
Step =     86: nodes = 2072, dt = 6.388348e-09, strain = 4.428073e-04, elapsed = 71.4 sec
Step =     87: nodes = 2080, dt = 7.666017e-09, strain = 4.504733e-04, elapsed = 73.4 sec
Step =     88: nodes = 2093, dt = 4.599610e-09, strain = 4.550729e-04, elapsed = 74.6 sec
Step =     89: nodes = 2101, dt = 4.599610e-09, strain = 4.596725e-04, elapsed = 75.3 sec
Step =     90: nodes = 2104, dt = 5.519532e-09, strain = 4.651921e-04, elapsed = 76.3 sec
Step =     91: nodes = 2111, dt = 6.623439e-09, strain = 4.718155e-04, elapsed = 77.7 sec
Step =     92: nodes = 2124, dt = 7.948127e-09, strain = 4.797636e-04, elapsed = 79.0 sec
Step =     93: nodes = 2137, dt = 4.768876e-09, strain = 4.845325e-04, elapsed = 80.4 sec
Step =     94: nodes = 2131, dt = 4.768876e-09, strain = 4.893014e-04, elapsed = 81.3 sec
Step =     95: nodes = 2139, dt = 5.722651e-09, strain = 4.950240e-04, elapsed = 82.2 sec
Step =     96: nodes = 2158, dt = 6.867181e-09, strain = 5.018912e-04, elapsed = 83.3 sec
Step =     97: nodes = 2195, dt = 8.240618e-09, strain = 5.101318e-04, elapsed = 84.7 sec
Step =     98: nodes = 2201, dt = 4.944371e-09, strain = 5.150762e-04, elapsed = 86.3 sec
Step =     99: nodes = 2209, dt = 4.944371e-09, strain = 5.200206e-04, elapsed = 87.5 sec
Step =    100: nodes = 2220, dt = 5.933245e-09, strain = 5.259538e-04, elapsed = 89.0 sec
Writing configuration in legacy data format
 Output file: /data/home/dg000246b/openDIS/HomeWork/debug_MAX_CONN/config.100.data
Writing restart file
 Restart file: /data/home/dg000246b/openDIS/HomeWork/debug_MAX_CONN/restart.100.exadis
Step =    101: nodes = 2247, dt = 7.119894e-09, strain = 5.330737e-04, elapsed = 90.2 sec
Step =    102: nodes = 2252, dt = 4.271936e-09, strain = 5.373457e-04, elapsed = 91.4 sec
Step =    103: nodes = 2252, dt = 4.271936e-09, strain = 5.416176e-04, elapsed = 92.2 sec
Step =    104: nodes = 2275, dt = 5.126323e-09, strain = 5.467439e-04, elapsed = 93.3 sec
Step =    105: nodes = 2290, dt = 6.151588e-09, strain = 5.528955e-04, elapsed = 94.7 sec
Step =    106: nodes = 2327, dt = 7.381906e-09, strain = 5.602774e-04, elapsed = 96.1 sec
Step =    107: nodes = 2344, dt = 4.429143e-09, strain = 5.647066e-04, elapsed = 96.8 sec
Step =    108: nodes = 2359, dt = 4.429143e-09, strain = 5.691357e-04, elapsed = 97.4 sec
Step =    109: nodes = 2392, dt = 5.314972e-09, strain = 5.744507e-04, elapsed = 98.3 sec
Step =    110: nodes = 2396, dt = 3.188983e-09, strain = 5.776397e-04, elapsed = 98.9 sec
Step =    111: nodes = 2403, dt = 3.188983e-09, strain = 5.808286e-04, elapsed = 99.3 sec
Step =    112: nodes = 2419, dt = 3.826780e-09, strain = 5.846554e-04, elapsed = 99.9 sec
Step =    113: nodes = 2446, dt = 4.592136e-09, strain = 5.892476e-04, elapsed = 101.1 sec
Step =    114: nodes = 2483, dt = 5.510563e-09, strain = 5.947581e-04, elapsed = 106.8 sec
Step =    115: nodes = 2532, dt = 6.612676e-09, strain = 6.013708e-04, elapsed = 114.4 sec
Step =    116: nodes = 2596, dt = 7.935211e-09, strain = 6.093060e-04, elapsed = 130.9 sec
Step =    117: nodes = 2616, dt = 2.380563e-09, strain = 6.116866e-04, elapsed = 133.9 sec
Step =    118: nodes = 2625, dt = 2.380563e-09, strain = 6.140671e-04, elapsed = 136.0 sec
Step =    119: nodes = 2638, dt = 2.856676e-09, strain = 6.169238e-04, elapsed = 139.1 sec
Step =    120: nodes = 2670, dt = 3.428011e-09, strain = 6.203518e-04, elapsed = 145.7 sec
Step =    121: nodes = 2705, dt = 4.113613e-09, strain = 6.244654e-04, elapsed = 152.4 sec
Step =    122: nodes = 2747, dt = 4.936336e-09, strain = 6.294018e-04, elapsed = 159.3 sec
Step =    123: nodes = 2789, dt = 5.923603e-09, strain = 6.353254e-04, elapsed = 167.6 sec
Step =    124: nodes = 2872, dt = 7.108324e-09, strain = 6.424337e-04, elapsed = 184.3 sec
Step =    125: nodes = 2911, dt = 4.264994e-09, strain = 6.466987e-04, elapsed = 193.7 sec
Step =    126: nodes = 2957, dt = 4.264994e-09, strain = 6.509637e-04, elapsed = 201.7 sec
Step =    127: nodes = 3019, dt = 5.117993e-09, strain = 6.560817e-04, elapsed = 214.8 sec
Step =    128: nodes = 3088, dt = 6.141592e-09, strain = 6.622233e-04, elapsed = 225.2 sec
Step =    129: nodes = 3197, dt = 7.369910e-09, strain = 6.695932e-04, elapsed = 253.6 sec
Step =    130: nodes = 3222, dt = 2.210973e-09, strain = 6.718041e-04, elapsed = 260.2 sec
Step =    131: nodes = 3255, dt = 2.210973e-09, strain = 6.740151e-04, elapsed = 265.4 sec
Step =    132: nodes = 3287, dt = 2.653168e-09, strain = 6.766683e-04, elapsed = 270.7 sec
Step =    133: nodes = 3318, dt = 3.183801e-09, strain = 6.798521e-04, elapsed = 276.0 sec
Step =    134: nodes = 3378, dt = 3.820561e-09, strain = 6.836727e-04, elapsed = 279.4 sec
Step =    135: nodes = 3463, dt = 4.584674e-09, strain = 6.882573e-04, elapsed = 290.5 sec
Step =    136: nodes = 3566, dt = 5.501608e-09, strain = 6.937589e-04, elapsed = 312.4 sec
Step =    137: nodes = 3598, dt = 1.650483e-09, strain = 6.954094e-04, elapsed = 323.2 sec
Step =    138: nodes = 3603, dt = 1.650483e-09, strain = 6.970599e-04, elapsed = 336.9 sec
Step =    139: nodes = 3634, dt = 1.980579e-09, strain = 6.990405e-04, elapsed = 341.5 sec
Step =    140: nodes = 3670, dt = 2.376695e-09, strain = 7.014172e-04, elapsed = 346.1 sec
Step =    141: nodes = 3724, dt = 2.852034e-09, strain = 7.042692e-04, elapsed = 352.7 sec
Step =    142: nodes = 3775, dt = 3.422441e-09, strain = 7.076916e-04, elapsed = 368.4 sec
Step =    143: nodes = 3838, dt = 4.106929e-09, strain = 7.117986e-04, elapsed = 381.1 sec
Step =    144: nodes = 3927, dt = 4.928314e-09, strain = 7.167269e-04, elapsed = 393.8 sec
Step =    145: nodes = 3978, dt = 2.956989e-09, strain = 7.196839e-04, elapsed = 399.5 sec
Step =    146: nodes = 4034, dt = 2.956989e-09, strain = 7.226409e-04, elapsed = 410.9 sec
Step =    147: nodes = 4056, dt = 1.774193e-09, strain = 7.244151e-04, elapsed = 415.2 sec
Step =    148: nodes = 4075, dt = 8.870966e-10, strain = 7.253022e-04, elapsed = 416.0 sec
Step =    149: nodes = 4093, dt = 8.870966e-10, strain = 7.261893e-04, elapsed = 416.6 sec
Step =    150: nodes = 4116, dt = 1.064516e-09, strain = 7.272538e-04, elapsed = 417.0 sec
Step =    151: nodes = 4148, dt = 1.277419e-09, strain = 7.285312e-04, elapsed = 417.4 sec
Step =    152: nodes = 4182, dt = 1.532903e-09, strain = 7.300641e-04, elapsed = 418.2 sec
Step =    153: nodes = 4227, dt = 1.839483e-09, strain = 7.319036e-04, elapsed = 419.1 sec
Step =    154: nodes = 4279, dt = 2.207380e-09, strain = 7.341110e-04, elapsed = 423.7 sec
Step =    155: nodes = 4342, dt = 2.648856e-09, strain = 7.367598e-04, elapsed = 427.8 sec
Step =    156: nodes = 4415, dt = 3.178627e-09, strain = 7.399384e-04, elapsed = 432.8 sec
Step =    157: nodes = 4451, dt = 1.907176e-09, strain = 7.418456e-04, elapsed = 435.5 sec
Step =    158: nodes = 4484, dt = 1.907176e-09, strain = 7.437528e-04, elapsed = 451.2 sec
Step =    159: nodes = 4537, dt = 2.288612e-09, strain = 7.460414e-04, elapsed = 458.2 sec
Step =    160: nodes = 4603, dt = 2.746334e-09, strain = 7.487877e-04, elapsed = 484.3 sec
Step =    161: nodes = 4696, dt = 3.295601e-09, strain = 7.520833e-04, elapsed = 511.4 sec
Step =    162: nodes = 4805, dt = 3.954721e-09, strain = 7.560381e-04, elapsed = 541.7 sec
Step =    163: nodes = 4884, dt = 2.372833e-09, strain = 7.584109e-04, elapsed = 553.3 sec
Step =    164: nodes = 4953, dt = 2.372833e-09, strain = 7.607837e-04, elapsed = 573.4 sec
Step =    165: nodes = 5018, dt = 2.847399e-09, strain = 7.636311e-04, elapsed = 688.7 sec
Step =    166: nodes = 5076, dt = 3.416879e-09, strain = 7.670480e-04, elapsed = 776.0 sec
Step =    167: nodes = 5100, dt = 4.100255e-09, strain = 7.711483e-04, elapsed = 989.7 sec
Step =    168: nodes = 5083, dt = 2.460153e-09, strain = 7.736084e-04, elapsed = 1070.0 sec
Step =    169: nodes = 5084, dt = 2.460153e-09, strain = 7.760686e-04, elapsed = 1155.1 sec
Step =    170: nodes = 5125, dt = 2.952184e-09, strain = 7.790207e-04, elapsed = 1218.9 sec
Step =    171: nodes = 5183, dt = 3.542620e-09, strain = 7.825634e-04, elapsed = 1300.0 sec
Step =    172: nodes = 5201, dt = 4.251144e-09, strain = 7.868145e-04, elapsed = 1425.9 sec
Step =    173: nodes = 5276, dt = 5.101373e-09, strain = 7.919159e-04, elapsed = 1587.4 sec
Step =    174: nodes = 5425, dt = 6.121648e-09, strain = 7.980375e-04, elapsed = 1658.9 sec
Step =    175: nodes = 5562, dt = 7.345977e-09, strain = 8.053835e-04, elapsed = 1908.7 sec
Step =    176: nodes = 5580, dt = 2.203793e-09, strain = 8.075873e-04, elapsed = 2004.0 sec
Step =    177: nodes = 5615, dt = 2.203793e-09, strain = 8.097911e-04, elapsed = 2046.4 sec
Step =    178: nodes = 5668, dt = 2.644552e-09, strain = 8.124356e-04, elapsed = 2062.7 sec
Step =    179: nodes = 5733, dt = 3.173462e-09, strain = 8.156091e-04, elapsed = 2108.6 sec
Step =    180: nodes = 5839, dt = 3.808155e-09, strain = 8.194173e-04, elapsed = 2169.4 sec
Step =    181: nodes = 5950, dt = 4.569786e-09, strain = 8.239870e-04, elapsed = 2394.0 sec
Step =    182: nodes = 6008, dt = 2.741871e-09, strain = 8.267289e-04, elapsed = 2474.1 sec
Step =    183: nodes = 6061, dt = 2.741871e-09, strain = 8.294708e-04, elapsed = 2556.7 sec
Step =    184: nodes = 6119, dt = 3.290246e-09, strain = 8.327610e-04, elapsed = 2714.8 sec
Step =    185: nodes = 6191, dt = 3.948295e-09, strain = 8.367093e-04, elapsed = 2782.3 sec
Step =    186: nodes = 6319, dt = 4.737954e-09, strain = 8.414473e-04, elapsed = 2874.2 sec
Step =    187: nodes = 6389, dt = 2.842772e-09, strain = 8.442901e-04, elapsed = 2944.9 sec
Step =    188: nodes = 6474, dt = 2.842772e-09, strain = 8.471328e-04, elapsed = 2989.2 sec
Step =    189: nodes = 6592, dt = 3.411327e-09, strain = 8.505442e-04, elapsed = 3172.2 sec
Step =    190: nodes = 6724, dt = 4.093592e-09, strain = 8.546377e-04, elapsed = 3294.5 sec
Step =    191: nodes = 6863, dt = 4.912310e-09, strain = 8.595501e-04, elapsed = 3497.1 sec
Step =    192: nodes = 6963, dt = 2.947386e-09, strain = 8.624974e-04, elapsed = 3595.9 sec
slurmstepd-c2n049: error: *** JOB 193945 ON c2n049 CANCELLED AT 2026-04-14T16:03:16 DUE TO TIME LIMIT ***
