Host Parallel Execution Space:
  KOKKOS_ENABLE_OPENMP: yes

OpenMP Runtime Configuration:
Kokkos::OpenMP thread_pool_topology[ 1 x 48 x 1 ]
Reading ParaDiS configuration
 Input file: /data/home/dg000246b/openDIS/HomeWork/init_data_pure/init_config.data
 nodes: 4163, segments: 3927
 Warning: Burgers vector is not conserved for 472 node(s)
Step =      0: nodes = 4163, dt = 0.000000e+00, strain = 0.000000e+00, elapsed = 0.3 sec
Writing configuration in legacy data format
 Output file: /data/home/dg000246b/openDIS/HomeWork/output_Cu_fcc_pure/config.0.data
Writing restart file
 Restart file: /data/home/dg000246b/openDIS/HomeWork/output_Cu_fcc_pure/restart.0.exadis
Run until reaching strain = 0.010000
Step =      1: nodes = 1794, dt = 1.000000e-12, strain = 1.000000e-09, elapsed = 0.5 sec
Step =      2: nodes = 930, dt = 1.200000e-12, strain = 2.200000e-09, elapsed = 0.6 sec
Step =      3: nodes = 845, dt = 1.440000e-12, strain = 3.640000e-09, elapsed = 0.6 sec
Step =      4: nodes = 845, dt = 1.728000e-12, strain = 5.368000e-09, elapsed = 0.7 sec
Step =      5: nodes = 845, dt = 2.073600e-12, strain = 7.441600e-09, elapsed = 0.7 sec
Step =      6: nodes = 845, dt = 2.488320e-12, strain = 9.929920e-09, elapsed = 0.8 sec
Step =      7: nodes = 845, dt = 2.985984e-12, strain = 1.291590e-08, elapsed = 0.8 sec
Step =      8: nodes = 845, dt = 3.583181e-12, strain = 1.649908e-08, elapsed = 0.9 sec
Step =      9: nodes = 845, dt = 4.299817e-12, strain = 2.079890e-08, elapsed = 0.9 sec
Step =     10: nodes = 845, dt = 5.159780e-12, strain = 2.595868e-08, elapsed = 1.0 sec
Step =     11: nodes = 845, dt = 6.191736e-12, strain = 3.215042e-08, elapsed = 1.0 sec
Step =     12: nodes = 845, dt = 7.430084e-12, strain = 3.958050e-08, elapsed = 1.1 sec
Step =     13: nodes = 845, dt = 8.916100e-12, strain = 4.849660e-08, elapsed = 1.1 sec
Step =     14: nodes = 845, dt = 1.069932e-11, strain = 5.919592e-08, elapsed = 1.2 sec
Step =     15: nodes = 845, dt = 1.283918e-11, strain = 7.203511e-08, elapsed = 1.2 sec
Step =     16: nodes = 845, dt = 1.540702e-11, strain = 8.744213e-08, elapsed = 1.3 sec
Step =     17: nodes = 845, dt = 1.848843e-11, strain = 1.059306e-07, elapsed = 1.3 sec
Step =     18: nodes = 845, dt = 2.218611e-11, strain = 1.281167e-07, elapsed = 1.3 sec
Step =     19: nodes = 845, dt = 2.662333e-11, strain = 1.547400e-07, elapsed = 1.4 sec
Step =     20: nodes = 845, dt = 3.194800e-11, strain = 1.866880e-07, elapsed = 1.4 sec
Step =     21: nodes = 845, dt = 3.833760e-11, strain = 2.250256e-07, elapsed = 1.5 sec
Step =     22: nodes = 845, dt = 4.600512e-11, strain = 2.710307e-07, elapsed = 1.6 sec
Step =     23: nodes = 845, dt = 5.520614e-11, strain = 3.262369e-07, elapsed = 1.6 sec
Step =     24: nodes = 845, dt = 6.624737e-11, strain = 3.924842e-07, elapsed = 1.7 sec
Step =     25: nodes = 845, dt = 7.949685e-11, strain = 4.719811e-07, elapsed = 1.7 sec
Step =     26: nodes = 845, dt = 9.539622e-11, strain = 5.673773e-07, elapsed = 1.8 sec
Step =     27: nodes = 845, dt = 1.144755e-10, strain = 6.818528e-07, elapsed = 1.8 sec
Step =     28: nodes = 845, dt = 1.373706e-10, strain = 8.192233e-07, elapsed = 1.9 sec
Step =     29: nodes = 845, dt = 1.648447e-10, strain = 9.840680e-07, elapsed = 1.9 sec
Step =     30: nodes = 845, dt = 1.978136e-10, strain = 1.181882e-06, elapsed = 2.0 sec
Step =     31: nodes = 845, dt = 2.373763e-10, strain = 1.419258e-06, elapsed = 2.0 sec
Step =     32: nodes = 845, dt = 2.848516e-10, strain = 1.704109e-06, elapsed = 2.1 sec
Step =     33: nodes = 845, dt = 3.418219e-10, strain = 2.045931e-06, elapsed = 2.1 sec
Step =     34: nodes = 845, dt = 4.101863e-10, strain = 2.456118e-06, elapsed = 2.2 sec
Step =     35: nodes = 845, dt = 4.922235e-10, strain = 2.948341e-06, elapsed = 2.2 sec
Step =     36: nodes = 845, dt = 5.906682e-10, strain = 3.539009e-06, elapsed = 2.3 sec
Step =     37: nodes = 845, dt = 7.088019e-10, strain = 4.247811e-06, elapsed = 2.4 sec
Step =     38: nodes = 845, dt = 8.505622e-10, strain = 5.098373e-06, elapsed = 2.5 sec
Step =     39: nodes = 845, dt = 1.020675e-09, strain = 6.119048e-06, elapsed = 2.5 sec
Step =     40: nodes = 845, dt = 1.224810e-09, strain = 7.343858e-06, elapsed = 2.6 sec
Step =     41: nodes = 845, dt = 1.469772e-09, strain = 8.813629e-06, elapsed = 2.7 sec
Step =     42: nodes = 845, dt = 1.763726e-09, strain = 1.057736e-05, elapsed = 2.8 sec
Step =     43: nodes = 845, dt = 2.116471e-09, strain = 1.269383e-05, elapsed = 2.9 sec
Step =     44: nodes = 845, dt = 2.539765e-09, strain = 1.523359e-05, elapsed = 3.0 sec
Step =     45: nodes = 845, dt = 3.047718e-09, strain = 1.828131e-05, elapsed = 3.2 sec
Step =     46: nodes = 845, dt = 3.657262e-09, strain = 2.193857e-05, elapsed = 3.3 sec
Step =     47: nodes = 845, dt = 4.388714e-09, strain = 2.632729e-05, elapsed = 3.5 sec
Step =     48: nodes = 845, dt = 5.266457e-09, strain = 3.159374e-05, elapsed = 3.7 sec
Step =     49: nodes = 845, dt = 6.319749e-09, strain = 3.791349e-05, elapsed = 3.9 sec
Step =     50: nodes = 845, dt = 7.583698e-09, strain = 4.549719e-05, elapsed = 4.1 sec
Writing configuration in legacy data format
 Output file: /data/home/dg000246b/openDIS/HomeWork/output_Cu_fcc_pure/config.50.data
Writing restart file
 Restart file: /data/home/dg000246b/openDIS/HomeWork/output_Cu_fcc_pure/restart.50.exadis
Step =     51: nodes = 845, dt = 9.100438e-09, strain = 5.459763e-05, elapsed = 4.4 sec
Step =     52: nodes = 845, dt = 1.092053e-08, strain = 6.551815e-05, elapsed = 4.8 sec
Step =     53: nodes = 845, dt = 1.310463e-08, strain = 7.862279e-05, elapsed = 5.1 sec
Step =     54: nodes = 845, dt = 1.572556e-08, strain = 9.434834e-05, elapsed = 5.6 sec
Step =     55: nodes = 845, dt = 1.887067e-08, strain = 1.132190e-04, elapsed = 6.1 sec
Step =     56: nodes = 844, dt = 2.264480e-08, strain = 1.358638e-04, elapsed = 6.8 sec
Step =     57: nodes = 842, dt = 2.717376e-08, strain = 1.630376e-04, elapsed = 7.6 sec
Step =     58: nodes = 837, dt = 3.260852e-08, strain = 1.956461e-04, elapsed = 8.6 sec
Step =     59: nodes = 794, dt = 3.913022e-08, strain = 2.347763e-04, elapsed = 9.9 sec
Step =     60: nodes = 758, dt = 4.695626e-08, strain = 2.817326e-04, elapsed = 11.0 sec
Step =     61: nodes = 742, dt = 5.634751e-08, strain = 3.380801e-04, elapsed = 12.6 sec
Step =     62: nodes = 721, dt = 6.761702e-08, strain = 4.056971e-04, elapsed = 14.3 sec
Step =     63: nodes = 702, dt = 8.114042e-08, strain = 4.868375e-04, elapsed = 16.4 sec
Step =     64: nodes = 690, dt = 9.736850e-08, strain = 5.842060e-04, elapsed = 19.2 sec
Step =     65: nodes = 685, dt = 1.000000e-07, strain = 6.842060e-04, elapsed = 22.0 sec
Step =     66: nodes = 682, dt = 1.000000e-07, strain = 7.842060e-04, elapsed = 24.9 sec
Step =     67: nodes = 679, dt = 1.000000e-07, strain = 8.842060e-04, elapsed = 27.8 sec
Step =     68: nodes = 673, dt = 1.000000e-07, strain = 9.842060e-04, elapsed = 30.9 sec
Step =     69: nodes = 665, dt = 1.000000e-07, strain = 1.084206e-03, elapsed = 33.6 sec
Step =     70: nodes = 657, dt = 1.000000e-07, strain = 1.184206e-03, elapsed = 36.1 sec
Step =     71: nodes = 654, dt = 1.000000e-07, strain = 1.284206e-03, elapsed = 38.5 sec
Step =     72: nodes = 652, dt = 1.000000e-07, strain = 1.384206e-03, elapsed = 40.8 sec
Step =     73: nodes = 649, dt = 1.000000e-07, strain = 1.484206e-03, elapsed = 43.4 sec
Step =     74: nodes = 645, dt = 1.000000e-07, strain = 1.584206e-03, elapsed = 45.7 sec
Step =     75: nodes = 641, dt = 1.000000e-07, strain = 1.684206e-03, elapsed = 48.1 sec
Step =     76: nodes = 638, dt = 1.000000e-07, strain = 1.784206e-03, elapsed = 50.5 sec
Step =     77: nodes = 636, dt = 1.000000e-07, strain = 1.884206e-03, elapsed = 52.9 sec
Step =     78: nodes = 635, dt = 1.000000e-07, strain = 1.984206e-03, elapsed = 55.3 sec
Step =     79: nodes = 633, dt = 1.000000e-07, strain = 2.084206e-03, elapsed = 57.9 sec
Step =     80: nodes = 631, dt = 1.000000e-07, strain = 2.184206e-03, elapsed = 60.4 sec
Step =     81: nodes = 630, dt = 1.000000e-07, strain = 2.284206e-03, elapsed = 62.8 sec
Step =     82: nodes = 629, dt = 1.000000e-07, strain = 2.384206e-03, elapsed = 65.3 sec
Step =     83: nodes = 626, dt = 1.000000e-07, strain = 2.484206e-03, elapsed = 67.9 sec
Step =     84: nodes = 625, dt = 1.000000e-07, strain = 2.584206e-03, elapsed = 70.2 sec
Step =     85: nodes = 625, dt = 1.000000e-07, strain = 2.684206e-03, elapsed = 72.4 sec
Step =     86: nodes = 625, dt = 1.000000e-07, strain = 2.784206e-03, elapsed = 74.6 sec
Step =     87: nodes = 624, dt = 1.000000e-07, strain = 2.884206e-03, elapsed = 76.8 sec
Step =     88: nodes = 624, dt = 1.000000e-07, strain = 2.984206e-03, elapsed = 79.1 sec
Step =     89: nodes = 624, dt = 1.000000e-07, strain = 3.084206e-03, elapsed = 81.5 sec
Step =     90: nodes = 624, dt = 1.000000e-07, strain = 3.184206e-03, elapsed = 83.6 sec
Step =     91: nodes = 623, dt = 1.000000e-07, strain = 3.284206e-03, elapsed = 85.8 sec
Step =     92: nodes = 623, dt = 1.000000e-07, strain = 3.384206e-03, elapsed = 88.1 sec
Step =     93: nodes = 623, dt = 1.000000e-07, strain = 3.484206e-03, elapsed = 90.3 sec
Step =     94: nodes = 623, dt = 1.000000e-07, strain = 3.584206e-03, elapsed = 92.7 sec
Step =     95: nodes = 622, dt = 1.000000e-07, strain = 3.684206e-03, elapsed = 95.3 sec
Step =     96: nodes = 621, dt = 1.000000e-07, strain = 3.784206e-03, elapsed = 97.4 sec
Step =     97: nodes = 619, dt = 1.000000e-07, strain = 3.884206e-03, elapsed = 99.4 sec
Step =     98: nodes = 618, dt = 1.000000e-07, strain = 3.984206e-03, elapsed = 101.5 sec
Step =     99: nodes = 618, dt = 1.000000e-07, strain = 4.084206e-03, elapsed = 103.7 sec
Step =    100: nodes = 618, dt = 1.000000e-07, strain = 4.184206e-03, elapsed = 105.8 sec
Writing configuration in legacy data format
 Output file: /data/home/dg000246b/openDIS/HomeWork/output_Cu_fcc_pure/config.100.data
Writing restart file
 Restart file: /data/home/dg000246b/openDIS/HomeWork/output_Cu_fcc_pure/restart.100.exadis
Step =    101: nodes = 617, dt = 1.000000e-07, strain = 4.284206e-03, elapsed = 107.7 sec
Step =    102: nodes = 617, dt = 1.000000e-07, strain = 4.384206e-03, elapsed = 109.8 sec
Step =    103: nodes = 616, dt = 1.000000e-07, strain = 4.484206e-03, elapsed = 112.0 sec
Step =    104: nodes = 616, dt = 1.000000e-07, strain = 4.584206e-03, elapsed = 113.9 sec
Step =    105: nodes = 616, dt = 1.000000e-07, strain = 4.684206e-03, elapsed = 115.9 sec
Step =    106: nodes = 615, dt = 1.000000e-07, strain = 4.784206e-03, elapsed = 117.8 sec
Step =    107: nodes = 615, dt = 1.000000e-07, strain = 4.884206e-03, elapsed = 119.7 sec
Step =    108: nodes = 615, dt = 1.000000e-07, strain = 4.984206e-03, elapsed = 121.6 sec
Step =    109: nodes = 614, dt = 1.000000e-07, strain = 5.084206e-03, elapsed = 123.5 sec
Step =    110: nodes = 613, dt = 1.000000e-07, strain = 5.184206e-03, elapsed = 125.4 sec
Step =    111: nodes = 613, dt = 1.000000e-07, strain = 5.284206e-03, elapsed = 127.4 sec
Step =    112: nodes = 613, dt = 1.000000e-07, strain = 5.384206e-03, elapsed = 129.5 sec
Step =    113: nodes = 613, dt = 1.000000e-07, strain = 5.484206e-03, elapsed = 131.6 sec
Step =    114: nodes = 613, dt = 1.000000e-07, strain = 5.584206e-03, elapsed = 133.9 sec
Step =    115: nodes = 614, dt = 1.000000e-07, strain = 5.684206e-03, elapsed = 136.0 sec
Step =    116: nodes = 612, dt = 1.000000e-07, strain = 5.784206e-03, elapsed = 138.2 sec
Step =    117: nodes = 610, dt = 1.000000e-07, strain = 5.884206e-03, elapsed = 140.4 sec
Step =    118: nodes = 610, dt = 1.000000e-07, strain = 5.984206e-03, elapsed = 142.3 sec
Step =    119: nodes = 610, dt = 1.000000e-07, strain = 6.084206e-03, elapsed = 144.0 sec
Step =    120: nodes = 610, dt = 1.000000e-07, strain = 6.184206e-03, elapsed = 146.0 sec
Step =    121: nodes = 610, dt = 1.000000e-07, strain = 6.284206e-03, elapsed = 147.9 sec
Step =    122: nodes = 610, dt = 1.000000e-07, strain = 6.384206e-03, elapsed = 149.8 sec
Step =    123: nodes = 610, dt = 1.000000e-07, strain = 6.484206e-03, elapsed = 151.6 sec
Step =    124: nodes = 610, dt = 1.000000e-07, strain = 6.584206e-03, elapsed = 153.4 sec
Step =    125: nodes = 610, dt = 1.000000e-07, strain = 6.684206e-03, elapsed = 155.1 sec
Step =    126: nodes = 609, dt = 1.000000e-07, strain = 6.784206e-03, elapsed = 156.8 sec
Step =    127: nodes = 609, dt = 1.000000e-07, strain = 6.884206e-03, elapsed = 158.4 sec
Step =    128: nodes = 609, dt = 1.000000e-07, strain = 6.984206e-03, elapsed = 160.2 sec
Step =    129: nodes = 609, dt = 1.000000e-07, strain = 7.084206e-03, elapsed = 162.1 sec
Step =    130: nodes = 608, dt = 1.000000e-07, strain = 7.184206e-03, elapsed = 164.2 sec
Step =    131: nodes = 608, dt = 1.000000e-07, strain = 7.284206e-03, elapsed = 165.8 sec
Step =    132: nodes = 609, dt = 1.000000e-07, strain = 7.384206e-03, elapsed = 167.4 sec
Step =    133: nodes = 608, dt = 1.000000e-07, strain = 7.484206e-03, elapsed = 169.1 sec
Step =    134: nodes = 608, dt = 1.000000e-07, strain = 7.584206e-03, elapsed = 170.8 sec
Step =    135: nodes = 608, dt = 1.000000e-07, strain = 7.684206e-03, elapsed = 172.5 sec
Step =    136: nodes = 608, dt = 1.000000e-07, strain = 7.784206e-03, elapsed = 174.1 sec
Step =    137: nodes = 608, dt = 1.000000e-07, strain = 7.884206e-03, elapsed = 175.8 sec
Step =    138: nodes = 608, dt = 1.000000e-07, strain = 7.984206e-03, elapsed = 177.5 sec
Step =    139: nodes = 608, dt = 1.000000e-07, strain = 8.084206e-03, elapsed = 179.4 sec
Step =    140: nodes = 608, dt = 1.000000e-07, strain = 8.184206e-03, elapsed = 181.0 sec
Step =    141: nodes = 609, dt = 1.000000e-07, strain = 8.284206e-03, elapsed = 182.9 sec
Step =    142: nodes = 608, dt = 1.000000e-07, strain = 8.384206e-03, elapsed = 184.8 sec
Step =    143: nodes = 608, dt = 1.000000e-07, strain = 8.484206e-03, elapsed = 186.5 sec
Step =    144: nodes = 607, dt = 1.000000e-07, strain = 8.584206e-03, elapsed = 188.4 sec
Step =    145: nodes = 607, dt = 1.000000e-07, strain = 8.684206e-03, elapsed = 190.0 sec
Step =    146: nodes = 607, dt = 1.000000e-07, strain = 8.784206e-03, elapsed = 191.9 sec
Step =    147: nodes = 607, dt = 1.000000e-07, strain = 8.884206e-03, elapsed = 193.8 sec
Step =    148: nodes = 607, dt = 1.000000e-07, strain = 8.984206e-03, elapsed = 195.7 sec
Step =    149: nodes = 606, dt = 1.000000e-07, strain = 9.084206e-03, elapsed = 197.6 sec
Step =    150: nodes = 606, dt = 1.000000e-07, strain = 9.184206e-03, elapsed = 199.3 sec
Writing configuration in legacy data format
 Output file: /data/home/dg000246b/openDIS/HomeWork/output_Cu_fcc_pure/config.150.data
Writing restart file
 Restart file: /data/home/dg000246b/openDIS/HomeWork/output_Cu_fcc_pure/restart.150.exadis
Step =    151: nodes = 606, dt = 1.000000e-07, strain = 9.284206e-03, elapsed = 201.2 sec
Step =    152: nodes = 607, dt = 1.000000e-07, strain = 9.384206e-03, elapsed = 203.0 sec
Step =    153: nodes = 606, dt = 1.000000e-07, strain = 9.484206e-03, elapsed = 204.9 sec
Step =    154: nodes = 606, dt = 1.000000e-07, strain = 9.584206e-03, elapsed = 206.8 sec
Step =    155: nodes = 606, dt = 1.000000e-07, strain = 9.684206e-03, elapsed = 208.8 sec
Step =    156: nodes = 606, dt = 1.000000e-07, strain = 9.784206e-03, elapsed = 210.9 sec
Step =    157: nodes = 606, dt = 1.000000e-07, strain = 9.884206e-03, elapsed = 213.0 sec
Step =    158: nodes = 606, dt = 1.000000e-07, strain = 9.984206e-03, elapsed = 215.0 sec
Step =    159: nodes = 606, dt = 1.000000e-07, strain = 1.008421e-02, elapsed = 216.9 sec
----------------------------------------------
Force time:               93.694 sec (43.20%)
Mobility time:            30.625 sec (14.12%)
Integration time:        184.128 sec (84.89%)
Cross-slip time:           0.000 sec (0.00%)
Collision time:            0.206 sec (0.10%)
Topology time:             0.067 sec (0.03%)
Remesh time:               0.007 sec (0.00%)
Output time:               0.042 sec (0.02%)
----------------------------------------------
RUN TIME: 216.894520 sec
