Host Parallel Execution Space:
  KOKKOS_ENABLE_OPENMP: yes

OpenMP Runtime Configuration:
Kokkos::OpenMP thread_pool_topology[ 1 x 48 x 1 ]
Reading ParaDiS configuration
 Input file: /data/home/dg000246b/openDIS/HomeWork/init_data_twin/init_config.data
 nodes: 4170, segments: 3880
 Warning: Burgers vector is not conserved for 580 node(s)
[System] 100 spherical obstacles loaded
[System] 2 planar obstacles (twin boundaries) loaded
Step =      0: nodes = 4170, dt = 0.000000e+00, strain = 0.000000e+00, elapsed = 0.0 sec
Writing configuration in legacy data format
 Output file: /data/home/dg000246b/openDIS/HomeWork/output_Cu_twin/config.0.data
Writing restart file
 Restart file: /data/home/dg000246b/openDIS/HomeWork/output_Cu_twin/restart.0.exadis
Run until reaching strain = 0.010000
Step =      1: nodes = 4170, dt = 1.000000e-08, strain = 1.000000e-05, elapsed = 72.1 sec
Writing configuration in legacy data format
 Output file: /data/home/dg000246b/openDIS/HomeWork/output_Cu_twin/config.1.data
Writing restart file
 Restart file: /data/home/dg000246b/openDIS/HomeWork/output_Cu_twin/restart.1.exadis
Step =      2: nodes = 4180, dt = 1.200000e-08, strain = 2.200000e-05, elapsed = 1386.5 sec
Writing configuration in legacy data format
 Output file: /data/home/dg000246b/openDIS/HomeWork/output_Cu_twin/config.2.data
Writing restart file
 Restart file: /data/home/dg000246b/openDIS/HomeWork/output_Cu_twin/restart.2.exadis
Step =      3: nodes = 4201, dt = 7.200000e-09, strain = 2.920000e-05, elapsed = 3406.1 sec
Writing configuration in legacy data format
 Output file: /data/home/dg000246b/openDIS/HomeWork/output_Cu_twin/config.3.data
Writing restart file
 Restart file: /data/home/dg000246b/openDIS/HomeWork/output_Cu_twin/restart.3.exadis
Step =      4: nodes = 4270, dt = 7.200000e-09, strain = 3.640000e-05, elapsed = 6146.6 sec
Writing configuration in legacy data format
 Output file: /data/home/dg000246b/openDIS/HomeWork/output_Cu_twin/config.4.data
Writing restart file
 Restart file: /data/home/dg000246b/openDIS/HomeWork/output_Cu_twin/restart.4.exadis
Step =      5: nodes = 4366, dt = 8.640000e-09, strain = 4.504000e-05, elapsed = 11507.6 sec
Writing configuration in legacy data format
 Output file: /data/home/dg000246b/openDIS/HomeWork/output_Cu_twin/config.5.data
Writing restart file
 Restart file: /data/home/dg000246b/openDIS/HomeWork/output_Cu_twin/restart.5.exadis
Step =      6: nodes = 4525, dt = 2.592000e-09, strain = 4.763200e-05, elapsed = 12483.1 sec
Writing configuration in legacy data format
 Output file: /data/home/dg000246b/openDIS/HomeWork/output_Cu_twin/config.6.data
Writing restart file
 Restart file: /data/home/dg000246b/openDIS/HomeWork/output_Cu_twin/restart.6.exadis
Step =      7: nodes = 4774, dt = 2.592000e-09, strain = 5.022400e-05, elapsed = 14217.3 sec
Writing configuration in legacy data format
 Output file: /data/home/dg000246b/openDIS/HomeWork/output_Cu_twin/config.7.data
Writing restart file
 Restart file: /data/home/dg000246b/openDIS/HomeWork/output_Cu_twin/restart.7.exadis
Step =      8: nodes = 5231, dt = 1.555200e-09, strain = 5.177920e-05, elapsed = 15067.4 sec
Writing configuration in legacy data format
 Output file: /data/home/dg000246b/openDIS/HomeWork/output_Cu_twin/config.8.data
Writing restart file
 Restart file: /data/home/dg000246b/openDIS/HomeWork/output_Cu_twin/restart.8.exadis
Step =      9: nodes = 5821, dt = 7.776000e-10, strain = 5.255680e-05, elapsed = 15756.9 sec
Writing configuration in legacy data format
 Output file: /data/home/dg000246b/openDIS/HomeWork/output_Cu_twin/config.9.data
Writing restart file
 Restart file: /data/home/dg000246b/openDIS/HomeWork/output_Cu_twin/restart.9.exadis
Step =     10: nodes = 6863, dt = 7.776000e-10, strain = 5.333440e-05, elapsed = 16779.0 sec
Writing configuration in legacy data format
 Output file: /data/home/dg000246b/openDIS/HomeWork/output_Cu_twin/config.10.data
Writing restart file
 Restart file: /data/home/dg000246b/openDIS/HomeWork/output_Cu_twin/restart.10.exadis
Step =     11: nodes = 8286, dt = 9.331200e-10, strain = 5.426752e-05, elapsed = 20288.9 sec
Writing configuration in legacy data format
 Output file: /data/home/dg000246b/openDIS/HomeWork/output_Cu_twin/config.11.data
Writing restart file
 Restart file: /data/home/dg000246b/openDIS/HomeWork/output_Cu_twin/restart.11.exadis
Step =     12: nodes = 10656, dt = 2.187000e-12, strain = 5.426971e-05, elapsed = 20313.5 sec
Writing configuration in legacy data format
 Output file: /data/home/dg000246b/openDIS/HomeWork/output_Cu_twin/config.12.data
Writing restart file
 Restart file: /data/home/dg000246b/openDIS/HomeWork/output_Cu_twin/restart.12.exadis
Step =     13: nodes = 13486, dt = 2.187000e-12, strain = 5.427189e-05, elapsed = 20357.7 sec
Writing configuration in legacy data format
 Output file: /data/home/dg000246b/openDIS/HomeWork/output_Cu_twin/config.13.data
Writing restart file
 Restart file: /data/home/dg000246b/openDIS/HomeWork/output_Cu_twin/restart.13.exadis
Step =     14: nodes = 17167, dt = 2.624400e-12, strain = 5.427452e-05, elapsed = 20448.9 sec
Writing configuration in legacy data format
 Output file: /data/home/dg000246b/openDIS/HomeWork/output_Cu_twin/config.14.data
Writing restart file
 Restart file: /data/home/dg000246b/openDIS/HomeWork/output_Cu_twin/restart.14.exadis
Step =     15: nodes = 21027, dt = 3.149280e-12, strain = 5.427767e-05, elapsed = 20703.0 sec
Writing configuration in legacy data format
 Output file: /data/home/dg000246b/openDIS/HomeWork/output_Cu_twin/config.15.data
Writing restart file
 Restart file: /data/home/dg000246b/openDIS/HomeWork/output_Cu_twin/restart.15.exadis
Step =     16: nodes = 25066, dt = 1.889568e-12, strain = 5.427956e-05, elapsed = 21032.3 sec
Writing configuration in legacy data format
 Output file: /data/home/dg000246b/openDIS/HomeWork/output_Cu_twin/config.16.data
Writing restart file
 Restart file: /data/home/dg000246b/openDIS/HomeWork/output_Cu_twin/restart.16.exadis
Step =     17: nodes = 29658, dt = 9.447840e-13, strain = 5.428050e-05, elapsed = 21401.7 sec
Writing configuration in legacy data format
 Output file: /data/home/dg000246b/openDIS/HomeWork/output_Cu_twin/config.17.data
Writing restart file
 Restart file: /data/home/dg000246b/openDIS/HomeWork/output_Cu_twin/restart.17.exadis
Step =     18: nodes = 35548, dt = 2.361960e-13, strain = 5.428074e-05, elapsed = 21676.4 sec
Writing configuration in legacy data format
 Output file: /data/home/dg000246b/openDIS/HomeWork/output_Cu_twin/config.18.data
Writing restart file
 Restart file: /data/home/dg000246b/openDIS/HomeWork/output_Cu_twin/restart.18.exadis
Warning: max collisions have been reached. Some collisions have been ignored
Error: MAX_CONN = 15 exceeded during merge_node()
Error: MAX_CONN = 15 exceeded during merge_node()
Error: MAX_CONN = 15 exceeded during merge_node()
Step =     19: nodes = 43306, dt = 1.180980e-13, strain = 5.428086e-05, elapsed = 22005.6 sec
Writing configuration in legacy data format
 Output file: /data/home/dg000246b/openDIS/HomeWork/output_Cu_twin/config.19.data
Writing restart file
 Restart file: /data/home/dg000246b/openDIS/HomeWork/output_Cu_twin/restart.19.exadis
Warning: max collisions have been reached. Some collisions have been ignored
Error: MAX_CONN = 15 exceeded during merge_node()
Error: MAX_CONN = 15 exceeded during merge_node()
Error: MAX_CONN = 15 exceeded during merge_node()
Error: MAX_CONN = 15 exceeded during merge_node()
Step =     20: nodes = 52920, dt = 5.904900e-14, strain = 5.428092e-05, elapsed = 22461.7 sec
Writing configuration in legacy data format
 Output file: /data/home/dg000246b/openDIS/HomeWork/output_Cu_twin/config.20.data
Writing restart file
 Restart file: /data/home/dg000246b/openDIS/HomeWork/output_Cu_twin/restart.20.exadis
Warning: max collisions have been reached. Some collisions have been ignored
Error: MAX_CONN = 15 exceeded during merge_node()
Error: MAX_CONN = 15 exceeded during merge_node()
Error: MAX_CONN = 15 exceeded during merge_node()
Step =     21: nodes = 65299, dt = 5.904900e-14, strain = 5.428097e-05, elapsed = 23259.0 sec
Writing configuration in legacy data format
 Output file: /data/home/dg000246b/openDIS/HomeWork/output_Cu_twin/config.21.data
Writing restart file
 Restart file: /data/home/dg000246b/openDIS/HomeWork/output_Cu_twin/restart.21.exadis
/var/spool/slurmd/job220644/slurm_script: line 16: 26572 Segmentation fault      (core dumped) python /data/home/dg000246b/openDIS/HomeWork/test_Cu_twin.py
