Host Parallel Execution Space:
  KOKKOS_ENABLE_OPENMP: yes

OpenMP Runtime Configuration:
Kokkos::OpenMP thread_pool_topology[ 1 x 48 x 1 ]
Reading ParaDiS configuration
 Input file: /data/home/dg000246b/openDIS/HomeWork/init_data_twin/init_config.data
 nodes: 4154, segments: 3884
 Warning: Burgers vector is not conserved for 540 node(s)
[System] 10 spherical obstacles loaded
[System] 2 planar obstacles (twin boundaries) loaded
Step =      0: nodes = 4154, dt = 0.000000e+00, strain = 0.000000e+00, elapsed = 0.0 sec
Writing configuration in legacy data format
 Output file: /data/home/dg000246b/openDIS/HomeWork/output_Cu_twin/config.0.data
Writing restart file
 Restart file: /data/home/dg000246b/openDIS/HomeWork/output_Cu_twin/restart.0.exadis
Run until reaching strain = 0.010000
Step =      1: nodes = 4154, dt = 1.000000e-09, strain = 1.000000e-06, elapsed = 0.3 sec
Step =      2: nodes = 4154, dt = 1.200000e-09, strain = 2.200000e-06, elapsed = 0.5 sec
Step =      3: nodes = 5055, dt = 1.440000e-09, strain = 3.640000e-06, elapsed = 0.7 sec
Step =      4: nodes = 5881, dt = 4.320000e-10, strain = 4.072000e-06, elapsed = 1.2 sec
Step =      5: nodes = 7564, dt = 1.080000e-10, strain = 4.180000e-06, elapsed = 1.6 sec
Step =      6: nodes = 10572, dt = 1.080000e-10, strain = 4.288000e-06, elapsed = 1.9 sec
Step =      7: nodes = 14721, dt = 6.480000e-11, strain = 4.352800e-06, elapsed = 2.7 sec
Step =      8: nodes = 19402, dt = 6.480000e-11, strain = 4.417600e-06, elapsed = 3.7 sec
Step =      9: nodes = 20589, dt = 3.888000e-11, strain = 4.456480e-06, elapsed = 6.1 sec
Step =     10: nodes = 21442, dt = 3.888000e-11, strain = 4.495360e-06, elapsed = 8.0 sec
Writing configuration in legacy data format
 Output file: /data/home/dg000246b/openDIS/HomeWork/output_Cu_twin/config.10.data
Writing restart file
 Restart file: /data/home/dg000246b/openDIS/HomeWork/output_Cu_twin/restart.10.exadis
Step =     11: nodes = 22089, dt = 4.665600e-11, strain = 4.542016e-06, elapsed = 10.4 sec
Step =     12: nodes = 22830, dt = 5.598720e-11, strain = 4.598003e-06, elapsed = 12.9 sec
Step =     13: nodes = 23756, dt = 3.359232e-11, strain = 4.631596e-06, elapsed = 16.9 sec
Step =     14: nodes = 24810, dt = 3.359232e-11, strain = 4.665188e-06, elapsed = 20.3 sec
Error: MAX_CONN = 15 exceeded during merge_node()
Error: MAX_CONN = 15 exceeded during merge_node()
Step =     15: nodes = 26448, dt = 4.031078e-11, strain = 4.705499e-06, elapsed = 24.9 sec
Error: MAX_CONN = 15 exceeded during merge_node()
Error: MAX_CONN = 15 exceeded during merge_node()
Error: MAX_CONN = 15 exceeded during merge_node()
Error: MAX_CONN = 15 exceeded during merge_node()
Error: MAX_CONN = 15 exceeded during merge_node()
Error: MAX_CONN = 15 exceeded during merge_node()
Error: MAX_CONN = 15 exceeded during merge_node()
Error: MAX_CONN = 15 exceeded during merge_node()
Step =     16: nodes = 28761, dt = 2.418647e-11, strain = 4.729685e-06, elapsed = 33.2 sec
slurmstepd-c2n066: error: *** JOB 224016 ON c2n066 CANCELLED AT 2026-05-07T09:51:36 ***
