Host Parallel Execution Space:
  KOKKOS_ENABLE_OPENMP: yes

OpenMP Runtime Configuration:
Kokkos::OpenMP thread_pool_topology[ 1 x 48 x 1 ]
Reading ParaDiS configuration
 Input file: /data/home/dg000246b/openDIS/HomeWork/init_data_twin/init_config.data
 nodes: 4154, segments: 3884
 Warning: Burgers vector is not conserved for 540 node(s)
[System] 10 spherical obstacles loaded
[System] 2 planar obstacles (twin boundaries) loaded
Step =      0: nodes = 4154, dt = 0.000000e+00, strain = 0.000000e+00, elapsed = 0.2 sec
Writing configuration in legacy data format
 Output file: /data/home/dg000246b/openDIS/HomeWork/output_Cu_twin/config.0.data
Writing restart file
 Restart file: /data/home/dg000246b/openDIS/HomeWork/output_Cu_twin/restart.0.exadis
Run until reaching strain = 0.010000
Step =      1: nodes = 4154, dt = 1.000000e-09, strain = 1.000000e-06, elapsed = 0.5 sec
Step =      2: nodes = 4154, dt = 1.200000e-09, strain = 2.200000e-06, elapsed = 0.7 sec
Step =      3: nodes = 4154, dt = 1.440000e-09, strain = 3.640000e-06, elapsed = 0.9 sec
Step =      4: nodes = 5038, dt = 1.728000e-09, strain = 5.368000e-06, elapsed = 1.2 sec
Step =      5: nodes = 6490, dt = 5.184000e-10, strain = 5.886400e-06, elapsed = 1.8 sec
Step =      6: nodes = 9060, dt = 1.296000e-10, strain = 6.016000e-06, elapsed = 2.2 sec
Step =      7: nodes = 12941, dt = 1.296000e-10, strain = 6.145600e-06, elapsed = 2.8 sec
Step =      8: nodes = 18085, dt = 1.555200e-10, strain = 6.301120e-06, elapsed = 3.8 sec
Step =      9: nodes = 23179, dt = 9.331200e-11, strain = 6.394432e-06, elapsed = 6.1 sec
Step =     10: nodes = 24472, dt = 9.331200e-11, strain = 6.487744e-06, elapsed = 8.9 sec
Writing configuration in legacy data format
 Output file: /data/home/dg000246b/openDIS/HomeWork/output_Cu_twin/config.10.data
Writing restart file
 Restart file: /data/home/dg000246b/openDIS/HomeWork/output_Cu_twin/restart.10.exadis
Step =     11: nodes = 26002, dt = 5.598720e-11, strain = 6.543731e-06, elapsed = 13.5 sec
Step =     12: nodes = 27562, dt = 5.598720e-11, strain = 6.599718e-06, elapsed = 17.2 sec
Error: MAX_CONN = 15 exceeded during merge_node()
Step =     13: nodes = 29473, dt = 6.718464e-11, strain = 6.666903e-06, elapsed = 21.5 sec
Step =     14: nodes = 31232, dt = 4.031078e-11, strain = 6.707214e-06, elapsed = 28.1 sec
Step =     15: nodes = 32942, dt = 4.031078e-11, strain = 6.747525e-06, elapsed = 34.2 sec
slurmstepd-c2n066: error: *** JOB 224000 ON c2n066 CANCELLED AT 2026-05-07T09:42:59 ***
