Host Parallel Execution Space:
  KOKKOS_ENABLE_OPENMP: yes

OpenMP Runtime Configuration:
Kokkos::OpenMP thread_pool_topology[ 1 x 48 x 1 ]
Reading restart file
 Restart file: /data/home/dg000246b/openDIS/HomeWork/output_Cu_fcc/restart.1303.exadis
Warning: skipped resetting the time-integrator
 version = 1
 nodes = 10006
 segments = 10060
[System] 100 spherical obstacles loaded
Reading restart file
 Restart file: /data/home/dg000246b/openDIS/HomeWork/output_Cu_fcc/restart.1303.exadis
 version = 1
 nodes = 10006
 segments = 10060
Warning: directory /data/home/dg000246b/openDIS/HomeWork/output_Cu_fcc already exists
Step =   1303: nodes = 10006, dt = 1.577578e-09, strain = 3.134616e-03, elapsed = 0.0 sec
Run until reaching strain = 0.010000
Step =   1304: nodes = 10025, dt = 1.893093e-09, strain = 3.136509e-03, elapsed = 40.2 sec
Step =   1305: nodes = 10042, dt = 1.135856e-09, strain = 3.137645e-03, elapsed = 58.2 sec
