Host Parallel Execution Space:
  KOKKOS_ENABLE_OPENMP: yes

OpenMP Runtime Configuration:
Kokkos::OpenMP thread_pool_topology[ 1 x 48 x 1 ]
Reading ParaDiS configuration
 Input file: /data/home/dg000246b/openDIS/HomeWork/init_data_pure/init_config.data
 nodes: 4163, segments: 3927
 Warning: Burgers vector is not conserved for 472 node(s)
Step =      0: nodes = 4163, dt = 0.000000e+00, strain = 0.000000e+00, elapsed = 0.0 sec
Writing configuration in legacy data format
 Output file: /data/home/dg000246b/openDIS/HomeWork/output_Cu_fcc_pure/config.0.data
Writing restart file
 Restart file: /data/home/dg000246b/openDIS/HomeWork/output_Cu_fcc_pure/restart.0.exadis
Run until reaching strain = 0.010000
Step =      1: nodes = 4163, dt = 1.000000e-09, strain = 1.000000e-06, elapsed = 3.6 sec
Step =      2: nodes = 4163, dt = 1.200000e-09, strain = 2.200000e-06, elapsed = 7.5 sec
Step =      3: nodes = 4163, dt = 1.440000e-09, strain = 3.640000e-06, elapsed = 12.1 sec
Step =      4: nodes = 4163, dt = 1.728000e-09, strain = 5.368000e-06, elapsed = 17.9 sec
Step =      5: nodes = 4163, dt = 2.073600e-09, strain = 7.441600e-06, elapsed = 25.0 sec
Step =      6: nodes = 4162, dt = 2.488320e-09, strain = 9.929920e-06, elapsed = 37.1 sec
Step =      7: nodes = 4158, dt = 2.985984e-09, strain = 1.291590e-05, elapsed = 55.9 sec
Step =      8: nodes = 4155, dt = 3.583181e-09, strain = 1.649908e-05, elapsed = 76.9 sec
Step =      9: nodes = 4155, dt = 4.299817e-09, strain = 2.079890e-05, elapsed = 106.3 sec
Step =     10: nodes = 4153, dt = 5.159780e-09, strain = 2.595868e-05, elapsed = 147.1 sec
Step =     11: nodes = 4152, dt = 6.191736e-09, strain = 3.215042e-05, elapsed = 185.1 sec
Step =     12: nodes = 4151, dt = 7.430084e-09, strain = 3.958050e-05, elapsed = 238.5 sec
Step =     13: nodes = 4147, dt = 8.916100e-09, strain = 4.849660e-05, elapsed = 301.3 sec
Step =     14: nodes = 4143, dt = 1.069932e-08, strain = 5.919592e-05, elapsed = 364.1 sec
Step =     15: nodes = 4140, dt = 1.283918e-08, strain = 7.203511e-05, elapsed = 443.5 sec
Step =     16: nodes = 4134, dt = 1.540702e-08, strain = 8.744213e-05, elapsed = 550.5 sec
Step =     17: nodes = 4126, dt = 1.848843e-08, strain = 1.059306e-04, elapsed = 651.7 sec
Step =     18: nodes = 4116, dt = 2.218611e-08, strain = 1.281167e-04, elapsed = 774.8 sec
Step =     19: nodes = 4105, dt = 2.662333e-08, strain = 1.547400e-04, elapsed = 914.6 sec
Step =     20: nodes = 4105, dt = 3.194800e-08, strain = 1.866880e-04, elapsed = 1131.8 sec
Step =     21: nodes = 4096, dt = 3.833760e-08, strain = 2.250256e-04, elapsed = 1467.7 sec
Step =     22: nodes = 4091, dt = 4.600512e-08, strain = 2.710307e-04, elapsed = 1887.1 sec
Step =     23: nodes = 4065, dt = 5.520614e-08, strain = 3.262369e-04, elapsed = 2326.6 sec
Step =     24: nodes = 4059, dt = 6.624737e-08, strain = 3.924842e-04, elapsed = 2977.8 sec
Step =     25: nodes = 4048, dt = 7.949685e-08, strain = 4.719811e-04, elapsed = 3748.6 sec
Step =     26: nodes = 4184, dt = 9.539622e-08, strain = 5.673773e-04, elapsed = 10136.0 sec
