Host Parallel Execution Space:
  KOKKOS_ENABLE_OPENMP: yes

OpenMP Runtime Configuration:
Kokkos::OpenMP thread_pool_topology[ 1 x 48 x 1 ]
Reading ParaDiS configuration
 Input file: /data/home/dg000246b/openDIS/HomeWork/init_data_twin/init_config.data
 nodes: 4170, segments: 3880
 Warning: Burgers vector is not conserved for 580 node(s)
[System] 100 spherical obstacles loaded
[System] 2 planar obstacles (twin boundaries) loaded
Step =      0: nodes = 4170, dt = 0.000000e+00, strain = 0.000000e+00, elapsed = 0.0 sec
Writing configuration in legacy data format
 Output file: /data/home/dg000246b/openDIS/HomeWork/output_Cu_twin/config.0.data
Writing restart file
 Restart file: /data/home/dg000246b/openDIS/HomeWork/output_Cu_twin/restart.0.exadis
Run until reaching strain = 0.010000
Step =      1: nodes = 4170, dt = 5.000000e-09, strain = 5.000000e-06, elapsed = 4.5 sec
Writing configuration in legacy data format
 Output file: /data/home/dg000246b/openDIS/HomeWork/output_Cu_twin/config.1.data
Writing restart file
 Restart file: /data/home/dg000246b/openDIS/HomeWork/output_Cu_twin/restart.1.exadis
Step =      2: nodes = 4171, dt = 2.500000e-09, strain = 7.500000e-06, elapsed = 8.6 sec
Writing configuration in legacy data format
 Output file: /data/home/dg000246b/openDIS/HomeWork/output_Cu_twin/config.2.data
Writing restart file
 Restart file: /data/home/dg000246b/openDIS/HomeWork/output_Cu_twin/restart.2.exadis
Step =      3: nodes = 4173, dt = 1.250000e-09, strain = 8.750000e-06, elapsed = 14.6 sec
Writing configuration in legacy data format
 Output file: /data/home/dg000246b/openDIS/HomeWork/output_Cu_twin/config.3.data
Writing restart file
 Restart file: /data/home/dg000246b/openDIS/HomeWork/output_Cu_twin/restart.3.exadis
Step =      4: nodes = 4173, dt = 1.250000e-09, strain = 1.000000e-05, elapsed = 28.1 sec
Writing configuration in legacy data format
 Output file: /data/home/dg000246b/openDIS/HomeWork/output_Cu_twin/config.4.data
Writing restart file
 Restart file: /data/home/dg000246b/openDIS/HomeWork/output_Cu_twin/restart.4.exadis
Step =      5: nodes = 4179, dt = 1.500000e-09, strain = 1.150000e-05, elapsed = 65.5 sec
Writing configuration in legacy data format
 Output file: /data/home/dg000246b/openDIS/HomeWork/output_Cu_twin/config.5.data
Writing restart file
 Restart file: /data/home/dg000246b/openDIS/HomeWork/output_Cu_twin/restart.5.exadis
Step =      6: nodes = 4191, dt = 9.000000e-10, strain = 1.240000e-05, elapsed = 72.0 sec
Writing configuration in legacy data format
 Output file: /data/home/dg000246b/openDIS/HomeWork/output_Cu_twin/config.6.data
Writing restart file
 Restart file: /data/home/dg000246b/openDIS/HomeWork/output_Cu_twin/restart.6.exadis
Step =      7: nodes = 4198, dt = 4.500000e-10, strain = 1.285000e-05, elapsed = 80.1 sec
Writing configuration in legacy data format
 Output file: /data/home/dg000246b/openDIS/HomeWork/output_Cu_twin/config.7.data
Writing restart file
 Restart file: /data/home/dg000246b/openDIS/HomeWork/output_Cu_twin/restart.7.exadis
Step =      8: nodes = 4213, dt = 4.500000e-10, strain = 1.330000e-05, elapsed = 90.9 sec
Writing configuration in legacy data format
 Output file: /data/home/dg000246b/openDIS/HomeWork/output_Cu_twin/config.8.data
Writing restart file
 Restart file: /data/home/dg000246b/openDIS/HomeWork/output_Cu_twin/restart.8.exadis
Step =      9: nodes = 4231, dt = 5.400000e-10, strain = 1.384000e-05, elapsed = 92.0 sec
Writing configuration in legacy data format
 Output file: /data/home/dg000246b/openDIS/HomeWork/output_Cu_twin/config.9.data
Writing restart file
 Restart file: /data/home/dg000246b/openDIS/HomeWork/output_Cu_twin/restart.9.exadis
Step =     10: nodes = 4244, dt = 6.480000e-10, strain = 1.448800e-05, elapsed = 93.3 sec
Writing configuration in legacy data format
 Output file: /data/home/dg000246b/openDIS/HomeWork/output_Cu_twin/config.10.data
Writing restart file
 Restart file: /data/home/dg000246b/openDIS/HomeWork/output_Cu_twin/restart.10.exadis
Step =     11: nodes = 4256, dt = 7.776000e-10, strain = 1.526560e-05, elapsed = 94.6 sec
Writing configuration in legacy data format
 Output file: /data/home/dg000246b/openDIS/HomeWork/output_Cu_twin/config.11.data
Writing restart file
 Restart file: /data/home/dg000246b/openDIS/HomeWork/output_Cu_twin/restart.11.exadis
Step =     12: nodes = 4262, dt = 9.331200e-10, strain = 1.619872e-05, elapsed = 97.0 sec
Writing configuration in legacy data format
 Output file: /data/home/dg000246b/openDIS/HomeWork/output_Cu_twin/config.12.data
Writing restart file
 Restart file: /data/home/dg000246b/openDIS/HomeWork/output_Cu_twin/restart.12.exadis
Step =     13: nodes = 4259, dt = 5.598720e-10, strain = 1.675859e-05, elapsed = 99.4 sec
Writing configuration in legacy data format
 Output file: /data/home/dg000246b/openDIS/HomeWork/output_Cu_twin/config.13.data
Writing restart file
 Restart file: /data/home/dg000246b/openDIS/HomeWork/output_Cu_twin/restart.13.exadis
Step =     14: nodes = 4252, dt = 5.598720e-10, strain = 1.731846e-05, elapsed = 102.5 sec
Writing configuration in legacy data format
 Output file: /data/home/dg000246b/openDIS/HomeWork/output_Cu_twin/config.14.data
Writing restart file
 Restart file: /data/home/dg000246b/openDIS/HomeWork/output_Cu_twin/restart.14.exadis
Step =     15: nodes = 4247, dt = 6.718464e-10, strain = 1.799031e-05, elapsed = 105.9 sec
Writing configuration in legacy data format
 Output file: /data/home/dg000246b/openDIS/HomeWork/output_Cu_twin/config.15.data
Writing restart file
 Restart file: /data/home/dg000246b/openDIS/HomeWork/output_Cu_twin/restart.15.exadis
Step =     16: nodes = 4247, dt = 8.062157e-10, strain = 1.879653e-05, elapsed = 109.4 sec
Writing configuration in legacy data format
 Output file: /data/home/dg000246b/openDIS/HomeWork/output_Cu_twin/config.16.data
Writing restart file
 Restart file: /data/home/dg000246b/openDIS/HomeWork/output_Cu_twin/restart.16.exadis
Step =     17: nodes = 4250, dt = 9.674588e-10, strain = 1.976398e-05, elapsed = 111.0 sec
Writing configuration in legacy data format
 Output file: /data/home/dg000246b/openDIS/HomeWork/output_Cu_twin/config.17.data
Writing restart file
 Restart file: /data/home/dg000246b/openDIS/HomeWork/output_Cu_twin/restart.17.exadis
Step =     18: nodes = 4252, dt = 1.160951e-09, strain = 2.092494e-05, elapsed = 113.4 sec
Writing configuration in legacy data format
 Output file: /data/home/dg000246b/openDIS/HomeWork/output_Cu_twin/config.18.data
Writing restart file
 Restart file: /data/home/dg000246b/openDIS/HomeWork/output_Cu_twin/restart.18.exadis
Step =     19: nodes = 4254, dt = 1.393141e-09, strain = 2.231808e-05, elapsed = 115.4 sec
Writing configuration in legacy data format
 Output file: /data/home/dg000246b/openDIS/HomeWork/output_Cu_twin/config.19.data
Writing restart file
 Restart file: /data/home/dg000246b/openDIS/HomeWork/output_Cu_twin/restart.19.exadis
Step =     20: nodes = 4252, dt = 1.671769e-09, strain = 2.398985e-05, elapsed = 117.7 sec
Writing configuration in legacy data format
 Output file: /data/home/dg000246b/openDIS/HomeWork/output_Cu_twin/config.20.data
Writing restart file
 Restart file: /data/home/dg000246b/openDIS/HomeWork/output_Cu_twin/restart.20.exadis
Step =     21: nodes = 4242, dt = 2.006123e-09, strain = 2.599597e-05, elapsed = 121.4 sec
Writing configuration in legacy data format
 Output file: /data/home/dg000246b/openDIS/HomeWork/output_Cu_twin/config.21.data
Writing restart file
 Restart file: /data/home/dg000246b/openDIS/HomeWork/output_Cu_twin/restart.21.exadis
Step =     22: nodes = 4249, dt = 1.203674e-09, strain = 2.719964e-05, elapsed = 123.3 sec
Writing configuration in legacy data format
 Output file: /data/home/dg000246b/openDIS/HomeWork/output_Cu_twin/config.22.data
Writing restart file
 Restart file: /data/home/dg000246b/openDIS/HomeWork/output_Cu_twin/restart.22.exadis
Step =     23: nodes = 4250, dt = 1.203674e-09, strain = 2.840331e-05, elapsed = 125.0 sec
Writing configuration in legacy data format
 Output file: /data/home/dg000246b/openDIS/HomeWork/output_Cu_twin/config.23.data
Writing restart file
 Restart file: /data/home/dg000246b/openDIS/HomeWork/output_Cu_twin/restart.23.exadis
Step =     24: nodes = 4250, dt = 1.444408e-09, strain = 2.984772e-05, elapsed = 128.3 sec
Writing configuration in legacy data format
 Output file: /data/home/dg000246b/openDIS/HomeWork/output_Cu_twin/config.24.data
Writing restart file
 Restart file: /data/home/dg000246b/openDIS/HomeWork/output_Cu_twin/restart.24.exadis
Step =     25: nodes = 4249, dt = 1.733290e-09, strain = 3.158101e-05, elapsed = 130.1 sec
Writing configuration in legacy data format
 Output file: /data/home/dg000246b/openDIS/HomeWork/output_Cu_twin/config.25.data
Writing restart file
 Restart file: /data/home/dg000246b/openDIS/HomeWork/output_Cu_twin/restart.25.exadis
Step =     26: nodes = 4252, dt = 1.039974e-09, strain = 3.262099e-05, elapsed = 131.3 sec
Writing configuration in legacy data format
 Output file: /data/home/dg000246b/openDIS/HomeWork/output_Cu_twin/config.26.data
Writing restart file
 Restart file: /data/home/dg000246b/openDIS/HomeWork/output_Cu_twin/restart.26.exadis
Step =     27: nodes = 4254, dt = 1.039974e-09, strain = 3.366096e-05, elapsed = 149.3 sec
Writing configuration in legacy data format
 Output file: /data/home/dg000246b/openDIS/HomeWork/output_Cu_twin/config.27.data
Writing restart file
 Restart file: /data/home/dg000246b/openDIS/HomeWork/output_Cu_twin/restart.27.exadis
Step =     28: nodes = 4262, dt = 1.247969e-09, strain = 3.490893e-05, elapsed = 153.2 sec
Writing configuration in legacy data format
 Output file: /data/home/dg000246b/openDIS/HomeWork/output_Cu_twin/config.28.data
Writing restart file
 Restart file: /data/home/dg000246b/openDIS/HomeWork/output_Cu_twin/restart.28.exadis
Step =     29: nodes = 4273, dt = 7.487812e-10, strain = 3.565771e-05, elapsed = 154.5 sec
Writing configuration in legacy data format
 Output file: /data/home/dg000246b/openDIS/HomeWork/output_Cu_twin/config.29.data
Writing restart file
 Restart file: /data/home/dg000246b/openDIS/HomeWork/output_Cu_twin/restart.29.exadis
Step =     30: nodes = 4295, dt = 7.487812e-10, strain = 3.640649e-05, elapsed = 156.1 sec
Writing configuration in legacy data format
 Output file: /data/home/dg000246b/openDIS/HomeWork/output_Cu_twin/config.30.data
Writing restart file
 Restart file: /data/home/dg000246b/openDIS/HomeWork/output_Cu_twin/restart.30.exadis
Step =     31: nodes = 4309, dt = 8.985375e-10, strain = 3.730503e-05, elapsed = 168.2 sec
Writing configuration in legacy data format
 Output file: /data/home/dg000246b/openDIS/HomeWork/output_Cu_twin/config.31.data
Writing restart file
 Restart file: /data/home/dg000246b/openDIS/HomeWork/output_Cu_twin/restart.31.exadis
Step =     32: nodes = 4315, dt = 1.078245e-09, strain = 3.838327e-05, elapsed = 179.5 sec
Writing configuration in legacy data format
 Output file: /data/home/dg000246b/openDIS/HomeWork/output_Cu_twin/config.32.data
Writing restart file
 Restart file: /data/home/dg000246b/openDIS/HomeWork/output_Cu_twin/restart.32.exadis
Step =     33: nodes = 4326, dt = 6.469470e-10, strain = 3.903022e-05, elapsed = 197.3 sec
Writing configuration in legacy data format
 Output file: /data/home/dg000246b/openDIS/HomeWork/output_Cu_twin/config.33.data
Writing restart file
 Restart file: /data/home/dg000246b/openDIS/HomeWork/output_Cu_twin/restart.33.exadis
Step =     34: nodes = 4340, dt = 6.469470e-10, strain = 3.967717e-05, elapsed = 203.1 sec
Writing configuration in legacy data format
 Output file: /data/home/dg000246b/openDIS/HomeWork/output_Cu_twin/config.34.data
Writing restart file
 Restart file: /data/home/dg000246b/openDIS/HomeWork/output_Cu_twin/restart.34.exadis
Step =     35: nodes = 4357, dt = 1.940841e-10, strain = 3.987125e-05, elapsed = 207.7 sec
Writing configuration in legacy data format
 Output file: /data/home/dg000246b/openDIS/HomeWork/output_Cu_twin/config.35.data
Writing restart file
 Restart file: /data/home/dg000246b/openDIS/HomeWork/output_Cu_twin/restart.35.exadis
Step =     36: nodes = 4386, dt = 1.940841e-10, strain = 4.006534e-05, elapsed = 211.8 sec
Writing configuration in legacy data format
 Output file: /data/home/dg000246b/openDIS/HomeWork/output_Cu_twin/config.36.data
Writing restart file
 Restart file: /data/home/dg000246b/openDIS/HomeWork/output_Cu_twin/restart.36.exadis
Step =     37: nodes = 4426, dt = 2.329009e-10, strain = 4.029824e-05, elapsed = 221.6 sec
Writing configuration in legacy data format
 Output file: /data/home/dg000246b/openDIS/HomeWork/output_Cu_twin/config.37.data
Writing restart file
 Restart file: /data/home/dg000246b/openDIS/HomeWork/output_Cu_twin/restart.37.exadis
Step =     38: nodes = 4489, dt = 1.397406e-10, strain = 4.043798e-05, elapsed = 227.7 sec
Writing configuration in legacy data format
 Output file: /data/home/dg000246b/openDIS/HomeWork/output_Cu_twin/config.38.data
Writing restart file
 Restart file: /data/home/dg000246b/openDIS/HomeWork/output_Cu_twin/restart.38.exadis
Step =     39: nodes = 4594, dt = 6.987028e-11, strain = 4.050785e-05, elapsed = 232.1 sec
Writing configuration in legacy data format
 Output file: /data/home/dg000246b/openDIS/HomeWork/output_Cu_twin/config.39.data
Writing restart file
 Restart file: /data/home/dg000246b/openDIS/HomeWork/output_Cu_twin/restart.39.exadis
Step =     40: nodes = 4752, dt = 1.746757e-11, strain = 4.052532e-05, elapsed = 233.6 sec
Writing configuration in legacy data format
 Output file: /data/home/dg000246b/openDIS/HomeWork/output_Cu_twin/config.40.data
Writing restart file
 Restart file: /data/home/dg000246b/openDIS/HomeWork/output_Cu_twin/restart.40.exadis
Step =     41: nodes = 4954, dt = 4.366892e-12, strain = 4.052968e-05, elapsed = 234.3 sec
Writing configuration in legacy data format
 Output file: /data/home/dg000246b/openDIS/HomeWork/output_Cu_twin/config.41.data
Writing restart file
 Restart file: /data/home/dg000246b/openDIS/HomeWork/output_Cu_twin/restart.41.exadis
Step =     42: nodes = 5274, dt = 2.183446e-12, strain = 4.053187e-05, elapsed = 234.9 sec
Writing configuration in legacy data format
 Output file: /data/home/dg000246b/openDIS/HomeWork/output_Cu_twin/config.42.data
Writing restart file
 Restart file: /data/home/dg000246b/openDIS/HomeWork/output_Cu_twin/restart.42.exadis
Step =     43: nodes = 5705, dt = 5.458615e-13, strain = 4.053241e-05, elapsed = 235.9 sec
Writing configuration in legacy data format
 Output file: /data/home/dg000246b/openDIS/HomeWork/output_Cu_twin/config.43.data
Writing restart file
 Restart file: /data/home/dg000246b/openDIS/HomeWork/output_Cu_twin/restart.43.exadis
Step =     44: nodes = 6094, dt = 2.729308e-13, strain = 4.053269e-05, elapsed = 237.7 sec
Writing configuration in legacy data format
 Output file: /data/home/dg000246b/openDIS/HomeWork/output_Cu_twin/config.44.data
Writing restart file
 Restart file: /data/home/dg000246b/openDIS/HomeWork/output_Cu_twin/restart.44.exadis
Step =     45: nodes = 6700, dt = 1.364654e-13, strain = 4.053282e-05, elapsed = 240.6 sec
Writing configuration in legacy data format
 Output file: /data/home/dg000246b/openDIS/HomeWork/output_Cu_twin/config.45.data
Writing restart file
 Restart file: /data/home/dg000246b/openDIS/HomeWork/output_Cu_twin/restart.45.exadis
Step =     46: nodes = 7702, dt = 6.823269e-14, strain = 4.053289e-05, elapsed = 247.3 sec
Writing configuration in legacy data format
 Output file: /data/home/dg000246b/openDIS/HomeWork/output_Cu_twin/config.46.data
Writing restart file
 Restart file: /data/home/dg000246b/openDIS/HomeWork/output_Cu_twin/restart.46.exadis
Step =     47: nodes = 9030, dt = 6.823269e-14, strain = 4.053296e-05, elapsed = 262.9 sec
Writing configuration in legacy data format
 Output file: /data/home/dg000246b/openDIS/HomeWork/output_Cu_twin/config.47.data
Writing restart file
 Restart file: /data/home/dg000246b/openDIS/HomeWork/output_Cu_twin/restart.47.exadis
Warning: max collisions have been reached. Some collisions have been ignored
Step =     48: nodes = 11110, dt = 8.187923e-14, strain = 4.053304e-05, elapsed = 296.2 sec
Writing configuration in legacy data format
 Output file: /data/home/dg000246b/openDIS/HomeWork/output_Cu_twin/config.48.data
Writing restart file
 Restart file: /data/home/dg000246b/openDIS/HomeWork/output_Cu_twin/restart.48.exadis
Warning: max collisions have been reached. Some collisions have been ignored
Step =     49: nodes = 14615, dt = 9.825508e-14, strain = 4.053314e-05, elapsed = 385.0 sec
Writing configuration in legacy data format
 Output file: /data/home/dg000246b/openDIS/HomeWork/output_Cu_twin/config.49.data
Writing restart file
 Restart file: /data/home/dg000246b/openDIS/HomeWork/output_Cu_twin/restart.49.exadis
Warning: max collisions have been reached. Some collisions have been ignored
Step =     50: nodes = 19868, dt = 5.895305e-14, strain = 4.053320e-05, elapsed = 549.8 sec
Writing configuration in legacy data format
 Output file: /data/home/dg000246b/openDIS/HomeWork/output_Cu_twin/config.50.data
Writing restart file
 Restart file: /data/home/dg000246b/openDIS/HomeWork/output_Cu_twin/restart.50.exadis
Warning: max collisions have been reached. Some collisions have been ignored
Step =     51: nodes = 27812, dt = 5.895305e-14, strain = 4.053326e-05, elapsed = 790.8 sec
Writing configuration in legacy data format
 Output file: /data/home/dg000246b/openDIS/HomeWork/output_Cu_twin/config.51.data
Writing restart file
 Restart file: /data/home/dg000246b/openDIS/HomeWork/output_Cu_twin/restart.51.exadis
Warning: max collisions have been reached. Some collisions have been ignored
Step =     52: nodes = 38443, dt = 7.074365e-14, strain = 4.053333e-05, elapsed = 1275.8 sec
Writing configuration in legacy data format
 Output file: /data/home/dg000246b/openDIS/HomeWork/output_Cu_twin/config.52.data
Writing restart file
 Restart file: /data/home/dg000246b/openDIS/HomeWork/output_Cu_twin/restart.52.exadis
Warning: max collisions have been reached. Some collisions have been ignored
Step =     53: nodes = 51780, dt = 8.489239e-14, strain = 4.053341e-05, elapsed = 1995.7 sec
Writing configuration in legacy data format
 Output file: /data/home/dg000246b/openDIS/HomeWork/output_Cu_twin/config.53.data
Writing restart file
 Restart file: /data/home/dg000246b/openDIS/HomeWork/output_Cu_twin/restart.53.exadis
/var/spool/slurmd/job221312/slurm_script: line 16: 53330 Segmentation fault      (core dumped) python /data/home/dg000246b/openDIS/HomeWork/test_Cu_twin.py
