Host Parallel Execution Space:
  KOKKOS_ENABLE_OPENMP: yes

OpenMP Runtime Configuration:
Kokkos::OpenMP thread_pool_topology[ 1 x 48 x 1 ]
Reading ParaDiS configuration
 Input file: /data/home/dg000246b/openDIS/HomeWork/init_data_twin/init_config.data
 nodes: 4154, segments: 3884
 Warning: Burgers vector is not conserved for 540 node(s)
[System] 10 spherical obstacles loaded
[System] 2 planar obstacles (twin boundaries) loaded
Step =      0: nodes = 4154, dt = 0.000000e+00, strain = 0.000000e+00, elapsed = 0.0 sec
Writing configuration in legacy data format
 Output file: /data/home/dg000246b/openDIS/HomeWork/output_Cu_twin/config.0.data
Writing restart file
 Restart file: /data/home/dg000246b/openDIS/HomeWork/output_Cu_twin/restart.0.exadis
Run until reaching strain = 0.010000
Step =      1: nodes = 4153, dt = 1.000000e-09, strain = 1.000000e-06, elapsed = 0.3 sec
Step =      2: nodes = 4153, dt = 1.200000e-09, strain = 2.200000e-06, elapsed = 0.6 sec
Step =      3: nodes = 4149, dt = 1.440000e-09, strain = 3.640000e-06, elapsed = 0.8 sec
Step =      4: nodes = 4149, dt = 1.728000e-09, strain = 5.368000e-06, elapsed = 1.1 sec
Step =      5: nodes = 4146, dt = 2.073600e-09, strain = 7.441600e-06, elapsed = 1.5 sec
Step =      6: nodes = 4147, dt = 2.488320e-09, strain = 9.929920e-06, elapsed = 1.9 sec
Step =      7: nodes = 4458, dt = 2.985984e-09, strain = 1.291590e-05, elapsed = 2.3 sec
Step =      8: nodes = 4582, dt = 3.583181e-09, strain = 1.649908e-05, elapsed = 2.9 sec
Step =      9: nodes = 4650, dt = 4.299817e-09, strain = 2.079890e-05, elapsed = 3.8 sec
Step =     10: nodes = 4646, dt = 5.159780e-09, strain = 2.595868e-05, elapsed = 4.7 sec
Writing configuration in legacy data format
 Output file: /data/home/dg000246b/openDIS/HomeWork/output_Cu_twin/config.10.data
Writing restart file
 Restart file: /data/home/dg000246b/openDIS/HomeWork/output_Cu_twin/restart.10.exadis
Step =     11: nodes = 4598, dt = 6.191736e-09, strain = 3.215042e-05, elapsed = 5.8 sec
Step =     12: nodes = 4733, dt = 7.430084e-09, strain = 3.958050e-05, elapsed = 7.1 sec
Step =     13: nodes = 4740, dt = 8.916100e-09, strain = 4.849660e-05, elapsed = 9.2 sec
Step =     14: nodes = 4688, dt = 1.069932e-08, strain = 5.919592e-05, elapsed = 11.2 sec
Step =     15: nodes = 4631, dt = 1.283918e-08, strain = 7.203511e-05, elapsed = 14.3 sec
Step =     16: nodes = 4783, dt = 1.540702e-08, strain = 8.744213e-05, elapsed = 18.2 sec
Step =     17: nodes = 4786, dt = 1.848843e-08, strain = 1.059306e-04, elapsed = 25.4 sec
Step =     18: nodes = 4841, dt = 2.218611e-08, strain = 1.281167e-04, elapsed = 32.6 sec
Step =     19: nodes = 4743, dt = 2.662333e-08, strain = 1.547400e-04, elapsed = 42.4 sec
Step =     20: nodes = 4647, dt = 3.194800e-08, strain = 1.866880e-04, elapsed = 53.0 sec
Writing configuration in legacy data format
 Output file: /data/home/dg000246b/openDIS/HomeWork/output_Cu_twin/config.20.data
Writing restart file
 Restart file: /data/home/dg000246b/openDIS/HomeWork/output_Cu_twin/restart.20.exadis
Step =     21: nodes = 4547, dt = 3.833760e-08, strain = 2.250256e-04, elapsed = 66.4 sec
Step =     22: nodes = 4786, dt = 4.600512e-08, strain = 2.710307e-04, elapsed = 81.2 sec
Step =     23: nodes = 4859, dt = 5.520614e-08, strain = 3.262369e-04, elapsed = 111.5 sec
Step =     24: nodes = 4802, dt = 6.624737e-08, strain = 3.924842e-04, elapsed = 155.2 sec
Step =     25: nodes = 4679, dt = 3.974842e-08, strain = 4.322327e-04, elapsed = 174.2 sec
Step =     26: nodes = 4611, dt = 3.974842e-08, strain = 4.719811e-04, elapsed = 192.3 sec
Step =     27: nodes = 4525, dt = 4.769811e-08, strain = 5.196792e-04, elapsed = 216.2 sec
Step =     28: nodes = 4430, dt = 5.723773e-08, strain = 5.769169e-04, elapsed = 230.6 sec
Step =     29: nodes = 4462, dt = 6.868528e-08, strain = 6.456022e-04, elapsed = 261.6 sec
Step =     30: nodes = 4384, dt = 2.060558e-08, strain = 6.662078e-04, elapsed = 269.9 sec
Writing configuration in legacy data format
 Output file: /data/home/dg000246b/openDIS/HomeWork/output_Cu_twin/config.30.data
Writing restart file
 Restart file: /data/home/dg000246b/openDIS/HomeWork/output_Cu_twin/restart.30.exadis
Step =     31: nodes = 4423, dt = 2.060558e-08, strain = 6.868134e-04, elapsed = 274.9 sec
Step =     32: nodes = 4422, dt = 2.472670e-08, strain = 7.115401e-04, elapsed = 283.5 sec
Step =     33: nodes = 4456, dt = 2.967204e-08, strain = 7.412121e-04, elapsed = 293.1 sec
Step =     34: nodes = 4394, dt = 3.560645e-08, strain = 7.768185e-04, elapsed = 309.1 sec
Step =     35: nodes = 4397, dt = 2.136387e-08, strain = 7.981824e-04, elapsed = 314.4 sec
Step =     36: nodes = 4372, dt = 2.136387e-08, strain = 8.195463e-04, elapsed = 319.6 sec
Step =     37: nodes = 4394, dt = 2.563664e-08, strain = 8.451829e-04, elapsed = 328.2 sec
Step =     38: nodes = 4315, dt = 3.076397e-08, strain = 8.759469e-04, elapsed = 340.7 sec
Step =     39: nodes = 4332, dt = 3.691676e-08, strain = 9.128637e-04, elapsed = 355.3 sec
Step =     40: nodes = 4279, dt = 4.430012e-08, strain = 9.571638e-04, elapsed = 385.5 sec
Writing configuration in legacy data format
 Output file: /data/home/dg000246b/openDIS/HomeWork/output_Cu_twin/config.40.data
Writing restart file
 Restart file: /data/home/dg000246b/openDIS/HomeWork/output_Cu_twin/restart.40.exadis
Step =     41: nodes = 4242, dt = 2.658007e-08, strain = 9.837438e-04, elapsed = 394.8 sec
Step =     42: nodes = 4217, dt = 2.658007e-08, strain = 1.010324e-03, elapsed = 404.1 sec
Step =     43: nodes = 4178, dt = 3.189608e-08, strain = 1.042220e-03, elapsed = 414.8 sec
Step =     44: nodes = 4150, dt = 3.827530e-08, strain = 1.080495e-03, elapsed = 428.6 sec
Step =     45: nodes = 4163, dt = 4.593036e-08, strain = 1.126426e-03, elapsed = 443.0 sec
Step =     46: nodes = 4173, dt = 2.755822e-08, strain = 1.153984e-03, elapsed = 451.1 sec
Step =     47: nodes = 4188, dt = 2.755822e-08, strain = 1.181542e-03, elapsed = 460.5 sec
Step =     48: nodes = 4175, dt = 3.306986e-08, strain = 1.214612e-03, elapsed = 468.0 sec
Step =     49: nodes = 4196, dt = 3.968383e-08, strain = 1.254296e-03, elapsed = 482.9 sec
Step =     50: nodes = 4182, dt = 2.381030e-08, strain = 1.278106e-03, elapsed = 491.2 sec
Writing configuration in legacy data format
 Output file: /data/home/dg000246b/openDIS/HomeWork/output_Cu_twin/config.50.data
Writing restart file
 Restart file: /data/home/dg000246b/openDIS/HomeWork/output_Cu_twin/restart.50.exadis
Step =     51: nodes = 4153, dt = 2.381030e-08, strain = 1.301916e-03, elapsed = 496.5 sec
Step =     52: nodes = 4144, dt = 2.857236e-08, strain = 1.330489e-03, elapsed = 506.6 sec
Step =     53: nodes = 4126, dt = 3.428683e-08, strain = 1.364776e-03, elapsed = 519.4 sec
Step =     54: nodes = 4106, dt = 4.114420e-08, strain = 1.405920e-03, elapsed = 532.5 sec
Step =     55: nodes = 4108, dt = 4.937304e-08, strain = 1.455293e-03, elapsed = 548.8 sec
Step =     56: nodes = 4074, dt = 2.962382e-08, strain = 1.484917e-03, elapsed = 557.9 sec
Step =     57: nodes = 4062, dt = 2.962382e-08, strain = 1.514540e-03, elapsed = 567.6 sec
Step =     58: nodes = 4040, dt = 3.554859e-08, strain = 1.550089e-03, elapsed = 578.4 sec
Step =     59: nodes = 3965, dt = 4.265830e-08, strain = 1.592747e-03, elapsed = 587.3 sec
Step =     60: nodes = 3936, dt = 5.118996e-08, strain = 1.643937e-03, elapsed = 598.1 sec
Writing configuration in legacy data format
 Output file: /data/home/dg000246b/openDIS/HomeWork/output_Cu_twin/config.60.data
Writing restart file
 Restart file: /data/home/dg000246b/openDIS/HomeWork/output_Cu_twin/restart.60.exadis
Step =     61: nodes = 3902, dt = 1.535699e-08, strain = 1.659294e-03, elapsed = 602.6 sec
Step =     62: nodes = 3951, dt = 1.535699e-08, strain = 1.674651e-03, elapsed = 605.7 sec
Step =     63: nodes = 3947, dt = 1.842839e-08, strain = 1.693080e-03, elapsed = 610.8 sec
Step =     64: nodes = 3920, dt = 2.211406e-08, strain = 1.715194e-03, elapsed = 615.2 sec
Step =     65: nodes = 3968, dt = 2.653688e-08, strain = 1.741731e-03, elapsed = 621.1 sec
Step =     66: nodes = 3964, dt = 3.184425e-08, strain = 1.773575e-03, elapsed = 627.4 sec
Step =     67: nodes = 3917, dt = 3.821310e-08, strain = 1.811788e-03, elapsed = 640.3 sec
Step =     68: nodes = 3890, dt = 2.292786e-08, strain = 1.834716e-03, elapsed = 646.9 sec
Step =     69: nodes = 3916, dt = 2.292786e-08, strain = 1.857644e-03, elapsed = 651.4 sec
Step =     70: nodes = 3941, dt = 2.751343e-08, strain = 1.885157e-03, elapsed = 657.1 sec
Writing configuration in legacy data format
 Output file: /data/home/dg000246b/openDIS/HomeWork/output_Cu_twin/config.70.data
Writing restart file
 Restart file: /data/home/dg000246b/openDIS/HomeWork/output_Cu_twin/restart.70.exadis
Step =     71: nodes = 3916, dt = 3.301612e-08, strain = 1.918173e-03, elapsed = 668.3 sec
Step =     72: nodes = 3895, dt = 3.961935e-08, strain = 1.957793e-03, elapsed = 676.7 sec
Step =     73: nodes = 3949, dt = 4.754322e-08, strain = 2.005336e-03, elapsed = 687.8 sec
Step =     74: nodes = 3922, dt = 5.705186e-08, strain = 2.062388e-03, elapsed = 712.3 sec
Step =     75: nodes = 3918, dt = 6.846223e-08, strain = 2.130850e-03, elapsed = 736.1 sec
Step =     76: nodes = 3912, dt = 4.107734e-08, strain = 2.171927e-03, elapsed = 752.7 sec
Step =     77: nodes = 3898, dt = 4.107734e-08, strain = 2.213005e-03, elapsed = 761.6 sec
Step =     78: nodes = 3869, dt = 4.929281e-08, strain = 2.262297e-03, elapsed = 773.3 sec
Step =     79: nodes = 3851, dt = 5.915137e-08, strain = 2.321449e-03, elapsed = 791.9 sec
Step =     80: nodes = 3809, dt = 3.549082e-08, strain = 2.356940e-03, elapsed = 803.7 sec
Writing configuration in legacy data format
 Output file: /data/home/dg000246b/openDIS/HomeWork/output_Cu_twin/config.80.data
Writing restart file
 Restart file: /data/home/dg000246b/openDIS/HomeWork/output_Cu_twin/restart.80.exadis
Step =     81: nodes = 3727, dt = 3.549082e-08, strain = 2.392430e-03, elapsed = 811.5 sec
Step =     82: nodes = 3742, dt = 4.258898e-08, strain = 2.435019e-03, elapsed = 819.8 sec
Step =     83: nodes = 3707, dt = 2.555339e-08, strain = 2.460573e-03, elapsed = 826.9 sec
Step =     84: nodes = 3695, dt = 2.555339e-08, strain = 2.486126e-03, elapsed = 833.6 sec
Step =     85: nodes = 3685, dt = 3.066407e-08, strain = 2.516790e-03, elapsed = 842.4 sec
Step =     86: nodes = 3656, dt = 3.679688e-08, strain = 2.553587e-03, elapsed = 852.9 sec
Step =     87: nodes = 3681, dt = 4.415626e-08, strain = 2.597743e-03, elapsed = 861.4 sec
Step =     88: nodes = 3658, dt = 1.324688e-08, strain = 2.610990e-03, elapsed = 865.4 sec
Step =     89: nodes = 3612, dt = 1.324688e-08, strain = 2.624237e-03, elapsed = 869.0 sec
Step =     90: nodes = 3591, dt = 1.589625e-08, strain = 2.640133e-03, elapsed = 873.0 sec
Writing configuration in legacy data format
 Output file: /data/home/dg000246b/openDIS/HomeWork/output_Cu_twin/config.90.data
Writing restart file
 Restart file: /data/home/dg000246b/openDIS/HomeWork/output_Cu_twin/restart.90.exadis
Step =     91: nodes = 3636, dt = 1.907550e-08, strain = 2.659209e-03, elapsed = 876.5 sec
Step =     92: nodes = 3670, dt = 2.289060e-08, strain = 2.682099e-03, elapsed = 881.6 sec
Step =     93: nodes = 3638, dt = 2.746873e-08, strain = 2.709568e-03, elapsed = 889.7 sec
Step =     94: nodes = 3577, dt = 3.296247e-08, strain = 2.742531e-03, elapsed = 905.5 sec
Step =     95: nodes = 3600, dt = 3.955496e-08, strain = 2.782086e-03, elapsed = 915.8 sec
Step =     96: nodes = 3582, dt = 4.746596e-08, strain = 2.829552e-03, elapsed = 936.6 sec
Step =     97: nodes = 3544, dt = 5.695915e-08, strain = 2.886511e-03, elapsed = 952.5 sec
Step =     98: nodes = 3532, dt = 3.417549e-08, strain = 2.920686e-03, elapsed = 960.3 sec
Step =     99: nodes = 3512, dt = 3.417549e-08, strain = 2.954862e-03, elapsed = 969.9 sec
Step =    100: nodes = 3484, dt = 4.101059e-08, strain = 2.995872e-03, elapsed = 980.2 sec
Writing configuration in legacy data format
 Output file: /data/home/dg000246b/openDIS/HomeWork/output_Cu_twin/config.100.data
Writing restart file
 Restart file: /data/home/dg000246b/openDIS/HomeWork/output_Cu_twin/restart.100.exadis
Step =    101: nodes = 3479, dt = 4.921270e-08, strain = 3.045085e-03, elapsed = 991.0 sec
Step =    102: nodes = 3500, dt = 5.905525e-08, strain = 3.104140e-03, elapsed = 1006.4 sec
Step =    103: nodes = 3436, dt = 7.086629e-08, strain = 3.175007e-03, elapsed = 1040.1 sec
Step =    104: nodes = 3410, dt = 8.503955e-08, strain = 3.260046e-03, elapsed = 1064.6 sec
Step =    105: nodes = 3441, dt = 2.500000e-08, strain = 3.285046e-03, elapsed = 1069.2 sec
Step =    106: nodes = 3403, dt = 2.500000e-08, strain = 3.310046e-03, elapsed = 1075.7 sec
Step =    107: nodes = 3368, dt = 3.000000e-08, strain = 3.340046e-03, elapsed = 1083.9 sec
Step =    108: nodes = 3391, dt = 3.600000e-08, strain = 3.376046e-03, elapsed = 1090.2 sec
Step =    109: nodes = 3274, dt = 4.320000e-08, strain = 3.419246e-03, elapsed = 1106.3 sec
Step =    110: nodes = 3285, dt = 2.592000e-08, strain = 3.445166e-03, elapsed = 1113.0 sec
Writing configuration in legacy data format
 Output file: /data/home/dg000246b/openDIS/HomeWork/output_Cu_twin/config.110.data
Writing restart file
 Restart file: /data/home/dg000246b/openDIS/HomeWork/output_Cu_twin/restart.110.exadis
Step =    111: nodes = 3269, dt = 2.592000e-08, strain = 3.471086e-03, elapsed = 1119.4 sec
Step =    112: nodes = 3249, dt = 7.776000e-09, strain = 3.478862e-03, elapsed = 1121.3 sec
Step =    113: nodes = 3279, dt = 7.776000e-09, strain = 3.486638e-03, elapsed = 1123.0 sec
Step =    114: nodes = 3303, dt = 9.331200e-09, strain = 3.495969e-03, elapsed = 1125.4 sec
Step =    115: nodes = 3305, dt = 1.119744e-08, strain = 3.507167e-03, elapsed = 1128.5 sec
Step =    116: nodes = 3289, dt = 1.343693e-08, strain = 3.520604e-03, elapsed = 1131.4 sec
Step =    117: nodes = 3322, dt = 1.612431e-08, strain = 3.536728e-03, elapsed = 1135.2 sec
Step =    118: nodes = 3376, dt = 1.934918e-08, strain = 3.556077e-03, elapsed = 1139.8 sec
Step =    119: nodes = 3442, dt = 2.321901e-08, strain = 3.579296e-03, elapsed = 1147.4 sec
Step =    120: nodes = 3509, dt = 2.786281e-08, strain = 3.607159e-03, elapsed = 1154.7 sec
Writing configuration in legacy data format
 Output file: /data/home/dg000246b/openDIS/HomeWork/output_Cu_twin/config.120.data
Writing restart file
 Restart file: /data/home/dg000246b/openDIS/HomeWork/output_Cu_twin/restart.120.exadis
Step =    121: nodes = 3603, dt = 1.671769e-08, strain = 3.623877e-03, elapsed = 1160.9 sec
Step =    122: nodes = 3621, dt = 1.671769e-08, strain = 3.640594e-03, elapsed = 1166.5 sec
Step =    123: nodes = 3657, dt = 2.006123e-08, strain = 3.660656e-03, elapsed = 1175.1 sec
Step =    124: nodes = 3887, dt = 2.407347e-08, strain = 3.684729e-03, elapsed = 1186.5 sec
Step =    125: nodes = 4081, dt = 1.444408e-08, strain = 3.699173e-03, elapsed = 1195.2 sec
Step =    126: nodes = 4287, dt = 7.222041e-09, strain = 3.706395e-03, elapsed = 1198.9 sec
Step =    127: nodes = 4445, dt = 3.611021e-09, strain = 3.710006e-03, elapsed = 1201.8 sec
Step =    128: nodes = 4446, dt = 3.611021e-09, strain = 3.713617e-03, elapsed = 1204.3 sec
Step =    129: nodes = 4435, dt = 4.333225e-09, strain = 3.717950e-03, elapsed = 1207.0 sec
Step =    130: nodes = 4369, dt = 5.199870e-09, strain = 3.723150e-03, elapsed = 1210.3 sec
Writing configuration in legacy data format
 Output file: /data/home/dg000246b/openDIS/HomeWork/output_Cu_twin/config.130.data
Writing restart file
 Restart file: /data/home/dg000246b/openDIS/HomeWork/output_Cu_twin/restart.130.exadis
Step =    131: nodes = 4355, dt = 3.119922e-09, strain = 3.726270e-03, elapsed = 1211.8 sec
Step =    132: nodes = 4319, dt = 1.559961e-09, strain = 3.727830e-03, elapsed = 1212.6 sec
Step =    133: nodes = 4257, dt = 1.559961e-09, strain = 3.729390e-03, elapsed = 1213.3 sec
Step =    134: nodes = 4211, dt = 1.871953e-09, strain = 3.731262e-03, elapsed = 1214.3 sec
Step =    135: nodes = 4145, dt = 2.246344e-09, strain = 3.733508e-03, elapsed = 1215.5 sec
Step =    136: nodes = 4092, dt = 2.695612e-09, strain = 3.736204e-03, elapsed = 1216.8 sec
Step =    137: nodes = 3994, dt = 3.234735e-09, strain = 3.739439e-03, elapsed = 1218.2 sec
Step =    138: nodes = 3995, dt = 3.881682e-09, strain = 3.743321e-03, elapsed = 1219.7 sec
Step =    139: nodes = 4014, dt = 4.658018e-09, strain = 3.747979e-03, elapsed = 1221.5 sec
Step =    140: nodes = 4066, dt = 5.589622e-09, strain = 3.753568e-03, elapsed = 1223.6 sec
Writing configuration in legacy data format
 Output file: /data/home/dg000246b/openDIS/HomeWork/output_Cu_twin/config.140.data
Writing restart file
 Restart file: /data/home/dg000246b/openDIS/HomeWork/output_Cu_twin/restart.140.exadis
Step =    141: nodes = 4176, dt = 6.707546e-09, strain = 3.760276e-03, elapsed = 1227.3 sec
Step =    142: nodes = 4254, dt = 8.049056e-09, strain = 3.768325e-03, elapsed = 1232.5 sec
Step =    143: nodes = 4279, dt = 4.829433e-09, strain = 3.773154e-03, elapsed = 1234.9 sec
Step =    144: nodes = 4338, dt = 4.829433e-09, strain = 3.777984e-03, elapsed = 1237.3 sec
Step =    145: nodes = 4259, dt = 2.897660e-09, strain = 3.780881e-03, elapsed = 1238.7 sec
Step =    146: nodes = 4238, dt = 2.897660e-09, strain = 3.783779e-03, elapsed = 1240.0 sec
Step =    147: nodes = 4238, dt = 3.477192e-09, strain = 3.787256e-03, elapsed = 1241.4 sec
Step =    148: nodes = 4236, dt = 4.172631e-09, strain = 3.791429e-03, elapsed = 1243.0 sec
Step =    149: nodes = 4341, dt = 5.007157e-09, strain = 3.796436e-03, elapsed = 1244.8 sec
Step =    150: nodes = 4456, dt = 6.008588e-09, strain = 3.802445e-03, elapsed = 1247.6 sec
Writing configuration in legacy data format
 Output file: /data/home/dg000246b/openDIS/HomeWork/output_Cu_twin/config.150.data
Writing restart file
 Restart file: /data/home/dg000246b/openDIS/HomeWork/output_Cu_twin/restart.150.exadis
Step =    151: nodes = 4530, dt = 7.210306e-09, strain = 3.809655e-03, elapsed = 1252.9 sec
Step =    152: nodes = 4649, dt = 8.652367e-09, strain = 3.818307e-03, elapsed = 1260.6 sec
Step =    153: nodes = 4862, dt = 1.038284e-08, strain = 3.828690e-03, elapsed = 1269.7 sec
Step =    154: nodes = 5230, dt = 6.229704e-09, strain = 3.834920e-03, elapsed = 1275.3 sec
Step =    155: nodes = 5509, dt = 3.114852e-09, strain = 3.838035e-03, elapsed = 1279.5 sec
Step =    156: nodes = 5362, dt = 1.557426e-09, strain = 3.839592e-03, elapsed = 1281.4 sec
Step =    157: nodes = 4872, dt = 1.557426e-09, strain = 3.841149e-03, elapsed = 1283.0 sec
Step =    158: nodes = 4566, dt = 1.868911e-09, strain = 3.843018e-03, elapsed = 1284.4 sec
Step =    159: nodes = 4504, dt = 2.242693e-09, strain = 3.845261e-03, elapsed = 1285.5 sec
Step =    160: nodes = 4454, dt = 2.691232e-09, strain = 3.847952e-03, elapsed = 1286.9 sec
Writing configuration in legacy data format
 Output file: /data/home/dg000246b/openDIS/HomeWork/output_Cu_twin/config.160.data
Writing restart file
 Restart file: /data/home/dg000246b/openDIS/HomeWork/output_Cu_twin/restart.160.exadis
Step =    161: nodes = 4439, dt = 3.229479e-09, strain = 3.851182e-03, elapsed = 1288.7 sec
Step =    162: nodes = 4444, dt = 3.875374e-09, strain = 3.855057e-03, elapsed = 1291.1 sec
Step =    163: nodes = 4453, dt = 4.650449e-09, strain = 3.859708e-03, elapsed = 1293.6 sec
Step =    164: nodes = 4422, dt = 5.580539e-09, strain = 3.865288e-03, elapsed = 1296.4 sec
Step =    165: nodes = 4508, dt = 6.696647e-09, strain = 3.871985e-03, elapsed = 1300.5 sec
Step =    166: nodes = 4589, dt = 8.035976e-09, strain = 3.880021e-03, elapsed = 1305.7 sec
Step =    167: nodes = 4678, dt = 4.821586e-09, strain = 3.884842e-03, elapsed = 1309.1 sec
Step =    168: nodes = 4680, dt = 4.821586e-09, strain = 3.889664e-03, elapsed = 1313.3 sec
Step =    169: nodes = 4735, dt = 5.785903e-09, strain = 3.895450e-03, elapsed = 1319.1 sec
Step =    170: nodes = 5049, dt = 6.943083e-09, strain = 3.902393e-03, elapsed = 1326.6 sec
Writing configuration in legacy data format
 Output file: /data/home/dg000246b/openDIS/HomeWork/output_Cu_twin/config.170.data
Writing restart file
 Restart file: /data/home/dg000246b/openDIS/HomeWork/output_Cu_twin/restart.170.exadis
Step =    171: nodes = 5318, dt = 4.165850e-09, strain = 3.906559e-03, elapsed = 1331.6 sec
Step =    172: nodes = 5534, dt = 4.165850e-09, strain = 3.910725e-03, elapsed = 1336.1 sec
Step =    173: nodes = 5509, dt = 4.999020e-09, strain = 3.915724e-03, elapsed = 1342.0 sec
Step =    174: nodes = 5570, dt = 5.998824e-09, strain = 3.921722e-03, elapsed = 1349.6 sec
Step =    175: nodes = 5642, dt = 3.599294e-09, strain = 3.925322e-03, elapsed = 1353.6 sec
Step =    176: nodes = 5720, dt = 3.599294e-09, strain = 3.928921e-03, elapsed = 1356.9 sec
Step =    177: nodes = 5606, dt = 2.159577e-09, strain = 3.931081e-03, elapsed = 1359.3 sec
Step =    178: nodes = 5514, dt = 2.159577e-09, strain = 3.933240e-03, elapsed = 1361.6 sec
Step =    179: nodes = 5444, dt = 2.591492e-09, strain = 3.935832e-03, elapsed = 1363.8 sec
Step =    180: nodes = 5371, dt = 1.554895e-09, strain = 3.937387e-03, elapsed = 1364.9 sec
Writing configuration in legacy data format
 Output file: /data/home/dg000246b/openDIS/HomeWork/output_Cu_twin/config.180.data
Writing restart file
 Restart file: /data/home/dg000246b/openDIS/HomeWork/output_Cu_twin/restart.180.exadis
Step =    181: nodes = 5348, dt = 1.554895e-09, strain = 3.938941e-03, elapsed = 1365.9 sec
Step =    182: nodes = 5352, dt = 1.865874e-09, strain = 3.940807e-03, elapsed = 1367.0 sec
Step =    183: nodes = 5380, dt = 2.239049e-09, strain = 3.943046e-03, elapsed = 1368.3 sec
Step =    184: nodes = 5388, dt = 2.686859e-09, strain = 3.945733e-03, elapsed = 1370.3 sec
Step =    185: nodes = 5463, dt = 3.224231e-09, strain = 3.948957e-03, elapsed = 1372.8 sec
Step =    186: nodes = 5510, dt = 3.869077e-09, strain = 3.952827e-03, elapsed = 1376.4 sec
Step =    187: nodes = 5704, dt = 4.642892e-09, strain = 3.957469e-03, elapsed = 1381.0 sec
Step =    188: nodes = 6052, dt = 5.571471e-09, strain = 3.963041e-03, elapsed = 1387.4 sec
Step =    189: nodes = 6270, dt = 3.342882e-09, strain = 3.966384e-03, elapsed = 1391.0 sec
Step =    190: nodes = 6421, dt = 3.342882e-09, strain = 3.969727e-03, elapsed = 1394.7 sec
Writing configuration in legacy data format
 Output file: /data/home/dg000246b/openDIS/HomeWork/output_Cu_twin/config.190.data
Writing restart file
 Restart file: /data/home/dg000246b/openDIS/HomeWork/output_Cu_twin/restart.190.exadis
Step =    191: nodes = 6441, dt = 4.011459e-09, strain = 3.973738e-03, elapsed = 1399.8 sec
Step =    192: nodes = 6486, dt = 2.406875e-09, strain = 3.976145e-03, elapsed = 1402.0 sec
Step =    193: nodes = 6597, dt = 2.406875e-09, strain = 3.978552e-03, elapsed = 1404.2 sec
Step =    194: nodes = 6761, dt = 2.888250e-09, strain = 3.981440e-03, elapsed = 1406.5 sec
Step =    195: nodes = 6965, dt = 3.465900e-09, strain = 3.984906e-03, elapsed = 1410.9 sec
Step =    196: nodes = 7323, dt = 4.159080e-09, strain = 3.989065e-03, elapsed = 1416.8 sec
Step =    197: nodes = 7772, dt = 4.990897e-09, strain = 3.994056e-03, elapsed = 1427.1 sec
Step =    198: nodes = 8445, dt = 5.989076e-09, strain = 4.000045e-03, elapsed = 1442.8 sec
Step =    199: nodes = 8936, dt = 3.593446e-09, strain = 4.003639e-03, elapsed = 1451.9 sec
Step =    200: nodes = 8922, dt = 1.796723e-09, strain = 4.005435e-03, elapsed = 1455.6 sec
Writing configuration in legacy data format
 Output file: /data/home/dg000246b/openDIS/HomeWork/output_Cu_twin/config.200.data
Writing restart file
 Restart file: /data/home/dg000246b/openDIS/HomeWork/output_Cu_twin/restart.200.exadis
Step =    201: nodes = 8753, dt = 1.796723e-09, strain = 4.007232e-03, elapsed = 1459.4 sec
Step =    202: nodes = 8834, dt = 2.156067e-09, strain = 4.009388e-03, elapsed = 1463.5 sec
Step =    203: nodes = 8948, dt = 2.587281e-09, strain = 4.011975e-03, elapsed = 1470.8 sec
Step =    204: nodes = 9187, dt = 3.104737e-09, strain = 4.015080e-03, elapsed = 1478.9 sec
Step =    205: nodes = 9397, dt = 3.725684e-09, strain = 4.018806e-03, elapsed = 1490.9 sec
Step =    206: nodes = 9389, dt = 2.235411e-09, strain = 4.021041e-03, elapsed = 1497.9 sec
Step =    207: nodes = 9368, dt = 2.235411e-09, strain = 4.023277e-03, elapsed = 1505.0 sec
Step =    208: nodes = 9458, dt = 2.682493e-09, strain = 4.025959e-03, elapsed = 1514.1 sec
Step =    209: nodes = 9421, dt = 1.609496e-09, strain = 4.027569e-03, elapsed = 1519.2 sec
Step =    210: nodes = 9427, dt = 1.609496e-09, strain = 4.029178e-03, elapsed = 1524.0 sec
Writing configuration in legacy data format
 Output file: /data/home/dg000246b/openDIS/HomeWork/output_Cu_twin/config.210.data
Writing restart file
 Restart file: /data/home/dg000246b/openDIS/HomeWork/output_Cu_twin/restart.210.exadis
Step =    211: nodes = 9474, dt = 1.931395e-09, strain = 4.031109e-03, elapsed = 1529.5 sec
Step =    212: nodes = 9702, dt = 2.317674e-09, strain = 4.033427e-03, elapsed = 1537.3 sec
Step =    213: nodes = 10035, dt = 2.781208e-09, strain = 4.036208e-03, elapsed = 1548.0 sec
Step =    214: nodes = 9942, dt = 1.668725e-09, strain = 4.037877e-03, elapsed = 1553.5 sec
Step =    215: nodes = 9953, dt = 1.668725e-09, strain = 4.039546e-03, elapsed = 1557.7 sec
Step =    216: nodes = 9975, dt = 2.002470e-09, strain = 4.041548e-03, elapsed = 1565.1 sec
Step =    217: nodes = 10110, dt = 2.402964e-09, strain = 4.043951e-03, elapsed = 1573.8 sec
Step =    218: nodes = 10464, dt = 2.883557e-09, strain = 4.046835e-03, elapsed = 1585.0 sec
Step =    219: nodes = 10602, dt = 1.730134e-09, strain = 4.048565e-03, elapsed = 1590.9 sec
Step =    220: nodes = 10780, dt = 1.730134e-09, strain = 4.050295e-03, elapsed = 1597.0 sec
Writing configuration in legacy data format
 Output file: /data/home/dg000246b/openDIS/HomeWork/output_Cu_twin/config.220.data
Writing restart file
 Restart file: /data/home/dg000246b/openDIS/HomeWork/output_Cu_twin/restart.220.exadis
Step =    221: nodes = 10996, dt = 2.076161e-09, strain = 4.052371e-03, elapsed = 1605.4 sec
Step =    222: nodes = 11315, dt = 2.491393e-09, strain = 4.054863e-03, elapsed = 1615.6 sec
Step =    223: nodes = 11148, dt = 1.494836e-09, strain = 4.056357e-03, elapsed = 1622.3 sec
Step =    224: nodes = 10912, dt = 1.494836e-09, strain = 4.057852e-03, elapsed = 1628.3 sec
Step =    225: nodes = 10899, dt = 1.793803e-09, strain = 4.059646e-03, elapsed = 1635.1 sec
Step =    226: nodes = 11006, dt = 2.152564e-09, strain = 4.061799e-03, elapsed = 1643.2 sec
Step =    227: nodes = 11412, dt = 2.583076e-09, strain = 4.064382e-03, elapsed = 1655.1 sec
Step =    228: nodes = 11357, dt = 1.549846e-09, strain = 4.065932e-03, elapsed = 1661.0 sec
Step =    229: nodes = 11386, dt = 1.549846e-09, strain = 4.067481e-03, elapsed = 1666.4 sec
Step =    230: nodes = 11382, dt = 1.859815e-09, strain = 4.069341e-03, elapsed = 1674.4 sec
Writing configuration in legacy data format
 Output file: /data/home/dg000246b/openDIS/HomeWork/output_Cu_twin/config.230.data
Writing restart file
 Restart file: /data/home/dg000246b/openDIS/HomeWork/output_Cu_twin/restart.230.exadis
Step =    231: nodes = 11593, dt = 2.231778e-09, strain = 4.071573e-03, elapsed = 1684.7 sec
Step =    232: nodes = 11956, dt = 2.678134e-09, strain = 4.074251e-03, elapsed = 1697.6 sec
Step =    233: nodes = 12071, dt = 1.606880e-09, strain = 4.075858e-03, elapsed = 1705.4 sec
Step =    234: nodes = 12051, dt = 1.606880e-09, strain = 4.077465e-03, elapsed = 1713.0 sec
Step =    235: nodes = 12228, dt = 1.928256e-09, strain = 4.079393e-03, elapsed = 1722.3 sec
Step =    236: nodes = 12535, dt = 2.313907e-09, strain = 4.081707e-03, elapsed = 1735.2 sec
Step =    237: nodes = 12468, dt = 1.388344e-09, strain = 4.083095e-03, elapsed = 1742.9 sec
Step =    238: nodes = 12431, dt = 1.388344e-09, strain = 4.084484e-03, elapsed = 1749.0 sec
Step =    239: nodes = 12593, dt = 1.666013e-09, strain = 4.086150e-03, elapsed = 1756.4 sec
Step =    240: nodes = 12926, dt = 1.999216e-09, strain = 4.088149e-03, elapsed = 1768.0 sec
Writing configuration in legacy data format
 Output file: /data/home/dg000246b/openDIS/HomeWork/output_Cu_twin/config.240.data
Writing restart file
 Restart file: /data/home/dg000246b/openDIS/HomeWork/output_Cu_twin/restart.240.exadis
Step =    241: nodes = 13222, dt = 2.399059e-09, strain = 4.090548e-03, elapsed = 1784.3 sec
Step =    242: nodes = 12976, dt = 1.439436e-09, strain = 4.091987e-03, elapsed = 1793.1 sec
Step =    243: nodes = 12881, dt = 1.439436e-09, strain = 4.093427e-03, elapsed = 1801.7 sec
Step =    244: nodes = 12943, dt = 1.727323e-09, strain = 4.095154e-03, elapsed = 1810.8 sec
Step =    245: nodes = 13176, dt = 2.072787e-09, strain = 4.097227e-03, elapsed = 1821.2 sec
Step =    246: nodes = 13766, dt = 2.487345e-09, strain = 4.099714e-03, elapsed = 1836.3 sec
Step =    247: nodes = 13940, dt = 1.492407e-09, strain = 4.101207e-03, elapsed = 1845.2 sec
Step =    248: nodes = 14190, dt = 1.492407e-09, strain = 4.102699e-03, elapsed = 1854.7 sec
Step =    249: nodes = 14631, dt = 1.790888e-09, strain = 4.104490e-03, elapsed = 1865.2 sec
Step =    250: nodes = 15275, dt = 2.149066e-09, strain = 4.106639e-03, elapsed = 1879.7 sec
Writing configuration in legacy data format
 Output file: /data/home/dg000246b/openDIS/HomeWork/output_Cu_twin/config.250.data
Writing restart file
 Restart file: /data/home/dg000246b/openDIS/HomeWork/output_Cu_twin/restart.250.exadis
Step =    251: nodes = 16062, dt = 2.578879e-09, strain = 4.109218e-03, elapsed = 1904.0 sec
Step =    252: nodes = 16247, dt = 1.547327e-09, strain = 4.110765e-03, elapsed = 1916.9 sec
Step =    253: nodes = 16575, dt = 1.547327e-09, strain = 4.112313e-03, elapsed = 1929.9 sec
Step =    254: nodes = 17043, dt = 1.856793e-09, strain = 4.114169e-03, elapsed = 1945.9 sec
Step =    255: nodes = 18122, dt = 2.228151e-09, strain = 4.116398e-03, elapsed = 1970.9 sec
Step =    256: nodes = 19554, dt = 2.673782e-09, strain = 4.119071e-03, elapsed = 2010.2 sec
Step =    257: nodes = 20655, dt = 1.604269e-09, strain = 4.120676e-03, elapsed = 2033.1 sec
Step =    258: nodes = 21460, dt = 1.604269e-09, strain = 4.122280e-03, elapsed = 2058.4 sec
Step =    259: nodes = 23008, dt = 1.925123e-09, strain = 4.124205e-03, elapsed = 2097.6 sec
Step =    260: nodes = 23979, dt = 1.155074e-09, strain = 4.125360e-03, elapsed = 2121.6 sec
Writing configuration in legacy data format
 Output file: /data/home/dg000246b/openDIS/HomeWork/output_Cu_twin/config.260.data
Writing restart file
 Restart file: /data/home/dg000246b/openDIS/HomeWork/output_Cu_twin/restart.260.exadis
Step =    261: nodes = 25095, dt = 1.155074e-09, strain = 4.126515e-03, elapsed = 2144.6 sec
Step =    262: nodes = 26722, dt = 1.386088e-09, strain = 4.127901e-03, elapsed = 2178.0 sec
Step =    263: nodes = 27167, dt = 8.316531e-10, strain = 4.128733e-03, elapsed = 2199.8 sec
Step =    264: nodes = 27678, dt = 8.316531e-10, strain = 4.129565e-03, elapsed = 2220.4 sec
Step =    265: nodes = 28793, dt = 9.979837e-10, strain = 4.130563e-03, elapsed = 2247.9 sec
Step =    266: nodes = 30434, dt = 1.197580e-09, strain = 4.131760e-03, elapsed = 2291.5 sec
Step =    267: nodes = 33348, dt = 1.437096e-09, strain = 4.133197e-03, elapsed = 2357.7 sec
Step =    268: nodes = 38150, dt = 1.724516e-09, strain = 4.134922e-03, elapsed = 2461.4 sec
Step =    269: nodes = 42106, dt = 1.034709e-09, strain = 4.135956e-03, elapsed = 2533.5 sec
Step =    270: nodes = 47431, dt = 1.034709e-09, strain = 4.136991e-03, elapsed = 2627.4 sec
Writing configuration in legacy data format
 Output file: /data/home/dg000246b/openDIS/HomeWork/output_Cu_twin/config.270.data
Writing restart file
 Restart file: /data/home/dg000246b/openDIS/HomeWork/output_Cu_twin/restart.270.exadis
Step =    271: nodes = 56611, dt = 1.241651e-09, strain = 4.138233e-03, elapsed = 2789.7 sec
Step =    272: nodes = 63964, dt = 7.449908e-10, strain = 4.138978e-03, elapsed = 2942.6 sec
slurmstepd-c2n025: error: *** JOB 224459 ON c2n025 CANCELLED AT 2026-05-07T16:49:25 ***
