Host Parallel Execution Space:
  KOKKOS_ENABLE_OPENMP: yes

OpenMP Runtime Configuration:
Kokkos::OpenMP thread_pool_topology[ 1 x 48 x 1 ]
Reading ParaDiS configuration
 Input file: /data/home/dg000246b/openDIS/HomeWork/init_data_twin/init_config.data
 nodes: 4170, segments: 3880
 Warning: Burgers vector is not conserved for 580 node(s)
[System] 100 spherical obstacles loaded
[System] 2 planar obstacles (twin boundaries) loaded
Step =      0: nodes = 4170, dt = 0.000000e+00, strain = 0.000000e+00, elapsed = 0.0 sec
Writing configuration in legacy data format
 Output file: /data/home/dg000246b/openDIS/HomeWork/output_Cu_twin/config.0.data
Writing restart file
 Restart file: /data/home/dg000246b/openDIS/HomeWork/output_Cu_twin/restart.0.exadis
Run until reaching strain = 0.010000
Step =      1: nodes = 4170, dt = 1.000000e-09, strain = 1.000000e-06, elapsed = 0.3 sec
Step =      2: nodes = 4170, dt = 1.200000e-09, strain = 2.200000e-06, elapsed = 0.5 sec
Step =      3: nodes = 7122, dt = 1.440000e-09, strain = 3.640000e-06, elapsed = 0.8 sec
Step =      4: nodes = 13198, dt = 4.320000e-10, strain = 4.072000e-06, elapsed = 1.7 sec
Step =      5: nodes = 24622, dt = 1.080000e-10, strain = 4.180000e-06, elapsed = 3.7 sec
Step =      6: nodes = 45085, dt = 5.400000e-11, strain = 4.234000e-06, elapsed = 9.0 sec
Step =      7: nodes = 77190, dt = 5.400000e-11, strain = 4.288000e-06, elapsed = 25.2 sec
Step =      8: nodes = 109088, dt = 3.240000e-11, strain = 4.320400e-06, elapsed = 92.9 sec
Error: MAX_CONN = 15 exceeded during merge_node()
Step =      9: nodes = 156508, dt = 3.240000e-11, strain = 4.352800e-06, elapsed = 236.4 sec
slurmstepd-c2n027: error: *** JOB 223566 ON c2n027 CANCELLED AT 2026-05-06T19:44:12 ***
