Step =      0: nodes = 4170, dt = 0.000000e+00, strain = 0.000000e+00, elapsed = 0.1 sec
Writing configuration in legacy data format
 Output file: /data/home/dg000246b/openDIS/HomeWork/output_Cu_twin/config.0.data
Writing restart file
 Restart file: /data/home/dg000246b/openDIS/HomeWork/output_Cu_twin/restart.0.exadis
Run until reaching strain = 0.010000
Step =      1: nodes = 1892, dt = 1.000000e-12, strain = 1.000000e-09, elapsed = 0.4 sec
Writing configuration in legacy data format
 Output file: /data/home/dg000246b/openDIS/HomeWork/output_Cu_twin/config.1.data
Writing restart file
 Restart file: /data/home/dg000246b/openDIS/HomeWork/output_Cu_twin/restart.1.exadis
Step =      2: nodes = 972, dt = 1.200000e-12, strain = 2.200000e-09, elapsed = 0.5 sec
Writing configuration in legacy data format
 Output file: /data/home/dg000246b/openDIS/HomeWork/output_Cu_twin/config.2.data
Writing restart file
 Restart file: /data/home/dg000246b/openDIS/HomeWork/output_Cu_twin/restart.2.exadis
Step =      3: nodes = 634, dt = 1.440000e-12, strain = 3.640000e-09, elapsed = 0.6 sec
Writing configuration in legacy data format
 Output file: /data/home/dg000246b/openDIS/HomeWork/output_Cu_twin/config.3.data
Writing restart file
 Restart file: /data/home/dg000246b/openDIS/HomeWork/output_Cu_twin/restart.3.exadis
Step =      4: nodes = 580, dt = 1.728000e-12, strain = 5.368000e-09, elapsed = 0.6 sec
Writing configuration in legacy data format
 Output file: /data/home/dg000246b/openDIS/HomeWork/output_Cu_twin/config.4.data
Writing restart file
 Restart file: /data/home/dg000246b/openDIS/HomeWork/output_Cu_twin/restart.4.exadis
Step =      5: nodes = 580, dt = 2.073600e-12, strain = 7.441600e-09, elapsed = 0.6 sec
Writing configuration in legacy data format
 Output file: /data/home/dg000246b/openDIS/HomeWork/output_Cu_twin/config.5.data
Writing restart file
 Restart file: /data/home/dg000246b/openDIS/HomeWork/output_Cu_twin/restart.5.exadis
Step =      6: nodes = 580, dt = 2.488320e-12, strain = 9.929920e-09, elapsed = 0.6 sec
Writing configuration in legacy data format
 Output file: /data/home/dg000246b/openDIS/HomeWork/output_Cu_twin/config.6.data
Writing restart file
 Restart file: /data/home/dg000246b/openDIS/HomeWork/output_Cu_twin/restart.6.exadis
Step =      7: nodes = 580, dt = 2.985984e-12, strain = 1.291590e-08, elapsed = 0.7 sec
Writing configuration in legacy data format
 Output file: /data/home/dg000246b/openDIS/HomeWork/output_Cu_twin/config.7.data
Writing restart file
 Restart file: /data/home/dg000246b/openDIS/HomeWork/output_Cu_twin/restart.7.exadis
Step =      8: nodes = 580, dt = 3.583181e-12, strain = 1.649908e-08, elapsed = 0.7 sec
Writing configuration in legacy data format
 Output file: /data/home/dg000246b/openDIS/HomeWork/output_Cu_twin/config.8.data
Writing restart file
 Restart file: /data/home/dg000246b/openDIS/HomeWork/output_Cu_twin/restart.8.exadis
Step =      9: nodes = 580, dt = 4.299817e-12, strain = 2.079890e-08, elapsed = 0.7 sec
Writing configuration in legacy data format
 Output file: /data/home/dg000246b/openDIS/HomeWork/output_Cu_twin/config.9.data
Writing restart file
 Restart file: /data/home/dg000246b/openDIS/HomeWork/output_Cu_twin/restart.9.exadis
Step =     10: nodes = 580, dt = 5.159780e-12, strain = 2.595868e-08, elapsed = 0.7 sec
Writing configuration in legacy data format
 Output file: /data/home/dg000246b/openDIS/HomeWork/output_Cu_twin/config.10.data
Writing restart file
 Restart file: /data/home/dg000246b/openDIS/HomeWork/output_Cu_twin/restart.10.exadis
Step =     11: nodes = 580, dt = 6.191736e-12, strain = 3.215042e-08, elapsed = 0.7 sec
Writing configuration in legacy data format
 Output file: /data/home/dg000246b/openDIS/HomeWork/output_Cu_twin/config.11.data
Writing restart file
 Restart file: /data/home/dg000246b/openDIS/HomeWork/output_Cu_twin/restart.11.exadis
Step =     12: nodes = 580, dt = 7.430084e-12, strain = 3.958050e-08, elapsed = 0.7 sec
Writing configuration in legacy data format
 Output file: /data/home/dg000246b/openDIS/HomeWork/output_Cu_twin/config.12.data
Writing restart file
 Restart file: /data/home/dg000246b/openDIS/HomeWork/output_Cu_twin/restart.12.exadis
Step =     13: nodes = 580, dt = 8.916100e-12, strain = 4.849660e-08, elapsed = 0.8 sec
Writing configuration in legacy data format
 Output file: /data/home/dg000246b/openDIS/HomeWork/output_Cu_twin/config.13.data
Writing restart file
 Restart file: /data/home/dg000246b/openDIS/HomeWork/output_Cu_twin/restart.13.exadis
Step =     14: nodes = 580, dt = 1.069932e-11, strain = 5.919592e-08, elapsed = 0.8 sec
Writing configuration in legacy data format
 Output file: /data/home/dg000246b/openDIS/HomeWork/output_Cu_twin/config.14.data
Writing restart file
 Restart file: /data/home/dg000246b/openDIS/HomeWork/output_Cu_twin/restart.14.exadis
Step =     15: nodes = 580, dt = 1.283918e-11, strain = 7.203511e-08, elapsed = 0.8 sec
Writing configuration in legacy data format
 Output file: /data/home/dg000246b/openDIS/HomeWork/output_Cu_twin/config.15.data
Writing restart file
 Restart file: /data/home/dg000246b/openDIS/HomeWork/output_Cu_twin/restart.15.exadis
Step =     16: nodes = 580, dt = 1.540702e-11, strain = 8.744213e-08, elapsed = 0.8 sec
Writing configuration in legacy data format
 Output file: /data/home/dg000246b/openDIS/HomeWork/output_Cu_twin/config.16.data
Writing restart file
 Restart file: /data/home/dg000246b/openDIS/HomeWork/output_Cu_twin/restart.16.exadis
Step =     17: nodes = 580, dt = 1.848843e-11, strain = 1.059306e-07, elapsed = 0.8 sec
Writing configuration in legacy data format
 Output file: /data/home/dg000246b/openDIS/HomeWork/output_Cu_twin/config.17.data
Writing restart file
 Restart file: /data/home/dg000246b/openDIS/HomeWork/output_Cu_twin/restart.17.exadis
Step =     18: nodes = 580, dt = 2.218611e-11, strain = 1.281167e-07, elapsed = 0.9 sec
Writing configuration in legacy data format
 Output file: /data/home/dg000246b/openDIS/HomeWork/output_Cu_twin/config.18.data
Writing restart file
 Restart file: /data/home/dg000246b/openDIS/HomeWork/output_Cu_twin/restart.18.exadis
Step =     19: nodes = 580, dt = 2.662333e-11, strain = 1.547400e-07, elapsed = 0.9 sec
Writing configuration in legacy data format
 Output file: /data/home/dg000246b/openDIS/HomeWork/output_Cu_twin/config.19.data
Writing restart file
 Restart file: /data/home/dg000246b/openDIS/HomeWork/output_Cu_twin/restart.19.exadis
Step =     20: nodes = 580, dt = 3.194800e-11, strain = 1.866880e-07, elapsed = 0.9 sec
Writing configuration in legacy data format
 Output file: /data/home/dg000246b/openDIS/HomeWork/output_Cu_twin/config.20.data
Writing restart file
 Restart file: /data/home/dg000246b/openDIS/HomeWork/output_Cu_twin/restart.20.exadis
Step =     21: nodes = 580, dt = 3.833760e-11, strain = 2.250256e-07, elapsed = 0.9 sec
Writing configuration in legacy data format
 Output file: /data/home/dg000246b/openDIS/HomeWork/output_Cu_twin/config.21.data
Writing restart file
 Restart file: /data/home/dg000246b/openDIS/HomeWork/output_Cu_twin/restart.21.exadis
Step =     22: nodes = 580, dt = 4.600512e-11, strain = 2.710307e-07, elapsed = 0.9 sec
Writing configuration in legacy data format
 Output file: /data/home/dg000246b/openDIS/HomeWork/output_Cu_twin/config.22.data
Writing restart file
 Restart file: /data/home/dg000246b/openDIS/HomeWork/output_Cu_twin/restart.22.exadis
Step =     23: nodes = 580, dt = 5.520614e-11, strain = 3.262369e-07, elapsed = 0.9 sec
Writing configuration in legacy data format
 Output file: /data/home/dg000246b/openDIS/HomeWork/output_Cu_twin/config.23.data
Writing restart file
 Restart file: /data/home/dg000246b/openDIS/HomeWork/output_Cu_twin/restart.23.exadis
Step =     24: nodes = 580, dt = 6.624737e-11, strain = 3.924842e-07, elapsed = 1.0 sec
Writing configuration in legacy data format
 Output file: /data/home/dg000246b/openDIS/HomeWork/output_Cu_twin/config.24.data
Writing restart file
 Restart file: /data/home/dg000246b/openDIS/HomeWork/output_Cu_twin/restart.24.exadis
Step =     25: nodes = 580, dt = 7.949685e-11, strain = 4.719811e-07, elapsed = 1.0 sec
Writing configuration in legacy data format
 Output file: /data/home/dg000246b/openDIS/HomeWork/output_Cu_twin/config.25.data
Writing restart file
 Restart file: /data/home/dg000246b/openDIS/HomeWork/output_Cu_twin/restart.25.exadis
Step =     26: nodes = 580, dt = 9.539622e-11, strain = 5.673773e-07, elapsed = 1.0 sec
Writing configuration in legacy data format
 Output file: /data/home/dg000246b/openDIS/HomeWork/output_Cu_twin/config.26.data
Writing restart file
 Restart file: /data/home/dg000246b/openDIS/HomeWork/output_Cu_twin/restart.26.exadis
Step =     27: nodes = 580, dt = 1.144755e-10, strain = 6.818528e-07, elapsed = 1.0 sec
Writing configuration in legacy data format
 Output file: /data/home/dg000246b/openDIS/HomeWork/output_Cu_twin/config.27.data
Writing restart file
 Restart file: /data/home/dg000246b/openDIS/HomeWork/output_Cu_twin/restart.27.exadis
Step =     28: nodes = 580, dt = 1.373706e-10, strain = 8.192233e-07, elapsed = 1.0 sec
Writing configuration in legacy data format
 Output file: /data/home/dg000246b/openDIS/HomeWork/output_Cu_twin/config.28.data
Writing restart file
 Restart file: /data/home/dg000246b/openDIS/HomeWork/output_Cu_twin/restart.28.exadis
Step =     29: nodes = 580, dt = 1.648447e-10, strain = 9.840680e-07, elapsed = 1.0 sec
Writing configuration in legacy data format
 Output file: /data/home/dg000246b/openDIS/HomeWork/output_Cu_twin/config.29.data
Writing restart file
 Restart file: /data/home/dg000246b/openDIS/HomeWork/output_Cu_twin/restart.29.exadis
Step =     30: nodes = 580, dt = 1.978136e-10, strain = 1.181882e-06, elapsed = 1.1 sec
Writing configuration in legacy data format
 Output file: /data/home/dg000246b/openDIS/HomeWork/output_Cu_twin/config.30.data
Writing restart file
 Restart file: /data/home/dg000246b/openDIS/HomeWork/output_Cu_twin/restart.30.exadis
Step =     31: nodes = 580, dt = 2.373763e-10, strain = 1.419258e-06, elapsed = 1.1 sec
Writing configuration in legacy data format
 Output file: /data/home/dg000246b/openDIS/HomeWork/output_Cu_twin/config.31.data
Writing restart file
 Restart file: /data/home/dg000246b/openDIS/HomeWork/output_Cu_twin/restart.31.exadis
Step =     32: nodes = 580, dt = 2.848516e-10, strain = 1.704109e-06, elapsed = 1.1 sec
Writing configuration in legacy data format
 Output file: /data/home/dg000246b/openDIS/HomeWork/output_Cu_twin/config.32.data
Writing restart file
 Restart file: /data/home/dg000246b/openDIS/HomeWork/output_Cu_twin/restart.32.exadis
Step =     33: nodes = 580, dt = 3.418219e-10, strain = 2.045931e-06, elapsed = 1.1 sec
Writing configuration in legacy data format
 Output file: /data/home/dg000246b/openDIS/HomeWork/output_Cu_twin/config.33.data
Writing restart file
 Restart file: /data/home/dg000246b/openDIS/HomeWork/output_Cu_twin/restart.33.exadis
Step =     34: nodes = 580, dt = 4.101863e-10, strain = 2.456118e-06, elapsed = 1.1 sec
Writing configuration in legacy data format
 Output file: /data/home/dg000246b/openDIS/HomeWork/output_Cu_twin/config.34.data
Writing restart file
 Restart file: /data/home/dg000246b/openDIS/HomeWork/output_Cu_twin/restart.34.exadis
Step =     35: nodes = 580, dt = 4.922235e-10, strain = 2.948341e-06, elapsed = 1.1 sec
Writing configuration in legacy data format
 Output file: /data/home/dg000246b/openDIS/HomeWork/output_Cu_twin/config.35.data
Writing restart file
 Restart file: /data/home/dg000246b/openDIS/HomeWork/output_Cu_twin/restart.35.exadis
Step =     36: nodes = 580, dt = 5.906682e-10, strain = 3.539009e-06, elapsed = 1.2 sec
Writing configuration in legacy data format
 Output file: /data/home/dg000246b/openDIS/HomeWork/output_Cu_twin/config.36.data
Writing restart file
 Restart file: /data/home/dg000246b/openDIS/HomeWork/output_Cu_twin/restart.36.exadis
Step =     37: nodes = 580, dt = 7.088019e-10, strain = 4.247811e-06, elapsed = 1.2 sec
Writing configuration in legacy data format
 Output file: /data/home/dg000246b/openDIS/HomeWork/output_Cu_twin/config.37.data
Writing restart file
 Restart file: /data/home/dg000246b/openDIS/HomeWork/output_Cu_twin/restart.37.exadis
Step =     38: nodes = 580, dt = 8.505622e-10, strain = 5.098373e-06, elapsed = 1.2 sec
Writing configuration in legacy data format
 Output file: /data/home/dg000246b/openDIS/HomeWork/output_Cu_twin/config.38.data
Writing restart file
 Restart file: /data/home/dg000246b/openDIS/HomeWork/output_Cu_twin/restart.38.exadis
Step =     39: nodes = 580, dt = 1.020675e-09, strain = 6.119048e-06, elapsed = 1.2 sec
Writing configuration in legacy data format
 Output file: /data/home/dg000246b/openDIS/HomeWork/output_Cu_twin/config.39.data
Writing restart file
 Restart file: /data/home/dg000246b/openDIS/HomeWork/output_Cu_twin/restart.39.exadis
Step =     40: nodes = 580, dt = 1.224810e-09, strain = 7.343858e-06, elapsed = 1.2 sec
Writing configuration in legacy data format
 Output file: /data/home/dg000246b/openDIS/HomeWork/output_Cu_twin/config.40.data
Writing restart file
 Restart file: /data/home/dg000246b/openDIS/HomeWork/output_Cu_twin/restart.40.exadis
Step =     41: nodes = 580, dt = 1.469772e-09, strain = 8.813629e-06, elapsed = 1.2 sec
Writing configuration in legacy data format
 Output file: /data/home/dg000246b/openDIS/HomeWork/output_Cu_twin/config.41.data
Writing restart file
 Restart file: /data/home/dg000246b/openDIS/HomeWork/output_Cu_twin/restart.41.exadis
Step =     42: nodes = 580, dt = 1.763726e-09, strain = 1.057736e-05, elapsed = 1.3 sec
Writing configuration in legacy data format
 Output file: /data/home/dg000246b/openDIS/HomeWork/output_Cu_twin/config.42.data
Writing restart file
 Restart file: /data/home/dg000246b/openDIS/HomeWork/output_Cu_twin/restart.42.exadis
Step =     43: nodes = 580, dt = 2.116471e-09, strain = 1.269383e-05, elapsed = 1.3 sec
Writing configuration in legacy data format
 Output file: /data/home/dg000246b/openDIS/HomeWork/output_Cu_twin/config.43.data
Writing restart file
 Restart file: /data/home/dg000246b/openDIS/HomeWork/output_Cu_twin/restart.43.exadis
Step =     44: nodes = 580, dt = 2.539765e-09, strain = 1.523359e-05, elapsed = 1.3 sec
Writing configuration in legacy data format
 Output file: /data/home/dg000246b/openDIS/HomeWork/output_Cu_twin/config.44.data
Writing restart file
 Restart file: /data/home/dg000246b/openDIS/HomeWork/output_Cu_twin/restart.44.exadis
Step =     45: nodes = 580, dt = 3.047718e-09, strain = 1.828131e-05, elapsed = 1.3 sec
Writing configuration in legacy data format
 Output file: /data/home/dg000246b/openDIS/HomeWork/output_Cu_twin/config.45.data
Writing restart file
 Restart file: /data/home/dg000246b/openDIS/HomeWork/output_Cu_twin/restart.45.exadis
Step =     46: nodes = 580, dt = 3.657262e-09, strain = 2.193857e-05, elapsed = 1.3 sec
Writing configuration in legacy data format
 Output file: /data/home/dg000246b/openDIS/HomeWork/output_Cu_twin/config.46.data
Writing restart file
 Restart file: /data/home/dg000246b/openDIS/HomeWork/output_Cu_twin/restart.46.exadis
Step =     47: nodes = 580, dt = 4.388714e-09, strain = 2.632729e-05, elapsed = 1.4 sec
Writing configuration in legacy data format
 Output file: /data/home/dg000246b/openDIS/HomeWork/output_Cu_twin/config.47.data
Writing restart file
 Restart file: /data/home/dg000246b/openDIS/HomeWork/output_Cu_twin/restart.47.exadis
Step =     48: nodes = 580, dt = 5.266457e-09, strain = 3.159374e-05, elapsed = 1.4 sec
Writing configuration in legacy data format
 Output file: /data/home/dg000246b/openDIS/HomeWork/output_Cu_twin/config.48.data
Writing restart file
 Restart file: /data/home/dg000246b/openDIS/HomeWork/output_Cu_twin/restart.48.exadis
Step =     49: nodes = 580, dt = 6.319749e-09, strain = 3.791349e-05, elapsed = 1.4 sec
Writing configuration in legacy data format
 Output file: /data/home/dg000246b/openDIS/HomeWork/output_Cu_twin/config.49.data
Writing restart file
 Restart file: /data/home/dg000246b/openDIS/HomeWork/output_Cu_twin/restart.49.exadis
Step =     50: nodes = 580, dt = 7.583698e-09, strain = 4.549719e-05, elapsed = 1.4 sec
Writing configuration in legacy data format
 Output file: /data/home/dg000246b/openDIS/HomeWork/output_Cu_twin/config.50.data
Writing restart file
 Restart file: /data/home/dg000246b/openDIS/HomeWork/output_Cu_twin/restart.50.exadis
Step =     51: nodes = 580, dt = 9.100438e-09, strain = 5.459763e-05, elapsed = 1.4 sec
Writing configuration in legacy data format
 Output file: /data/home/dg000246b/openDIS/HomeWork/output_Cu_twin/config.51.data
Writing restart file
 Restart file: /data/home/dg000246b/openDIS/HomeWork/output_Cu_twin/restart.51.exadis
Step =     52: nodes = 580, dt = 1.092053e-08, strain = 6.551815e-05, elapsed = 1.4 sec
Writing configuration in legacy data format
 Output file: /data/home/dg000246b/openDIS/HomeWork/output_Cu_twin/config.52.data
Writing restart file
 Restart file: /data/home/dg000246b/openDIS/HomeWork/output_Cu_twin/restart.52.exadis
Step =     53: nodes = 580, dt = 1.310463e-08, strain = 7.862279e-05, elapsed = 1.5 sec
Writing configuration in legacy data format
 Output file: /data/home/dg000246b/openDIS/HomeWork/output_Cu_twin/config.53.data
Writing restart file
 Restart file: /data/home/dg000246b/openDIS/HomeWork/output_Cu_twin/restart.53.exadis
Step =     54: nodes = 580, dt = 1.572556e-08, strain = 9.434834e-05, elapsed = 1.5 sec
Writing configuration in legacy data format
 Output file: /data/home/dg000246b/openDIS/HomeWork/output_Cu_twin/config.54.data
Writing restart file
 Restart file: /data/home/dg000246b/openDIS/HomeWork/output_Cu_twin/restart.54.exadis
Step =     55: nodes = 580, dt = 1.887067e-08, strain = 1.132190e-04, elapsed = 1.5 sec
Writing configuration in legacy data format
 Output file: /data/home/dg000246b/openDIS/HomeWork/output_Cu_twin/config.55.data
Writing restart file
 Restart file: /data/home/dg000246b/openDIS/HomeWork/output_Cu_twin/restart.55.exadis
Step =     56: nodes = 580, dt = 2.264480e-08, strain = 1.358638e-04, elapsed = 1.5 sec
Writing configuration in legacy data format
 Output file: /data/home/dg000246b/openDIS/HomeWork/output_Cu_twin/config.56.data
Writing restart file
 Restart file: /data/home/dg000246b/openDIS/HomeWork/output_Cu_twin/restart.56.exadis
Step =     57: nodes = 580, dt = 2.717376e-08, strain = 1.630376e-04, elapsed = 1.5 sec
Writing configuration in legacy data format
 Output file: /data/home/dg000246b/openDIS/HomeWork/output_Cu_twin/config.57.data
Writing restart file
 Restart file: /data/home/dg000246b/openDIS/HomeWork/output_Cu_twin/restart.57.exadis
Step =     58: nodes = 580, dt = 3.260852e-08, strain = 1.956461e-04, elapsed = 1.5 sec
Writing configuration in legacy data format
 Output file: /data/home/dg000246b/openDIS/HomeWork/output_Cu_twin/config.58.data
Writing restart file
 Restart file: /data/home/dg000246b/openDIS/HomeWork/output_Cu_twin/restart.58.exadis
Step =     59: nodes = 580, dt = 3.913022e-08, strain = 2.347763e-04, elapsed = 1.6 sec
Writing configuration in legacy data format
 Output file: /data/home/dg000246b/openDIS/HomeWork/output_Cu_twin/config.59.data
Writing restart file
 Restart file: /data/home/dg000246b/openDIS/HomeWork/output_Cu_twin/restart.59.exadis
Step =     60: nodes = 580, dt = 4.695626e-08, strain = 2.817326e-04, elapsed = 1.6 sec
Writing configuration in legacy data format
 Output file: /data/home/dg000246b/openDIS/HomeWork/output_Cu_twin/config.60.data
Writing restart file
 Restart file: /data/home/dg000246b/openDIS/HomeWork/output_Cu_twin/restart.60.exadis
Step =     61: nodes = 580, dt = 5.634751e-08, strain = 3.380801e-04, elapsed = 1.6 sec
Writing configuration in legacy data format
 Output file: /data/home/dg000246b/openDIS/HomeWork/output_Cu_twin/config.61.data
Writing restart file
 Restart file: /data/home/dg000246b/openDIS/HomeWork/output_Cu_twin/restart.61.exadis
Step =     62: nodes = 580, dt = 6.761702e-08, strain = 4.056971e-04, elapsed = 1.6 sec
Writing configuration in legacy data format
 Output file: /data/home/dg000246b/openDIS/HomeWork/output_Cu_twin/config.62.data
Writing restart file
 Restart file: /data/home/dg000246b/openDIS/HomeWork/output_Cu_twin/restart.62.exadis
Step =     63: nodes = 580, dt = 8.114042e-08, strain = 4.868375e-04, elapsed = 1.7 sec
Writing configuration in legacy data format
 Output file: /data/home/dg000246b/openDIS/HomeWork/output_Cu_twin/config.63.data
Writing restart file
 Restart file: /data/home/dg000246b/openDIS/HomeWork/output_Cu_twin/restart.63.exadis
Step =     64: nodes = 580, dt = 9.736850e-08, strain = 5.842060e-04, elapsed = 1.7 sec
Writing configuration in legacy data format
 Output file: /data/home/dg000246b/openDIS/HomeWork/output_Cu_twin/config.64.data
Writing restart file
 Restart file: /data/home/dg000246b/openDIS/HomeWork/output_Cu_twin/restart.64.exadis
Step =     65: nodes = 580, dt = 1.000000e-07, strain = 6.842060e-04, elapsed = 1.7 sec
Writing configuration in legacy data format
 Output file: /data/home/dg000246b/openDIS/HomeWork/output_Cu_twin/config.65.data
Writing restart file
 Restart file: /data/home/dg000246b/openDIS/HomeWork/output_Cu_twin/restart.65.exadis
Step =     66: nodes = 580, dt = 1.000000e-07, strain = 7.842060e-04, elapsed = 1.7 sec
Writing configuration in legacy data format
 Output file: /data/home/dg000246b/openDIS/HomeWork/output_Cu_twin/config.66.data
Writing restart file
 Restart file: /data/home/dg000246b/openDIS/HomeWork/output_Cu_twin/restart.66.exadis
Step =     67: nodes = 580, dt = 1.000000e-07, strain = 8.842060e-04, elapsed = 1.7 sec
Writing configuration in legacy data format
 Output file: /data/home/dg000246b/openDIS/HomeWork/output_Cu_twin/config.67.data
Writing restart file
 Restart file: /data/home/dg000246b/openDIS/HomeWork/output_Cu_twin/restart.67.exadis
Step =     68: nodes = 580, dt = 1.000000e-07, strain = 9.842060e-04, elapsed = 1.7 sec
Writing configuration in legacy data format
 Output file: /data/home/dg000246b/openDIS/HomeWork/output_Cu_twin/config.68.data
Writing restart file
 Restart file: /data/home/dg000246b/openDIS/HomeWork/output_Cu_twin/restart.68.exadis
Step =     69: nodes = 580, dt = 1.000000e-07, strain = 1.084206e-03, elapsed = 1.8 sec
Writing configuration in legacy data format
 Output file: /data/home/dg000246b/openDIS/HomeWork/output_Cu_twin/config.69.data
Writing restart file
 Restart file: /data/home/dg000246b/openDIS/HomeWork/output_Cu_twin/restart.69.exadis
Step =     70: nodes = 580, dt = 1.000000e-07, strain = 1.184206e-03, elapsed = 1.8 sec
Writing configuration in legacy data format
 Output file: /data/home/dg000246b/openDIS/HomeWork/output_Cu_twin/config.70.data
Writing restart file
 Restart file: /data/home/dg000246b/openDIS/HomeWork/output_Cu_twin/restart.70.exadis
Step =     71: nodes = 580, dt = 1.000000e-07, strain = 1.284206e-03, elapsed = 1.8 sec
Writing configuration in legacy data format
 Output file: /data/home/dg000246b/openDIS/HomeWork/output_Cu_twin/config.71.data
Writing restart file
 Restart file: /data/home/dg000246b/openDIS/HomeWork/output_Cu_twin/restart.71.exadis
Step =     72: nodes = 580, dt = 1.000000e-07, strain = 1.384206e-03, elapsed = 1.8 sec
Writing configuration in legacy data format
 Output file: /data/home/dg000246b/openDIS/HomeWork/output_Cu_twin/config.72.data
Writing restart file
 Restart file: /data/home/dg000246b/openDIS/HomeWork/output_Cu_twin/restart.72.exadis
Step =     73: nodes = 580, dt = 1.000000e-07, strain = 1.484206e-03, elapsed = 1.8 sec
Writing configuration in legacy data format
 Output file: /data/home/dg000246b/openDIS/HomeWork/output_Cu_twin/config.73.data
Writing restart file
 Restart file: /data/home/dg000246b/openDIS/HomeWork/output_Cu_twin/restart.73.exadis
Step =     74: nodes = 580, dt = 1.000000e-07, strain = 1.584206e-03, elapsed = 1.8 sec
Writing configuration in legacy data format
 Output file: /data/home/dg000246b/openDIS/HomeWork/output_Cu_twin/config.74.data
Writing restart file
 Restart file: /data/home/dg000246b/openDIS/HomeWork/output_Cu_twin/restart.74.exadis
Step =     75: nodes = 580, dt = 1.000000e-07, strain = 1.684206e-03, elapsed = 1.9 sec
Writing configuration in legacy data format
 Output file: /data/home/dg000246b/openDIS/HomeWork/output_Cu_twin/config.75.data
Writing restart file
 Restart file: /data/home/dg000246b/openDIS/HomeWork/output_Cu_twin/restart.75.exadis
Step =     76: nodes = 580, dt = 1.000000e-07, strain = 1.784206e-03, elapsed = 1.9 sec
Writing configuration in legacy data format
 Output file: /data/home/dg000246b/openDIS/HomeWork/output_Cu_twin/config.76.data
Writing restart file
 Restart file: /data/home/dg000246b/openDIS/HomeWork/output_Cu_twin/restart.76.exadis
Step =     77: nodes = 580, dt = 1.000000e-07, strain = 1.884206e-03, elapsed = 1.9 sec
Writing configuration in legacy data format
 Output file: /data/home/dg000246b/openDIS/HomeWork/output_Cu_twin/config.77.data
Writing restart file
 Restart file: /data/home/dg000246b/openDIS/HomeWork/output_Cu_twin/restart.77.exadis
Step =     78: nodes = 580, dt = 1.000000e-07, strain = 1.984206e-03, elapsed = 1.9 sec
Writing configuration in legacy data format
 Output file: /data/home/dg000246b/openDIS/HomeWork/output_Cu_twin/config.78.data
Writing restart file
 Restart file: /data/home/dg000246b/openDIS/HomeWork/output_Cu_twin/restart.78.exadis
Step =     79: nodes = 580, dt = 1.000000e-07, strain = 2.084206e-03, elapsed = 1.9 sec
Writing configuration in legacy data format
 Output file: /data/home/dg000246b/openDIS/HomeWork/output_Cu_twin/config.79.data
Writing restart file
 Restart file: /data/home/dg000246b/openDIS/HomeWork/output_Cu_twin/restart.79.exadis
Step =     80: nodes = 580, dt = 1.000000e-07, strain = 2.184206e-03, elapsed = 1.9 sec
Writing configuration in legacy data format
 Output file: /data/home/dg000246b/openDIS/HomeWork/output_Cu_twin/config.80.data
Writing restart file
 Restart file: /data/home/dg000246b/openDIS/HomeWork/output_Cu_twin/restart.80.exadis
Step =     81: nodes = 580, dt = 1.000000e-07, strain = 2.284206e-03, elapsed = 2.0 sec
Writing configuration in legacy data format
 Output file: /data/home/dg000246b/openDIS/HomeWork/output_Cu_twin/config.81.data
Writing restart file
 Restart file: /data/home/dg000246b/openDIS/HomeWork/output_Cu_twin/restart.81.exadis
Step =     82: nodes = 580, dt = 1.000000e-07, strain = 2.384206e-03, elapsed = 2.0 sec
Writing configuration in legacy data format
 Output file: /data/home/dg000246b/openDIS/HomeWork/output_Cu_twin/config.82.data
Writing restart file
 Restart file: /data/home/dg000246b/openDIS/HomeWork/output_Cu_twin/restart.82.exadis
Step =     83: nodes = 580, dt = 1.000000e-07, strain = 2.484206e-03, elapsed = 2.0 sec
Writing configuration in legacy data format
 Output file: /data/home/dg000246b/openDIS/HomeWork/output_Cu_twin/config.83.data
Writing restart file
 Restart file: /data/home/dg000246b/openDIS/HomeWork/output_Cu_twin/restart.83.exadis
Step =     84: nodes = 580, dt = 1.000000e-07, strain = 2.584206e-03, elapsed = 2.0 sec
Writing configuration in legacy data format
 Output file: /data/home/dg000246b/openDIS/HomeWork/output_Cu_twin/config.84.data
Writing restart file
 Restart file: /data/home/dg000246b/openDIS/HomeWork/output_Cu_twin/restart.84.exadis
Step =     85: nodes = 580, dt = 1.000000e-07, strain = 2.684206e-03, elapsed = 2.0 sec
Writing configuration in legacy data format
 Output file: /data/home/dg000246b/openDIS/HomeWork/output_Cu_twin/config.85.data
Writing restart file
 Restart file: /data/home/dg000246b/openDIS/HomeWork/output_Cu_twin/restart.85.exadis
Step =     86: nodes = 580, dt = 1.000000e-07, strain = 2.784206e-03, elapsed = 2.1 sec
Writing configuration in legacy data format
 Output file: /data/home/dg000246b/openDIS/HomeWork/output_Cu_twin/config.86.data
Writing restart file
 Restart file: /data/home/dg000246b/openDIS/HomeWork/output_Cu_twin/restart.86.exadis
Step =     87: nodes = 580, dt = 1.000000e-07, strain = 2.884206e-03, elapsed = 2.1 sec
Writing configuration in legacy data format
 Output file: /data/home/dg000246b/openDIS/HomeWork/output_Cu_twin/config.87.data
Writing restart file
 Restart file: /data/home/dg000246b/openDIS/HomeWork/output_Cu_twin/restart.87.exadis
Step =     88: nodes = 580, dt = 1.000000e-07, strain = 2.984206e-03, elapsed = 2.1 sec
Writing configuration in legacy data format
 Output file: /data/home/dg000246b/openDIS/HomeWork/output_Cu_twin/config.88.data
Writing restart file
 Restart file: /data/home/dg000246b/openDIS/HomeWork/output_Cu_twin/restart.88.exadis
Step =     89: nodes = 580, dt = 1.000000e-07, strain = 3.084206e-03, elapsed = 2.1 sec
Writing configuration in legacy data format
 Output file: /data/home/dg000246b/openDIS/HomeWork/output_Cu_twin/config.89.data
Writing restart file
 Restart file: /data/home/dg000246b/openDIS/HomeWork/output_Cu_twin/restart.89.exadis
Step =     90: nodes = 580, dt = 1.000000e-07, strain = 3.184206e-03, elapsed = 2.1 sec
Writing configuration in legacy data format
 Output file: /data/home/dg000246b/openDIS/HomeWork/output_Cu_twin/config.90.data
Writing restart file
 Restart file: /data/home/dg000246b/openDIS/HomeWork/output_Cu_twin/restart.90.exadis
Step =     91: nodes = 580, dt = 1.000000e-07, strain = 3.284206e-03, elapsed = 2.1 sec
Writing configuration in legacy data format
 Output file: /data/home/dg000246b/openDIS/HomeWork/output_Cu_twin/config.91.data
Writing restart file
 Restart file: /data/home/dg000246b/openDIS/HomeWork/output_Cu_twin/restart.91.exadis
Step =     92: nodes = 580, dt = 1.000000e-07, strain = 3.384206e-03, elapsed = 2.2 sec
Writing configuration in legacy data format
 Output file: /data/home/dg000246b/openDIS/HomeWork/output_Cu_twin/config.92.data
Writing restart file
 Restart file: /data/home/dg000246b/openDIS/HomeWork/output_Cu_twin/restart.92.exadis
Step =     93: nodes = 580, dt = 1.000000e-07, strain = 3.484206e-03, elapsed = 2.2 sec
Writing configuration in legacy data format
 Output file: /data/home/dg000246b/openDIS/HomeWork/output_Cu_twin/config.93.data
Writing restart file
 Restart file: /data/home/dg000246b/openDIS/HomeWork/output_Cu_twin/restart.93.exadis
Step =     94: nodes = 580, dt = 1.000000e-07, strain = 3.584206e-03, elapsed = 2.2 sec
Writing configuration in legacy data format
 Output file: /data/home/dg000246b/openDIS/HomeWork/output_Cu_twin/config.94.data
Writing restart file
 Restart file: /data/home/dg000246b/openDIS/HomeWork/output_Cu_twin/restart.94.exadis
Step =     95: nodes = 580, dt = 1.000000e-07, strain = 3.684206e-03, elapsed = 2.2 sec
Writing configuration in legacy data format
 Output file: /data/home/dg000246b/openDIS/HomeWork/output_Cu_twin/config.95.data
Writing restart file
 Restart file: /data/home/dg000246b/openDIS/HomeWork/output_Cu_twin/restart.95.exadis
Step =     96: nodes = 580, dt = 1.000000e-07, strain = 3.784206e-03, elapsed = 2.2 sec
Writing configuration in legacy data format
 Output file: /data/home/dg000246b/openDIS/HomeWork/output_Cu_twin/config.96.data
Writing restart file
 Restart file: /data/home/dg000246b/openDIS/HomeWork/output_Cu_twin/restart.96.exadis
Step =     97: nodes = 580, dt = 1.000000e-07, strain = 3.884206e-03, elapsed = 2.2 sec
Writing configuration in legacy data format
 Output file: /data/home/dg000246b/openDIS/HomeWork/output_Cu_twin/config.97.data
Writing restart file
 Restart file: /data/home/dg000246b/openDIS/HomeWork/output_Cu_twin/restart.97.exadis
Step =     98: nodes = 580, dt = 1.000000e-07, strain = 3.984206e-03, elapsed = 2.3 sec
Writing configuration in legacy data format
 Output file: /data/home/dg000246b/openDIS/HomeWork/output_Cu_twin/config.98.data
Writing restart file
 Restart file: /data/home/dg000246b/openDIS/HomeWork/output_Cu_twin/restart.98.exadis
Step =     99: nodes = 580, dt = 1.000000e-07, strain = 4.084206e-03, elapsed = 2.3 sec
Writing configuration in legacy data format
 Output file: /data/home/dg000246b/openDIS/HomeWork/output_Cu_twin/config.99.data
Writing restart file
 Restart file: /data/home/dg000246b/openDIS/HomeWork/output_Cu_twin/restart.99.exadis
Step =    100: nodes = 580, dt = 1.000000e-07, strain = 4.184206e-03, elapsed = 2.3 sec
Writing configuration in legacy data format
 Output file: /data/home/dg000246b/openDIS/HomeWork/output_Cu_twin/config.100.data
Writing restart file
 Restart file: /data/home/dg000246b/openDIS/HomeWork/output_Cu_twin/restart.100.exadis
Step =    101: nodes = 580, dt = 1.000000e-07, strain = 4.284206e-03, elapsed = 2.3 sec
Writing configuration in legacy data format
 Output file: /data/home/dg000246b/openDIS/HomeWork/output_Cu_twin/config.101.data
Writing restart file
 Restart file: /data/home/dg000246b/openDIS/HomeWork/output_Cu_twin/restart.101.exadis
Step =    102: nodes = 580, dt = 1.000000e-07, strain = 4.384206e-03, elapsed = 2.3 sec
Writing configuration in legacy data format
 Output file: /data/home/dg000246b/openDIS/HomeWork/output_Cu_twin/config.102.data
Writing restart file
 Restart file: /data/home/dg000246b/openDIS/HomeWork/output_Cu_twin/restart.102.exadis
Step =    103: nodes = 580, dt = 1.000000e-07, strain = 4.484206e-03, elapsed = 2.3 sec
Writing configuration in legacy data format
 Output file: /data/home/dg000246b/openDIS/HomeWork/output_Cu_twin/config.103.data
Writing restart file
 Restart file: /data/home/dg000246b/openDIS/HomeWork/output_Cu_twin/restart.103.exadis
Step =    104: nodes = 580, dt = 1.000000e-07, strain = 4.584206e-03, elapsed = 2.4 sec
Writing configuration in legacy data format
 Output file: /data/home/dg000246b/openDIS/HomeWork/output_Cu_twin/config.104.data
Writing restart file
 Restart file: /data/home/dg000246b/openDIS/HomeWork/output_Cu_twin/restart.104.exadis
Step =    105: nodes = 580, dt = 1.000000e-07, strain = 4.684206e-03, elapsed = 2.4 sec
Writing configuration in legacy data format
 Output file: /data/home/dg000246b/openDIS/HomeWork/output_Cu_twin/config.105.data
Writing restart file
 Restart file: /data/home/dg000246b/openDIS/HomeWork/output_Cu_twin/restart.105.exadis
Step =    106: nodes = 580, dt = 1.000000e-07, strain = 4.784206e-03, elapsed = 2.4 sec
Writing configuration in legacy data format
 Output file: /data/home/dg000246b/openDIS/HomeWork/output_Cu_twin/config.106.data
Writing restart file
 Restart file: /data/home/dg000246b/openDIS/HomeWork/output_Cu_twin/restart.106.exadis
Step =    107: nodes = 580, dt = 1.000000e-07, strain = 4.884206e-03, elapsed = 2.4 sec
Writing configuration in legacy data format
 Output file: /data/home/dg000246b/openDIS/HomeWork/output_Cu_twin/config.107.data
Writing restart file
 Restart file: /data/home/dg000246b/openDIS/HomeWork/output_Cu_twin/restart.107.exadis
Step =    108: nodes = 580, dt = 1.000000e-07, strain = 4.984206e-03, elapsed = 2.4 sec
Writing configuration in legacy data format
 Output file: /data/home/dg000246b/openDIS/HomeWork/output_Cu_twin/config.108.data
Writing restart file
 Restart file: /data/home/dg000246b/openDIS/HomeWork/output_Cu_twin/restart.108.exadis
Step =    109: nodes = 580, dt = 1.000000e-07, strain = 5.084206e-03, elapsed = 2.5 sec
Writing configuration in legacy data format
 Output file: /data/home/dg000246b/openDIS/HomeWork/output_Cu_twin/config.109.data
Writing restart file
 Restart file: /data/home/dg000246b/openDIS/HomeWork/output_Cu_twin/restart.109.exadis
Step =    110: nodes = 580, dt = 1.000000e-07, strain = 5.184206e-03, elapsed = 2.5 sec
Writing configuration in legacy data format
 Output file: /data/home/dg000246b/openDIS/HomeWork/output_Cu_twin/config.110.data
Writing restart file
 Restart file: /data/home/dg000246b/openDIS/HomeWork/output_Cu_twin/restart.110.exadis
Step =    111: nodes = 580, dt = 1.000000e-07, strain = 5.284206e-03, elapsed = 2.5 sec
Writing configuration in legacy data format
 Output file: /data/home/dg000246b/openDIS/HomeWork/output_Cu_twin/config.111.data
Writing restart file
 Restart file: /data/home/dg000246b/openDIS/HomeWork/output_Cu_twin/restart.111.exadis
Step =    112: nodes = 580, dt = 1.000000e-07, strain = 5.384206e-03, elapsed = 2.5 sec
Writing configuration in legacy data format
 Output file: /data/home/dg000246b/openDIS/HomeWork/output_Cu_twin/config.112.data
Writing restart file
 Restart file: /data/home/dg000246b/openDIS/HomeWork/output_Cu_twin/restart.112.exadis
Step =    113: nodes = 580, dt = 1.000000e-07, strain = 5.484206e-03, elapsed = 2.5 sec
Writing configuration in legacy data format
 Output file: /data/home/dg000246b/openDIS/HomeWork/output_Cu_twin/config.113.data
Writing restart file
 Restart file: /data/home/dg000246b/openDIS/HomeWork/output_Cu_twin/restart.113.exadis
Step =    114: nodes = 580, dt = 1.000000e-07, strain = 5.584206e-03, elapsed = 2.5 sec
Writing configuration in legacy data format
 Output file: /data/home/dg000246b/openDIS/HomeWork/output_Cu_twin/config.114.data
Writing restart file
 Restart file: /data/home/dg000246b/openDIS/HomeWork/output_Cu_twin/restart.114.exadis
Step =    115: nodes = 580, dt = 1.000000e-07, strain = 5.684206e-03, elapsed = 2.6 sec
Writing configuration in legacy data format
 Output file: /data/home/dg000246b/openDIS/HomeWork/output_Cu_twin/config.115.data
Writing restart file
 Restart file: /data/home/dg000246b/openDIS/HomeWork/output_Cu_twin/restart.115.exadis
Step =    116: nodes = 580, dt = 1.000000e-07, strain = 5.784206e-03, elapsed = 2.6 sec
Writing configuration in legacy data format
 Output file: /data/home/dg000246b/openDIS/HomeWork/output_Cu_twin/config.116.data
Writing restart file
 Restart file: /data/home/dg000246b/openDIS/HomeWork/output_Cu_twin/restart.116.exadis
Step =    117: nodes = 580, dt = 1.000000e-07, strain = 5.884206e-03, elapsed = 2.6 sec
Writing configuration in legacy data format
 Output file: /data/home/dg000246b/openDIS/HomeWork/output_Cu_twin/config.117.data
Writing restart file
 Restart file: /data/home/dg000246b/openDIS/HomeWork/output_Cu_twin/restart.117.exadis
Step =    118: nodes = 580, dt = 1.000000e-07, strain = 5.984206e-03, elapsed = 2.6 sec
Writing configuration in legacy data format
 Output file: /data/home/dg000246b/openDIS/HomeWork/output_Cu_twin/config.118.data
Writing restart file
 Restart file: /data/home/dg000246b/openDIS/HomeWork/output_Cu_twin/restart.118.exadis
Step =    119: nodes = 580, dt = 1.000000e-07, strain = 6.084206e-03, elapsed = 2.7 sec
Writing configuration in legacy data format
 Output file: /data/home/dg000246b/openDIS/HomeWork/output_Cu_twin/config.119.data
Writing restart file
 Restart file: /data/home/dg000246b/openDIS/HomeWork/output_Cu_twin/restart.119.exadis
Step =    120: nodes = 580, dt = 1.000000e-07, strain = 6.184206e-03, elapsed = 2.7 sec
Writing configuration in legacy data format
 Output file: /data/home/dg000246b/openDIS/HomeWork/output_Cu_twin/config.120.data
Writing restart file
 Restart file: /data/home/dg000246b/openDIS/HomeWork/output_Cu_twin/restart.120.exadis
Step =    121: nodes = 580, dt = 1.000000e-07, strain = 6.284206e-03, elapsed = 2.7 sec
Writing configuration in legacy data format
 Output file: /data/home/dg000246b/openDIS/HomeWork/output_Cu_twin/config.121.data
Writing restart file
 Restart file: /data/home/dg000246b/openDIS/HomeWork/output_Cu_twin/restart.121.exadis
Step =    122: nodes = 580, dt = 1.000000e-07, strain = 6.384206e-03, elapsed = 2.7 sec
Writing configuration in legacy data format
 Output file: /data/home/dg000246b/openDIS/HomeWork/output_Cu_twin/config.122.data
Writing restart file
 Restart file: /data/home/dg000246b/openDIS/HomeWork/output_Cu_twin/restart.122.exadis
Step =    123: nodes = 580, dt = 1.000000e-07, strain = 6.484206e-03, elapsed = 2.7 sec
Writing configuration in legacy data format
 Output file: /data/home/dg000246b/openDIS/HomeWork/output_Cu_twin/config.123.data
Writing restart file
 Restart file: /data/home/dg000246b/openDIS/HomeWork/output_Cu_twin/restart.123.exadis
Step =    124: nodes = 580, dt = 1.000000e-07, strain = 6.584206e-03, elapsed = 2.7 sec
Writing configuration in legacy data format
 Output file: /data/home/dg000246b/openDIS/HomeWork/output_Cu_twin/config.124.data
Writing restart file
 Restart file: /data/home/dg000246b/openDIS/HomeWork/output_Cu_twin/restart.124.exadis
Step =    125: nodes = 580, dt = 1.000000e-07, strain = 6.684206e-03, elapsed = 2.8 sec
Writing configuration in legacy data format
 Output file: /data/home/dg000246b/openDIS/HomeWork/output_Cu_twin/config.125.data
Writing restart file
 Restart file: /data/home/dg000246b/openDIS/HomeWork/output_Cu_twin/restart.125.exadis
Step =    126: nodes = 580, dt = 1.000000e-07, strain = 6.784206e-03, elapsed = 2.8 sec
Writing configuration in legacy data format
 Output file: /data/home/dg000246b/openDIS/HomeWork/output_Cu_twin/config.126.data
Writing restart file
 Restart file: /data/home/dg000246b/openDIS/HomeWork/output_Cu_twin/restart.126.exadis
Step =    127: nodes = 580, dt = 1.000000e-07, strain = 6.884206e-03, elapsed = 2.8 sec
Writing configuration in legacy data format
 Output file: /data/home/dg000246b/openDIS/HomeWork/output_Cu_twin/config.127.data
Writing restart file
 Restart file: /data/home/dg000246b/openDIS/HomeWork/output_Cu_twin/restart.127.exadis
Step =    128: nodes = 580, dt = 1.000000e-07, strain = 6.984206e-03, elapsed = 2.8 sec
Writing configuration in legacy data format
 Output file: /data/home/dg000246b/openDIS/HomeWork/output_Cu_twin/config.128.data
Writing restart file
 Restart file: /data/home/dg000246b/openDIS/HomeWork/output_Cu_twin/restart.128.exadis
Step =    129: nodes = 580, dt = 1.000000e-07, strain = 7.084206e-03, elapsed = 2.8 sec
Writing configuration in legacy data format
 Output file: /data/home/dg000246b/openDIS/HomeWork/output_Cu_twin/config.129.data
Writing restart file
 Restart file: /data/home/dg000246b/openDIS/HomeWork/output_Cu_twin/restart.129.exadis
Step =    130: nodes = 580, dt = 1.000000e-07, strain = 7.184206e-03, elapsed = 2.8 sec
Writing configuration in legacy data format
 Output file: /data/home/dg000246b/openDIS/HomeWork/output_Cu_twin/config.130.data
Writing restart file
 Restart file: /data/home/dg000246b/openDIS/HomeWork/output_Cu_twin/restart.130.exadis
Step =    131: nodes = 580, dt = 1.000000e-07, strain = 7.284206e-03, elapsed = 2.9 sec
Writing configuration in legacy data format
 Output file: /data/home/dg000246b/openDIS/HomeWork/output_Cu_twin/config.131.data
Writing restart file
 Restart file: /data/home/dg000246b/openDIS/HomeWork/output_Cu_twin/restart.131.exadis
Step =    132: nodes = 580, dt = 1.000000e-07, strain = 7.384206e-03, elapsed = 2.9 sec
Writing configuration in legacy data format
 Output file: /data/home/dg000246b/openDIS/HomeWork/output_Cu_twin/config.132.data
Writing restart file
 Restart file: /data/home/dg000246b/openDIS/HomeWork/output_Cu_twin/restart.132.exadis
Step =    133: nodes = 580, dt = 1.000000e-07, strain = 7.484206e-03, elapsed = 2.9 sec
Writing configuration in legacy data format
 Output file: /data/home/dg000246b/openDIS/HomeWork/output_Cu_twin/config.133.data
Writing restart file
 Restart file: /data/home/dg000246b/openDIS/HomeWork/output_Cu_twin/restart.133.exadis
Step =    134: nodes = 580, dt = 1.000000e-07, strain = 7.584206e-03, elapsed = 2.9 sec
Writing configuration in legacy data format
 Output file: /data/home/dg000246b/openDIS/HomeWork/output_Cu_twin/config.134.data
Writing restart file
 Restart file: /data/home/dg000246b/openDIS/HomeWork/output_Cu_twin/restart.134.exadis
Step =    135: nodes = 580, dt = 1.000000e-07, strain = 7.684206e-03, elapsed = 2.9 sec
Writing configuration in legacy data format
 Output file: /data/home/dg000246b/openDIS/HomeWork/output_Cu_twin/config.135.data
Writing restart file
 Restart file: /data/home/dg000246b/openDIS/HomeWork/output_Cu_twin/restart.135.exadis
Step =    136: nodes = 580, dt = 1.000000e-07, strain = 7.784206e-03, elapsed = 2.9 sec
Writing configuration in legacy data format
 Output file: /data/home/dg000246b/openDIS/HomeWork/output_Cu_twin/config.136.data
Writing restart file
 Restart file: /data/home/dg000246b/openDIS/HomeWork/output_Cu_twin/restart.136.exadis
Step =    137: nodes = 580, dt = 1.000000e-07, strain = 7.884206e-03, elapsed = 3.0 sec
Writing configuration in legacy data format
 Output file: /data/home/dg000246b/openDIS/HomeWork/output_Cu_twin/config.137.data
Writing restart file
 Restart file: /data/home/dg000246b/openDIS/HomeWork/output_Cu_twin/restart.137.exadis
Step =    138: nodes = 580, dt = 1.000000e-07, strain = 7.984206e-03, elapsed = 3.0 sec
Writing configuration in legacy data format
 Output file: /data/home/dg000246b/openDIS/HomeWork/output_Cu_twin/config.138.data
Writing restart file
 Restart file: /data/home/dg000246b/openDIS/HomeWork/output_Cu_twin/restart.138.exadis
Step =    139: nodes = 580, dt = 1.000000e-07, strain = 8.084206e-03, elapsed = 3.0 sec
Writing configuration in legacy data format
 Output file: /data/home/dg000246b/openDIS/HomeWork/output_Cu_twin/config.139.data
Writing restart file
 Restart file: /data/home/dg000246b/openDIS/HomeWork/output_Cu_twin/restart.139.exadis
Step =    140: nodes = 580, dt = 1.000000e-07, strain = 8.184206e-03, elapsed = 3.0 sec
Writing configuration in legacy data format
 Output file: /data/home/dg000246b/openDIS/HomeWork/output_Cu_twin/config.140.data
Writing restart file
 Restart file: /data/home/dg000246b/openDIS/HomeWork/output_Cu_twin/restart.140.exadis
Step =    141: nodes = 580, dt = 1.000000e-07, strain = 8.284206e-03, elapsed = 3.0 sec
Writing configuration in legacy data format
 Output file: /data/home/dg000246b/openDIS/HomeWork/output_Cu_twin/config.141.data
Writing restart file
 Restart file: /data/home/dg000246b/openDIS/HomeWork/output_Cu_twin/restart.141.exadis
Step =    142: nodes = 580, dt = 1.000000e-07, strain = 8.384206e-03, elapsed = 3.1 sec
Writing configuration in legacy data format
 Output file: /data/home/dg000246b/openDIS/HomeWork/output_Cu_twin/config.142.data
Writing restart file
 Restart file: /data/home/dg000246b/openDIS/HomeWork/output_Cu_twin/restart.142.exadis
Step =    143: nodes = 580, dt = 1.000000e-07, strain = 8.484206e-03, elapsed = 3.1 sec
Writing configuration in legacy data format
 Output file: /data/home/dg000246b/openDIS/HomeWork/output_Cu_twin/config.143.data
Writing restart file
 Restart file: /data/home/dg000246b/openDIS/HomeWork/output_Cu_twin/restart.143.exadis
Step =    144: nodes = 580, dt = 1.000000e-07, strain = 8.584206e-03, elapsed = 3.1 sec
Writing configuration in legacy data format
 Output file: /data/home/dg000246b/openDIS/HomeWork/output_Cu_twin/config.144.data
Writing restart file
 Restart file: /data/home/dg000246b/openDIS/HomeWork/output_Cu_twin/restart.144.exadis
Step =    145: nodes = 580, dt = 1.000000e-07, strain = 8.684206e-03, elapsed = 3.1 sec
Writing configuration in legacy data format
 Output file: /data/home/dg000246b/openDIS/HomeWork/output_Cu_twin/config.145.data
Writing restart file
 Restart file: /data/home/dg000246b/openDIS/HomeWork/output_Cu_twin/restart.145.exadis
Step =    146: nodes = 580, dt = 1.000000e-07, strain = 8.784206e-03, elapsed = 3.1 sec
Writing configuration in legacy data format
 Output file: /data/home/dg000246b/openDIS/HomeWork/output_Cu_twin/config.146.data
Writing restart file
 Restart file: /data/home/dg000246b/openDIS/HomeWork/output_Cu_twin/restart.146.exadis
Step =    147: nodes = 580, dt = 1.000000e-07, strain = 8.884206e-03, elapsed = 3.1 sec
Writing configuration in legacy data format
 Output file: /data/home/dg000246b/openDIS/HomeWork/output_Cu_twin/config.147.data
Writing restart file
 Restart file: /data/home/dg000246b/openDIS/HomeWork/output_Cu_twin/restart.147.exadis
Step =    148: nodes = 580, dt = 1.000000e-07, strain = 8.984206e-03, elapsed = 3.2 sec
Writing configuration in legacy data format
 Output file: /data/home/dg000246b/openDIS/HomeWork/output_Cu_twin/config.148.data
Writing restart file
 Restart file: /data/home/dg000246b/openDIS/HomeWork/output_Cu_twin/restart.148.exadis
Step =    149: nodes = 580, dt = 1.000000e-07, strain = 9.084206e-03, elapsed = 3.2 sec
Writing configuration in legacy data format
 Output file: /data/home/dg000246b/openDIS/HomeWork/output_Cu_twin/config.149.data
Writing restart file
 Restart file: /data/home/dg000246b/openDIS/HomeWork/output_Cu_twin/restart.149.exadis
Step =    150: nodes = 580, dt = 1.000000e-07, strain = 9.184206e-03, elapsed = 3.2 sec
Writing configuration in legacy data format
 Output file: /data/home/dg000246b/openDIS/HomeWork/output_Cu_twin/config.150.data
Writing restart file
 Restart file: /data/home/dg000246b/openDIS/HomeWork/output_Cu_twin/restart.150.exadis
Step =    151: nodes = 580, dt = 1.000000e-07, strain = 9.284206e-03, elapsed = 3.2 sec
Writing configuration in legacy data format
 Output file: /data/home/dg000246b/openDIS/HomeWork/output_Cu_twin/config.151.data
Writing restart file
 Restart file: /data/home/dg000246b/openDIS/HomeWork/output_Cu_twin/restart.151.exadis
Step =    152: nodes = 580, dt = 1.000000e-07, strain = 9.384206e-03, elapsed = 3.2 sec
Writing configuration in legacy data format
 Output file: /data/home/dg000246b/openDIS/HomeWork/output_Cu_twin/config.152.data
Writing restart file
 Restart file: /data/home/dg000246b/openDIS/HomeWork/output_Cu_twin/restart.152.exadis
Step =    153: nodes = 580, dt = 1.000000e-07, strain = 9.484206e-03, elapsed = 3.2 sec
Writing configuration in legacy data format
 Output file: /data/home/dg000246b/openDIS/HomeWork/output_Cu_twin/config.153.data
Writing restart file
 Restart file: /data/home/dg000246b/openDIS/HomeWork/output_Cu_twin/restart.153.exadis
Step =    154: nodes = 580, dt = 1.000000e-07, strain = 9.584206e-03, elapsed = 3.3 sec
Writing configuration in legacy data format
 Output file: /data/home/dg000246b/openDIS/HomeWork/output_Cu_twin/config.154.data
Writing restart file
 Restart file: /data/home/dg000246b/openDIS/HomeWork/output_Cu_twin/restart.154.exadis
Step =    155: nodes = 580, dt = 1.000000e-07, strain = 9.684206e-03, elapsed = 3.3 sec
Writing configuration in legacy data format
 Output file: /data/home/dg000246b/openDIS/HomeWork/output_Cu_twin/config.155.data
Writing restart file
 Restart file: /data/home/dg000246b/openDIS/HomeWork/output_Cu_twin/restart.155.exadis
Step =    156: nodes = 580, dt = 1.000000e-07, strain = 9.784206e-03, elapsed = 3.3 sec
Writing configuration in legacy data format
 Output file: /data/home/dg000246b/openDIS/HomeWork/output_Cu_twin/config.156.data
Writing restart file
 Restart file: /data/home/dg000246b/openDIS/HomeWork/output_Cu_twin/restart.156.exadis
Step =    157: nodes = 580, dt = 1.000000e-07, strain = 9.884206e-03, elapsed = 3.3 sec
Writing configuration in legacy data format
 Output file: /data/home/dg000246b/openDIS/HomeWork/output_Cu_twin/config.157.data
Writing restart file
 Restart file: /data/home/dg000246b/openDIS/HomeWork/output_Cu_twin/restart.157.exadis
Step =    158: nodes = 580, dt = 1.000000e-07, strain = 9.984206e-03, elapsed = 3.3 sec
Writing configuration in legacy data format
 Output file: /data/home/dg000246b/openDIS/HomeWork/output_Cu_twin/config.158.data
Writing restart file
 Restart file: /data/home/dg000246b/openDIS/HomeWork/output_Cu_twin/restart.158.exadis
Step =    159: nodes = 580, dt = 1.000000e-07, strain = 1.008421e-02, elapsed = 3.4 sec
Writing configuration in legacy data format
 Output file: /data/home/dg000246b/openDIS/HomeWork/output_Cu_twin/config.159.data
Writing restart file
 Restart file: /data/home/dg000246b/openDIS/HomeWork/output_Cu_twin/restart.159.exadis
----------------------------------------------
Force time:                1.344 sec (39.89%)
Mobility time:             0.031 sec (0.91%)
Integration time:          0.598 sec (17.76%)
Cross-slip time:           0.000 sec (0.00%)
Collision time:            0.244 sec (7.25%)
Topology time:             0.057 sec (1.68%)
Remesh time:               0.003 sec (0.10%)
Output time:               0.529 sec (15.69%)
----------------------------------------------
