Step =      0: nodes = 1908, dt = 0.000000e+00, strain = 0.000000e+00, elapsed = 0.0 sec
Writing configuration in legacy data format
 Output file: /data/home/dg000246b/openDIS/HomeWork/output_Cu_fcc/config.0.data
Writing restart file
 Restart file: /data/home/dg000246b/openDIS/HomeWork/output_Cu_fcc/restart.0.exadis
Run until reaching strain = 0.010000
Step =      1: nodes = 1908, dt = 1.000000e-09, strain = 1.000000e-06, elapsed = 0.8 sec
Step =      2: nodes = 1908, dt = 1.200000e-09, strain = 2.200000e-06, elapsed = 1.5 sec
Step =      3: nodes = 1908, dt = 1.440000e-09, strain = 3.640000e-06, elapsed = 2.6 sec
Step =      4: nodes = 1911, dt = 1.728000e-09, strain = 5.368000e-06, elapsed = 3.9 sec
Step =      5: nodes = 1911, dt = 2.073600e-09, strain = 7.441600e-06, elapsed = 5.9 sec
Step =      6: nodes = 1954, dt = 2.488320e-09, strain = 9.929920e-06, elapsed = 8.1 sec
Step =      7: nodes = 2050, dt = 2.985984e-09, strain = 1.291590e-05, elapsed = 16.1 sec
Step =      8: nodes = 2082, dt = 3.583181e-09, strain = 1.649908e-05, elapsed = 33.5 sec
Step =      9: nodes = 2074, dt = 4.299817e-09, strain = 2.079890e-05, elapsed = 57.0 sec
Step =     10: nodes = 2134, dt = 2.579890e-09, strain = 2.337879e-05, elapsed = 72.7 sec
Step =     11: nodes = 2179, dt = 2.579890e-09, strain = 2.595868e-05, elapsed = 85.0 sec
Step =     12: nodes = 2198, dt = 3.095868e-09, strain = 2.905455e-05, elapsed = 100.0 sec
Step =     13: nodes = 2248, dt = 3.715042e-09, strain = 3.276959e-05, elapsed = 121.7 sec
Step =     14: nodes = 2251, dt = 4.458050e-09, strain = 3.722764e-05, elapsed = 215.7 sec
Step =     15: nodes = 2218, dt = 5.349660e-09, strain = 4.257730e-05, elapsed = 269.2 sec
Step =     16: nodes = 2230, dt = 1.604898e-09, strain = 4.418220e-05, elapsed = 286.0 sec
Step =     17: nodes = 2235, dt = 1.604898e-09, strain = 4.578710e-05, elapsed = 299.1 sec
Step =     18: nodes = 2250, dt = 1.925878e-09, strain = 4.771298e-05, elapsed = 313.8 sec
Step =     19: nodes = 2276, dt = 2.311053e-09, strain = 5.002403e-05, elapsed = 330.4 sec
Step =     20: nodes = 2299, dt = 2.773264e-09, strain = 5.279729e-05, elapsed = 377.2 sec
Step =     21: nodes = 2299, dt = 3.327917e-09, strain = 5.612521e-05, elapsed = 409.9 sec
Step =     22: nodes = 2330, dt = 3.993500e-09, strain = 6.011871e-05, elapsed = 447.3 sec
Step =     23: nodes = 2354, dt = 4.792200e-09, strain = 6.491091e-05, elapsed = 519.7 sec
Step =     24: nodes = 2373, dt = 5.750640e-09, strain = 7.066155e-05, elapsed = 1001.7 sec
Step =     25: nodes = 2366, dt = 1.725192e-09, strain = 7.238674e-05, elapsed = 1041.2 sec
Step =     26: nodes = 2352, dt = 1.725192e-09, strain = 7.411193e-05, elapsed = 1158.9 sec
Step =     27: nodes = 2340, dt = 1.035115e-09, strain = 7.514705e-05, elapsed = 1180.9 sec
Step =     28: nodes = 2340, dt = 1.035115e-09, strain = 7.618216e-05, elapsed = 1193.1 sec
Step =     29: nodes = 2342, dt = 1.242138e-09, strain = 7.742430e-05, elapsed = 1208.8 sec
Step =     30: nodes = 2343, dt = 1.490566e-09, strain = 7.891487e-05, elapsed = 1222.0 sec
Step =     31: nodes = 2338, dt = 1.788679e-09, strain = 8.070355e-05, elapsed = 1239.2 sec
Step =     32: nodes = 2350, dt = 2.146415e-09, strain = 8.284996e-05, elapsed = 1296.7 sec
Step =     33: nodes = 2366, dt = 2.575698e-09, strain = 8.542566e-05, elapsed = 1390.8 sec
Step =     34: nodes = 2385, dt = 3.090837e-09, strain = 8.851650e-05, elapsed = 1429.6 sec
Step =     35: nodes = 2372, dt = 3.709005e-09, strain = 9.222550e-05, elapsed = 1488.4 sec
Step =     36: nodes = 2347, dt = 4.450806e-09, strain = 9.667631e-05, elapsed = 1556.9 sec
Step =     37: nodes = 2367, dt = 5.340967e-09, strain = 1.020173e-04, elapsed = 1771.9 sec
Step =     38: nodes = 2364, dt = 1.602290e-09, strain = 1.036196e-04, elapsed = 1814.9 sec
Step =     39: nodes = 2371, dt = 1.602290e-09, strain = 1.052219e-04, elapsed = 1837.4 sec
Step =     40: nodes = 2368, dt = 1.922748e-09, strain = 1.071446e-04, elapsed = 1860.1 sec
Step =     41: nodes = 2392, dt = 2.307298e-09, strain = 1.094519e-04, elapsed = 1928.3 sec
Step =     42: nodes = 2390, dt = 2.768757e-09, strain = 1.122207e-04, elapsed = 1964.1 sec
Step =     43: nodes = 2403, dt = 3.322509e-09, strain = 1.155432e-04, elapsed = 2058.3 sec
Step =     44: nodes = 2427, dt = 3.987011e-09, strain = 1.195302e-04, elapsed = 2149.9 sec
Step =     45: nodes = 2446, dt = 4.784413e-09, strain = 1.243146e-04, elapsed = 2363.8 sec
Step =     46: nodes = 2452, dt = 1.435324e-09, strain = 1.257499e-04, elapsed = 2385.1 sec
Step =     47: nodes = 2439, dt = 1.435324e-09, strain = 1.271852e-04, elapsed = 2436.7 sec
Step =     48: nodes = 2445, dt = 1.722389e-09, strain = 1.289076e-04, elapsed = 2468.6 sec
Step =     49: nodes = 2428, dt = 2.066866e-09, strain = 1.309745e-04, elapsed = 2546.3 sec
Step =     50: nodes = 2423, dt = 2.480240e-09, strain = 1.334547e-04, elapsed = 2574.2 sec
Step =     51: nodes = 2426, dt = 2.976287e-09, strain = 1.364310e-04, elapsed = 2609.0 sec
Step =     52: nodes = 2391, dt = 3.571545e-09, strain = 1.400026e-04, elapsed = 2654.4 sec
Step =     53: nodes = 2396, dt = 4.285854e-09, strain = 1.442884e-04, elapsed = 2710.6 sec
Step =     54: nodes = 2414, dt = 5.143025e-09, strain = 1.494314e-04, elapsed = 2837.9 sec
Step =     55: nodes = 2411, dt = 1.542907e-09, strain = 1.509744e-04, elapsed = 2906.6 sec
Step =     56: nodes = 2399, dt = 1.542907e-09, strain = 1.525173e-04, elapsed = 2928.7 sec
Step =     57: nodes = 2397, dt = 1.851489e-09, strain = 1.543687e-04, elapsed = 2949.4 sec
Step =     58: nodes = 2406, dt = 2.221787e-09, strain = 1.565905e-04, elapsed = 2978.8 sec
Step =     59: nodes = 2404, dt = 2.666144e-09, strain = 1.592567e-04, elapsed = 3013.9 sec
Step =     60: nodes = 2405, dt = 3.199373e-09, strain = 1.624561e-04, elapsed = 3087.6 sec
Step =     61: nodes = 2397, dt = 3.839247e-09, strain = 1.662953e-04, elapsed = 3276.2 sec
Step =     62: nodes = 2413, dt = 4.607097e-09, strain = 1.709024e-04, elapsed = 3520.1 sec
Step =     63: nodes = 2427, dt = 5.528516e-09, strain = 1.764309e-04, elapsed = 3678.6 sec
Step =     64: nodes = 2399, dt = 1.658555e-09, strain = 1.780895e-04, elapsed = 3770.4 sec
Step =     65: nodes = 2403, dt = 1.658555e-09, strain = 1.797480e-04, elapsed = 3792.0 sec
Step =     66: nodes = 2397, dt = 1.990266e-09, strain = 1.817383e-04, elapsed = 3814.2 sec
Step =     67: nodes = 2398, dt = 2.388319e-09, strain = 1.841266e-04, elapsed = 3856.3 sec
Step =     68: nodes = 2392, dt = 2.865983e-09, strain = 1.869926e-04, elapsed = 3908.8 sec
Step =     69: nodes = 2401, dt = 3.439179e-09, strain = 1.904318e-04, elapsed = 4011.8 sec
Step =     70: nodes = 2389, dt = 4.127015e-09, strain = 1.945588e-04, elapsed = 4121.0 sec
Step =     71: nodes = 2384, dt = 1.238105e-09, strain = 1.957969e-04, elapsed = 4140.2 sec
Step =     72: nodes = 2361, dt = 1.238105e-09, strain = 1.970350e-04, elapsed = 4159.5 sec
Step =     73: nodes = 2352, dt = 1.485725e-09, strain = 1.985207e-04, elapsed = 4175.9 sec
Step =     74: nodes = 2341, dt = 1.782871e-09, strain = 2.003036e-04, elapsed = 4205.0 sec
Step =     75: nodes = 2356, dt = 2.139445e-09, strain = 2.024430e-04, elapsed = 4228.6 sec
Step =     76: nodes = 2363, dt = 2.567334e-09, strain = 2.050104e-04, elapsed = 4258.0 sec
Step =     77: nodes = 2372, dt = 3.080800e-09, strain = 2.080912e-04, elapsed = 4296.7 sec
Step =     78: nodes = 2369, dt = 3.696960e-09, strain = 2.117881e-04, elapsed = 4449.9 sec
Step =     79: nodes = 2371, dt = 4.436353e-09, strain = 2.162245e-04, elapsed = 4558.9 sec
Step =     80: nodes = 2403, dt = 5.323623e-09, strain = 2.215481e-04, elapsed = 4834.1 sec
Step =     81: nodes = 2386, dt = 1.597087e-09, strain = 2.231452e-04, elapsed = 4864.5 sec
Step =     82: nodes = 2369, dt = 1.597087e-09, strain = 2.247423e-04, elapsed = 4884.5 sec
Step =     83: nodes = 2382, dt = 1.916504e-09, strain = 2.266588e-04, elapsed = 4904.7 sec
Step =     84: nodes = 2399, dt = 2.299805e-09, strain = 2.289586e-04, elapsed = 5016.9 sec
Step =     85: nodes = 2408, dt = 2.759766e-09, strain = 2.317184e-04, elapsed = 5060.8 sec
Step =     86: nodes = 2399, dt = 3.311719e-09, strain = 2.350301e-04, elapsed = 5137.9 sec
Step =     87: nodes = 2377, dt = 9.935158e-10, strain = 2.360236e-04, elapsed = 5150.8 sec
Step =     88: nodes = 2371, dt = 9.935158e-10, strain = 2.370171e-04, elapsed = 5162.2 sec
Step =     89: nodes = 2366, dt = 1.192219e-09, strain = 2.382093e-04, elapsed = 5174.9 sec
Step =     90: nodes = 2370, dt = 1.430663e-09, strain = 2.396400e-04, elapsed = 5191.6 sec
Step =     91: nodes = 2355, dt = 1.716795e-09, strain = 2.413568e-04, elapsed = 5208.6 sec
Step =     92: nodes = 2360, dt = 2.060154e-09, strain = 2.434169e-04, elapsed = 5228.5 sec
Step =     93: nodes = 2362, dt = 2.472185e-09, strain = 2.458891e-04, elapsed = 5256.2 sec
Step =     94: nodes = 2356, dt = 2.966622e-09, strain = 2.488557e-04, elapsed = 5292.1 sec
Step =     95: nodes = 2355, dt = 3.559947e-09, strain = 2.524157e-04, elapsed = 5337.8 sec
Step =     96: nodes = 2367, dt = 4.271936e-09, strain = 2.566876e-04, elapsed = 5459.9 sec
Step =     97: nodes = 2361, dt = 1.281581e-09, strain = 2.579692e-04, elapsed = 5510.0 sec
Step =     98: nodes = 2352, dt = 1.281581e-09, strain = 2.592508e-04, elapsed = 5526.8 sec
Step =     99: nodes = 2354, dt = 1.537897e-09, strain = 2.607887e-04, elapsed = 5542.3 sec
Step =    100: nodes = 2365, dt = 1.845476e-09, strain = 2.626342e-04, elapsed = 5565.6 sec
Writing configuration in legacy data format
 Output file: /data/home/dg000246b/openDIS/HomeWork/output_Cu_fcc/config.100.data
Writing restart file
 Restart file: /data/home/dg000246b/openDIS/HomeWork/output_Cu_fcc/restart.100.exadis
Step =    101: nodes = 2379, dt = 2.214572e-09, strain = 2.648487e-04, elapsed = 5590.0 sec
Step =    102: nodes = 2395, dt = 2.657486e-09, strain = 2.675062e-04, elapsed = 5663.1 sec
Step =    103: nodes = 2396, dt = 3.188983e-09, strain = 2.706952e-04, elapsed = 5703.2 sec
Step =    104: nodes = 2403, dt = 3.826780e-09, strain = 2.745220e-04, elapsed = 5824.1 sec
Step =    105: nodes = 2439, dt = 4.592136e-09, strain = 2.791141e-04, elapsed = 5970.6 sec
Step =    106: nodes = 2420, dt = 1.377641e-09, strain = 2.804918e-04, elapsed = 5999.9 sec
Step =    107: nodes = 2407, dt = 1.377641e-09, strain = 2.818694e-04, elapsed = 6016.7 sec
Step =    108: nodes = 2402, dt = 1.653169e-09, strain = 2.835226e-04, elapsed = 6036.7 sec
Step =    109: nodes = 2413, dt = 1.983803e-09, strain = 2.855064e-04, elapsed = 6105.4 sec
Step =    110: nodes = 2417, dt = 2.380563e-09, strain = 2.878869e-04, elapsed = 6221.9 sec
Step =    111: nodes = 2426, dt = 2.856676e-09, strain = 2.907436e-04, elapsed = 6360.1 sec
Step =    112: nodes = 2416, dt = 3.428011e-09, strain = 2.941716e-04, elapsed = 6418.6 sec
Step =    113: nodes = 2447, dt = 4.113613e-09, strain = 2.982852e-04, elapsed = 6539.8 sec
Step =    114: nodes = 2436, dt = 2.468168e-09, strain = 3.007534e-04, elapsed = 6606.5 sec
Step =    115: nodes = 2445, dt = 2.468168e-09, strain = 3.032216e-04, elapsed = 6648.0 sec
Step =    116: nodes = 2434, dt = 2.961802e-09, strain = 3.061834e-04, elapsed = 6719.1 sec
Step =    117: nodes = 2466, dt = 3.554162e-09, strain = 3.097375e-04, elapsed = 6811.7 sec
Step =    118: nodes = 2445, dt = 2.132497e-09, strain = 3.118700e-04, elapsed = 6865.1 sec
Step =    119: nodes = 2453, dt = 2.132497e-09, strain = 3.140025e-04, elapsed = 6896.0 sec
Step =    120: nodes = 2453, dt = 2.558997e-09, strain = 3.165615e-04, elapsed = 7008.2 sec
Step =    121: nodes = 2458, dt = 3.070796e-09, strain = 3.196323e-04, elapsed = 7396.1 sec
Step =    122: nodes = 2460, dt = 3.684955e-09, strain = 3.233173e-04, elapsed = 7509.6 sec
Step =    123: nodes = 2499, dt = 4.421946e-09, strain = 3.277392e-04, elapsed = 7637.0 sec
Step =    124: nodes = 2479, dt = 2.653168e-09, strain = 3.303924e-04, elapsed = 7741.3 sec
Step =    125: nodes = 2461, dt = 6.632919e-10, strain = 3.310557e-04, elapsed = 7749.7 sec
Step =    126: nodes = 2435, dt = 6.632919e-10, strain = 3.317190e-04, elapsed = 7757.1 sec
Step =    127: nodes = 2443, dt = 7.959503e-10, strain = 3.325149e-04, elapsed = 7765.9 sec
Step =    128: nodes = 2433, dt = 9.551403e-10, strain = 3.334701e-04, elapsed = 7773.8 sec
Step =    129: nodes = 2416, dt = 1.146168e-09, strain = 3.346162e-04, elapsed = 7784.9 sec
Step =    130: nodes = 2426, dt = 1.375402e-09, strain = 3.359916e-04, elapsed = 7798.6 sec
Step =    131: nodes = 2432, dt = 1.650483e-09, strain = 3.376421e-04, elapsed = 7813.1 sec
Step =    132: nodes = 2439, dt = 1.980579e-09, strain = 3.396227e-04, elapsed = 7830.5 sec
Step =    133: nodes = 2446, dt = 2.376695e-09, strain = 3.419994e-04, elapsed = 7849.7 sec
Step =    134: nodes = 2460, dt = 2.852034e-09, strain = 3.448514e-04, elapsed = 7880.7 sec
Step =    135: nodes = 2482, dt = 3.422441e-09, strain = 3.482739e-04, elapsed = 7970.7 sec
Step =    136: nodes = 2510, dt = 4.106929e-09, strain = 3.523808e-04, elapsed = 8177.1 sec
Step =    137: nodes = 2474, dt = 1.232079e-09, strain = 3.536129e-04, elapsed = 8221.1 sec
Step =    138: nodes = 2468, dt = 1.232079e-09, strain = 3.548450e-04, elapsed = 8234.0 sec
Step =    139: nodes = 2489, dt = 1.478494e-09, strain = 3.563234e-04, elapsed = 8272.1 sec
Step =    140: nodes = 2489, dt = 1.774193e-09, strain = 3.580976e-04, elapsed = 8294.5 sec
Step =    141: nodes = 2491, dt = 2.129032e-09, strain = 3.602267e-04, elapsed = 8314.7 sec
Step =    142: nodes = 2494, dt = 2.554838e-09, strain = 3.627815e-04, elapsed = 8344.2 sec
Step =    143: nodes = 2512, dt = 3.065806e-09, strain = 3.658473e-04, elapsed = 8387.3 sec
Step =    144: nodes = 2533, dt = 3.678967e-09, strain = 3.695263e-04, elapsed = 8480.2 sec
Step =    145: nodes = 2513, dt = 1.103690e-09, strain = 3.706300e-04, elapsed = 8533.1 sec
Step =    146: nodes = 2505, dt = 1.103690e-09, strain = 3.717337e-04, elapsed = 8543.4 sec
Step =    147: nodes = 2510, dt = 1.324428e-09, strain = 3.730581e-04, elapsed = 8554.7 sec
Step =    148: nodes = 2487, dt = 1.589314e-09, strain = 3.746474e-04, elapsed = 8571.0 sec
Step =    149: nodes = 2492, dt = 1.907176e-09, strain = 3.765546e-04, elapsed = 8591.5 sec
Step =    150: nodes = 2486, dt = 2.288612e-09, strain = 3.788432e-04, elapsed = 8616.1 sec
Step =    151: nodes = 2520, dt = 2.746334e-09, strain = 3.815895e-04, elapsed = 8652.2 sec
Step =    152: nodes = 2510, dt = 1.647800e-09, strain = 3.832373e-04, elapsed = 8673.1 sec
Step =    153: nodes = 2501, dt = 1.647800e-09, strain = 3.848851e-04, elapsed = 8690.7 sec
Step =    154: nodes = 2508, dt = 1.977361e-09, strain = 3.868625e-04, elapsed = 8750.8 sec
Step =    155: nodes = 2518, dt = 2.372833e-09, strain = 3.892353e-04, elapsed = 8778.5 sec
Step =    156: nodes = 2532, dt = 2.847399e-09, strain = 3.920827e-04, elapsed = 8830.0 sec
Step =    157: nodes = 2573, dt = 3.416879e-09, strain = 3.954996e-04, elapsed = 8923.6 sec
Step =    158: nodes = 2587, dt = 4.100255e-09, strain = 3.995999e-04, elapsed = 9041.9 sec
Step =    159: nodes = 2576, dt = 2.460153e-09, strain = 4.020600e-04, elapsed = 9244.4 sec
Step =    160: nodes = 2579, dt = 2.460153e-09, strain = 4.045202e-04, elapsed = 9304.5 sec
Step =    161: nodes = 2609, dt = 2.952184e-09, strain = 4.074723e-04, elapsed = 9387.0 sec
Step =    162: nodes = 2621, dt = 3.542620e-09, strain = 4.110150e-04, elapsed = 9481.8 sec
Step =    163: nodes = 2597, dt = 2.125572e-09, strain = 4.131405e-04, elapsed = 9545.7 sec
Step =    164: nodes = 2587, dt = 2.125572e-09, strain = 4.152661e-04, elapsed = 9594.5 sec
Step =    165: nodes = 2618, dt = 2.550687e-09, strain = 4.178168e-04, elapsed = 9668.7 sec
Step =    166: nodes = 2610, dt = 3.060824e-09, strain = 4.208776e-04, elapsed = 9763.4 sec
Step =    167: nodes = 2670, dt = 3.672989e-09, strain = 4.245506e-04, elapsed = 9898.8 sec
Step =    168: nodes = 2644, dt = 2.203793e-09, strain = 4.267544e-04, elapsed = 9951.5 sec
Step =    169: nodes = 2626, dt = 2.203793e-09, strain = 4.289582e-04, elapsed = 10010.5 sec
Step =    170: nodes = 2623, dt = 2.644552e-09, strain = 4.316027e-04, elapsed = 10070.0 sec
Step =    171: nodes = 2666, dt = 3.173462e-09, strain = 4.347762e-04, elapsed = 10164.3 sec
Step =    172: nodes = 2677, dt = 3.808155e-09, strain = 4.385844e-04, elapsed = 10298.5 sec
Step =    173: nodes = 2764, dt = 4.569786e-09, strain = 4.431541e-04, elapsed = 10527.0 sec
Step =    174: nodes = 2810, dt = 2.741871e-09, strain = 4.458960e-04, elapsed = 10664.3 sec
Step =    175: nodes = 2851, dt = 2.741871e-09, strain = 4.486379e-04, elapsed = 11116.5 sec
Step =    176: nodes = 3012, dt = 3.290246e-09, strain = 4.519281e-04, elapsed = 11379.1 sec
Step =    177: nodes = 3091, dt = 9.870737e-10, strain = 4.529152e-04, elapsed = 11525.7 sec
Step =    178: nodes = 3166, dt = 9.870737e-10, strain = 4.539023e-04, elapsed = 11709.8 sec
Step =    179: nodes = 3097, dt = 1.184488e-09, strain = 4.550868e-04, elapsed = 11997.0 sec
Step =    180: nodes = 3030, dt = 7.106931e-10, strain = 4.557975e-04, elapsed = 12131.4 sec
Step =    181: nodes = 2943, dt = 7.106931e-10, strain = 4.565082e-04, elapsed = 12286.7 sec
Step =    182: nodes = 2890, dt = 8.528317e-10, strain = 4.573610e-04, elapsed = 12400.5 sec
Step =    183: nodes = 2893, dt = 1.023398e-09, strain = 4.583844e-04, elapsed = 12456.9 sec
Step =    184: nodes = 2927, dt = 1.228078e-09, strain = 4.596125e-04, elapsed = 12512.1 sec
Step =    185: nodes = 2947, dt = 1.473693e-09, strain = 4.610862e-04, elapsed = 12779.2 sec
Step =    186: nodes = 2978, dt = 8.842159e-10, strain = 4.619704e-04, elapsed = 12826.2 sec
Step =    187: nodes = 3028, dt = 8.842159e-10, strain = 4.628546e-04, elapsed = 12877.4 sec
Step =    188: nodes = 3112, dt = 1.061059e-09, strain = 4.639156e-04, elapsed = 13028.4 sec
Step =    189: nodes = 3258, dt = 1.273271e-09, strain = 4.651889e-04, elapsed = 13176.2 sec
Step =    190: nodes = 3423, dt = 1.527925e-09, strain = 4.667168e-04, elapsed = 13465.6 sec
Step =    191: nodes = 3446, dt = 9.167550e-10, strain = 4.676336e-04, elapsed = 13665.5 sec
Step =    192: nodes = 3452, dt = 9.167550e-10, strain = 4.685504e-04, elapsed = 13844.9 sec
Step =    193: nodes = 3479, dt = 1.100106e-09, strain = 4.696505e-04, elapsed = 14042.3 sec
Step =    194: nodes = 3609, dt = 1.320127e-09, strain = 4.709706e-04, elapsed = 14206.6 sec
Step =    195: nodes = 3727, dt = 1.584153e-09, strain = 4.725547e-04, elapsed = 14560.5 sec
Step =    196: nodes = 3703, dt = 4.752458e-10, strain = 4.730300e-04, elapsed = 14620.8 sec
Step =    197: nodes = 3730, dt = 4.752458e-10, strain = 4.735052e-04, elapsed = 14704.6 sec
Step =    198: nodes = 3764, dt = 5.702950e-10, strain = 4.740755e-04, elapsed = 14812.3 sec
Step =    199: nodes = 3837, dt = 6.843539e-10, strain = 4.747599e-04, elapsed = 14898.8 sec
Step =    200: nodes = 3877, dt = 8.212247e-10, strain = 4.755811e-04, elapsed = 15117.1 sec
Writing configuration in legacy data format
 Output file: /data/home/dg000246b/openDIS/HomeWork/output_Cu_fcc/config.200.data
Writing restart file
 Restart file: /data/home/dg000246b/openDIS/HomeWork/output_Cu_fcc/restart.200.exadis
Step =    201: nodes = 3913, dt = 9.854697e-10, strain = 4.765666e-04, elapsed = 15445.4 sec
Step =    202: nodes = 3960, dt = 1.182564e-09, strain = 4.777491e-04, elapsed = 15817.1 sec
Step =    203: nodes = 4101, dt = 1.419076e-09, strain = 4.791682e-04, elapsed = 16247.3 sec
Step =    204: nodes = 4275, dt = 1.702892e-09, strain = 4.808711e-04, elapsed = 16698.9 sec
Step =    205: nodes = 4387, dt = 1.021735e-09, strain = 4.818928e-04, elapsed = 16920.0 sec
Step =    206: nodes = 4380, dt = 1.021735e-09, strain = 4.829146e-04, elapsed = 17290.0 sec
Step =    207: nodes = 4365, dt = 6.130410e-10, strain = 4.835276e-04, elapsed = 17475.2 sec
Step =    208: nodes = 4295, dt = 3.065205e-10, strain = 4.838341e-04, elapsed = 17543.1 sec
Step =    209: nodes = 4266, dt = 1.532602e-10, strain = 4.839874e-04, elapsed = 17562.2 sec
Step =    210: nodes = 4253, dt = 1.532602e-10, strain = 4.841407e-04, elapsed = 17575.9 sec
Step =    211: nodes = 4249, dt = 1.839123e-10, strain = 4.843246e-04, elapsed = 17605.6 sec
Step =    212: nodes = 4240, dt = 2.206948e-10, strain = 4.845453e-04, elapsed = 17632.1 sec
Step =    213: nodes = 4241, dt = 2.648337e-10, strain = 4.848101e-04, elapsed = 17692.7 sec
Step =    214: nodes = 4247, dt = 3.178004e-10, strain = 4.851279e-04, elapsed = 17728.0 sec
Step =    215: nodes = 4268, dt = 3.813605e-10, strain = 4.855093e-04, elapsed = 17837.9 sec
Step =    216: nodes = 4288, dt = 4.576326e-10, strain = 4.859669e-04, elapsed = 17948.2 sec
Step =    217: nodes = 4314, dt = 5.491592e-10, strain = 4.865161e-04, elapsed = 18118.1 sec
Step =    218: nodes = 4330, dt = 3.294955e-10, strain = 4.868455e-04, elapsed = 18163.3 sec
Step =    219: nodes = 4344, dt = 3.294955e-10, strain = 4.871750e-04, elapsed = 18187.3 sec
Step =    220: nodes = 4366, dt = 3.953946e-10, strain = 4.875704e-04, elapsed = 18234.1 sec
Step =    221: nodes = 4375, dt = 4.744735e-10, strain = 4.880449e-04, elapsed = 18325.2 sec
Step =    222: nodes = 4345, dt = 5.693682e-10, strain = 4.886143e-04, elapsed = 18552.3 sec
Step =    223: nodes = 4285, dt = 3.416209e-10, strain = 4.889559e-04, elapsed = 18646.6 sec
Step =    224: nodes = 4283, dt = 3.416209e-10, strain = 4.892975e-04, elapsed = 18728.0 sec
Step =    225: nodes = 4279, dt = 4.099451e-10, strain = 4.897075e-04, elapsed = 18856.7 sec
Step =    226: nodes = 4182, dt = 4.919341e-10, strain = 4.901994e-04, elapsed = 19029.2 sec
Step =    227: nodes = 4182, dt = 5.903210e-10, strain = 4.907897e-04, elapsed = 19193.0 sec
Step =    228: nodes = 4210, dt = 7.083852e-10, strain = 4.914981e-04, elapsed = 19367.6 sec
Step =    229: nodes = 4269, dt = 8.500622e-10, strain = 4.923482e-04, elapsed = 19658.3 sec
Step =    230: nodes = 4362, dt = 1.020075e-09, strain = 4.933682e-04, elapsed = 20002.9 sec
Step =    231: nodes = 4308, dt = 6.120448e-10, strain = 4.939803e-04, elapsed = 20251.0 sec
Step =    232: nodes = 4145, dt = 6.120448e-10, strain = 4.945923e-04, elapsed = 20492.7 sec
Step =    233: nodes = 4104, dt = 3.672269e-10, strain = 4.949596e-04, elapsed = 20555.8 sec
Error: MAX_CONN = 15 exceeded during merge_node()
Error: MAX_CONN = 15 exceeded during merge_node()
Step =    234: nodes = 4112, dt = 3.672269e-10, strain = 4.953268e-04, elapsed = 20650.7 sec
Step =    235: nodes = 4089, dt = 4.406722e-10, strain = 4.957675e-04, elapsed = 20771.6 sec
Step =    236: nodes = 4026, dt = 5.288067e-10, strain = 4.962963e-04, elapsed = 20991.6 sec
Error: MAX_CONN = 15 exceeded during merge_node()
Error: MAX_CONN = 15 exceeded during merge_node()
Error: MAX_CONN = 15 exceeded during merge_node()
Error: MAX_CONN = 15 exceeded during merge_node()
Error: MAX_CONN = 15 exceeded during merge_node()
Error: MAX_CONN = 15 exceeded during merge_node()
Error: MAX_CONN = 15 exceeded during merge_node()
Step =    237: nodes = 3991, dt = 3.172840e-10, strain = 4.966135e-04, elapsed = 21080.8 sec
Step =    238: nodes = 3891, dt = 3.172840e-10, strain = 4.969308e-04, elapsed = 21184.6 sec
Step =    239: nodes = 3808, dt = 1.903704e-10, strain = 4.971212e-04, elapsed = 21225.3 sec
Step =    240: nodes = 3777, dt = 1.903704e-10, strain = 4.973116e-04, elapsed = 21255.8 sec
Step =    241: nodes = 3762, dt = 2.284445e-10, strain = 4.975400e-04, elapsed = 21301.2 sec
Step =    242: nodes = 3732, dt = 2.741334e-10, strain = 4.978142e-04, elapsed = 21355.4 sec
Step =    243: nodes = 3686, dt = 3.289601e-10, strain = 4.981431e-04, elapsed = 21445.3 sec
Step =    244: nodes = 3658, dt = 3.947521e-10, strain = 4.985379e-04, elapsed = 21539.1 sec
Step =    245: nodes = 3608, dt = 2.368513e-10, strain = 4.987747e-04, elapsed = 21598.6 sec
Step =    246: nodes = 3563, dt = 2.368513e-10, strain = 4.990116e-04, elapsed = 21643.2 sec
Step =    247: nodes = 3527, dt = 2.842215e-10, strain = 4.992958e-04, elapsed = 21678.5 sec
Step =    248: nodes = 3502, dt = 3.410658e-10, strain = 4.996369e-04, elapsed = 21728.6 sec
Step =    249: nodes = 3478, dt = 2.046395e-10, strain = 4.998415e-04, elapsed = 21750.9 sec
Step =    250: nodes = 3459, dt = 2.046395e-10, strain = 5.000461e-04, elapsed = 21763.8 sec
Step =    251: nodes = 3451, dt = 2.455674e-10, strain = 5.002917e-04, elapsed = 21773.4 sec
Step =    252: nodes = 3441, dt = 2.946809e-10, strain = 5.005864e-04, elapsed = 21801.7 sec
Step =    253: nodes = 3443, dt = 3.536170e-10, strain = 5.009400e-04, elapsed = 21834.6 sec
Step =    254: nodes = 3436, dt = 4.243404e-10, strain = 5.013643e-04, elapsed = 21875.5 sec
Step =    255: nodes = 3434, dt = 5.092085e-10, strain = 5.018735e-04, elapsed = 21899.3 sec
Step =    256: nodes = 3441, dt = 6.110502e-10, strain = 5.024846e-04, elapsed = 21925.2 sec
Step =    257: nodes = 3463, dt = 7.332603e-10, strain = 5.032179e-04, elapsed = 21992.5 sec
Step =    258: nodes = 3475, dt = 8.799123e-10, strain = 5.040978e-04, elapsed = 22104.0 sec
Step =    259: nodes = 3507, dt = 1.055895e-09, strain = 5.051537e-04, elapsed = 22234.8 sec
Step =    260: nodes = 3507, dt = 1.267074e-09, strain = 5.064207e-04, elapsed = 22410.6 sec
Step =    261: nodes = 3550, dt = 1.520488e-09, strain = 5.079412e-04, elapsed = 22845.1 sec
Step =    262: nodes = 3517, dt = 9.122931e-10, strain = 5.088535e-04, elapsed = 22995.2 sec
Step =    263: nodes = 3447, dt = 9.122931e-10, strain = 5.097658e-04, elapsed = 23282.6 sec
Step =    264: nodes = 3395, dt = 2.736879e-10, strain = 5.100395e-04, elapsed = 23298.3 sec
Step =    265: nodes = 3355, dt = 2.736879e-10, strain = 5.103132e-04, elapsed = 23356.8 sec
Step =    266: nodes = 3338, dt = 3.284255e-10, strain = 5.106416e-04, elapsed = 23399.5 sec
Step =    267: nodes = 3323, dt = 3.941106e-10, strain = 5.110357e-04, elapsed = 23420.0 sec
Step =    268: nodes = 3304, dt = 4.729327e-10, strain = 5.115087e-04, elapsed = 23533.7 sec
Step =    269: nodes = 3295, dt = 5.675193e-10, strain = 5.120762e-04, elapsed = 23570.2 sec
Step =    270: nodes = 3286, dt = 6.810231e-10, strain = 5.127572e-04, elapsed = 23639.8 sec
Step =    271: nodes = 3270, dt = 8.172278e-10, strain = 5.135744e-04, elapsed = 23863.0 sec
Step =    272: nodes = 3287, dt = 9.806733e-10, strain = 5.145551e-04, elapsed = 23937.3 sec
Step =    273: nodes = 3276, dt = 1.176808e-09, strain = 5.157319e-04, elapsed = 24037.9 sec
Step =    274: nodes = 3273, dt = 1.412170e-09, strain = 5.171441e-04, elapsed = 24178.2 sec
Step =    275: nodes = 3277, dt = 1.694603e-09, strain = 5.188387e-04, elapsed = 24333.3 sec
Step =    276: nodes = 3289, dt = 2.033524e-09, strain = 5.208722e-04, elapsed = 24922.5 sec
Step =    277: nodes = 3301, dt = 2.440229e-09, strain = 5.233124e-04, elapsed = 25292.2 sec
Step =    278: nodes = 3238, dt = 1.464137e-09, strain = 5.247766e-04, elapsed = 25744.4 sec
Step =    279: nodes = 3166, dt = 3.660344e-10, strain = 5.251426e-04, elapsed = 25781.5 sec
Step =    280: nodes = 3129, dt = 3.660344e-10, strain = 5.255086e-04, elapsed = 25803.5 sec
Step =    281: nodes = 3100, dt = 4.392412e-10, strain = 5.259479e-04, elapsed = 25896.6 sec
Step =    282: nodes = 3090, dt = 5.270895e-10, strain = 5.264750e-04, elapsed = 25931.5 sec
Step =    283: nodes = 3082, dt = 6.325074e-10, strain = 5.271075e-04, elapsed = 25991.9 sec
Step =    284: nodes = 3069, dt = 7.590088e-10, strain = 5.278665e-04, elapsed = 26160.1 sec
Step =    285: nodes = 3060, dt = 9.108106e-10, strain = 5.287773e-04, elapsed = 26238.0 sec
Step =    286: nodes = 3070, dt = 1.092973e-09, strain = 5.298703e-04, elapsed = 26359.1 sec
Step =    287: nodes = 3066, dt = 1.311567e-09, strain = 5.311818e-04, elapsed = 26518.2 sec
Step =    288: nodes = 3107, dt = 1.573881e-09, strain = 5.327557e-04, elapsed = 26686.0 sec
Step =    289: nodes = 3110, dt = 1.888657e-09, strain = 5.346444e-04, elapsed = 26935.6 sec
Step =    290: nodes = 3137, dt = 2.266388e-09, strain = 5.369108e-04, elapsed = 27168.7 sec
Step =    291: nodes = 3151, dt = 1.359833e-09, strain = 5.382706e-04, elapsed = 27338.2 sec
Step =    292: nodes = 3135, dt = 1.359833e-09, strain = 5.396304e-04, elapsed = 27681.1 sec
Step =    293: nodes = 3087, dt = 8.158998e-10, strain = 5.404463e-04, elapsed = 27769.5 sec
Step =    294: nodes = 3105, dt = 8.158998e-10, strain = 5.412622e-04, elapsed = 27829.9 sec
Step =    295: nodes = 3092, dt = 9.790797e-10, strain = 5.422413e-04, elapsed = 28008.3 sec
Step =    296: nodes = 3089, dt = 1.174896e-09, strain = 5.434162e-04, elapsed = 28127.3 sec
Step =    297: nodes = 3096, dt = 1.409875e-09, strain = 5.448261e-04, elapsed = 28240.8 sec
Step =    298: nodes = 3089, dt = 1.691850e-09, strain = 5.465179e-04, elapsed = 28351.0 sec
Step =    299: nodes = 3092, dt = 2.030220e-09, strain = 5.485482e-04, elapsed = 28570.7 sec
Step =    300: nodes = 3099, dt = 2.436264e-09, strain = 5.509844e-04, elapsed = 28774.7 sec
Writing configuration in legacy data format
 Output file: /data/home/dg000246b/openDIS/HomeWork/output_Cu_fcc/config.300.data
Writing restart file
 Restart file: /data/home/dg000246b/openDIS/HomeWork/output_Cu_fcc/restart.300.exadis
Step =    301: nodes = 3141, dt = 2.923516e-09, strain = 5.539079e-04, elapsed = 29076.6 sec
Step =    302: nodes = 3146, dt = 1.754110e-09, strain = 5.556620e-04, elapsed = 29242.4 sec
Step =    303: nodes = 3137, dt = 1.754110e-09, strain = 5.574161e-04, elapsed = 29431.3 sec
Step =    304: nodes = 3135, dt = 2.104932e-09, strain = 5.595211e-04, elapsed = 29896.6 sec
Step =    305: nodes = 3122, dt = 2.525918e-09, strain = 5.620470e-04, elapsed = 30586.4 sec
Step =    306: nodes = 3087, dt = 1.515551e-09, strain = 5.635626e-04, elapsed = 30886.3 sec
Step =    307: nodes = 3038, dt = 1.515551e-09, strain = 5.650781e-04, elapsed = 31168.0 sec
Step =    308: nodes = 3002, dt = 9.093305e-10, strain = 5.659874e-04, elapsed = 31238.4 sec
Step =    309: nodes = 2964, dt = 9.093305e-10, strain = 5.668968e-04, elapsed = 31278.9 sec
Step =    310: nodes = 2971, dt = 1.091197e-09, strain = 5.679880e-04, elapsed = 31311.7 sec
Step =    311: nodes = 2969, dt = 1.309436e-09, strain = 5.692974e-04, elapsed = 31550.0 sec
Step =    312: nodes = 2949, dt = 1.571323e-09, strain = 5.708687e-04, elapsed = 31595.4 sec
Step =    313: nodes = 2956, dt = 1.885588e-09, strain = 5.727543e-04, elapsed = 31678.2 sec
Step =    314: nodes = 2956, dt = 2.262705e-09, strain = 5.750170e-04, elapsed = 31758.7 sec
Step =    315: nodes = 2939, dt = 2.715246e-09, strain = 5.777323e-04, elapsed = 31866.3 sec
Step =    316: nodes = 2952, dt = 3.258296e-09, strain = 5.809906e-04, elapsed = 32055.3 sec
Step =    317: nodes = 2977, dt = 3.909955e-09, strain = 5.849005e-04, elapsed = 32250.0 sec
Step =    318: nodes = 3005, dt = 4.691946e-09, strain = 5.895925e-04, elapsed = 32537.1 sec
Step =    319: nodes = 2981, dt = 1.407584e-09, strain = 5.910000e-04, elapsed = 32797.3 sec
Step =    320: nodes = 2966, dt = 1.407584e-09, strain = 5.924076e-04, elapsed = 32840.7 sec
Step =    321: nodes = 2966, dt = 1.689100e-09, strain = 5.940967e-04, elapsed = 32918.6 sec
Step =    322: nodes = 2992, dt = 2.026921e-09, strain = 5.961236e-04, elapsed = 33005.3 sec
Step =    323: nodes = 3000, dt = 2.432305e-09, strain = 5.985559e-04, elapsed = 33086.7 sec
Step =    324: nodes = 3022, dt = 2.918766e-09, strain = 6.014747e-04, elapsed = 33238.1 sec
Step =    325: nodes = 3018, dt = 3.502519e-09, strain = 6.049772e-04, elapsed = 33433.9 sec
Step =    326: nodes = 3019, dt = 2.101511e-09, strain = 6.070787e-04, elapsed = 33529.1 sec
Step =    327: nodes = 3016, dt = 2.101511e-09, strain = 6.091803e-04, elapsed = 33626.1 sec
Step =    328: nodes = 3028, dt = 2.521814e-09, strain = 6.117021e-04, elapsed = 33783.1 sec
Step =    329: nodes = 3041, dt = 3.026176e-09, strain = 6.147282e-04, elapsed = 34011.6 sec
Step =    330: nodes = 3029, dt = 1.815706e-09, strain = 6.165440e-04, elapsed = 34094.5 sec
Step =    331: nodes = 3016, dt = 1.815706e-09, strain = 6.183597e-04, elapsed = 34163.2 sec
Step =    332: nodes = 3016, dt = 2.178847e-09, strain = 6.205385e-04, elapsed = 34300.5 sec
Step =    333: nodes = 3010, dt = 2.614616e-09, strain = 6.231531e-04, elapsed = 34439.7 sec
Step =    334: nodes = 2999, dt = 3.137540e-09, strain = 6.262907e-04, elapsed = 35183.3 sec
Step =    335: nodes = 2949, dt = 9.412619e-10, strain = 6.272319e-04, elapsed = 35240.6 sec
Step =    336: nodes = 2939, dt = 9.412619e-10, strain = 6.281732e-04, elapsed = 35280.6 sec
Step =    337: nodes = 2922, dt = 1.129514e-09, strain = 6.293027e-04, elapsed = 35333.8 sec
Step =    338: nodes = 2920, dt = 1.355417e-09, strain = 6.306581e-04, elapsed = 35425.8 sec
Step =    339: nodes = 2921, dt = 1.626500e-09, strain = 6.322846e-04, elapsed = 35468.4 sec
Step =    340: nodes = 2939, dt = 1.951801e-09, strain = 6.342364e-04, elapsed = 35887.1 sec
Step =    341: nodes = 2906, dt = 1.171080e-09, strain = 6.354075e-04, elapsed = 36063.2 sec
Step =    342: nodes = 2892, dt = 5.855402e-10, strain = 6.359930e-04, elapsed = 36077.5 sec
Step =    343: nodes = 2874, dt = 5.855402e-10, strain = 6.365786e-04, elapsed = 36088.3 sec
Step =    344: nodes = 2862, dt = 7.026482e-10, strain = 6.372812e-04, elapsed = 36101.5 sec
Step =    345: nodes = 2847, dt = 8.431779e-10, strain = 6.381244e-04, elapsed = 36115.6 sec
Step =    346: nodes = 2847, dt = 1.011813e-09, strain = 6.391362e-04, elapsed = 36133.8 sec
Step =    347: nodes = 2856, dt = 1.214176e-09, strain = 6.403504e-04, elapsed = 36178.1 sec
Step =    348: nodes = 2845, dt = 1.457011e-09, strain = 6.418074e-04, elapsed = 36226.6 sec
Step =    349: nodes = 2855, dt = 1.748414e-09, strain = 6.435558e-04, elapsed = 36283.2 sec
Step =    350: nodes = 2865, dt = 2.098096e-09, strain = 6.456539e-04, elapsed = 36348.5 sec
Step =    351: nodes = 2860, dt = 2.517716e-09, strain = 6.481716e-04, elapsed = 36431.0 sec
Step =    352: nodes = 2855, dt = 3.021259e-09, strain = 6.511929e-04, elapsed = 36531.8 sec
Step =    353: nodes = 2866, dt = 3.625510e-09, strain = 6.548184e-04, elapsed = 36670.3 sec
Step =    354: nodes = 2880, dt = 4.350613e-09, strain = 6.591690e-04, elapsed = 36849.2 sec
Step =    355: nodes = 2851, dt = 1.305184e-09, strain = 6.604742e-04, elapsed = 36915.5 sec
Step =    356: nodes = 2828, dt = 1.305184e-09, strain = 6.617794e-04, elapsed = 36944.4 sec
Step =    357: nodes = 2837, dt = 1.566221e-09, strain = 6.633456e-04, elapsed = 36982.7 sec
Step =    358: nodes = 2870, dt = 1.879465e-09, strain = 6.652251e-04, elapsed = 37037.4 sec
Step =    359: nodes = 2865, dt = 2.255358e-09, strain = 6.674804e-04, elapsed = 37104.0 sec
Step =    360: nodes = 2881, dt = 2.706429e-09, strain = 6.701868e-04, elapsed = 37212.3 sec
Step =    361: nodes = 2903, dt = 3.247715e-09, strain = 6.734346e-04, elapsed = 37325.2 sec
Step =    362: nodes = 2988, dt = 3.897258e-09, strain = 6.773318e-04, elapsed = 37496.2 sec
Step =    363: nodes = 3025, dt = 2.338355e-09, strain = 6.796702e-04, elapsed = 37600.2 sec
Step =    364: nodes = 3157, dt = 2.338355e-09, strain = 6.820085e-04, elapsed = 37715.0 sec
Step =    365: nodes = 3316, dt = 2.806026e-09, strain = 6.848146e-04, elapsed = 38309.9 sec
Step =    366: nodes = 3532, dt = 1.683615e-09, strain = 6.864982e-04, elapsed = 38669.1 sec
Step =    367: nodes = 3549, dt = 8.418077e-10, strain = 6.873400e-04, elapsed = 38846.4 sec
Step =    368: nodes = 3554, dt = 8.418077e-10, strain = 6.881818e-04, elapsed = 39044.2 sec
Step =    369: nodes = 3473, dt = 1.010169e-09, strain = 6.891920e-04, elapsed = 39332.0 sec
Step =    370: nodes = 3528, dt = 1.212203e-09, strain = 6.904042e-04, elapsed = 39440.7 sec
Step =    371: nodes = 3665, dt = 7.273218e-10, strain = 6.911315e-04, elapsed = 39490.3 sec
Step =    372: nodes = 3700, dt = 7.273218e-10, strain = 6.918588e-04, elapsed = 39668.9 sec
Step =    373: nodes = 3808, dt = 8.727862e-10, strain = 6.927316e-04, elapsed = 39787.2 sec
Step =    374: nodes = 3854, dt = 5.236717e-10, strain = 6.932553e-04, elapsed = 39866.7 sec
Step =    375: nodes = 3852, dt = 5.236717e-10, strain = 6.937789e-04, elapsed = 39995.9 sec
Step =    376: nodes = 3873, dt = 6.284061e-10, strain = 6.944073e-04, elapsed = 40122.9 sec
Step =    377: nodes = 3936, dt = 7.540873e-10, strain = 6.951614e-04, elapsed = 40212.4 sec
Step =    378: nodes = 4038, dt = 9.049047e-10, strain = 6.960663e-04, elapsed = 40427.9 sec
Step =    379: nodes = 4123, dt = 1.085886e-09, strain = 6.971522e-04, elapsed = 40718.2 sec
Step =    380: nodes = 4184, dt = 1.303063e-09, strain = 6.984553e-04, elapsed = 41117.8 sec
Step =    381: nodes = 4205, dt = 7.818377e-10, strain = 6.992371e-04, elapsed = 41356.1 sec
Step =    382: nodes = 4241, dt = 7.818377e-10, strain = 7.000190e-04, elapsed = 41582.6 sec
Step =    383: nodes = 4315, dt = 9.382052e-10, strain = 7.009572e-04, elapsed = 41895.3 sec
Step =    384: nodes = 4376, dt = 5.629231e-10, strain = 7.015201e-04, elapsed = 42025.5 sec
Step =    385: nodes = 4332, dt = 5.629231e-10, strain = 7.020830e-04, elapsed = 42229.2 sec
Step =    386: nodes = 4348, dt = 6.755078e-10, strain = 7.027585e-04, elapsed = 42348.3 sec
Step =    387: nodes = 4352, dt = 4.053047e-10, strain = 7.031638e-04, elapsed = 42402.5 sec
Step =    388: nodes = 4382, dt = 4.053047e-10, strain = 7.035691e-04, elapsed = 42450.5 sec
Step =    389: nodes = 4441, dt = 4.863656e-10, strain = 7.040555e-04, elapsed = 42566.4 sec
Step =    390: nodes = 4392, dt = 1.459097e-10, strain = 7.042014e-04, elapsed = 42590.9 sec
Step =    391: nodes = 4335, dt = 1.459097e-10, strain = 7.043473e-04, elapsed = 42623.7 sec
Step =    392: nodes = 4311, dt = 1.750916e-10, strain = 7.045224e-04, elapsed = 42643.8 sec
Step =    393: nodes = 4283, dt = 2.101099e-10, strain = 7.047325e-04, elapsed = 42690.0 sec
Step =    394: nodes = 4282, dt = 2.521319e-10, strain = 7.049846e-04, elapsed = 42713.7 sec
Step =    395: nodes = 4276, dt = 3.025583e-10, strain = 7.052872e-04, elapsed = 42751.7 sec
Step =    396: nodes = 4255, dt = 3.630700e-10, strain = 7.056503e-04, elapsed = 42853.5 sec
Step =    397: nodes = 4253, dt = 4.356840e-10, strain = 7.060860e-04, elapsed = 42972.3 sec
Step =    398: nodes = 4284, dt = 5.228208e-10, strain = 7.066088e-04, elapsed = 43106.7 sec
Step =    399: nodes = 4247, dt = 6.273849e-10, strain = 7.072362e-04, elapsed = 43312.1 sec
Step =    400: nodes = 4244, dt = 3.764309e-10, strain = 7.076126e-04, elapsed = 43360.9 sec
Writing configuration in legacy data format
 Output file: /data/home/dg000246b/openDIS/HomeWork/output_Cu_fcc/config.400.data
Writing restart file
 Restart file: /data/home/dg000246b/openDIS/HomeWork/output_Cu_fcc/restart.400.exadis
Step =    401: nodes = 4210, dt = 1.882155e-10, strain = 7.078008e-04, elapsed = 43398.6 sec
Step =    402: nodes = 4190, dt = 1.882155e-10, strain = 7.079890e-04, elapsed = 43420.5 sec
Step =    403: nodes = 4174, dt = 2.258586e-10, strain = 7.082149e-04, elapsed = 43459.6 sec
Step =    404: nodes = 4164, dt = 2.710303e-10, strain = 7.084859e-04, elapsed = 43494.1 sec
Step =    405: nodes = 4137, dt = 3.252363e-10, strain = 7.088111e-04, elapsed = 43578.3 sec
Step =    406: nodes = 4100, dt = 3.902836e-10, strain = 7.092014e-04, elapsed = 43657.6 sec
Step =    407: nodes = 4050, dt = 4.683403e-10, strain = 7.096698e-04, elapsed = 43775.1 sec
Step =    408: nodes = 3946, dt = 2.810042e-10, strain = 7.099508e-04, elapsed = 43847.6 sec
Step =    409: nodes = 3924, dt = 2.810042e-10, strain = 7.102318e-04, elapsed = 43874.3 sec
Step =    410: nodes = 3912, dt = 3.372050e-10, strain = 7.105690e-04, elapsed = 43909.6 sec
Step =    411: nodes = 3888, dt = 4.046460e-10, strain = 7.109736e-04, elapsed = 43957.5 sec
Step =    412: nodes = 3890, dt = 4.855753e-10, strain = 7.114592e-04, elapsed = 44003.4 sec
Step =    413: nodes = 3877, dt = 5.826903e-10, strain = 7.120419e-04, elapsed = 44138.3 sec
Step =    414: nodes = 3877, dt = 3.496142e-10, strain = 7.123915e-04, elapsed = 44178.5 sec
Step =    415: nodes = 3878, dt = 3.496142e-10, strain = 7.127411e-04, elapsed = 44211.9 sec
Step =    416: nodes = 3839, dt = 4.195370e-10, strain = 7.131607e-04, elapsed = 44325.1 sec
Step =    417: nodes = 3792, dt = 5.034444e-10, strain = 7.136641e-04, elapsed = 44443.6 sec
Step =    418: nodes = 3756, dt = 6.041333e-10, strain = 7.142682e-04, elapsed = 44573.2 sec
Step =    419: nodes = 3729, dt = 7.249600e-10, strain = 7.149932e-04, elapsed = 44771.2 sec
Step =    420: nodes = 3698, dt = 4.349760e-10, strain = 7.154282e-04, elapsed = 44817.8 sec
Step =    421: nodes = 3702, dt = 4.349760e-10, strain = 7.158632e-04, elapsed = 44831.4 sec
Step =    422: nodes = 3716, dt = 5.219712e-10, strain = 7.163851e-04, elapsed = 44863.9 sec
Step =    423: nodes = 3749, dt = 6.263654e-10, strain = 7.170115e-04, elapsed = 44888.3 sec
Step =    424: nodes = 3770, dt = 7.516385e-10, strain = 7.177631e-04, elapsed = 45024.1 sec