Host Parallel Execution Space:
  KOKKOS_ENABLE_OPENMP: yes

OpenMP Runtime Configuration:
Kokkos::OpenMP thread_pool_topology[ 1 x 48 x 1 ]
[System] 100 spherical obstacles loaded
[System] 1 planar obstacles (twin boundaries) loaded
Step =      0: nodes = 1908, dt = 0.000000e+00, strain = 0.000000e+00, elapsed = 0.0 sec
Writing configuration in legacy data format
 Output file: /data/home/dg000246b/openDIS/HomeWork/output_Cu_twin/config.0.data
Writing restart file
 Restart file: /data/home/dg000246b/openDIS/HomeWork/output_Cu_twin/restart.0.exadis
Run until reaching strain = 0.010000
Step =      1: nodes = 1908, dt = 1.000000e-09, strain = 1.000000e-06, elapsed = 0.1 sec
Step =      2: nodes = 1908, dt = 1.200000e-09, strain = 2.200000e-06, elapsed = 0.2 sec
Step =      3: nodes = 1908, dt = 1.440000e-09, strain = 3.640000e-06, elapsed = 0.4 sec
Step =      4: nodes = 1908, dt = 1.728000e-09, strain = 5.368000e-06, elapsed = 0.5 sec
Step =      5: nodes = 1908, dt = 2.073600e-09, strain = 7.441600e-06, elapsed = 0.6 sec
Step =      6: nodes = 1908, dt = 2.488320e-09, strain = 9.929920e-06, elapsed = 0.8 sec
Step =      7: nodes = 1908, dt = 2.985984e-09, strain = 1.291590e-05, elapsed = 1.0 sec
Step =      8: nodes = 1908, dt = 3.583181e-09, strain = 1.649908e-05, elapsed = 1.2 sec
Step =      9: nodes = 1908, dt = 4.299817e-09, strain = 2.079890e-05, elapsed = 1.4 sec
Step =     10: nodes = 1911, dt = 5.159780e-09, strain = 2.595868e-05, elapsed = 1.8 sec
Step =     11: nodes = 1931, dt = 6.191736e-09, strain = 3.215042e-05, elapsed = 2.4 sec
Step =     12: nodes = 1934, dt = 7.430084e-09, strain = 3.958050e-05, elapsed = 4.0 sec
Step =     13: nodes = 1958, dt = 8.916100e-09, strain = 4.849660e-05, elapsed = 5.5 sec
Step =     14: nodes = 1942, dt = 5.349660e-09, strain = 5.384626e-05, elapsed = 6.9 sec
Step =     15: nodes = 1938, dt = 5.349660e-09, strain = 5.919592e-05, elapsed = 7.7 sec
Step =     16: nodes = 1961, dt = 6.419592e-09, strain = 6.561552e-05, elapsed = 9.0 sec
Step =     17: nodes = 1975, dt = 7.703511e-09, strain = 7.331903e-05, elapsed = 10.2 sec
Step =     18: nodes = 1957, dt = 9.244213e-09, strain = 8.256324e-05, elapsed = 12.8 sec
Step =     19: nodes = 1957, dt = 2.773264e-09, strain = 8.533650e-05, elapsed = 13.5 sec
Step =     20: nodes = 1944, dt = 2.773264e-09, strain = 8.810977e-05, elapsed = 14.0 sec
Step =     21: nodes = 1932, dt = 3.327917e-09, strain = 9.143768e-05, elapsed = 14.5 sec
Step =     22: nodes = 1919, dt = 3.993500e-09, strain = 9.543118e-05, elapsed = 15.1 sec
Step =     23: nodes = 1913, dt = 4.792200e-09, strain = 1.002234e-04, elapsed = 15.7 sec
Step =     24: nodes = 1909, dt = 5.750640e-09, strain = 1.059740e-04, elapsed = 16.3 sec
Step =     25: nodes = 1921, dt = 6.900768e-09, strain = 1.128748e-04, elapsed = 17.3 sec
Step =     26: nodes = 1951, dt = 8.280922e-09, strain = 1.211557e-04, elapsed = 19.4 sec
Step =     27: nodes = 1966, dt = 4.968553e-09, strain = 1.261243e-04, elapsed = 20.2 sec
Step =     28: nodes = 1962, dt = 4.968553e-09, strain = 1.310928e-04, elapsed = 20.8 sec
Step =     29: nodes = 1963, dt = 5.962264e-09, strain = 1.370551e-04, elapsed = 21.8 sec
Step =     30: nodes = 1952, dt = 7.154716e-09, strain = 1.442098e-04, elapsed = 22.6 sec
Step =     31: nodes = 1964, dt = 8.585659e-09, strain = 1.527955e-04, elapsed = 23.8 sec
Step =     32: nodes = 1961, dt = 2.575698e-09, strain = 1.553712e-04, elapsed = 24.3 sec
Step =     33: nodes = 1954, dt = 2.575698e-09, strain = 1.579469e-04, elapsed = 24.7 sec
Step =     34: nodes = 1955, dt = 3.090837e-09, strain = 1.610377e-04, elapsed = 25.1 sec
Step =     35: nodes = 1949, dt = 3.709005e-09, strain = 1.647467e-04, elapsed = 25.5 sec
Step =     36: nodes = 1938, dt = 4.450806e-09, strain = 1.691975e-04, elapsed = 26.0 sec
Step =     37: nodes = 1942, dt = 5.340967e-09, strain = 1.745385e-04, elapsed = 26.6 sec
Step =     38: nodes = 1948, dt = 6.409160e-09, strain = 1.809476e-04, elapsed = 27.7 sec
Step =     39: nodes = 1963, dt = 7.690993e-09, strain = 1.886386e-04, elapsed = 29.6 sec
Step =     40: nodes = 1981, dt = 9.229191e-09, strain = 1.978678e-04, elapsed = 31.7 sec
Step =     41: nodes = 1981, dt = 5.537515e-09, strain = 2.034053e-04, elapsed = 33.2 sec
Step =     42: nodes = 1982, dt = 5.537515e-09, strain = 2.089428e-04, elapsed = 34.2 sec
Step =     43: nodes = 1971, dt = 6.645018e-09, strain = 2.155879e-04, elapsed = 35.4 sec
Step =     44: nodes = 1972, dt = 7.974021e-09, strain = 2.235619e-04, elapsed = 36.7 sec
Step =     45: nodes = 2008, dt = 9.568825e-09, strain = 2.331307e-04, elapsed = 39.3 sec
Step =     46: nodes = 1994, dt = 2.870648e-09, strain = 2.360014e-04, elapsed = 40.1 sec
Step =     47: nodes = 1983, dt = 2.870648e-09, strain = 2.388720e-04, elapsed = 40.7 sec
Step =     48: nodes = 1973, dt = 3.444777e-09, strain = 2.423168e-04, elapsed = 41.3 sec
Step =     49: nodes = 1965, dt = 4.133733e-09, strain = 2.464505e-04, elapsed = 42.0 sec
Step =     50: nodes = 1970, dt = 4.960479e-09, strain = 2.514110e-04, elapsed = 42.6 sec
Step =     51: nodes = 1956, dt = 5.952575e-09, strain = 2.573636e-04, elapsed = 43.6 sec
Step =     52: nodes = 1973, dt = 7.143090e-09, strain = 2.645067e-04, elapsed = 44.6 sec
Step =     53: nodes = 1981, dt = 8.571708e-09, strain = 2.730784e-04, elapsed = 46.3 sec
Step =     54: nodes = 1965, dt = 5.143025e-09, strain = 2.782214e-04, elapsed = 47.5 sec
Step =     55: nodes = 1969, dt = 5.143025e-09, strain = 2.833644e-04, elapsed = 48.3 sec
Step =     56: nodes = 1967, dt = 6.171630e-09, strain = 2.895360e-04, elapsed = 49.3 sec
Step =     57: nodes = 1980, dt = 7.405956e-09, strain = 2.969420e-04, elapsed = 50.2 sec
Step =     58: nodes = 1990, dt = 8.887147e-09, strain = 3.058291e-04, elapsed = 52.4 sec
Step =     59: nodes = 1996, dt = 2.666144e-09, strain = 3.084953e-04, elapsed = 53.1 sec
Step =     60: nodes = 1990, dt = 2.666144e-09, strain = 3.111614e-04, elapsed = 53.6 sec
Step =     61: nodes = 1984, dt = 3.199373e-09, strain = 3.143608e-04, elapsed = 54.1 sec
Step =     62: nodes = 1976, dt = 3.839247e-09, strain = 3.182001e-04, elapsed = 54.7 sec
Step =     63: nodes = 1983, dt = 4.607097e-09, strain = 3.228071e-04, elapsed = 55.2 sec
Step =     64: nodes = 1981, dt = 5.528516e-09, strain = 3.283357e-04, elapsed = 55.9 sec
Step =     65: nodes = 1984, dt = 6.634219e-09, strain = 3.349699e-04, elapsed = 57.0 sec
Step =     66: nodes = 1999, dt = 7.961063e-09, strain = 3.429309e-04, elapsed = 58.2 sec
Step =     67: nodes = 1991, dt = 4.776638e-09, strain = 3.477076e-04, elapsed = 59.1 sec
Step =     68: nodes = 1996, dt = 4.776638e-09, strain = 3.524842e-04, elapsed = 59.8 sec
Step =     69: nodes = 1996, dt = 5.731966e-09, strain = 3.582162e-04, elapsed = 60.6 sec
Step =     70: nodes = 1999, dt = 6.878359e-09, strain = 3.650945e-04, elapsed = 61.5 sec
Step =     71: nodes = 2011, dt = 8.254030e-09, strain = 3.733486e-04, elapsed = 63.6 sec
Step =     72: nodes = 2007, dt = 4.952418e-09, strain = 3.783010e-04, elapsed = 64.9 sec
Step =     73: nodes = 2003, dt = 4.952418e-09, strain = 3.832534e-04, elapsed = 65.6 sec
Step =     74: nodes = 2014, dt = 5.942902e-09, strain = 3.891963e-04, elapsed = 66.2 sec
Step =     75: nodes = 2018, dt = 7.131482e-09, strain = 3.963278e-04, elapsed = 67.6 sec
Step =     76: nodes = 2028, dt = 8.557779e-09, strain = 4.048856e-04, elapsed = 69.2 sec
Step =     77: nodes = 2025, dt = 5.134667e-09, strain = 4.100202e-04, elapsed = 70.1 sec
Step =     78: nodes = 2020, dt = 5.134667e-09, strain = 4.151549e-04, elapsed = 70.9 sec
Step =     79: nodes = 2020, dt = 6.161601e-09, strain = 4.213165e-04, elapsed = 71.8 sec
Step =     80: nodes = 2041, dt = 7.393921e-09, strain = 4.287104e-04, elapsed = 72.9 sec
Step =     81: nodes = 2070, dt = 8.872705e-09, strain = 4.375831e-04, elapsed = 75.1 sec
Step =     82: nodes = 2073, dt = 5.323623e-09, strain = 4.429068e-04, elapsed = 76.3 sec
Step =     83: nodes = 2079, dt = 5.323623e-09, strain = 4.482304e-04, elapsed = 77.3 sec
Step =     84: nodes = 2079, dt = 6.388348e-09, strain = 4.546187e-04, elapsed = 78.7 sec
Step =     85: nodes = 2095, dt = 7.666017e-09, strain = 4.622847e-04, elapsed = 80.3 sec
Step =     86: nodes = 2086, dt = 2.299805e-09, strain = 4.645846e-04, elapsed = 80.9 sec
Step =     87: nodes = 2088, dt = 2.299805e-09, strain = 4.668844e-04, elapsed = 81.2 sec
Step =     88: nodes = 2092, dt = 2.759766e-09, strain = 4.696441e-04, elapsed = 81.5 sec
Step =     89: nodes = 2100, dt = 3.311719e-09, strain = 4.729558e-04, elapsed = 81.8 sec
Step =     90: nodes = 2105, dt = 3.974063e-09, strain = 4.769299e-04, elapsed = 82.2 sec
Step =     91: nodes = 2109, dt = 4.768876e-09, strain = 4.816988e-04, elapsed = 82.9 sec
Step =     92: nodes = 2110, dt = 1.430663e-09, strain = 4.831294e-04, elapsed = 83.2 sec
Step =     93: nodes = 2113, dt = 1.430663e-09, strain = 4.845601e-04, elapsed = 83.4 sec
Step =     94: nodes = 2116, dt = 1.716795e-09, strain = 4.862769e-04, elapsed = 83.6 sec
Step =     95: nodes = 2118, dt = 2.060154e-09, strain = 4.883371e-04, elapsed = 83.9 sec
Step =     96: nodes = 2115, dt = 2.472185e-09, strain = 4.908092e-04, elapsed = 84.2 sec
Step =     97: nodes = 2129, dt = 2.966622e-09, strain = 4.937759e-04, elapsed = 84.5 sec
Step =     98: nodes = 2123, dt = 3.559947e-09, strain = 4.973358e-04, elapsed = 85.0 sec
Step =     99: nodes = 2136, dt = 4.271936e-09, strain = 5.016078e-04, elapsed = 85.4 sec
Step =    100: nodes = 2162, dt = 5.126323e-09, strain = 5.067341e-04, elapsed = 86.2 sec
Writing configuration in legacy data format
 Output file: /data/home/dg000246b/openDIS/HomeWork/output_Cu_twin/config.100.data
Writing restart file
 Restart file: /data/home/dg000246b/openDIS/HomeWork/output_Cu_twin/restart.100.exadis
Step =    101: nodes = 2166, dt = 1.537897e-09, strain = 5.082720e-04, elapsed = 87.1 sec
Step =    102: nodes = 2172, dt = 1.537897e-09, strain = 5.098099e-04, elapsed = 87.8 sec
Step =    103: nodes = 2180, dt = 1.845476e-09, strain = 5.116553e-04, elapsed = 88.7 sec
Step =    104: nodes = 2180, dt = 2.214572e-09, strain = 5.138699e-04, elapsed = 89.6 sec
Step =    105: nodes = 2187, dt = 2.657486e-09, strain = 5.165274e-04, elapsed = 92.2 sec
Step =    106: nodes = 2185, dt = 3.188983e-09, strain = 5.197164e-04, elapsed = 94.0 sec
Step =    107: nodes = 2188, dt = 3.826780e-09, strain = 5.235432e-04, elapsed = 98.0 sec
Step =    108: nodes = 2194, dt = 2.296068e-09, strain = 5.258392e-04, elapsed = 99.1 sec
Step =    109: nodes = 2197, dt = 2.296068e-09, strain = 5.281353e-04, elapsed = 99.8 sec
Step =    110: nodes = 2200, dt = 2.755282e-09, strain = 5.308906e-04, elapsed = 100.5 sec
Step =    111: nodes = 2209, dt = 3.306338e-09, strain = 5.341969e-04, elapsed = 101.3 sec
Step =    112: nodes = 2214, dt = 3.967605e-09, strain = 5.381645e-04, elapsed = 110.8 sec
Step =    113: nodes = 2244, dt = 4.761126e-09, strain = 5.429257e-04, elapsed = 112.6 sec
Step =    114: nodes = 2242, dt = 1.428338e-09, strain = 5.443540e-04, elapsed = 117.2 sec
Step =    115: nodes = 2242, dt = 1.428338e-09, strain = 5.457823e-04, elapsed = 117.6 sec
Step =    116: nodes = 2245, dt = 1.714006e-09, strain = 5.474963e-04, elapsed = 117.9 sec
Step =    117: nodes = 2248, dt = 2.056807e-09, strain = 5.495531e-04, elapsed = 118.2 sec
Step =    118: nodes = 2253, dt = 2.468168e-09, strain = 5.520213e-04, elapsed = 118.7 sec
Step =    119: nodes = 2264, dt = 2.961802e-09, strain = 5.549831e-04, elapsed = 119.3 sec
Step =    120: nodes = 2280, dt = 3.554162e-09, strain = 5.585373e-04, elapsed = 120.0 sec
Step =    121: nodes = 2306, dt = 4.264994e-09, strain = 5.628023e-04, elapsed = 126.9 sec
Step =    122: nodes = 2316, dt = 1.279498e-09, strain = 5.640818e-04, elapsed = 127.3 sec
Step =    123: nodes = 2322, dt = 1.279498e-09, strain = 5.653613e-04, elapsed = 127.6 sec
Step =    124: nodes = 2323, dt = 1.535398e-09, strain = 5.668967e-04, elapsed = 127.8 sec
Step =    125: nodes = 2325, dt = 1.842478e-09, strain = 5.687391e-04, elapsed = 128.1 sec
Step =    126: nodes = 2337, dt = 2.210973e-09, strain = 5.709501e-04, elapsed = 128.5 sec
Step =    127: nodes = 2347, dt = 2.653168e-09, strain = 5.736033e-04, elapsed = 128.9 sec
Step =    128: nodes = 2357, dt = 3.183801e-09, strain = 5.767871e-04, elapsed = 130.5 sec
Step =    129: nodes = 2366, dt = 3.820561e-09, strain = 5.806076e-04, elapsed = 133.5 sec
Step =    130: nodes = 2395, dt = 4.584674e-09, strain = 5.851923e-04, elapsed = 137.9 sec
Step =    131: nodes = 2422, dt = 5.501608e-09, strain = 5.906939e-04, elapsed = 140.5 sec
Step =    132: nodes = 2443, dt = 1.650483e-09, strain = 5.923444e-04, elapsed = 140.8 sec
Step =    133: nodes = 2460, dt = 1.650483e-09, strain = 5.939949e-04, elapsed = 141.0 sec
Step =    134: nodes = 2468, dt = 1.980579e-09, strain = 5.959755e-04, elapsed = 141.4 sec
Step =    135: nodes = 2487, dt = 2.376695e-09, strain = 5.983522e-04, elapsed = 141.7 sec
Step =    136: nodes = 2511, dt = 2.852034e-09, strain = 6.012042e-04, elapsed = 144.9 sec
Step =    137: nodes = 2547, dt = 3.422441e-09, strain = 6.046266e-04, elapsed = 145.9 sec
Step =    138: nodes = 2582, dt = 4.106929e-09, strain = 6.087336e-04, elapsed = 146.5 sec
Step =    139: nodes = 2634, dt = 1.232079e-09, strain = 6.099656e-04, elapsed = 148.5 sec
Step =    140: nodes = 2736, dt = 1.232079e-09, strain = 6.111977e-04, elapsed = 148.7 sec
Step =    141: nodes = 2796, dt = 1.478494e-09, strain = 6.126762e-04, elapsed = 149.2 sec
Step =    142: nodes = 2899, dt = 1.774193e-09, strain = 6.144504e-04, elapsed = 149.6 sec
Step =    143: nodes = 3090, dt = 2.129032e-09, strain = 6.165794e-04, elapsed = 152.4 sec
Step =    144: nodes = 3095, dt = 2.554838e-09, strain = 6.191343e-04, elapsed = 154.2 sec
Step =    145: nodes = 3110, dt = 3.065806e-09, strain = 6.222001e-04, elapsed = 155.2 sec
Step =    146: nodes = 3131, dt = 3.678967e-09, strain = 6.258791e-04, elapsed = 156.4 sec
Step =    147: nodes = 3154, dt = 4.414760e-09, strain = 6.302938e-04, elapsed = 157.4 sec
Step =    148: nodes = 3166, dt = 1.324428e-09, strain = 6.316182e-04, elapsed = 157.8 sec
Step =    149: nodes = 3185, dt = 1.324428e-09, strain = 6.329427e-04, elapsed = 158.2 sec
Step =    150: nodes = 3199, dt = 1.589314e-09, strain = 6.345320e-04, elapsed = 158.7 sec
Step =    151: nodes = 3222, dt = 1.907176e-09, strain = 6.364392e-04, elapsed = 159.3 sec
Step =    152: nodes = 3243, dt = 2.288612e-09, strain = 6.387278e-04, elapsed = 160.1 sec
Step =    153: nodes = 3288, dt = 2.746334e-09, strain = 6.414741e-04, elapsed = 164.8 sec
Step =    154: nodes = 3363, dt = 3.295601e-09, strain = 6.447697e-04, elapsed = 167.4 sec
Step =    155: nodes = 3466, dt = 3.954721e-09, strain = 6.487244e-04, elapsed = 169.7 sec
Step =    156: nodes = 3537, dt = 4.745665e-09, strain = 6.534701e-04, elapsed = 177.8 sec
Step =    157: nodes = 3609, dt = 1.423700e-09, strain = 6.548938e-04, elapsed = 182.9 sec
Step =    158: nodes = 3627, dt = 1.423700e-09, strain = 6.563175e-04, elapsed = 187.7 sec
Step =    159: nodes = 3631, dt = 1.708440e-09, strain = 6.580259e-04, elapsed = 199.3 sec
Step =    160: nodes = 3642, dt = 2.050127e-09, strain = 6.600761e-04, elapsed = 201.4 sec
Step =    161: nodes = 3673, dt = 2.460153e-09, strain = 6.625362e-04, elapsed = 204.1 sec
Step =    162: nodes = 3705, dt = 2.952184e-09, strain = 6.654884e-04, elapsed = 209.2 sec
Step =    163: nodes = 3727, dt = 3.542620e-09, strain = 6.690310e-04, elapsed = 214.9 sec
Step =    164: nodes = 3777, dt = 4.251144e-09, strain = 6.732822e-04, elapsed = 222.6 sec
Step =    165: nodes = 3824, dt = 2.550687e-09, strain = 6.758328e-04, elapsed = 242.4 sec
Step =    166: nodes = 3872, dt = 2.550687e-09, strain = 6.783835e-04, elapsed = 255.7 sec
Step =    167: nodes = 3916, dt = 3.060824e-09, strain = 6.814444e-04, elapsed = 270.5 sec
Step =    168: nodes = 3998, dt = 3.672989e-09, strain = 6.851173e-04, elapsed = 320.6 sec
Step =    169: nodes = 4105, dt = 4.407586e-09, strain = 6.895249e-04, elapsed = 339.0 sec
Step =    170: nodes = 4152, dt = 5.289104e-09, strain = 6.948140e-04, elapsed = 411.7 sec
Step =    171: nodes = 4186, dt = 3.173462e-09, strain = 6.979875e-04, elapsed = 430.7 sec
Step =    172: nodes = 4222, dt = 3.173462e-09, strain = 7.011610e-04, elapsed = 450.3 sec
Step =    173: nodes = 4279, dt = 3.808155e-09, strain = 7.049691e-04, elapsed = 458.0 sec
Step =    174: nodes = 4371, dt = 4.569786e-09, strain = 7.095389e-04, elapsed = 495.7 sec
Step =    175: nodes = 4461, dt = 2.741871e-09, strain = 7.122808e-04, elapsed = 515.6 sec
Step =    176: nodes = 4576, dt = 1.370936e-09, strain = 7.136517e-04, elapsed = 518.0 sec
Step =    177: nodes = 4676, dt = 1.370936e-09, strain = 7.150226e-04, elapsed = 524.8 sec
Step =    178: nodes = 4849, dt = 1.645123e-09, strain = 7.166678e-04, elapsed = 533.5 sec
Step =    179: nodes = 4950, dt = 1.974147e-09, strain = 7.186419e-04, elapsed = 554.6 sec
Step =    180: nodes = 5108, dt = 2.368977e-09, strain = 7.210109e-04, elapsed = 573.3 sec
Step =    181: nodes = 5364, dt = 2.842772e-09, strain = 7.238537e-04, elapsed = 621.3 sec
Step =    182: nodes = 5488, dt = 3.411327e-09, strain = 7.272650e-04, elapsed = 649.2 sec
Step =    183: nodes = 5623, dt = 2.046796e-09, strain = 7.293118e-04, elapsed = 672.7 sec
Step =    184: nodes = 5822, dt = 2.046796e-09, strain = 7.313586e-04, elapsed = 689.5 sec
Step =    185: nodes = 6105, dt = 2.456155e-09, strain = 7.338147e-04, elapsed = 717.5 sec
Step =    186: nodes = 6328, dt = 2.947386e-09, strain = 7.367621e-04, elapsed = 739.6 sec
Step =    187: nodes = 6491, dt = 3.536863e-09, strain = 7.402990e-04, elapsed = 800.4 sec
Step =    188: nodes = 6571, dt = 2.122118e-09, strain = 7.424211e-04, elapsed = 816.7 sec
Step =    189: nodes = 6702, dt = 2.122118e-09, strain = 7.445432e-04, elapsed = 829.5 sec
Step =    190: nodes = 6885, dt = 2.546542e-09, strain = 7.470898e-04, elapsed = 836.2 sec
Step =    191: nodes = 7105, dt = 3.055850e-09, strain = 7.501456e-04, elapsed = 882.9 sec
Step =    192: nodes = 7320, dt = 3.667020e-09, strain = 7.538126e-04, elapsed = 899.8 sec
Step =    193: nodes = 7459, dt = 4.400424e-09, strain = 7.582131e-04, elapsed = 1014.3 sec
Step =    194: nodes = 7612, dt = 2.640254e-09, strain = 7.608533e-04, elapsed = 1050.0 sec
Step =    195: nodes = 7869, dt = 2.640254e-09, strain = 7.634936e-04, elapsed = 1115.6 sec
Step =    196: nodes = 8109, dt = 3.168305e-09, strain = 7.666619e-04, elapsed = 1320.8 sec
Step =    197: nodes = 8462, dt = 1.900983e-09, strain = 7.685629e-04, elapsed = 1355.9 sec
Step =    198: nodes = 8557, dt = 1.900983e-09, strain = 7.704638e-04, elapsed = 1370.6 sec
Step =    199: nodes = 8694, dt = 2.281180e-09, strain = 7.727450e-04, elapsed = 1398.5 sec
Step =    200: nodes = 8822, dt = 2.737416e-09, strain = 7.754824e-04, elapsed = 1476.8 sec
Writing configuration in legacy data format
 Output file: /data/home/dg000246b/openDIS/HomeWork/output_Cu_twin/config.200.data
Writing restart file
 Restart file: /data/home/dg000246b/openDIS/HomeWork/output_Cu_twin/restart.200.exadis
Step =    201: nodes = 8989, dt = 1.642449e-09, strain = 7.771249e-04, elapsed = 1496.4 sec
Step =    202: nodes = 9071, dt = 1.642449e-09, strain = 7.787673e-04, elapsed = 1522.0 sec
Step =    203: nodes = 9221, dt = 1.970939e-09, strain = 7.807383e-04, elapsed = 1569.1 sec
Step =    204: nodes = 9374, dt = 2.365127e-09, strain = 7.831034e-04, elapsed = 1614.2 sec
Step =    205: nodes = 9420, dt = 2.838153e-09, strain = 7.859416e-04, elapsed = 1662.8 sec
Step =    206: nodes = 9527, dt = 3.405783e-09, strain = 7.893473e-04, elapsed = 1753.4 sec
Step =    207: nodes = 9735, dt = 4.086940e-09, strain = 7.934343e-04, elapsed = 1831.0 sec
Step =    208: nodes = 9875, dt = 1.226082e-09, strain = 7.946604e-04, elapsed = 1843.9 sec
Step =    209: nodes = 10065, dt = 1.226082e-09, strain = 7.958864e-04, elapsed = 1862.9 sec
Step =    210: nodes = 10399, dt = 1.471298e-09, strain = 7.973577e-04, elapsed = 1872.7 sec
Step =    211: nodes = 10616, dt = 1.765558e-09, strain = 7.991233e-04, elapsed = 1925.3 sec
Step =    212: nodes = 10945, dt = 2.118670e-09, strain = 8.012420e-04, elapsed = 1955.4 sec
Step =    213: nodes = 11150, dt = 3.178004e-10, strain = 8.015598e-04, elapsed = 1958.0 sec
Step =    214: nodes = 11198, dt = 3.178004e-10, strain = 8.018776e-04, elapsed = 1959.3 sec
Step =    215: nodes = 11296, dt = 3.813605e-10, strain = 8.022589e-04, elapsed = 1960.7 sec
Step =    216: nodes = 11487, dt = 4.576326e-10, strain = 8.027166e-04, elapsed = 1962.1 sec
Step =    217: nodes = 11521, dt = 5.491592e-10, strain = 8.032657e-04, elapsed = 1964.0 sec
Step =    218: nodes = 11575, dt = 6.589910e-10, strain = 8.039247e-04, elapsed = 1966.7 sec
Step =    219: nodes = 11665, dt = 7.907892e-10, strain = 8.047155e-04, elapsed = 1974.8 sec
Step =    220: nodes = 11750, dt = 9.489470e-10, strain = 8.056644e-04, elapsed = 1977.3 sec
Step =    221: nodes = 11875, dt = 1.138736e-09, strain = 8.068032e-04, elapsed = 1992.4 sec
Step =    222: nodes = 11988, dt = 1.366484e-09, strain = 8.081697e-04, elapsed = 2003.9 sec
Step =    223: nodes = 12136, dt = 1.639780e-09, strain = 8.098094e-04, elapsed = 2031.1 sec
Step =    224: nodes = 12318, dt = 1.967737e-09, strain = 8.117772e-04, elapsed = 2105.0 sec
Step =    225: nodes = 12596, dt = 2.361284e-09, strain = 8.141385e-04, elapsed = 2279.9 sec
Step =    226: nodes = 12862, dt = 2.833541e-09, strain = 8.169720e-04, elapsed = 2355.7 sec
Step =    227: nodes = 13206, dt = 8.500622e-10, strain = 8.178221e-04, elapsed = 2379.3 sec
Step =    228: nodes = 13525, dt = 8.500622e-10, strain = 8.186721e-04, elapsed = 2403.3 sec
Step =    229: nodes = 13856, dt = 1.020075e-09, strain = 8.196922e-04, elapsed = 2418.0 sec
Step =    230: nodes = 14087, dt = 1.224090e-09, strain = 8.209163e-04, elapsed = 2446.5 sec
Step =    231: nodes = 14253, dt = 7.344537e-10, strain = 8.216508e-04, elapsed = 2463.9 sec
Step =    232: nodes = 14348, dt = 7.344537e-10, strain = 8.223852e-04, elapsed = 2468.6 sec
Step =    233: nodes = 14374, dt = 8.813445e-10, strain = 8.232665e-04, elapsed = 2475.0 sec
Step =    234: nodes = 14416, dt = 1.057613e-09, strain = 8.243242e-04, elapsed = 2485.9 sec
Step =    235: nodes = 14485, dt = 1.269136e-09, strain = 8.255933e-04, elapsed = 2574.2 sec
Step =    236: nodes = 14538, dt = 7.614816e-10, strain = 8.263548e-04, elapsed = 2595.2 sec
Step =    237: nodes = 14561, dt = 7.614816e-10, strain = 8.271163e-04, elapsed = 2620.3 sec
Step =    238: nodes = 14662, dt = 9.137780e-10, strain = 8.280300e-04, elapsed = 2644.8 sec
Step =    239: nodes = 14722, dt = 1.096534e-09, strain = 8.291266e-04, elapsed = 2658.7 sec
Step =    240: nodes = 14735, dt = 6.579201e-10, strain = 8.297845e-04, elapsed = 2663.6 sec
Step =    241: nodes = 14742, dt = 6.579201e-10, strain = 8.304424e-04, elapsed = 2668.2 sec
Step =    242: nodes = 14774, dt = 7.895042e-10, strain = 8.312319e-04, elapsed = 2674.5 sec
Step =    243: nodes = 14850, dt = 9.474050e-10, strain = 8.321793e-04, elapsed = 2694.3 sec
Step =    244: nodes = 14969, dt = 1.136886e-09, strain = 8.333162e-04, elapsed = 2714.1 sec
Step =    245: nodes = 15037, dt = 6.821316e-10, strain = 8.339983e-04, elapsed = 2718.8 sec
Step =    246: nodes = 15194, dt = 6.821316e-10, strain = 8.346805e-04, elapsed = 2722.6 sec
Step =    247: nodes = 15440, dt = 8.185579e-10, strain = 8.354990e-04, elapsed = 2727.1 sec
Step =    248: nodes = 15669, dt = 9.822695e-10, strain = 8.364813e-04, elapsed = 2731.5 sec
Step =    249: nodes = 15823, dt = 1.178723e-09, strain = 8.376600e-04, elapsed = 2737.9 sec
Step =    250: nodes = 15923, dt = 7.072340e-10, strain = 8.383673e-04, elapsed = 2741.6 sec
Step =    251: nodes = 16100, dt = 7.072340e-10, strain = 8.390745e-04, elapsed = 2745.1 sec
Step =    252: nodes = 16196, dt = 8.486809e-10, strain = 8.399232e-04, elapsed = 2750.1 sec
Step =    253: nodes = 16249, dt = 1.018417e-09, strain = 8.409416e-04, elapsed = 2758.7 sec
Step =    254: nodes = 16298, dt = 1.222100e-09, strain = 8.421637e-04, elapsed = 2769.1 sec
Step =    255: nodes = 16368, dt = 7.332603e-10, strain = 8.428969e-04, elapsed = 2777.2 sec
Step =    256: nodes = 16477, dt = 7.332603e-10, strain = 8.436302e-04, elapsed = 2782.5 sec
Step =    257: nodes = 16600, dt = 8.799123e-10, strain = 8.445101e-04, elapsed = 2790.8 sec
Step =    258: nodes = 16705, dt = 1.055895e-09, strain = 8.455660e-04, elapsed = 2801.7 sec
Step =    259: nodes = 16879, dt = 1.267074e-09, strain = 8.468331e-04, elapsed = 2833.7 sec
Step =    260: nodes = 16998, dt = 7.602442e-10, strain = 8.475933e-04, elapsed = 2860.4 sec
Step =    261: nodes = 17070, dt = 7.602442e-10, strain = 8.483536e-04, elapsed = 2885.2 sec
Step =    262: nodes = 17216, dt = 9.122931e-10, strain = 8.492659e-04, elapsed = 2932.3 sec
Step =    263: nodes = 17529, dt = 1.094752e-09, strain = 8.503606e-04, elapsed = 2974.1 sec
Step =    264: nodes = 17894, dt = 6.568510e-10, strain = 8.510175e-04, elapsed = 2998.2 sec
Step =    265: nodes = 17931, dt = 6.568510e-10, strain = 8.516743e-04, elapsed = 3006.4 sec
Step =    266: nodes = 17990, dt = 7.882212e-10, strain = 8.524625e-04, elapsed = 3023.1 sec
Step =    267: nodes = 18105, dt = 9.458655e-10, strain = 8.534084e-04, elapsed = 3037.5 sec
Step =    268: nodes = 18351, dt = 1.135039e-09, strain = 8.545435e-04, elapsed = 3068.7 sec
Step =    269: nodes = 18657, dt = 6.810231e-10, strain = 8.552245e-04, elapsed = 3105.2 sec
Step =    270: nodes = 18778, dt = 6.810231e-10, strain = 8.559055e-04, elapsed = 3114.3 sec
Step =    271: nodes = 18827, dt = 8.172278e-10, strain = 8.567227e-04, elapsed = 3126.5 sec
Step =    272: nodes = 18888, dt = 9.806733e-10, strain = 8.577034e-04, elapsed = 3148.0 sec
Step =    273: nodes = 18912, dt = 1.176808e-09, strain = 8.588802e-04, elapsed = 3164.5 sec
Step =    274: nodes = 18943, dt = 7.060848e-10, strain = 8.595863e-04, elapsed = 3175.3 sec
Step =    275: nodes = 19007, dt = 7.060848e-10, strain = 8.602924e-04, elapsed = 3182.3 sec
Step =    276: nodes = 19098, dt = 8.473017e-10, strain = 8.611397e-04, elapsed = 3192.5 sec
Step =    277: nodes = 19151, dt = 1.016762e-09, strain = 8.621564e-04, elapsed = 3223.7 sec
Step =    278: nodes = 19229, dt = 1.220115e-09, strain = 8.633766e-04, elapsed = 3277.1 sec
Step =    279: nodes = 19324, dt = 7.320687e-10, strain = 8.641086e-04, elapsed = 3322.9 sec
Step =    280: nodes = 19398, dt = 7.320687e-10, strain = 8.648407e-04, elapsed = 3419.0 sec
Step =    281: nodes = 19538, dt = 8.784825e-10, strain = 8.657192e-04, elapsed = 3429.2 sec
Step =    282: nodes = 19668, dt = 1.054179e-09, strain = 8.667734e-04, elapsed = 3459.9 sec
Step =    283: nodes = 19815, dt = 1.265015e-09, strain = 8.680384e-04, elapsed = 3482.3 sec
Step =    284: nodes = 19940, dt = 7.590088e-10, strain = 8.687974e-04, elapsed = 3503.3 sec
Step =    285: nodes = 20044, dt = 7.590088e-10, strain = 8.695564e-04, elapsed = 3509.7 sec
Step =    286: nodes = 20087, dt = 9.108106e-10, strain = 8.704672e-04, elapsed = 3525.6 sec
Step =    287: nodes = 20224, dt = 1.092973e-09, strain = 8.715602e-04, elapsed = 3551.3 sec
Step =    288: nodes = 20315, dt = 6.557836e-10, strain = 8.722160e-04, elapsed = 3559.5 sec
Step =    289: nodes = 20325, dt = 6.557836e-10, strain = 8.728717e-04, elapsed = 3579.0 sec
Step =    290: nodes = 20384, dt = 7.869404e-10, strain = 8.736587e-04, elapsed = 3593.3 sec
Step =    291: nodes = 20467, dt = 9.443284e-10, strain = 8.746030e-04, elapsed = 3610.3 sec
Step =    292: nodes = 20525, dt = 1.133194e-09, strain = 8.757362e-04, elapsed = 3676.4 sec
Step =    293: nodes = 20602, dt = 6.799165e-10, strain = 8.764161e-04, elapsed = 3694.7 sec
Step =    294: nodes = 20706, dt = 6.799165e-10, strain = 8.770960e-04, elapsed = 3717.4 sec
Step =    295: nodes = 20909, dt = 8.158998e-10, strain = 8.779119e-04, elapsed = 3727.5 sec
Step =    296: nodes = 21271, dt = 9.790797e-10, strain = 8.788910e-04, elapsed = 3744.6 sec
Step =    297: nodes = 21369, dt = 1.174896e-09, strain = 8.800659e-04, elapsed = 3765.8 sec
Step =    298: nodes = 21455, dt = 7.049374e-10, strain = 8.807708e-04, elapsed = 3776.7 sec
Step =    299: nodes = 21598, dt = 7.049374e-10, strain = 8.814758e-04, elapsed = 3784.6 sec
Step =    300: nodes = 21736, dt = 8.459249e-10, strain = 8.823217e-04, elapsed = 3794.1 sec
Writing configuration in legacy data format
 Output file: /data/home/dg000246b/openDIS/HomeWork/output_Cu_twin/config.300.data
Writing restart file
 Restart file: /data/home/dg000246b/openDIS/HomeWork/output_Cu_twin/restart.300.exadis
Step =    301: nodes = 21912, dt = 1.015110e-09, strain = 8.833368e-04, elapsed = 3843.7 sec
Step =    302: nodes = 22058, dt = 6.090659e-10, strain = 8.839459e-04, elapsed = 3859.8 sec
Step =    303: nodes = 22078, dt = 6.090659e-10, strain = 8.845549e-04, elapsed = 3964.9 sec
Step =    304: nodes = 22119, dt = 7.308791e-10, strain = 8.852858e-04, elapsed = 4021.5 sec
Step =    305: nodes = 22202, dt = 8.770549e-10, strain = 8.861629e-04, elapsed = 4035.4 sec
Step =    306: nodes = 22381, dt = 1.052466e-09, strain = 8.872153e-04, elapsed = 4046.9 sec
Step =    307: nodes = 22418, dt = 6.314795e-10, strain = 8.878468e-04, elapsed = 4058.1 sec
Step =    308: nodes = 22470, dt = 6.314795e-10, strain = 8.884783e-04, elapsed = 4070.5 sec
Step =    309: nodes = 22591, dt = 7.577754e-10, strain = 8.892361e-04, elapsed = 4151.3 sec
Step =    310: nodes = 22668, dt = 9.093305e-10, strain = 8.901454e-04, elapsed = 4179.7 sec
Step =    311: nodes = 22735, dt = 1.091197e-09, strain = 8.912366e-04, elapsed = 4218.8 sec
Step =    312: nodes = 22794, dt = 6.547180e-10, strain = 8.918913e-04, elapsed = 4264.4 sec
Step =    313: nodes = 22906, dt = 6.547180e-10, strain = 8.925460e-04, elapsed = 4284.4 sec
Step =    314: nodes = 23012, dt = 7.856616e-10, strain = 8.933317e-04, elapsed = 4321.0 sec
Step =    315: nodes = 23175, dt = 4.713969e-10, strain = 8.938031e-04, elapsed = 4328.4 sec
Step =    316: nodes = 23311, dt = 4.713969e-10, strain = 8.942745e-04, elapsed = 4340.8 sec
Step =    317: nodes = 23379, dt = 5.656763e-10, strain = 8.948402e-04, elapsed = 4358.2 sec
Step =    318: nodes = 23501, dt = 6.788116e-10, strain = 8.955190e-04, elapsed = 4367.4 sec
Step =    319: nodes = 23608, dt = 8.145739e-10, strain = 8.963336e-04, elapsed = 4382.5 sec
Step =    320: nodes = 23628, dt = 9.774887e-10, strain = 8.973111e-04, elapsed = 4401.1 sec
Step =    321: nodes = 23725, dt = 1.172986e-09, strain = 8.984840e-04, elapsed = 4429.5 sec
Step =    322: nodes = 23851, dt = 7.037919e-10, strain = 8.991878e-04, elapsed = 4503.4 sec
Step =    323: nodes = 24061, dt = 7.037919e-10, strain = 8.998916e-04, elapsed = 4543.7 sec
Step =    324: nodes = 24451, dt = 8.445502e-10, strain = 9.007362e-04, elapsed = 4593.5 sec
Step =    325: nodes = 24730, dt = 1.013460e-09, strain = 9.017496e-04, elapsed = 4656.5 sec
Step =    326: nodes = 25014, dt = 6.080762e-10, strain = 9.023577e-04, elapsed = 4673.3 sec
Step =    327: nodes = 25246, dt = 6.080762e-10, strain = 9.029658e-04, elapsed = 4704.2 sec
Step =    328: nodes = 25315, dt = 7.296914e-10, strain = 9.036955e-04, elapsed = 4749.8 sec
Step =    329: nodes = 25378, dt = 8.756297e-10, strain = 9.045711e-04, elapsed = 4841.2 sec
Step =    330: nodes = 25470, dt = 1.050756e-09, strain = 9.056219e-04, elapsed = 4880.5 sec
Step =    331: nodes = 25654, dt = 6.304534e-10, strain = 9.062523e-04, elapsed = 4925.8 sec
Step =    332: nodes = 25768, dt = 6.304534e-10, strain = 9.068828e-04, elapsed = 4967.0 sec
Step =    333: nodes = 25940, dt = 7.565441e-10, strain = 9.076393e-04, elapsed = 4999.7 sec
Step =    334: nodes = 26108, dt = 9.078529e-10, strain = 9.085472e-04, elapsed = 5053.3 sec
Step =    335: nodes = 26479, dt = 1.089423e-09, strain = 9.096366e-04, elapsed = 5087.2 sec
Step =    336: nodes = 26661, dt = 6.536541e-10, strain = 9.102902e-04, elapsed = 5121.3 sec
Step =    337: nodes = 26686, dt = 6.536541e-10, strain = 9.109439e-04, elapsed = 5148.6 sec
Step =    338: nodes = 26741, dt = 7.843849e-10, strain = 9.117283e-04, elapsed = 5179.0 sec
Step =    339: nodes = 26769, dt = 9.412619e-10, strain = 9.126695e-04, elapsed = 5203.6 sec
Step =    340: nodes = 26858, dt = 1.129514e-09, strain = 9.137991e-04, elapsed = 5233.0 sec
Step =    341: nodes = 26926, dt = 6.777085e-10, strain = 9.144768e-04, elapsed = 5254.5 sec
Step =    342: nodes = 27054, dt = 6.777085e-10, strain = 9.151545e-04, elapsed = 5281.9 sec
Step =    343: nodes = 27104, dt = 8.132502e-10, strain = 9.159677e-04, elapsed = 5353.8 sec
Step =    344: nodes = 27210, dt = 9.759003e-10, strain = 9.169436e-04, elapsed = 5373.8 sec
Step =    345: nodes = 27380, dt = 1.171080e-09, strain = 9.181147e-04, elapsed = 5435.8 sec
Step =    346: nodes = 27488, dt = 3.513241e-10, strain = 9.184660e-04, elapsed = 5469.5 sec
Step =    347: nodes = 27660, dt = 3.513241e-10, strain = 9.188174e-04, elapsed = 5498.0 sec
Step =    348: nodes = 27795, dt = 4.215889e-10, strain = 9.192389e-04, elapsed = 5512.8 sec
Step =    349: nodes = 28023, dt = 5.059067e-10, strain = 9.197449e-04, elapsed = 5581.5 sec
Step =    350: nodes = 28137, dt = 6.070881e-10, strain = 9.203519e-04, elapsed = 5658.6 sec
Step =    351: nodes = 28217, dt = 7.285057e-10, strain = 9.210804e-04, elapsed = 5685.9 sec
Step =    352: nodes = 28342, dt = 8.742068e-10, strain = 9.219547e-04, elapsed = 5717.6 sec
Step =    353: nodes = 28478, dt = 1.049048e-09, strain = 9.230037e-04, elapsed = 5752.2 sec
Step =    354: nodes = 28684, dt = 1.258858e-09, strain = 9.242626e-04, elapsed = 5822.3 sec
Step =    355: nodes = 28882, dt = 7.553147e-10, strain = 9.250179e-04, elapsed = 5853.5 sec
Step =    356: nodes = 29035, dt = 7.553147e-10, strain = 9.257732e-04, elapsed = 5879.2 sec
Step =    357: nodes = 29208, dt = 9.063776e-10, strain = 9.266796e-04, elapsed = 5898.1 sec
Step =    358: nodes = 29402, dt = 1.087653e-09, strain = 9.277672e-04, elapsed = 5977.2 sec
Step =    359: nodes = 29597, dt = 1.305184e-09, strain = 9.290724e-04, elapsed = 6107.2 sec
Step =    360: nodes = 29702, dt = 7.831103e-10, strain = 9.298555e-04, elapsed = 6133.6 sec
Step =    361: nodes = 29850, dt = 7.831103e-10, strain = 9.306386e-04, elapsed = 6169.7 sec
Step =    362: nodes = 30070, dt = 9.397323e-10, strain = 9.315784e-04, elapsed = 6200.3 sec
Step =    363: nodes = 30180, dt = 1.127679e-09, strain = 9.327060e-04, elapsed = 6283.7 sec
Step =    364: nodes = 30358, dt = 6.766073e-10, strain = 9.333826e-04, elapsed = 6311.3 sec
Step =    365: nodes = 30557, dt = 6.766073e-10, strain = 9.340592e-04, elapsed = 6340.3 sec
Step =    366: nodes = 30692, dt = 8.119287e-10, strain = 9.348712e-04, elapsed = 6366.0 sec
Step =    367: nodes = 30969, dt = 9.743145e-10, strain = 9.358455e-04, elapsed = 6420.3 sec
Step =    368: nodes = 31206, dt = 1.169177e-09, strain = 9.370147e-04, elapsed = 6480.8 sec
Step =    369: nodes = 31458, dt = 7.015064e-10, strain = 9.377162e-04, elapsed = 6510.3 sec
Step =    370: nodes = 31634, dt = 7.015064e-10, strain = 9.384177e-04, elapsed = 6603.4 sec
Step =    371: nodes = 31925, dt = 8.418077e-10, strain = 9.392595e-04, elapsed = 6646.5 sec
Step =    372: nodes = 32284, dt = 1.010169e-09, strain = 9.402697e-04, elapsed = 6828.3 sec
Step =    373: nodes = 32430, dt = 1.212203e-09, strain = 9.414819e-04, elapsed = 6920.7 sec
Step =    374: nodes = 32561, dt = 7.273218e-10, strain = 9.422092e-04, elapsed = 6955.8 sec
Step =    375: nodes = 32772, dt = 7.273218e-10, strain = 9.429365e-04, elapsed = 6989.3 sec
Step =    376: nodes = 32913, dt = 8.727862e-10, strain = 9.438093e-04, elapsed = 7033.7 sec
Step =    377: nodes = 33071, dt = 1.047343e-09, strain = 9.448566e-04, elapsed = 7149.8 sec
Step =    378: nodes = 33264, dt = 6.284061e-10, strain = 9.454850e-04, elapsed = 7205.2 sec
Step =    379: nodes = 33365, dt = 6.284061e-10, strain = 9.461134e-04, elapsed = 7229.5 sec
Step =    380: nodes = 33410, dt = 7.540873e-10, strain = 9.468675e-04, elapsed = 7253.2 sec
Step =    381: nodes = 33482, dt = 9.049047e-10, strain = 9.477724e-04, elapsed = 7278.8 sec
Step =    382: nodes = 33564, dt = 5.429428e-10, strain = 9.483154e-04, elapsed = 7328.0 sec
Step =    383: nodes = 33591, dt = 5.429428e-10, strain = 9.488583e-04, elapsed = 7350.4 sec
Step =    384: nodes = 33628, dt = 6.515314e-10, strain = 9.495099e-04, elapsed = 7375.1 sec
Step =    385: nodes = 33719, dt = 7.818377e-10, strain = 9.502917e-04, elapsed = 7408.8 sec
Step =    386: nodes = 33879, dt = 9.382052e-10, strain = 9.512299e-04, elapsed = 7441.8 sec
Step =    387: nodes = 34064, dt = 1.125846e-09, strain = 9.523557e-04, elapsed = 7490.2 sec
Step =    388: nodes = 34359, dt = 6.755078e-10, strain = 9.530313e-04, elapsed = 7514.3 sec
Step =    389: nodes = 34701, dt = 6.755078e-10, strain = 9.537068e-04, elapsed = 7549.7 sec
Step =    390: nodes = 34929, dt = 8.106093e-10, strain = 9.545174e-04, elapsed = 7592.0 sec
Step =    391: nodes = 35172, dt = 9.727312e-10, strain = 9.554901e-04, elapsed = 7662.3 sec
Step =    392: nodes = 35415, dt = 1.167277e-09, strain = 9.566574e-04, elapsed = 7773.7 sec
Step =    393: nodes = 35577, dt = 7.003665e-10, strain = 9.573577e-04, elapsed = 7803.9 sec
Step =    394: nodes = 35794, dt = 7.003665e-10, strain = 9.580581e-04, elapsed = 7861.4 sec
Step =    395: nodes = 36120, dt = 8.404397e-10, strain = 9.588985e-04, elapsed = 7923.5 sec
Step =    396: nodes = 36465, dt = 1.008528e-09, strain = 9.599071e-04, elapsed = 7958.2 sec
Step =    397: nodes = 36676, dt = 1.210233e-09, strain = 9.611173e-04, elapsed = 8017.5 sec
Step =    398: nodes = 36829, dt = 7.261399e-10, strain = 9.618435e-04, elapsed = 8044.0 sec
Step =    399: nodes = 36860, dt = 7.261399e-10, strain = 9.625696e-04, elapsed = 8083.2 sec
Step =    400: nodes = 36919, dt = 8.713679e-10, strain = 9.634410e-04, elapsed = 8137.9 sec
Writing configuration in legacy data format
 Output file: /data/home/dg000246b/openDIS/HomeWork/output_Cu_twin/config.400.data
Writing restart file
 Restart file: /data/home/dg000246b/openDIS/HomeWork/output_Cu_twin/restart.400.exadis
Step =    401: nodes = 37063, dt = 1.045642e-09, strain = 9.644866e-04, elapsed = 8185.1 sec
Step =    402: nodes = 37245, dt = 6.273849e-10, strain = 9.651140e-04, elapsed = 8222.1 sec
Step =    403: nodes = 37530, dt = 6.273849e-10, strain = 9.657414e-04, elapsed = 8283.5 sec
Step =    404: nodes = 37981, dt = 7.528619e-10, strain = 9.664942e-04, elapsed = 8316.1 sec
Step =    405: nodes = 38157, dt = 9.034343e-10, strain = 9.673977e-04, elapsed = 8356.4 sec
Step =    406: nodes = 38565, dt = 1.084121e-09, strain = 9.684818e-04, elapsed = 8449.0 sec
Step =    407: nodes = 38837, dt = 6.504727e-10, strain = 9.691323e-04, elapsed = 8505.5 sec
Step =    408: nodes = 39030, dt = 6.504727e-10, strain = 9.697827e-04, elapsed = 8602.5 sec
Step =    409: nodes = 39259, dt = 7.805672e-10, strain = 9.705633e-04, elapsed = 8709.1 sec
Step =    410: nodes = 39629, dt = 9.366807e-10, strain = 9.715000e-04, elapsed = 8999.5 sec
Step =    411: nodes = 39684, dt = 1.124017e-09, strain = 9.726240e-04, elapsed = 9118.1 sec
Step =    412: nodes = 39853, dt = 6.744101e-10, strain = 9.732984e-04, elapsed = 9195.8 sec
Step =    413: nodes = 40046, dt = 6.744101e-10, strain = 9.739728e-04, elapsed = 9254.8 sec
Step =    414: nodes = 40210, dt = 8.092921e-10, strain = 9.747821e-04, elapsed = 9308.4 sec
Step =    415: nodes = 40508, dt = 9.711505e-10, strain = 9.757533e-04, elapsed = 9382.7 sec
Step =    416: nodes = 40956, dt = 5.826903e-10, strain = 9.763360e-04, elapsed = 9456.9 sec
Step =    417: nodes = 41269, dt = 5.826903e-10, strain = 9.769186e-04, elapsed = 9494.7 sec
Step =    418: nodes = 41542, dt = 6.992284e-10, strain = 9.776179e-04, elapsed = 9548.9 sec
Step =    419: nodes = 42092, dt = 8.390740e-10, strain = 9.784569e-04, elapsed = 9627.8 sec
Step =    420: nodes = 42556, dt = 1.006889e-09, strain = 9.794638e-04, elapsed = 9823.2 sec
Step =    421: nodes = 42777, dt = 1.208267e-09, strain = 9.806721e-04, elapsed = 10299.1 sec
Step =    422: nodes = 43058, dt = 7.249600e-10, strain = 9.813971e-04, elapsed = 10417.0 sec
Step =    423: nodes = 43434, dt = 7.249600e-10, strain = 9.821220e-04, elapsed = 10544.2 sec
Step =    424: nodes = 43907, dt = 8.699520e-10, strain = 9.829920e-04, elapsed = 10622.7 sec
Step =    425: nodes = 44193, dt = 1.043942e-09, strain = 9.840359e-04, elapsed = 10729.0 sec
Step =    426: nodes = 44609, dt = 1.252731e-09, strain = 9.852886e-04, elapsed = 10857.0 sec
Step =    427: nodes = 45126, dt = 7.516385e-10, strain = 9.860403e-04, elapsed = 11072.2 sec
Step =    428: nodes = 45478, dt = 7.516385e-10, strain = 9.867919e-04, elapsed = 11157.5 sec
Step =    429: nodes = 45538, dt = 9.019662e-10, strain = 9.876939e-04, elapsed = 11394.8 sec
Step =    430: nodes = 45712, dt = 1.082359e-09, strain = 9.887762e-04, elapsed = 11588.2 sec
Step =    431: nodes = 45856, dt = 6.494157e-10, strain = 9.894257e-04, elapsed = 11697.1 sec
Step =    432: nodes = 46100, dt = 6.494157e-10, strain = 9.900751e-04, elapsed = 11762.3 sec
Step =    433: nodes = 46361, dt = 7.792988e-10, strain = 9.908544e-04, elapsed = 11821.0 sec
Step =    434: nodes = 46742, dt = 9.351585e-10, strain = 9.917895e-04, elapsed = 11918.5 sec
Step =    435: nodes = 46983, dt = 1.122190e-09, strain = 9.929117e-04, elapsed = 12053.9 sec
Step =    436: nodes = 47124, dt = 6.733142e-10, strain = 9.935850e-04, elapsed = 12125.8 sec
Step =    437: nodes = 47284, dt = 6.733142e-10, strain = 9.942584e-04, elapsed = 12199.7 sec
Step =    438: nodes = 47530, dt = 8.079770e-10, strain = 9.950663e-04, elapsed = 12271.3 sec
Step =    439: nodes = 47722, dt = 4.847862e-10, strain = 9.955511e-04, elapsed = 12306.1 sec
Step =    440: nodes = 47924, dt = 4.847862e-10, strain = 9.960359e-04, elapsed = 12342.4 sec
Step =    441: nodes = 48254, dt = 5.817434e-10, strain = 9.966176e-04, elapsed = 12392.3 sec
Step =    442: nodes = 48734, dt = 6.980921e-10, strain = 9.973157e-04, elapsed = 12445.9 sec
Step =    443: nodes = 48984, dt = 8.377105e-10, strain = 9.981534e-04, elapsed = 12542.5 sec
Step =    444: nodes = 49253, dt = 1.005253e-09, strain = 9.991587e-04, elapsed = 12650.5 sec
Step =    445: nodes = 49498, dt = 1.206303e-09, strain = 1.000365e-03, elapsed = 12738.9 sec
Step =    446: nodes = 49762, dt = 7.237819e-10, strain = 1.001089e-03, elapsed = 12852.0 sec
Step =    447: nodes = 49877, dt = 7.237819e-10, strain = 1.001813e-03, elapsed = 12963.5 sec
Step =    448: nodes = 49995, dt = 8.685383e-10, strain = 1.002681e-03, elapsed = 13031.8 sec
Step =    449: nodes = 50198, dt = 1.042246e-09, strain = 1.003723e-03, elapsed = 13217.4 sec
Step =    450: nodes = 50548, dt = 6.253476e-10, strain = 1.004349e-03, elapsed = 13319.8 sec
Step =    451: nodes = 50730, dt = 6.253476e-10, strain = 1.004974e-03, elapsed = 13376.9 sec
Step =    452: nodes = 50901, dt = 7.504171e-10, strain = 1.005724e-03, elapsed = 13474.2 sec
Step =    453: nodes = 51019, dt = 9.005005e-10, strain = 1.006625e-03, elapsed = 13618.4 sec
Step =    454: nodes = 51184, dt = 1.080601e-09, strain = 1.007706e-03, elapsed = 13747.0 sec
Step =    455: nodes = 51231, dt = 6.483604e-10, strain = 1.008354e-03, elapsed = 13894.8 sec
Step =    456: nodes = 51332, dt = 6.483604e-10, strain = 1.009002e-03, elapsed = 13981.6 sec
Step =    457: nodes = 51582, dt = 7.780324e-10, strain = 1.009780e-03, elapsed = 14021.4 sec
Step =    458: nodes = 51908, dt = 9.336389e-10, strain = 1.010714e-03, elapsed = 14064.9 sec
Step =    459: nodes = 52428, dt = 1.120367e-09, strain = 1.011834e-03, elapsed = 14152.5 sec
Step =    460: nodes = 52588, dt = 6.722200e-10, strain = 1.012507e-03, elapsed = 14220.1 sec
Step =    461: nodes = 52728, dt = 6.722200e-10, strain = 1.013179e-03, elapsed = 14272.9 sec
Step =    462: nodes = 52871, dt = 8.066640e-10, strain = 1.013985e-03, elapsed = 14374.3 sec
Step =    463: nodes = 53054, dt = 4.839984e-10, strain = 1.014469e-03, elapsed = 14432.4 sec
Step =    464: nodes = 53295, dt = 4.839984e-10, strain = 1.014953e-03, elapsed = 14465.3 sec
Step =    465: nodes = 53591, dt = 5.807981e-10, strain = 1.015534e-03, elapsed = 14512.5 sec
Step =    466: nodes = 53924, dt = 6.969577e-10, strain = 1.016231e-03, elapsed = 14579.4 sec
Step =    467: nodes = 54151, dt = 8.363493e-10, strain = 1.017068e-03, elapsed = 14638.1 sec
Step =    468: nodes = 54301, dt = 1.003619e-09, strain = 1.018071e-03, elapsed = 14788.5 sec
Step =    469: nodes = 54484, dt = 6.021715e-10, strain = 1.018673e-03, elapsed = 14894.6 sec
Step =    470: nodes = 54674, dt = 6.021715e-10, strain = 1.019275e-03, elapsed = 15042.3 sec
Step =    471: nodes = 54889, dt = 7.226058e-10, strain = 1.019998e-03, elapsed = 15104.9 sec
Step =    472: nodes = 55168, dt = 8.671269e-10, strain = 1.020865e-03, elapsed = 15249.2 sec
Step =    473: nodes = 55509, dt = 1.040552e-09, strain = 1.021906e-03, elapsed = 15332.1 sec
Step =    474: nodes = 55711, dt = 1.248663e-09, strain = 1.023154e-03, elapsed = 15466.0 sec
Step =    475: nodes = 55996, dt = 7.491976e-10, strain = 1.023904e-03, elapsed = 15551.5 sec
Step =    476: nodes = 56233, dt = 7.491976e-10, strain = 1.024653e-03, elapsed = 15648.1 sec
Step =    477: nodes = 56442, dt = 8.990372e-10, strain = 1.025552e-03, elapsed = 15732.6 sec
Step =    478: nodes = 56724, dt = 1.078845e-09, strain = 1.026631e-03, elapsed = 15877.9 sec
Step =    479: nodes = 56864, dt = 1.294614e-09, strain = 1.027925e-03, elapsed = 16101.3 sec
Step =    480: nodes = 56899, dt = 7.767681e-10, strain = 1.028702e-03, elapsed = 16208.1 sec
Step =    481: nodes = 56982, dt = 7.767681e-10, strain = 1.029479e-03, elapsed = 16323.9 sec
Step =    482: nodes = 57113, dt = 9.321217e-10, strain = 1.030411e-03, elapsed = 16474.8 sec
Step =    483: nodes = 57330, dt = 1.118546e-09, strain = 1.031530e-03, elapsed = 16751.5 sec
Step =    484: nodes = 57445, dt = 6.711277e-10, strain = 1.032201e-03, elapsed = 16977.1 sec
Step =    485: nodes = 57492, dt = 6.711277e-10, strain = 1.032872e-03, elapsed = 17105.9 sec
Step =    486: nodes = 57614, dt = 8.053532e-10, strain = 1.033677e-03, elapsed = 17196.7 sec
Step =    487: nodes = 57781, dt = 9.664238e-10, strain = 1.034644e-03, elapsed = 17307.3 sec
Step =    488: nodes = 58119, dt = 1.159709e-09, strain = 1.035803e-03, elapsed = 17488.4 sec
Step =    489: nodes = 58497, dt = 6.958252e-10, strain = 1.036499e-03, elapsed = 17578.6 sec
Step =    490: nodes = 58863, dt = 6.958252e-10, strain = 1.037195e-03, elapsed = 17670.7 sec
Step =    491: nodes = 59295, dt = 8.349902e-10, strain = 1.038030e-03, elapsed = 17729.8 sec
Step =    492: nodes = 59696, dt = 1.001988e-09, strain = 1.039032e-03, elapsed = 17832.5 sec
Step =    493: nodes = 59933, dt = 1.202386e-09, strain = 1.040234e-03, elapsed = 17983.5 sec
Step =    494: nodes = 60037, dt = 7.214315e-10, strain = 1.040956e-03, elapsed = 18108.0 sec
Step =    495: nodes = 60149, dt = 7.214315e-10, strain = 1.041677e-03, elapsed = 18183.3 sec
Step =    496: nodes = 60474, dt = 8.657178e-10, strain = 1.042543e-03, elapsed = 18271.6 sec
Step =    497: nodes = 60822, dt = 1.038861e-09, strain = 1.043582e-03, elapsed = 18339.9 sec
Step =    498: nodes = 61187, dt = 1.246634e-09, strain = 1.044828e-03, elapsed = 18427.4 sec
Step =    499: nodes = 61400, dt = 7.479802e-10, strain = 1.045576e-03, elapsed = 18488.8 sec
Step =    500: nodes = 61478, dt = 7.479802e-10, strain = 1.046324e-03, elapsed = 18563.5 sec
Writing configuration in legacy data format
 Output file: /data/home/dg000246b/openDIS/HomeWork/output_Cu_twin/config.500.data
Writing restart file
 Restart file: /data/home/dg000246b/openDIS/HomeWork/output_Cu_twin/restart.500.exadis
Step =    501: nodes = 61585, dt = 8.975762e-10, strain = 1.047222e-03, elapsed = 18756.0 sec
Step =    502: nodes = 61716, dt = 1.077091e-09, strain = 1.048299e-03, elapsed = 18901.4 sec
Step =    503: nodes = 61949, dt = 1.292510e-09, strain = 1.049592e-03, elapsed = 19074.7 sec
Step =    504: nodes = 62108, dt = 7.755059e-10, strain = 1.050367e-03, elapsed = 19211.4 sec
Step =    505: nodes = 62314, dt = 7.755059e-10, strain = 1.051143e-03, elapsed = 19363.8 sec
Step =    506: nodes = 62623, dt = 9.306070e-10, strain = 1.052073e-03, elapsed = 19599.4 sec
Step =    507: nodes = 63110, dt = 1.116728e-09, strain = 1.053190e-03, elapsed = 19912.2 sec
Step =    508: nodes = 63278, dt = 6.700371e-10, strain = 1.053860e-03, elapsed = 20070.4 sec
Step =    509: nodes = 63477, dt = 6.700371e-10, strain = 1.054530e-03, elapsed = 20230.6 sec
Step =    510: nodes = 63790, dt = 8.040445e-10, strain = 1.055334e-03, elapsed = 20399.7 sec
Step =    511: nodes = 64026, dt = 4.824267e-10, strain = 1.055816e-03, elapsed = 20514.2 sec
Step =    512: nodes = 64274, dt = 4.824267e-10, strain = 1.056299e-03, elapsed = 20581.1 sec
Step =    513: nodes = 64572, dt = 5.789120e-10, strain = 1.056878e-03, elapsed = 20744.7 sec
Step =    514: nodes = 65071, dt = 6.946944e-10, strain = 1.057572e-03, elapsed = 20901.4 sec
Step =    515: nodes = 65419, dt = 8.336333e-10, strain = 1.058406e-03, elapsed = 21076.5 sec
Step =    516: nodes = 65569, dt = 1.000360e-09, strain = 1.059406e-03, elapsed = 21479.2 sec
Step =    517: nodes = 65750, dt = 1.200432e-09, strain = 1.060607e-03, elapsed = 22066.8 sec
Step =    518: nodes = 65974, dt = 7.202592e-10, strain = 1.061327e-03, elapsed = 22644.3 sec
Step =    519: nodes = 66275, dt = 7.202592e-10, strain = 1.062047e-03, elapsed = 22749.0 sec
Step =    520: nodes = 66709, dt = 8.643110e-10, strain = 1.062912e-03, elapsed = 22885.5 sec
Step =    521: nodes = 67128, dt = 1.037173e-09, strain = 1.063949e-03, elapsed = 23278.5 sec
Step =    522: nodes = 67418, dt = 1.244608e-09, strain = 1.065193e-03, elapsed = 24353.4 sec
Step =    523: nodes = 67553, dt = 7.467647e-10, strain = 1.065940e-03, elapsed = 24519.4 sec
Step =    524: nodes = 67681, dt = 7.467647e-10, strain = 1.066687e-03, elapsed = 24651.7 sec
Step =    525: nodes = 67852, dt = 8.961177e-10, strain = 1.067583e-03, elapsed = 24825.5 sec
Step =    526: nodes = 68073, dt = 1.075341e-09, strain = 1.068658e-03, elapsed = 24987.2 sec
Step =    527: nodes = 68251, dt = 1.290409e-09, strain = 1.069949e-03, elapsed = 25217.9 sec
Step =    528: nodes = 68467, dt = 7.742457e-10, strain = 1.070723e-03, elapsed = 25386.3 sec
Step =    529: nodes = 68818, dt = 7.742457e-10, strain = 1.071497e-03, elapsed = 25551.8 sec
Step =    530: nodes = 69074, dt = 9.290948e-10, strain = 1.072426e-03, elapsed = 25722.0 sec
Step =    531: nodes = 69364, dt = 1.114914e-09, strain = 1.073541e-03, elapsed = 25860.4 sec
Step =    532: nodes = 69784, dt = 1.337897e-09, strain = 1.074879e-03, elapsed = 26141.7 sec
Step =    533: nodes = 70173, dt = 8.027379e-10, strain = 1.075682e-03, elapsed = 26263.6 sec
Step =    534: nodes = 70468, dt = 8.027379e-10, strain = 1.076485e-03, elapsed = 26367.0 sec
Step =    535: nodes = 70711, dt = 9.632855e-10, strain = 1.077448e-03, elapsed = 26467.2 sec
Step =    536: nodes = 71044, dt = 5.779713e-10, strain = 1.078026e-03, elapsed = 26594.6 sec
Step =    537: nodes = 71220, dt = 5.779713e-10, strain = 1.078604e-03, elapsed = 26657.2 sec
Step =    538: nodes = 71360, dt = 6.935656e-10, strain = 1.079298e-03, elapsed = 26750.4 sec
Step =    539: nodes = 71509, dt = 8.322787e-10, strain = 1.080130e-03, elapsed = 26951.6 sec
Step =    540: nodes = 71840, dt = 9.987344e-10, strain = 1.081129e-03, elapsed = 27139.3 sec
Step =    541: nodes = 71964, dt = 5.992406e-10, strain = 1.081728e-03, elapsed = 27271.4 sec
Step =    542: nodes = 72092, dt = 5.992406e-10, strain = 1.082327e-03, elapsed = 27379.6 sec
Step =    543: nodes = 72246, dt = 7.190888e-10, strain = 1.083046e-03, elapsed = 27475.6 sec
Step =    544: nodes = 72331, dt = 8.629065e-10, strain = 1.083909e-03, elapsed = 27602.0 sec
Step =    545: nodes = 72515, dt = 5.177439e-10, strain = 1.084427e-03, elapsed = 27652.3 sec
Step =    546: nodes = 72623, dt = 5.177439e-10, strain = 1.084945e-03, elapsed = 27731.1 sec
Step =    547: nodes = 72790, dt = 6.212927e-10, strain = 1.085566e-03, elapsed = 27848.0 sec
Step =    548: nodes = 72921, dt = 7.455512e-10, strain = 1.086311e-03, elapsed = 27906.0 sec
Step =    549: nodes = 73005, dt = 8.946615e-10, strain = 1.087206e-03, elapsed = 28049.2 sec
Step =    550: nodes = 73192, dt = 5.367969e-10, strain = 1.087743e-03, elapsed = 28097.3 sec
Step =    551: nodes = 73431, dt = 5.367969e-10, strain = 1.088280e-03, elapsed = 28142.3 sec
Step =    552: nodes = 73622, dt = 6.441563e-10, strain = 1.088924e-03, elapsed = 28263.6 sec
Step =    553: nodes = 73866, dt = 7.729875e-10, strain = 1.089697e-03, elapsed = 28375.8 sec
Step =    554: nodes = 74114, dt = 4.637925e-10, strain = 1.090161e-03, elapsed = 28441.4 sec
Step =    555: nodes = 74282, dt = 4.637925e-10, strain = 1.090624e-03, elapsed = 28505.7 sec
Step =    556: nodes = 74468, dt = 5.565510e-10, strain = 1.091181e-03, elapsed = 28584.1 sec
Step =    557: nodes = 74554, dt = 6.678612e-10, strain = 1.091849e-03, elapsed = 28704.9 sec
Step =    558: nodes = 74647, dt = 8.014335e-10, strain = 1.092650e-03, elapsed = 28772.7 sec
Step =    559: nodes = 74806, dt = 9.617202e-10, strain = 1.093612e-03, elapsed = 28875.7 sec
Step =    560: nodes = 74934, dt = 5.770321e-10, strain = 1.094189e-03, elapsed = 28981.0 sec
Step =    561: nodes = 75101, dt = 5.770321e-10, strain = 1.094766e-03, elapsed = 29048.2 sec
Step =    562: nodes = 75367, dt = 6.924385e-10, strain = 1.095458e-03, elapsed = 29115.9 sec
Step =    563: nodes = 75645, dt = 8.309262e-10, strain = 1.096289e-03, elapsed = 29211.9 sec
Step =    564: nodes = 75879, dt = 9.971115e-10, strain = 1.097286e-03, elapsed = 29338.0 sec
Step =    565: nodes = 76017, dt = 5.982669e-10, strain = 1.097885e-03, elapsed = 29457.5 sec
Step =    566: nodes = 76131, dt = 5.982669e-10, strain = 1.098483e-03, elapsed = 29557.4 sec
Step =    567: nodes = 76399, dt = 7.179202e-10, strain = 1.099201e-03, elapsed = 29687.1 sec
Step =    568: nodes = 76701, dt = 8.615043e-10, strain = 1.100062e-03, elapsed = 29806.3 sec
Step =    569: nodes = 76813, dt = 1.033805e-09, strain = 1.101096e-03, elapsed = 29954.8 sec
Step =    570: nodes = 76996, dt = 6.202831e-10, strain = 1.101716e-03, elapsed = 30083.7 sec
Step =    571: nodes = 77299, dt = 6.202831e-10, strain = 1.102337e-03, elapsed = 30231.1 sec
Step =    572: nodes = 77573, dt = 7.443397e-10, strain = 1.103081e-03, elapsed = 30406.1 sec
Step =    573: nodes = 77938, dt = 8.932077e-10, strain = 1.103974e-03, elapsed = 30696.0 sec
Step =    574: nodes = 78239, dt = 1.071849e-09, strain = 1.105046e-03, elapsed = 30920.9 sec
Step =    575: nodes = 78517, dt = 6.431095e-10, strain = 1.105689e-03, elapsed = 31204.1 sec
Step =    576: nodes = 78648, dt = 3.215548e-10, strain = 1.106011e-03, elapsed = 31247.0 sec
Step =    577: nodes = 78853, dt = 3.215548e-10, strain = 1.106332e-03, elapsed = 31286.8 sec
Step =    578: nodes = 79042, dt = 3.858657e-10, strain = 1.106718e-03, elapsed = 31322.3 sec
Step =    579: nodes = 79170, dt = 4.630388e-10, strain = 1.107181e-03, elapsed = 31362.1 sec
Step =    580: nodes = 79355, dt = 5.556466e-10, strain = 1.107737e-03, elapsed = 31412.9 sec
Step =    581: nodes = 79459, dt = 3.333880e-10, strain = 1.108070e-03, elapsed = 31458.6 sec
Step =    582: nodes = 79556, dt = 3.333880e-10, strain = 1.108404e-03, elapsed = 31511.4 sec
Step =    583: nodes = 79649, dt = 4.000656e-10, strain = 1.108804e-03, elapsed = 31559.1 sec
Step =    584: nodes = 79750, dt = 4.800787e-10, strain = 1.109284e-03, elapsed = 31615.0 sec
Step =    585: nodes = 79933, dt = 5.760944e-10, strain = 1.109860e-03, elapsed = 31681.6 sec
Step =    586: nodes = 80066, dt = 3.456566e-10, strain = 1.110206e-03, elapsed = 31723.9 sec
Step =    587: nodes = 80072, dt = 3.456566e-10, strain = 1.110551e-03, elapsed = 31766.3 sec
Step =    588: nodes = 80120, dt = 4.147880e-10, strain = 1.110966e-03, elapsed = 31805.8 sec
Step =    589: nodes = 80243, dt = 4.977456e-10, strain = 1.111464e-03, elapsed = 31846.9 sec
Step =    590: nodes = 80417, dt = 2.986473e-10, strain = 1.111762e-03, elapsed = 31894.0 sec
Step =    591: nodes = 80421, dt = 2.986473e-10, strain = 1.112061e-03, elapsed = 31997.2 sec
Step =    592: nodes = 80479, dt = 3.583768e-10, strain = 1.112419e-03, elapsed = 32055.7 sec
Step =    593: nodes = 80536, dt = 4.300522e-10, strain = 1.112850e-03, elapsed = 32093.9 sec
Step =    594: nodes = 80660, dt = 5.160626e-10, strain = 1.113366e-03, elapsed = 32159.1 sec
Step =    595: nodes = 80688, dt = 3.096376e-10, strain = 1.113675e-03, elapsed = 32198.8 sec
Step =    596: nodes = 80732, dt = 3.096376e-10, strain = 1.113985e-03, elapsed = 32294.4 sec
Step =    597: nodes = 80803, dt = 3.715651e-10, strain = 1.114356e-03, elapsed = 32387.3 sec
Step =    598: nodes = 80957, dt = 4.458781e-10, strain = 1.114802e-03, elapsed = 32432.0 sec
Step =    599: nodes = 81112, dt = 5.350537e-10, strain = 1.115337e-03, elapsed = 32476.7 sec
Step =    600: nodes = 81186, dt = 3.210322e-10, strain = 1.115658e-03, elapsed = 32517.3 sec
Writing configuration in legacy data format
 Output file: /data/home/dg000246b/openDIS/HomeWork/output_Cu_twin/config.600.data
Writing restart file
 Restart file: /data/home/dg000246b/openDIS/HomeWork/output_Cu_twin/restart.600.exadis
Step =    601: nodes = 81302, dt = 3.210322e-10, strain = 1.115979e-03, elapsed = 32550.0 sec
Step =    602: nodes = 81423, dt = 3.852387e-10, strain = 1.116365e-03, elapsed = 32606.7 sec
Step =    603: nodes = 81588, dt = 4.622864e-10, strain = 1.116827e-03, elapsed = 32664.7 sec
Step =    604: nodes = 81823, dt = 5.547437e-10, strain = 1.117382e-03, elapsed = 32714.0 sec
Step =    605: nodes = 82105, dt = 3.328462e-10, strain = 1.117715e-03, elapsed = 32754.5 sec
Step =    606: nodes = 82227, dt = 3.328462e-10, strain = 1.118047e-03, elapsed = 32788.7 sec
Step =    607: nodes = 82335, dt = 3.994155e-10, strain = 1.118447e-03, elapsed = 32830.4 sec
Step =    608: nodes = 82455, dt = 4.792986e-10, strain = 1.118926e-03, elapsed = 32873.6 sec
Step =    609: nodes = 82583, dt = 5.751583e-10, strain = 1.119501e-03, elapsed = 32962.1 sec
Step =    610: nodes = 82748, dt = 6.901899e-10, strain = 1.120191e-03, elapsed = 33044.8 sec
Step =    611: nodes = 82928, dt = 4.141139e-10, strain = 1.120606e-03, elapsed = 33111.8 sec
Step =    612: nodes = 83120, dt = 4.141139e-10, strain = 1.121020e-03, elapsed = 33173.1 sec
Step =    613: nodes = 83269, dt = 4.969367e-10, strain = 1.121517e-03, elapsed = 33237.0 sec
Step =    614: nodes = 83432, dt = 5.963241e-10, strain = 1.122113e-03, elapsed = 33303.9 sec
Step =    615: nodes = 83570, dt = 7.155889e-10, strain = 1.122829e-03, elapsed = 33590.7 sec
Step =    616: nodes = 83632, dt = 4.293533e-10, strain = 1.123258e-03, elapsed = 33673.6 sec
Step =    617: nodes = 83637, dt = 4.293533e-10, strain = 1.123687e-03, elapsed = 33754.3 sec
Step =    618: nodes = 83691, dt = 5.152240e-10, strain = 1.124202e-03, elapsed = 33847.4 sec
Step =    619: nodes = 83796, dt = 6.182688e-10, strain = 1.124821e-03, elapsed = 33911.9 sec
Step =    620: nodes = 83976, dt = 7.419226e-10, strain = 1.125563e-03, elapsed = 33984.6 sec
Step =    621: nodes = 84212, dt = 4.451535e-10, strain = 1.126008e-03, elapsed = 34064.3 sec
Step =    622: nodes = 84322, dt = 4.451535e-10, strain = 1.126453e-03, elapsed = 34158.3 sec
Step =    623: nodes = 84445, dt = 5.341843e-10, strain = 1.126987e-03, elapsed = 34223.6 sec
Step =    624: nodes = 84668, dt = 6.410211e-10, strain = 1.127628e-03, elapsed = 34306.7 sec
Step =    625: nodes = 84999, dt = 7.692253e-10, strain = 1.128397e-03, elapsed = 34445.6 sec
Step =    626: nodes = 85359, dt = 4.615352e-10, strain = 1.128859e-03, elapsed = 34505.1 sec
Step =    627: nodes = 85619, dt = 4.615352e-10, strain = 1.129320e-03, elapsed = 34557.1 sec
Step =    628: nodes = 85817, dt = 5.538422e-10, strain = 1.129874e-03, elapsed = 34613.7 sec
Step =    629: nodes = 86042, dt = 6.646107e-10, strain = 1.130539e-03, elapsed = 34832.2 sec
Step =    630: nodes = 86353, dt = 3.987664e-10, strain = 1.130938e-03, elapsed = 34908.7 sec
Step =    631: nodes = 86596, dt = 3.987664e-10, strain = 1.131336e-03, elapsed = 34986.4 sec
Step =    632: nodes = 86803, dt = 4.785197e-10, strain = 1.131815e-03, elapsed = 35044.9 sec
Step =    633: nodes = 86939, dt = 5.742236e-10, strain = 1.132389e-03, elapsed = 35176.6 sec
Step =    634: nodes = 87157, dt = 6.890684e-10, strain = 1.133078e-03, elapsed = 35282.6 sec
Step =    635: nodes = 87274, dt = 4.134410e-10, strain = 1.133492e-03, elapsed = 35342.3 sec
Step =    636: nodes = 87449, dt = 4.134410e-10, strain = 1.133905e-03, elapsed = 35393.1 sec
Step =    637: nodes = 87645, dt = 4.961292e-10, strain = 1.134401e-03, elapsed = 35452.3 sec
Step =    638: nodes = 87885, dt = 5.953551e-10, strain = 1.134997e-03, elapsed = 35540.9 sec
Step =    639: nodes = 87998, dt = 7.144261e-10, strain = 1.135711e-03, elapsed = 35671.9 sec
Step =    640: nodes = 88119, dt = 4.286556e-10, strain = 1.136140e-03, elapsed = 35986.2 sec
Step =    641: nodes = 88313, dt = 4.286556e-10, strain = 1.136568e-03, elapsed = 36051.7 sec
Step =    642: nodes = 88419, dt = 5.143868e-10, strain = 1.137083e-03, elapsed = 36174.6 sec
Step =    643: nodes = 88625, dt = 6.172641e-10, strain = 1.137700e-03, elapsed = 36276.4 sec
Step =    644: nodes = 88676, dt = 3.703585e-10, strain = 1.138070e-03, elapsed = 36351.0 sec
Step =    645: nodes = 88767, dt = 3.703585e-10, strain = 1.138441e-03, elapsed = 36400.7 sec
Step =    646: nodes = 88944, dt = 4.444302e-10, strain = 1.138885e-03, elapsed = 36458.3 sec
Step =    647: nodes = 89059, dt = 5.333162e-10, strain = 1.139418e-03, elapsed = 36528.2 sec
Step =    648: nodes = 89237, dt = 6.399794e-10, strain = 1.140058e-03, elapsed = 36604.4 sec
Step =    649: nodes = 89304, dt = 7.679753e-10, strain = 1.140826e-03, elapsed = 36706.9 sec
Step =    650: nodes = 89390, dt = 4.607852e-10, strain = 1.141287e-03, elapsed = 36792.9 sec
Step =    651: nodes = 89497, dt = 4.607852e-10, strain = 1.141748e-03, elapsed = 36849.0 sec
Step =    652: nodes = 89716, dt = 5.529422e-10, strain = 1.142301e-03, elapsed = 36907.4 sec
Step =    653: nodes = 90036, dt = 6.635307e-10, strain = 1.142964e-03, elapsed = 37023.1 sec
Step =    654: nodes = 90133, dt = 7.962368e-10, strain = 1.143761e-03, elapsed = 37124.6 sec
Step =    655: nodes = 90240, dt = 4.777421e-10, strain = 1.144238e-03, elapsed = 37214.2 sec
Step =    656: nodes = 90372, dt = 4.777421e-10, strain = 1.144716e-03, elapsed = 37315.9 sec
Step =    657: nodes = 90738, dt = 5.732905e-10, strain = 1.145289e-03, elapsed = 37433.4 sec
Step =    658: nodes = 91044, dt = 6.879486e-10, strain = 1.145977e-03, elapsed = 37612.4 sec
Step =    659: nodes = 91344, dt = 8.255383e-10, strain = 1.146803e-03, elapsed = 37750.7 sec
Step =    660: nodes = 91766, dt = 9.906460e-10, strain = 1.147794e-03, elapsed = 37974.0 sec
Step =    661: nodes = 92182, dt = 5.943876e-10, strain = 1.148388e-03, elapsed = 38074.4 sec
Step =    662: nodes = 92643, dt = 5.943876e-10, strain = 1.148982e-03, elapsed = 38182.4 sec
Step =    663: nodes = 93045, dt = 7.132651e-10, strain = 1.149696e-03, elapsed = 38306.7 sec
Step =    664: nodes = 93441, dt = 8.559181e-10, strain = 1.150552e-03, elapsed = 38454.0 sec
Step =    665: nodes = 93648, dt = 1.027102e-09, strain = 1.151579e-03, elapsed = 38850.7 sec
Step =    666: nodes = 93820, dt = 6.162611e-10, strain = 1.152195e-03, elapsed = 39025.8 sec
Step =    667: nodes = 93994, dt = 6.162611e-10, strain = 1.152811e-03, elapsed = 39132.0 sec
Step =    668: nodes = 94223, dt = 7.395133e-10, strain = 1.153551e-03, elapsed = 39312.9 sec
Step =    669: nodes = 94528, dt = 8.874159e-10, strain = 1.154438e-03, elapsed = 39598.7 sec
Step =    670: nodes = 94909, dt = 1.064899e-09, strain = 1.155503e-03, elapsed = 39917.5 sec
Step =    671: nodes = 95339, dt = 6.389395e-10, strain = 1.156142e-03, elapsed = 40097.8 sec
Step =    672: nodes = 95601, dt = 6.389395e-10, strain = 1.156781e-03, elapsed = 40207.0 sec
Step =    673: nodes = 95808, dt = 3.833637e-10, strain = 1.157164e-03, elapsed = 40509.6 sec
Step =    674: nodes = 96022, dt = 3.833637e-10, strain = 1.157548e-03, elapsed = 40801.7 sec
Step =    675: nodes = 96039, dt = 4.600364e-10, strain = 1.158008e-03, elapsed = 40921.5 sec
Step =    676: nodes = 96103, dt = 5.520437e-10, strain = 1.158560e-03, elapsed = 41101.0 sec
Step =    677: nodes = 96243, dt = 6.624524e-10, strain = 1.159222e-03, elapsed = 41296.4 sec
Step =    678: nodes = 96574, dt = 7.949429e-10, strain = 1.160017e-03, elapsed = 41448.4 sec
Step =    679: nodes = 96872, dt = 9.539315e-10, strain = 1.160971e-03, elapsed = 41640.5 sec
Step =    680: nodes = 97161, dt = 1.144718e-09, strain = 1.162116e-03, elapsed = 41993.6 sec
Step =    681: nodes = 97437, dt = 6.868307e-10, strain = 1.162803e-03, elapsed = 42244.7 sec
Step =    682: nodes = 97697, dt = 6.868307e-10, strain = 1.163489e-03, elapsed = 42439.3 sec
Step =    683: nodes = 97874, dt = 8.241968e-10, strain = 1.164314e-03, elapsed = 42630.0 sec
Step =    684: nodes = 98105, dt = 2.472591e-10, strain = 1.164561e-03, elapsed = 42704.4 sec
Step =    685: nodes = 98507, dt = 2.472591e-10, strain = 1.164808e-03, elapsed = 42757.7 sec
Step =    686: nodes = 98902, dt = 2.967109e-10, strain = 1.165105e-03, elapsed = 42815.7 sec
Step =    687: nodes = 99171, dt = 3.560530e-10, strain = 1.165461e-03, elapsed = 42881.6 sec
Step =    688: nodes = 99503, dt = 4.272636e-10, strain = 1.165888e-03, elapsed = 42964.5 sec
Step =    689: nodes = 99587, dt = 5.127164e-10, strain = 1.166401e-03, elapsed = 43078.9 sec
Step =    690: nodes = 99742, dt = 6.152596e-10, strain = 1.167016e-03, elapsed = 43166.2 sec
slurmstepd-c2n036: error: *** JOB 202964 ON c2n036 CANCELLED AT 2026-04-23T03:25:41 DUE TO TIME LIMIT ***
