Host Parallel Execution Space:
  KOKKOS_ENABLE_OPENMP: yes

OpenMP Runtime Configuration:
Kokkos::OpenMP thread_pool_topology[ 1 x 48 x 1 ]
[System] 100 spherical obstacles loaded
[System] 1 planar obstacles (twin boundaries) loaded
Step =      0: nodes = 1908, dt = 0.000000e+00, strain = 0.000000e+00, elapsed = 0.0 sec
Writing configuration in legacy data format
 Output file: /data/home/dg000246b/openDIS/HomeWork/output_Cu_twin/config.0.data
Writing restart file
 Restart file: /data/home/dg000246b/openDIS/HomeWork/output_Cu_twin/restart.0.exadis
Run until reaching strain = 0.010000
Step =      1: nodes = 1908, dt = 1.000000e-09, strain = 1.000000e-06, elapsed = 0.2 sec
Step =      2: nodes = 1908, dt = 1.200000e-09, strain = 2.200000e-06, elapsed = 0.3 sec
Step =      3: nodes = 1908, dt = 1.440000e-09, strain = 3.640000e-06, elapsed = 0.4 sec
Step =      4: nodes = 1908, dt = 1.728000e-09, strain = 5.368000e-06, elapsed = 0.6 sec
Step =      5: nodes = 1908, dt = 2.073600e-09, strain = 7.441600e-06, elapsed = 0.8 sec
Step =      6: nodes = 1908, dt = 2.488320e-09, strain = 9.929920e-06, elapsed = 1.0 sec
Step =      7: nodes = 1908, dt = 2.985984e-09, strain = 1.291590e-05, elapsed = 1.3 sec
Step =      8: nodes = 1908, dt = 3.583181e-09, strain = 1.649908e-05, elapsed = 1.5 sec
Step =      9: nodes = 1908, dt = 4.299817e-09, strain = 2.079890e-05, elapsed = 1.8 sec
Step =     10: nodes = 1922, dt = 5.159780e-09, strain = 2.595868e-05, elapsed = 2.3 sec
Step =     11: nodes = 1934, dt = 6.191736e-09, strain = 3.215042e-05, elapsed = 2.8 sec
Step =     12: nodes = 1934, dt = 7.430084e-09, strain = 3.958050e-05, elapsed = 4.0 sec
Step =     13: nodes = 1940, dt = 8.916100e-09, strain = 4.849660e-05, elapsed = 4.8 sec
Step =     14: nodes = 1964, dt = 1.069932e-08, strain = 5.919592e-05, elapsed = 6.1 sec
Step =     15: nodes = 1984, dt = 1.283918e-08, strain = 7.203511e-05, elapsed = 8.9 sec
Step =     16: nodes = 2018, dt = 1.540702e-08, strain = 8.744213e-05, elapsed = 11.7 sec
Step =     17: nodes = 2086, dt = 1.848843e-08, strain = 1.059306e-04, elapsed = 15.3 sec
Step =     18: nodes = 2121, dt = 2.218611e-08, strain = 1.281167e-04, elapsed = 21.0 sec
Step =     19: nodes = 2169, dt = 2.662333e-08, strain = 1.547400e-04, elapsed = 30.1 sec
Step =     20: nodes = 2187, dt = 1.597400e-08, strain = 1.707140e-04, elapsed = 35.1 sec
Step =     21: nodes = 2212, dt = 1.597400e-08, strain = 1.866880e-04, elapsed = 39.6 sec
Step =     22: nodes = 2213, dt = 1.916880e-08, strain = 2.058568e-04, elapsed = 45.8 sec
Step =     23: nodes = 2203, dt = 1.150128e-08, strain = 2.173581e-04, elapsed = 49.8 sec
Step =     24: nodes = 2207, dt = 1.150128e-08, strain = 2.288594e-04, elapsed = 53.3 sec
Step =     25: nodes = 2203, dt = 1.380154e-08, strain = 2.426609e-04, elapsed = 58.0 sec
Step =     26: nodes = 2200, dt = 1.656184e-08, strain = 2.592227e-04, elapsed = 63.6 sec
Step =     27: nodes = 2193, dt = 9.937106e-09, strain = 2.691598e-04, elapsed = 67.8 sec
Step =     28: nodes = 2183, dt = 9.937106e-09, strain = 2.790970e-04, elapsed = 70.8 sec
Step =     29: nodes = 2176, dt = 5.962264e-09, strain = 2.850592e-04, elapsed = 72.7 sec
Step =     30: nodes = 2171, dt = 5.962264e-09, strain = 2.910215e-04, elapsed = 74.3 sec
Step =     31: nodes = 2168, dt = 7.154716e-09, strain = 2.981762e-04, elapsed = 76.1 sec
Step =     32: nodes = 2161, dt = 4.292830e-09, strain = 3.024690e-04, elapsed = 77.5 sec
Step =     33: nodes = 2146, dt = 4.292830e-09, strain = 3.067619e-04, elapsed = 78.7 sec
Step =     34: nodes = 2138, dt = 5.151396e-09, strain = 3.119132e-04, elapsed = 80.0 sec
Step =     35: nodes = 2134, dt = 6.181675e-09, strain = 3.180949e-04, elapsed = 81.6 sec
Step =     36: nodes = 2136, dt = 7.418010e-09, strain = 3.255129e-04, elapsed = 83.0 sec
Step =     37: nodes = 2152, dt = 8.901612e-09, strain = 3.344145e-04, elapsed = 85.9 sec
Step =     38: nodes = 2159, dt = 1.068193e-08, strain = 3.450965e-04, elapsed = 103.7 sec
Step =     39: nodes = 2185, dt = 1.281832e-08, strain = 3.579148e-04, elapsed = 135.6 sec
Step =     40: nodes = 2187, dt = 7.690993e-09, strain = 3.656058e-04, elapsed = 159.1 sec
Step =     41: nodes = 2172, dt = 7.690993e-09, strain = 3.732968e-04, elapsed = 221.7 sec
Step =     42: nodes = 2181, dt = 9.229191e-09, strain = 3.825260e-04, elapsed = 230.7 sec
Step =     43: nodes = 2195, dt = 1.107503e-08, strain = 3.936010e-04, elapsed = 238.6 sec
Step =     44: nodes = 2213, dt = 1.329004e-08, strain = 4.068910e-04, elapsed = 251.3 sec
Step =     45: nodes = 2208, dt = 1.594804e-08, strain = 4.228391e-04, elapsed = 276.8 sec
Step =     46: nodes = 2251, dt = 1.913765e-08, strain = 4.419767e-04, elapsed = 287.6 sec
Step =     47: nodes = 2281, dt = 2.296518e-08, strain = 4.649419e-04, elapsed = 299.3 sec
Step =     48: nodes = 2306, dt = 1.377911e-08, strain = 4.787210e-04, elapsed = 308.4 sec
Step =     49: nodes = 2321, dt = 1.377911e-08, strain = 4.925001e-04, elapsed = 317.2 sec
Step =     50: nodes = 2347, dt = 1.653493e-08, strain = 5.090351e-04, elapsed = 324.4 sec
Step =     51: nodes = 2419, dt = 1.984192e-08, strain = 5.288770e-04, elapsed = 334.1 sec
Step =     52: nodes = 2523, dt = 2.381030e-08, strain = 5.526873e-04, elapsed = 346.1 sec
Step =     53: nodes = 2675, dt = 2.857236e-08, strain = 5.812596e-04, elapsed = 432.9 sec
Step =     54: nodes = 2805, dt = 1.714342e-08, strain = 5.984031e-04, elapsed = 730.1 sec
Step =     55: nodes = 2948, dt = 1.714342e-08, strain = 6.155465e-04, elapsed = 834.1 sec
Step =     56: nodes = 3175, dt = 2.057210e-08, strain = 6.361186e-04, elapsed = 1038.6 sec
Step =     57: nodes = 3446, dt = 2.468652e-08, strain = 6.608051e-04, elapsed = 1388.4 sec
Step =     58: nodes = 3891, dt = 2.962382e-08, strain = 6.904289e-04, elapsed = 1951.0 sec
Step =     59: nodes = 4186, dt = 8.887147e-09, strain = 6.993161e-04, elapsed = 2141.8 sec
Step =     60: nodes = 4521, dt = 8.887147e-09, strain = 7.082032e-04, elapsed = 2365.6 sec
Step =     61: nodes = 4881, dt = 1.066458e-08, strain = 7.188678e-04, elapsed = 2591.2 sec
Step =     62: nodes = 5286, dt = 1.279749e-08, strain = 7.316653e-04, elapsed = 3088.4 sec
Step =     63: nodes = 5573, dt = 7.678495e-09, strain = 7.393438e-04, elapsed = 3574.6 sec
Step =     64: nodes = 5801, dt = 7.678495e-09, strain = 7.470223e-04, elapsed = 4320.8 sec
Error: MAX_CONN = 10 exceeded during merge_node()
Error: MAX_CONN = 10 exceeded during merge_node()
Step =     65: nodes = 5867, dt = 9.214194e-09, strain = 7.562365e-04, elapsed = 5479.8 sec
Error: MAX_CONN = 10 exceeded during merge_node()
Error: MAX_CONN = 10 exceeded during merge_node()
Error: MAX_CONN = 10 exceeded during merge_node()
Error: MAX_CONN = 10 exceeded during merge_node()
Step =     66: nodes = 5929, dt = 5.528516e-09, strain = 7.617650e-04, elapsed = 6070.6 sec
Step =     67: nodes = 5920, dt = 2.764258e-09, strain = 7.645292e-04, elapsed = 6358.2 sec
Step =     68: nodes = 5967, dt = 2.764258e-09, strain = 7.672935e-04, elapsed = 6438.9 sec
Step =     69: nodes = 6031, dt = 3.317110e-09, strain = 7.706106e-04, elapsed = 6693.8 sec
Step =     70: nodes = 6056, dt = 3.980532e-09, strain = 7.745911e-04, elapsed = 6898.8 sec
Step =     71: nodes = 6132, dt = 4.776638e-09, strain = 7.793678e-04, elapsed = 7090.3 sec
Step =     72: nodes = 6228, dt = 5.731966e-09, strain = 7.850997e-04, elapsed = 7390.4 sec
Step =     73: nodes = 6338, dt = 6.878359e-09, strain = 7.919781e-04, elapsed = 7861.3 sec
Step =     74: nodes = 6473, dt = 8.254030e-09, strain = 8.002321e-04, elapsed = 8208.5 sec
Step =     75: nodes = 6620, dt = 9.904837e-09, strain = 8.101370e-04, elapsed = 9082.2 sec
Step =     76: nodes = 6696, dt = 2.971451e-09, strain = 8.131084e-04, elapsed = 9274.9 sec
Step =     77: nodes = 6786, dt = 2.971451e-09, strain = 8.160799e-04, elapsed = 9414.7 sec
Step =     78: nodes = 6831, dt = 3.565741e-09, strain = 8.196456e-04, elapsed = 9572.0 sec
Step =     79: nodes = 6934, dt = 4.278889e-09, strain = 8.239245e-04, elapsed = 9681.4 sec
Step =     80: nodes = 7048, dt = 5.134667e-09, strain = 8.290592e-04, elapsed = 9843.5 sec
Step =     81: nodes = 7207, dt = 6.161601e-09, strain = 8.352208e-04, elapsed = 10102.6 sec
Step =     82: nodes = 7391, dt = 7.393921e-09, strain = 8.426147e-04, elapsed = 10670.0 sec
Step =     83: nodes = 7563, dt = 4.436353e-09, strain = 8.470510e-04, elapsed = 11062.6 sec
Step =     84: nodes = 7647, dt = 4.436353e-09, strain = 8.514874e-04, elapsed = 11542.7 sec
Step =     85: nodes = 7700, dt = 5.323623e-09, strain = 8.568110e-04, elapsed = 11952.2 sec
Step =     86: nodes = 7734, dt = 6.388348e-09, strain = 8.631993e-04, elapsed = 12346.0 sec
Error: MAX_CONN = 10 exceeded during merge_node()
Step =     87: nodes = 7765, dt = 7.666017e-09, strain = 8.708654e-04, elapsed = 13216.2 sec
Step =     88: nodes = 7867, dt = 9.199221e-09, strain = 8.800646e-04, elapsed = 14473.2 sec
Error: MAX_CONN = 10 exceeded during merge_node()
Error: MAX_CONN = 10 exceeded during merge_node()
Error: MAX_CONN = 10 exceeded during merge_node()
Error: MAX_CONN = 10 exceeded during merge_node()
Error: MAX_CONN = 10 exceeded during merge_node()
Step =     89: nodes = 7795, dt = 5.519532e-09, strain = 8.855841e-04, elapsed = 15569.8 sec
Step =     90: nodes = 7908, dt = 5.519532e-09, strain = 8.911037e-04, elapsed = 16045.6 sec
Step =     91: nodes = 8062, dt = 6.623439e-09, strain = 8.977271e-04, elapsed = 17451.9 sec
Step =     92: nodes = 8127, dt = 1.987032e-09, strain = 8.997141e-04, elapsed = 17579.4 sec
Step =     93: nodes = 8206, dt = 1.987032e-09, strain = 9.017012e-04, elapsed = 17657.6 sec
Step =     94: nodes = 8299, dt = 2.384438e-09, strain = 9.040856e-04, elapsed = 17754.2 sec
Step =     95: nodes = 8365, dt = 2.861326e-09, strain = 9.069469e-04, elapsed = 17926.4 sec
Step =     96: nodes = 8450, dt = 3.433591e-09, strain = 9.103805e-04, elapsed = 18105.5 sec
Step =     97: nodes = 8571, dt = 4.120309e-09, strain = 9.145008e-04, elapsed = 18438.7 sec
Step =     98: nodes = 8686, dt = 4.944371e-09, strain = 9.194452e-04, elapsed = 18614.0 sec
Step =     99: nodes = 8807, dt = 5.933245e-09, strain = 9.253784e-04, elapsed = 19290.6 sec
Step =    100: nodes = 8961, dt = 7.119894e-09, strain = 9.324983e-04, elapsed = 20011.2 sec
Writing configuration in legacy data format
 Output file: /data/home/dg000246b/openDIS/HomeWork/output_Cu_twin/config.100.data
Writing restart file
 Restart file: /data/home/dg000246b/openDIS/HomeWork/output_Cu_twin/restart.100.exadis
Step =    101: nodes = 9007, dt = 4.271936e-09, strain = 9.367703e-04, elapsed = 20443.4 sec
Step =    102: nodes = 9122, dt = 4.271936e-09, strain = 9.410422e-04, elapsed = 20802.9 sec
Step =    103: nodes = 9238, dt = 5.126323e-09, strain = 9.461685e-04, elapsed = 21770.4 sec
Step =    104: nodes = 9437, dt = 6.151588e-09, strain = 9.523201e-04, elapsed = 22398.6 sec
Step =    105: nodes = 9433, dt = 3.690953e-09, strain = 9.560111e-04, elapsed = 22716.8 sec
Step =    106: nodes = 9463, dt = 3.690953e-09, strain = 9.597020e-04, elapsed = 23361.4 sec
Step =    107: nodes = 9541, dt = 4.429143e-09, strain = 9.641312e-04, elapsed = 24376.7 sec
Step =    108: nodes = 9679, dt = 5.314972e-09, strain = 9.694461e-04, elapsed = 25095.7 sec
Step =    109: nodes = 9785, dt = 6.377967e-09, strain = 9.758241e-04, elapsed = 26188.4 sec
Step =    110: nodes = 9961, dt = 7.653560e-09, strain = 9.834777e-04, elapsed = 27577.5 sec
Error: MAX_CONN = 10 exceeded during merge_node()
Error: MAX_CONN = 10 exceeded during merge_node()
Error: MAX_CONN = 10 exceeded during merge_node()
Step =    111: nodes = 10024, dt = 4.592136e-09, strain = 9.880698e-04, elapsed = 28336.9 sec
Step =    112: nodes = 10073, dt = 4.592136e-09, strain = 9.926619e-04, elapsed = 29242.4 sec
Error: MAX_CONN = 10 exceeded during merge_node()
Step =    113: nodes = 10213, dt = 5.510563e-09, strain = 9.981725e-04, elapsed = 30851.2 sec
Step =    114: nodes = 10297, dt = 6.612676e-09, strain = 1.004785e-03, elapsed = 31553.4 sec
Step =    115: nodes = 10468, dt = 7.935211e-09, strain = 1.012720e-03, elapsed = 34159.5 sec
Error: MAX_CONN = 10 exceeded during merge_node()
Error: MAX_CONN = 10 exceeded during merge_node()
Error: MAX_CONN = 10 exceeded during merge_node()
Error: MAX_CONN = 10 exceeded during merge_node()
Error: MAX_CONN = 10 exceeded during merge_node()
Error: MAX_CONN = 10 exceeded during merge_node()
Error: MAX_CONN = 10 exceeded during merge_node()
Error: MAX_CONN = 10 exceeded during merge_node()
Error: MAX_CONN = 10 exceeded during merge_node()
Step =    116: nodes = 10582, dt = 4.761126e-09, strain = 1.017482e-03, elapsed = 34693.0 sec
Step =    117: nodes = 10697, dt = 2.380563e-09, strain = 1.019862e-03, elapsed = 34842.2 sec
Step =    118: nodes = 10726, dt = 2.380563e-09, strain = 1.022243e-03, elapsed = 34988.0 sec
Step =    119: nodes = 10809, dt = 2.856676e-09, strain = 1.025099e-03, elapsed = 35350.7 sec
Step =    120: nodes = 10807, dt = 3.428011e-09, strain = 1.028527e-03, elapsed = 35835.7 sec
Step =    121: nodes = 10929, dt = 4.113613e-09, strain = 1.032641e-03, elapsed = 36164.2 sec
Step =    122: nodes = 11036, dt = 4.936336e-09, strain = 1.037577e-03, elapsed = 36793.2 sec
Step =    123: nodes = 11236, dt = 5.923603e-09, strain = 1.043501e-03, elapsed = 37485.8 sec
Step =    124: nodes = 11397, dt = 7.108324e-09, strain = 1.050609e-03, elapsed = 38334.1 sec
Step =    125: nodes = 11434, dt = 4.264994e-09, strain = 1.054874e-03, elapsed = 38796.6 sec
Step =    126: nodes = 11464, dt = 4.264994e-09, strain = 1.059139e-03, elapsed = 39660.4 sec
Step =    127: nodes = 11621, dt = 5.117993e-09, strain = 1.064257e-03, elapsed = 40096.8 sec
Error: MAX_CONN = 10 exceeded during merge_node()
Error: MAX_CONN = 10 exceeded during merge_node()
Error: MAX_CONN = 10 exceeded during merge_node()
Step =    128: nodes = 11703, dt = 6.141592e-09, strain = 1.070399e-03, elapsed = 41653.9 sec
slurmstepd-c2n125: error: *** JOB 211996 ON c2n125 CANCELLED AT 2026-04-26T22:08:32 DUE TO TIME LIMIT ***
