Host Parallel Execution Space:
  KOKKOS_ENABLE_OPENMP: yes

OpenMP Runtime Configuration:
Kokkos::OpenMP thread_pool_topology[ 1 x 48 x 1 ]
Reading ParaDiS configuration
 Input file: /data/home/dg000246b/openDIS/HomeWork/output_Cu_fcc/config.0.data
 nodes: 1908, segments: 1908
 Burgers vector is conserved for all nodes
Step =      0: nodes = 1908, dt = 0.000000e+00, strain = 0.000000e+00, elapsed = 0.6 sec
Writing configuration in legacy data format
 Output file: /data/home/dg000246b/openDIS/HomeWork/output_Cu_fcc_pure/config.0.data
Writing restart file
 Restart file: /data/home/dg000246b/openDIS/HomeWork/output_Cu_fcc_pure/restart.0.exadis
Run until reaching strain = 0.010000
Step =      1: nodes = 1908, dt = 1.000000e-09, strain = 1.000000e-06, elapsed = 1.3 sec
Writing configuration in legacy data format
 Output file: /data/home/dg000246b/openDIS/HomeWork/output_Cu_fcc_pure/config.1.data
Writing restart file
 Restart file: /data/home/dg000246b/openDIS/HomeWork/output_Cu_fcc_pure/restart.1.exadis
Step =      2: nodes = 1908, dt = 1.200000e-09, strain = 2.200000e-06, elapsed = 2.1 sec
Writing configuration in legacy data format
 Output file: /data/home/dg000246b/openDIS/HomeWork/output_Cu_fcc_pure/config.2.data
Writing restart file
 Restart file: /data/home/dg000246b/openDIS/HomeWork/output_Cu_fcc_pure/restart.2.exadis
Step =      3: nodes = 1915, dt = 1.440000e-09, strain = 3.640000e-06, elapsed = 3.1 sec
Writing configuration in legacy data format
 Output file: /data/home/dg000246b/openDIS/HomeWork/output_Cu_fcc_pure/config.3.data
Writing restart file
 Restart file: /data/home/dg000246b/openDIS/HomeWork/output_Cu_fcc_pure/restart.3.exadis
Step =      4: nodes = 1970, dt = 1.728000e-09, strain = 5.368000e-06, elapsed = 5.5 sec
Writing configuration in legacy data format
 Output file: /data/home/dg000246b/openDIS/HomeWork/output_Cu_fcc_pure/config.4.data
Writing restart file
 Restart file: /data/home/dg000246b/openDIS/HomeWork/output_Cu_fcc_pure/restart.4.exadis
Step =      5: nodes = 2046, dt = 2.073600e-09, strain = 7.441600e-06, elapsed = 9.9 sec
Writing configuration in legacy data format
 Output file: /data/home/dg000246b/openDIS/HomeWork/output_Cu_fcc_pure/config.5.data
Writing restart file
 Restart file: /data/home/dg000246b/openDIS/HomeWork/output_Cu_fcc_pure/restart.5.exadis
Step =      6: nodes = 2125, dt = 2.488320e-09, strain = 9.929920e-06, elapsed = 19.9 sec
Writing configuration in legacy data format
 Output file: /data/home/dg000246b/openDIS/HomeWork/output_Cu_fcc_pure/config.6.data
Writing restart file
 Restart file: /data/home/dg000246b/openDIS/HomeWork/output_Cu_fcc_pure/restart.6.exadis
Step =      7: nodes = 2149, dt = 2.985984e-09, strain = 1.291590e-05, elapsed = 30.8 sec
Writing configuration in legacy data format
 Output file: /data/home/dg000246b/openDIS/HomeWork/output_Cu_fcc_pure/config.7.data
Writing restart file
 Restart file: /data/home/dg000246b/openDIS/HomeWork/output_Cu_fcc_pure/restart.7.exadis
Step =      8: nodes = 2150, dt = 3.583181e-09, strain = 1.649908e-05, elapsed = 48.6 sec
Writing configuration in legacy data format
 Output file: /data/home/dg000246b/openDIS/HomeWork/output_Cu_fcc_pure/config.8.data
Writing restart file
 Restart file: /data/home/dg000246b/openDIS/HomeWork/output_Cu_fcc_pure/restart.8.exadis
Step =      9: nodes = 2165, dt = 4.299817e-09, strain = 2.079890e-05, elapsed = 73.7 sec
Writing configuration in legacy data format
 Output file: /data/home/dg000246b/openDIS/HomeWork/output_Cu_fcc_pure/config.9.data
Writing restart file
 Restart file: /data/home/dg000246b/openDIS/HomeWork/output_Cu_fcc_pure/restart.9.exadis
Step =     10: nodes = 2210, dt = 5.159780e-09, strain = 2.595868e-05, elapsed = 120.2 sec
Writing configuration in legacy data format
 Output file: /data/home/dg000246b/openDIS/HomeWork/output_Cu_fcc_pure/config.10.data
Writing restart file
 Restart file: /data/home/dg000246b/openDIS/HomeWork/output_Cu_fcc_pure/restart.10.exadis
Step =     11: nodes = 2252, dt = 3.095868e-09, strain = 2.905455e-05, elapsed = 158.2 sec
Writing configuration in legacy data format
 Output file: /data/home/dg000246b/openDIS/HomeWork/output_Cu_fcc_pure/config.11.data
Writing restart file
 Restart file: /data/home/dg000246b/openDIS/HomeWork/output_Cu_fcc_pure/restart.11.exadis
Step =     12: nodes = 2286, dt = 3.095868e-09, strain = 3.215042e-05, elapsed = 175.9 sec
Writing configuration in legacy data format
 Output file: /data/home/dg000246b/openDIS/HomeWork/output_Cu_fcc_pure/config.12.data
Writing restart file
 Restart file: /data/home/dg000246b/openDIS/HomeWork/output_Cu_fcc_pure/restart.12.exadis
Step =     13: nodes = 2321, dt = 3.715042e-09, strain = 3.586546e-05, elapsed = 205.4 sec
Writing configuration in legacy data format
 Output file: /data/home/dg000246b/openDIS/HomeWork/output_Cu_fcc_pure/config.13.data
Writing restart file
 Restart file: /data/home/dg000246b/openDIS/HomeWork/output_Cu_fcc_pure/restart.13.exadis
Step =     14: nodes = 2289, dt = 4.458050e-09, strain = 4.032351e-05, elapsed = 440.9 sec
Writing configuration in legacy data format
 Output file: /data/home/dg000246b/openDIS/HomeWork/output_Cu_fcc_pure/config.14.data
Writing restart file
 Restart file: /data/home/dg000246b/openDIS/HomeWork/output_Cu_fcc_pure/restart.14.exadis
Step =     15: nodes = 2283, dt = 5.349660e-09, strain = 4.567317e-05, elapsed = 796.5 sec
Writing configuration in legacy data format
 Output file: /data/home/dg000246b/openDIS/HomeWork/output_Cu_fcc_pure/config.15.data
Writing restart file
 Restart file: /data/home/dg000246b/openDIS/HomeWork/output_Cu_fcc_pure/restart.15.exadis
Step =     16: nodes = 2306, dt = 6.419592e-09, strain = 5.209276e-05, elapsed = 893.3 sec
Writing configuration in legacy data format
 Output file: /data/home/dg000246b/openDIS/HomeWork/output_Cu_fcc_pure/config.16.data
Writing restart file
 Restart file: /data/home/dg000246b/openDIS/HomeWork/output_Cu_fcc_pure/restart.16.exadis
Step =     17: nodes = 2346, dt = 7.703511e-09, strain = 5.979627e-05, elapsed = 1108.4 sec
Writing configuration in legacy data format
 Output file: /data/home/dg000246b/openDIS/HomeWork/output_Cu_fcc_pure/config.17.data
Writing restart file
 Restart file: /data/home/dg000246b/openDIS/HomeWork/output_Cu_fcc_pure/restart.17.exadis
