Host Parallel Execution Space:
  KOKKOS_ENABLE_OPENMP: yes

OpenMP Runtime Configuration:
Kokkos::OpenMP thread_pool_topology[ 1 x 48 x 1 ]
[System] 100 spherical obstacles loaded
[System] 1 planar obstacles (twin boundaries) loaded
Step =      0: nodes = 1908, dt = 0.000000e+00, strain = 0.000000e+00, elapsed = 0.3 sec
Writing configuration in legacy data format
 Output file: /data/home/dg000246b/openDIS/HomeWork/output_Cu_twin/config.0.data
Writing restart file
 Restart file: /data/home/dg000246b/openDIS/HomeWork/output_Cu_twin/restart.0.exadis
Run until reaching strain = 0.010000
Step =      1: nodes = 1908, dt = 1.000000e-09, strain = 1.000000e-06, elapsed = 0.9 sec
Writing configuration in legacy data format
 Output file: /data/home/dg000246b/openDIS/HomeWork/output_Cu_twin/config.1.data
Writing restart file
 Restart file: /data/home/dg000246b/openDIS/HomeWork/output_Cu_twin/restart.1.exadis
Step =      2: nodes = 1908, dt = 6.000000e-10, strain = 1.600000e-06, elapsed = 1.2 sec
Writing configuration in legacy data format
 Output file: /data/home/dg000246b/openDIS/HomeWork/output_Cu_twin/config.2.data
Writing restart file
 Restart file: /data/home/dg000246b/openDIS/HomeWork/output_Cu_twin/restart.2.exadis
Step =      3: nodes = 1908, dt = 6.000000e-10, strain = 2.200000e-06, elapsed = 1.5 sec
Writing configuration in legacy data format
 Output file: /data/home/dg000246b/openDIS/HomeWork/output_Cu_twin/config.3.data
Writing restart file
 Restart file: /data/home/dg000246b/openDIS/HomeWork/output_Cu_twin/restart.3.exadis
Step =      4: nodes = 1908, dt = 7.200000e-10, strain = 2.920000e-06, elapsed = 1.9 sec
Writing configuration in legacy data format
 Output file: /data/home/dg000246b/openDIS/HomeWork/output_Cu_twin/config.4.data
Writing restart file
 Restart file: /data/home/dg000246b/openDIS/HomeWork/output_Cu_twin/restart.4.exadis
Step =      5: nodes = 1908, dt = 8.640000e-10, strain = 3.784000e-06, elapsed = 2.3 sec
Writing configuration in legacy data format
 Output file: /data/home/dg000246b/openDIS/HomeWork/output_Cu_twin/config.5.data
Writing restart file
 Restart file: /data/home/dg000246b/openDIS/HomeWork/output_Cu_twin/restart.5.exadis
Step =      6: nodes = 1914, dt = 5.184000e-10, strain = 4.302400e-06, elapsed = 2.7 sec
Writing configuration in legacy data format
 Output file: /data/home/dg000246b/openDIS/HomeWork/output_Cu_twin/config.6.data
Writing restart file
 Restart file: /data/home/dg000246b/openDIS/HomeWork/output_Cu_twin/restart.6.exadis
Step =      7: nodes = 1926, dt = 5.184000e-10, strain = 4.820800e-06, elapsed = 3.0 sec
Writing configuration in legacy data format
 Output file: /data/home/dg000246b/openDIS/HomeWork/output_Cu_twin/config.7.data
Writing restart file
 Restart file: /data/home/dg000246b/openDIS/HomeWork/output_Cu_twin/restart.7.exadis
Step =      8: nodes = 1930, dt = 6.220800e-10, strain = 5.442880e-06, elapsed = 3.4 sec
Writing configuration in legacy data format
 Output file: /data/home/dg000246b/openDIS/HomeWork/output_Cu_twin/config.8.data
Writing restart file
 Restart file: /data/home/dg000246b/openDIS/HomeWork/output_Cu_twin/restart.8.exadis
Step =      9: nodes = 1941, dt = 7.464960e-10, strain = 6.189376e-06, elapsed = 4.0 sec
Writing configuration in legacy data format
 Output file: /data/home/dg000246b/openDIS/HomeWork/output_Cu_twin/config.9.data
Writing restart file
 Restart file: /data/home/dg000246b/openDIS/HomeWork/output_Cu_twin/restart.9.exadis
Step =     10: nodes = 1955, dt = 4.478976e-10, strain = 6.637274e-06, elapsed = 4.3 sec
Writing configuration in legacy data format
 Output file: /data/home/dg000246b/openDIS/HomeWork/output_Cu_twin/config.10.data
Writing restart file
 Restart file: /data/home/dg000246b/openDIS/HomeWork/output_Cu_twin/restart.10.exadis
Step =     11: nodes = 1969, dt = 4.478976e-10, strain = 7.085171e-06, elapsed = 4.7 sec
Writing configuration in legacy data format
 Output file: /data/home/dg000246b/openDIS/HomeWork/output_Cu_twin/config.11.data
Writing restart file
 Restart file: /data/home/dg000246b/openDIS/HomeWork/output_Cu_twin/restart.11.exadis
Step =     12: nodes = 1985, dt = 5.374771e-10, strain = 7.622648e-06, elapsed = 5.2 sec
Writing configuration in legacy data format
 Output file: /data/home/dg000246b/openDIS/HomeWork/output_Cu_twin/config.12.data
Writing restart file
 Restart file: /data/home/dg000246b/openDIS/HomeWork/output_Cu_twin/restart.12.exadis
Step =     13: nodes = 2012, dt = 6.449725e-10, strain = 8.267621e-06, elapsed = 5.8 sec
Writing configuration in legacy data format
 Output file: /data/home/dg000246b/openDIS/HomeWork/output_Cu_twin/config.13.data
Writing restart file
 Restart file: /data/home/dg000246b/openDIS/HomeWork/output_Cu_twin/restart.13.exadis
Step =     14: nodes = 1988, dt = 7.739671e-10, strain = 9.041588e-06, elapsed = 7.4 sec
Writing configuration in legacy data format
 Output file: /data/home/dg000246b/openDIS/HomeWork/output_Cu_twin/config.14.data
Writing restart file
 Restart file: /data/home/dg000246b/openDIS/HomeWork/output_Cu_twin/restart.14.exadis
Step =     15: nodes = 1987, dt = 4.643802e-10, strain = 9.505968e-06, elapsed = 8.0 sec
Writing configuration in legacy data format
 Output file: /data/home/dg000246b/openDIS/HomeWork/output_Cu_twin/config.15.data
Writing restart file
 Restart file: /data/home/dg000246b/openDIS/HomeWork/output_Cu_twin/restart.15.exadis
Step =     16: nodes = 1998, dt = 4.643802e-10, strain = 9.970348e-06, elapsed = 8.6 sec
Writing configuration in legacy data format
 Output file: /data/home/dg000246b/openDIS/HomeWork/output_Cu_twin/config.16.data
Writing restart file
 Restart file: /data/home/dg000246b/openDIS/HomeWork/output_Cu_twin/restart.16.exadis
Step =     17: nodes = 1990, dt = 5.572563e-10, strain = 1.052760e-05, elapsed = 9.8 sec
Writing configuration in legacy data format
 Output file: /data/home/dg000246b/openDIS/HomeWork/output_Cu_twin/config.17.data
Writing restart file
 Restart file: /data/home/dg000246b/openDIS/HomeWork/output_Cu_twin/restart.17.exadis
Step =     18: nodes = 1970, dt = 6.687075e-10, strain = 1.119631e-05, elapsed = 11.1 sec
Writing configuration in legacy data format
 Output file: /data/home/dg000246b/openDIS/HomeWork/output_Cu_twin/config.18.data
Writing restart file
 Restart file: /data/home/dg000246b/openDIS/HomeWork/output_Cu_twin/restart.18.exadis
Step =     19: nodes = 1949, dt = 8.024490e-10, strain = 1.199876e-05, elapsed = 12.5 sec
Writing configuration in legacy data format
 Output file: /data/home/dg000246b/openDIS/HomeWork/output_Cu_twin/config.19.data
Writing restart file
 Restart file: /data/home/dg000246b/openDIS/HomeWork/output_Cu_twin/restart.19.exadis
Step =     20: nodes = 1952, dt = 4.814694e-10, strain = 1.248023e-05, elapsed = 13.1 sec
Writing configuration in legacy data format
 Output file: /data/home/dg000246b/openDIS/HomeWork/output_Cu_twin/config.20.data
Writing restart file
 Restart file: /data/home/dg000246b/openDIS/HomeWork/output_Cu_twin/restart.20.exadis
Step =     21: nodes = 1978, dt = 4.814694e-10, strain = 1.296170e-05, elapsed = 13.5 sec
Writing configuration in legacy data format
 Output file: /data/home/dg000246b/openDIS/HomeWork/output_Cu_twin/config.21.data
Writing restart file
 Restart file: /data/home/dg000246b/openDIS/HomeWork/output_Cu_twin/restart.21.exadis
Step =     22: nodes = 1979, dt = 5.777633e-10, strain = 1.353946e-05, elapsed = 14.3 sec
Writing configuration in legacy data format
 Output file: /data/home/dg000246b/openDIS/HomeWork/output_Cu_twin/config.22.data
Writing restart file
 Restart file: /data/home/dg000246b/openDIS/HomeWork/output_Cu_twin/restart.22.exadis
Step =     23: nodes = 1989, dt = 6.933160e-10, strain = 1.423278e-05, elapsed = 15.3 sec
Writing configuration in legacy data format
 Output file: /data/home/dg000246b/openDIS/HomeWork/output_Cu_twin/config.23.data
Writing restart file
 Restart file: /data/home/dg000246b/openDIS/HomeWork/output_Cu_twin/restart.23.exadis
Step =     24: nodes = 1964, dt = 8.319792e-10, strain = 1.506476e-05, elapsed = 16.7 sec
Writing configuration in legacy data format
 Output file: /data/home/dg000246b/openDIS/HomeWork/output_Cu_twin/config.24.data
Writing restart file
 Restart file: /data/home/dg000246b/openDIS/HomeWork/output_Cu_twin/restart.24.exadis
Step =     25: nodes = 1970, dt = 4.991875e-10, strain = 1.556395e-05, elapsed = 17.4 sec
Writing configuration in legacy data format
 Output file: /data/home/dg000246b/openDIS/HomeWork/output_Cu_twin/config.25.data
Writing restart file
 Restart file: /data/home/dg000246b/openDIS/HomeWork/output_Cu_twin/restart.25.exadis
Step =     26: nodes = 1981, dt = 4.991875e-10, strain = 1.606313e-05, elapsed = 18.1 sec
Writing configuration in legacy data format
 Output file: /data/home/dg000246b/openDIS/HomeWork/output_Cu_twin/config.26.data
Writing restart file
 Restart file: /data/home/dg000246b/openDIS/HomeWork/output_Cu_twin/restart.26.exadis
Step =     27: nodes = 2004, dt = 5.990250e-10, strain = 1.666216e-05, elapsed = 18.8 sec
Writing configuration in legacy data format
 Output file: /data/home/dg000246b/openDIS/HomeWork/output_Cu_twin/config.27.data
Writing restart file
 Restart file: /data/home/dg000246b/openDIS/HomeWork/output_Cu_twin/restart.27.exadis
Step =     28: nodes = 2029, dt = 7.188300e-10, strain = 1.738099e-05, elapsed = 19.5 sec
Writing configuration in legacy data format
 Output file: /data/home/dg000246b/openDIS/HomeWork/output_Cu_twin/config.28.data
Writing restart file
 Restart file: /data/home/dg000246b/openDIS/HomeWork/output_Cu_twin/restart.28.exadis
Step =     29: nodes = 2041, dt = 4.312980e-10, strain = 1.781229e-05, elapsed = 20.1 sec
Writing configuration in legacy data format
 Output file: /data/home/dg000246b/openDIS/HomeWork/output_Cu_twin/config.29.data
Writing restart file
 Restart file: /data/home/dg000246b/openDIS/HomeWork/output_Cu_twin/restart.29.exadis
Step =     30: nodes = 2042, dt = 4.312980e-10, strain = 1.824358e-05, elapsed = 20.6 sec
Writing configuration in legacy data format
 Output file: /data/home/dg000246b/openDIS/HomeWork/output_Cu_twin/config.30.data
Writing restart file
 Restart file: /data/home/dg000246b/openDIS/HomeWork/output_Cu_twin/restart.30.exadis
Step =     31: nodes = 2054, dt = 5.175576e-10, strain = 1.876114e-05, elapsed = 21.3 sec
Writing configuration in legacy data format
 Output file: /data/home/dg000246b/openDIS/HomeWork/output_Cu_twin/config.31.data
Writing restart file
 Restart file: /data/home/dg000246b/openDIS/HomeWork/output_Cu_twin/restart.31.exadis
Step =     32: nodes = 2025, dt = 6.210691e-10, strain = 1.938221e-05, elapsed = 22.5 sec
Writing configuration in legacy data format
 Output file: /data/home/dg000246b/openDIS/HomeWork/output_Cu_twin/config.32.data
Writing restart file
 Restart file: /data/home/dg000246b/openDIS/HomeWork/output_Cu_twin/restart.32.exadis
Step =     33: nodes = 1999, dt = 7.452829e-10, strain = 2.012749e-05, elapsed = 23.7 sec
Writing configuration in legacy data format
 Output file: /data/home/dg000246b/openDIS/HomeWork/output_Cu_twin/config.33.data
Writing restart file
 Restart file: /data/home/dg000246b/openDIS/HomeWork/output_Cu_twin/restart.33.exadis
Step =     34: nodes = 1974, dt = 4.471698e-10, strain = 2.057466e-05, elapsed = 24.5 sec
Writing configuration in legacy data format
 Output file: /data/home/dg000246b/openDIS/HomeWork/output_Cu_twin/config.34.data
Writing restart file
 Restart file: /data/home/dg000246b/openDIS/HomeWork/output_Cu_twin/restart.34.exadis
Step =     35: nodes = 1988, dt = 4.471698e-10, strain = 2.102183e-05, elapsed = 25.1 sec
Writing configuration in legacy data format
 Output file: /data/home/dg000246b/openDIS/HomeWork/output_Cu_twin/config.35.data
Writing restart file
 Restart file: /data/home/dg000246b/openDIS/HomeWork/output_Cu_twin/restart.35.exadis
Step =     36: nodes = 1996, dt = 5.366037e-10, strain = 2.155844e-05, elapsed = 25.6 sec
Writing configuration in legacy data format
 Output file: /data/home/dg000246b/openDIS/HomeWork/output_Cu_twin/config.36.data
Writing restart file
 Restart file: /data/home/dg000246b/openDIS/HomeWork/output_Cu_twin/restart.36.exadis
Step =     37: nodes = 2008, dt = 6.439245e-10, strain = 2.220236e-05, elapsed = 26.3 sec
Writing configuration in legacy data format
 Output file: /data/home/dg000246b/openDIS/HomeWork/output_Cu_twin/config.37.data
Writing restart file
 Restart file: /data/home/dg000246b/openDIS/HomeWork/output_Cu_twin/restart.37.exadis
Step =     38: nodes = 2017, dt = 7.727094e-10, strain = 2.297507e-05, elapsed = 27.6 sec
Writing configuration in legacy data format
 Output file: /data/home/dg000246b/openDIS/HomeWork/output_Cu_twin/config.38.data
Writing restart file
 Restart file: /data/home/dg000246b/openDIS/HomeWork/output_Cu_twin/restart.38.exadis
Step =     39: nodes = 2015, dt = 4.636256e-10, strain = 2.343870e-05, elapsed = 28.4 sec
Writing configuration in legacy data format
 Output file: /data/home/dg000246b/openDIS/HomeWork/output_Cu_twin/config.39.data
Writing restart file
 Restart file: /data/home/dg000246b/openDIS/HomeWork/output_Cu_twin/restart.39.exadis
Step =     40: nodes = 2021, dt = 4.636256e-10, strain = 2.390232e-05, elapsed = 29.0 sec
Writing configuration in legacy data format
 Output file: /data/home/dg000246b/openDIS/HomeWork/output_Cu_twin/config.40.data
Writing restart file
 Restart file: /data/home/dg000246b/openDIS/HomeWork/output_Cu_twin/restart.40.exadis
Step =     41: nodes = 2034, dt = 5.563507e-10, strain = 2.445867e-05, elapsed = 29.7 sec
Writing configuration in legacy data format
 Output file: /data/home/dg000246b/openDIS/HomeWork/output_Cu_twin/config.41.data
Writing restart file
 Restart file: /data/home/dg000246b/openDIS/HomeWork/output_Cu_twin/restart.41.exadis
Step =     42: nodes = 2049, dt = 6.676209e-10, strain = 2.512629e-05, elapsed = 30.4 sec
Writing configuration in legacy data format
 Output file: /data/home/dg000246b/openDIS/HomeWork/output_Cu_twin/config.42.data
Writing restart file
 Restart file: /data/home/dg000246b/openDIS/HomeWork/output_Cu_twin/restart.42.exadis
Step =     43: nodes = 2052, dt = 8.011451e-10, strain = 2.592744e-05, elapsed = 31.5 sec
Writing configuration in legacy data format
 Output file: /data/home/dg000246b/openDIS/HomeWork/output_Cu_twin/config.43.data
Writing restart file
 Restart file: /data/home/dg000246b/openDIS/HomeWork/output_Cu_twin/restart.43.exadis
Step =     44: nodes = 2055, dt = 4.806870e-10, strain = 2.640813e-05, elapsed = 32.2 sec
Writing configuration in legacy data format
 Output file: /data/home/dg000246b/openDIS/HomeWork/output_Cu_twin/config.44.data
Writing restart file
 Restart file: /data/home/dg000246b/openDIS/HomeWork/output_Cu_twin/restart.44.exadis
Step =     45: nodes = 2070, dt = 4.806870e-10, strain = 2.688881e-05, elapsed = 32.8 sec
Writing configuration in legacy data format
 Output file: /data/home/dg000246b/openDIS/HomeWork/output_Cu_twin/config.45.data
Writing restart file
 Restart file: /data/home/dg000246b/openDIS/HomeWork/output_Cu_twin/restart.45.exadis
Step =     46: nodes = 2080, dt = 5.768244e-10, strain = 2.746564e-05, elapsed = 33.6 sec
Writing configuration in legacy data format
 Output file: /data/home/dg000246b/openDIS/HomeWork/output_Cu_twin/config.46.data
Writing restart file
 Restart file: /data/home/dg000246b/openDIS/HomeWork/output_Cu_twin/restart.46.exadis
Step =     47: nodes = 2081, dt = 6.921893e-10, strain = 2.815783e-05, elapsed = 34.4 sec
Writing configuration in legacy data format
 Output file: /data/home/dg000246b/openDIS/HomeWork/output_Cu_twin/config.47.data
Writing restart file
 Restart file: /data/home/dg000246b/openDIS/HomeWork/output_Cu_twin/restart.47.exadis
Step =     48: nodes = 2084, dt = 4.153136e-10, strain = 2.857314e-05, elapsed = 35.0 sec
Writing configuration in legacy data format
 Output file: /data/home/dg000246b/openDIS/HomeWork/output_Cu_twin/config.48.data
Writing restart file
 Restart file: /data/home/dg000246b/openDIS/HomeWork/output_Cu_twin/restart.48.exadis
Step =     49: nodes = 2080, dt = 4.153136e-10, strain = 2.898845e-05, elapsed = 35.6 sec
Writing configuration in legacy data format
 Output file: /data/home/dg000246b/openDIS/HomeWork/output_Cu_twin/config.49.data
Writing restart file
 Restart file: /data/home/dg000246b/openDIS/HomeWork/output_Cu_twin/restart.49.exadis
Step =     50: nodes = 2083, dt = 4.983763e-10, strain = 2.948683e-05, elapsed = 36.2 sec
Writing configuration in legacy data format
 Output file: /data/home/dg000246b/openDIS/HomeWork/output_Cu_twin/config.50.data
Writing restart file
 Restart file: /data/home/dg000246b/openDIS/HomeWork/output_Cu_twin/restart.50.exadis
Step =     51: nodes = 2089, dt = 5.980516e-10, strain = 3.008488e-05, elapsed = 37.0 sec
Writing configuration in legacy data format
 Output file: /data/home/dg000246b/openDIS/HomeWork/output_Cu_twin/config.51.data
Writing restart file
 Restart file: /data/home/dg000246b/openDIS/HomeWork/output_Cu_twin/restart.51.exadis
Step =     52: nodes = 2085, dt = 7.176619e-10, strain = 3.080254e-05, elapsed = 37.8 sec
Writing configuration in legacy data format
 Output file: /data/home/dg000246b/openDIS/HomeWork/output_Cu_twin/config.52.data
Writing restart file
 Restart file: /data/home/dg000246b/openDIS/HomeWork/output_Cu_twin/restart.52.exadis
Step =     53: nodes = 2089, dt = 4.305971e-10, strain = 3.123314e-05, elapsed = 38.5 sec
Writing configuration in legacy data format
 Output file: /data/home/dg000246b/openDIS/HomeWork/output_Cu_twin/config.53.data
Writing restart file
 Restart file: /data/home/dg000246b/openDIS/HomeWork/output_Cu_twin/restart.53.exadis
Step =     54: nodes = 2080, dt = 4.305971e-10, strain = 3.166374e-05, elapsed = 39.1 sec
Writing configuration in legacy data format
 Output file: /data/home/dg000246b/openDIS/HomeWork/output_Cu_twin/config.54.data
Writing restart file
 Restart file: /data/home/dg000246b/openDIS/HomeWork/output_Cu_twin/restart.54.exadis
Step =     55: nodes = 2075, dt = 5.167166e-10, strain = 3.218045e-05, elapsed = 39.8 sec
Writing configuration in legacy data format
 Output file: /data/home/dg000246b/openDIS/HomeWork/output_Cu_twin/config.55.data
Writing restart file
 Restart file: /data/home/dg000246b/openDIS/HomeWork/output_Cu_twin/restart.55.exadis
Step =     56: nodes = 2073, dt = 6.200599e-10, strain = 3.280051e-05, elapsed = 40.6 sec
Writing configuration in legacy data format
 Output file: /data/home/dg000246b/openDIS/HomeWork/output_Cu_twin/config.56.data
Writing restart file
 Restart file: /data/home/dg000246b/openDIS/HomeWork/output_Cu_twin/restart.56.exadis
Step =     57: nodes = 2050, dt = 7.440719e-10, strain = 3.354459e-05, elapsed = 42.0 sec
Writing configuration in legacy data format
 Output file: /data/home/dg000246b/openDIS/HomeWork/output_Cu_twin/config.57.data
Writing restart file
 Restart file: /data/home/dg000246b/openDIS/HomeWork/output_Cu_twin/restart.57.exadis
Step =     58: nodes = 2041, dt = 4.464431e-10, strain = 3.399103e-05, elapsed = 42.7 sec
Writing configuration in legacy data format
 Output file: /data/home/dg000246b/openDIS/HomeWork/output_Cu_twin/config.58.data
Writing restart file
 Restart file: /data/home/dg000246b/openDIS/HomeWork/output_Cu_twin/restart.58.exadis
Step =     59: nodes = 2046, dt = 4.464431e-10, strain = 3.443747e-05, elapsed = 43.2 sec
Writing configuration in legacy data format
 Output file: /data/home/dg000246b/openDIS/HomeWork/output_Cu_twin/config.59.data
Writing restart file
 Restart file: /data/home/dg000246b/openDIS/HomeWork/output_Cu_twin/restart.59.exadis
Step =     60: nodes = 2050, dt = 5.357317e-10, strain = 3.497320e-05, elapsed = 43.9 sec
Writing configuration in legacy data format
 Output file: /data/home/dg000246b/openDIS/HomeWork/output_Cu_twin/config.60.data
Writing restart file
 Restart file: /data/home/dg000246b/openDIS/HomeWork/output_Cu_twin/restart.60.exadis
Step =     61: nodes = 2063, dt = 6.428781e-10, strain = 3.561608e-05, elapsed = 45.0 sec
Writing configuration in legacy data format
 Output file: /data/home/dg000246b/openDIS/HomeWork/output_Cu_twin/config.61.data
Writing restart file
 Restart file: /data/home/dg000246b/openDIS/HomeWork/output_Cu_twin/restart.61.exadis
Step =     62: nodes = 2071, dt = 7.714537e-10, strain = 3.638754e-05, elapsed = 45.9 sec
Writing configuration in legacy data format
 Output file: /data/home/dg000246b/openDIS/HomeWork/output_Cu_twin/config.62.data
Writing restart file
 Restart file: /data/home/dg000246b/openDIS/HomeWork/output_Cu_twin/restart.62.exadis
Step =     63: nodes = 2065, dt = 4.628722e-10, strain = 3.685041e-05, elapsed = 46.7 sec
Writing configuration in legacy data format
 Output file: /data/home/dg000246b/openDIS/HomeWork/output_Cu_twin/config.63.data
Writing restart file
 Restart file: /data/home/dg000246b/openDIS/HomeWork/output_Cu_twin/restart.63.exadis
Step =     64: nodes = 2057, dt = 4.628722e-10, strain = 3.731328e-05, elapsed = 47.4 sec
Writing configuration in legacy data format
 Output file: /data/home/dg000246b/openDIS/HomeWork/output_Cu_twin/config.64.data
Writing restart file
 Restart file: /data/home/dg000246b/openDIS/HomeWork/output_Cu_twin/restart.64.exadis
Step =     65: nodes = 2045, dt = 5.554467e-10, strain = 3.786873e-05, elapsed = 48.3 sec
Writing configuration in legacy data format
 Output file: /data/home/dg000246b/openDIS/HomeWork/output_Cu_twin/config.65.data
Writing restart file
 Restart file: /data/home/dg000246b/openDIS/HomeWork/output_Cu_twin/restart.65.exadis
Step =     66: nodes = 2021, dt = 6.665360e-10, strain = 3.853526e-05, elapsed = 49.6 sec
Writing configuration in legacy data format
 Output file: /data/home/dg000246b/openDIS/HomeWork/output_Cu_twin/config.66.data
Writing restart file
 Restart file: /data/home/dg000246b/openDIS/HomeWork/output_Cu_twin/restart.66.exadis
Step =     67: nodes = 2055, dt = 7.998432e-10, strain = 3.933511e-05, elapsed = 50.6 sec
Writing configuration in legacy data format
 Output file: /data/home/dg000246b/openDIS/HomeWork/output_Cu_twin/config.67.data
Writing restart file
 Restart file: /data/home/dg000246b/openDIS/HomeWork/output_Cu_twin/restart.67.exadis
Step =     68: nodes = 2055, dt = 4.799059e-10, strain = 3.981501e-05, elapsed = 51.2 sec
Writing configuration in legacy data format
 Output file: /data/home/dg000246b/openDIS/HomeWork/output_Cu_twin/config.68.data
Writing restart file
 Restart file: /data/home/dg000246b/openDIS/HomeWork/output_Cu_twin/restart.68.exadis
Step =     69: nodes = 2063, dt = 4.799059e-10, strain = 4.029492e-05, elapsed = 51.8 sec
Writing configuration in legacy data format
 Output file: /data/home/dg000246b/openDIS/HomeWork/output_Cu_twin/config.69.data
Writing restart file
 Restart file: /data/home/dg000246b/openDIS/HomeWork/output_Cu_twin/restart.69.exadis
Step =     70: nodes = 2069, dt = 5.758871e-10, strain = 4.087081e-05, elapsed = 52.3 sec
Writing configuration in legacy data format
 Output file: /data/home/dg000246b/openDIS/HomeWork/output_Cu_twin/config.70.data
Writing restart file
 Restart file: /data/home/dg000246b/openDIS/HomeWork/output_Cu_twin/restart.70.exadis
Step =     71: nodes = 2083, dt = 6.910645e-10, strain = 4.156187e-05, elapsed = 53.1 sec
Writing configuration in legacy data format
 Output file: /data/home/dg000246b/openDIS/HomeWork/output_Cu_twin/config.71.data
Writing restart file
 Restart file: /data/home/dg000246b/openDIS/HomeWork/output_Cu_twin/restart.71.exadis
Step =     72: nodes = 2090, dt = 8.292774e-10, strain = 4.239115e-05, elapsed = 54.2 sec
Writing configuration in legacy data format
 Output file: /data/home/dg000246b/openDIS/HomeWork/output_Cu_twin/config.72.data
Writing restart file
 Restart file: /data/home/dg000246b/openDIS/HomeWork/output_Cu_twin/restart.72.exadis
Step =     73: nodes = 2094, dt = 4.975665e-10, strain = 4.288871e-05, elapsed = 55.0 sec
Writing configuration in legacy data format
 Output file: /data/home/dg000246b/openDIS/HomeWork/output_Cu_twin/config.73.data
Writing restart file
 Restart file: /data/home/dg000246b/openDIS/HomeWork/output_Cu_twin/restart.73.exadis
Step =     74: nodes = 2101, dt = 4.975665e-10, strain = 4.338628e-05, elapsed = 55.7 sec
Writing configuration in legacy data format
 Output file: /data/home/dg000246b/openDIS/HomeWork/output_Cu_twin/config.74.data
Writing restart file
 Restart file: /data/home/dg000246b/openDIS/HomeWork/output_Cu_twin/restart.74.exadis
Step =     75: nodes = 2102, dt = 5.970797e-10, strain = 4.398336e-05, elapsed = 56.4 sec
Writing configuration in legacy data format
 Output file: /data/home/dg000246b/openDIS/HomeWork/output_Cu_twin/config.75.data
Writing restart file
 Restart file: /data/home/dg000246b/openDIS/HomeWork/output_Cu_twin/restart.75.exadis
Step =     76: nodes = 2112, dt = 7.164957e-10, strain = 4.469986e-05, elapsed = 57.4 sec
Writing configuration in legacy data format
 Output file: /data/home/dg000246b/openDIS/HomeWork/output_Cu_twin/config.76.data
Writing restart file
 Restart file: /data/home/dg000246b/openDIS/HomeWork/output_Cu_twin/restart.76.exadis
Step =     77: nodes = 2094, dt = 4.298974e-10, strain = 4.512975e-05, elapsed = 58.8 sec
Writing configuration in legacy data format
 Output file: /data/home/dg000246b/openDIS/HomeWork/output_Cu_twin/config.77.data
Writing restart file
 Restart file: /data/home/dg000246b/openDIS/HomeWork/output_Cu_twin/restart.77.exadis
Step =     78: nodes = 2064, dt = 4.298974e-10, strain = 4.555965e-05, elapsed = 59.6 sec
Writing configuration in legacy data format
 Output file: /data/home/dg000246b/openDIS/HomeWork/output_Cu_twin/config.78.data
Writing restart file
 Restart file: /data/home/dg000246b/openDIS/HomeWork/output_Cu_twin/restart.78.exadis
Step =     79: nodes = 2074, dt = 5.158769e-10, strain = 4.607553e-05, elapsed = 60.2 sec
Writing configuration in legacy data format
 Output file: /data/home/dg000246b/openDIS/HomeWork/output_Cu_twin/config.79.data
Writing restart file
 Restart file: /data/home/dg000246b/openDIS/HomeWork/output_Cu_twin/restart.79.exadis
Step =     80: nodes = 2081, dt = 6.190523e-10, strain = 4.669458e-05, elapsed = 60.9 sec
Writing configuration in legacy data format
 Output file: /data/home/dg000246b/openDIS/HomeWork/output_Cu_twin/config.80.data
Writing restart file
 Restart file: /data/home/dg000246b/openDIS/HomeWork/output_Cu_twin/restart.80.exadis
Step =     81: nodes = 2094, dt = 7.428627e-10, strain = 4.743744e-05, elapsed = 61.8 sec
Writing configuration in legacy data format
 Output file: /data/home/dg000246b/openDIS/HomeWork/output_Cu_twin/config.81.data
Writing restart file
 Restart file: /data/home/dg000246b/openDIS/HomeWork/output_Cu_twin/restart.81.exadis
Step =     82: nodes = 2091, dt = 8.914353e-10, strain = 4.832888e-05, elapsed = 62.7 sec
Writing configuration in legacy data format
 Output file: /data/home/dg000246b/openDIS/HomeWork/output_Cu_twin/config.82.data
Writing restart file
 Restart file: /data/home/dg000246b/openDIS/HomeWork/output_Cu_twin/restart.82.exadis
Step =     83: nodes = 2099, dt = 5.348612e-10, strain = 4.886374e-05, elapsed = 63.5 sec
Writing configuration in legacy data format
 Output file: /data/home/dg000246b/openDIS/HomeWork/output_Cu_twin/config.83.data
Writing restart file
 Restart file: /data/home/dg000246b/openDIS/HomeWork/output_Cu_twin/restart.83.exadis
Step =     84: nodes = 2101, dt = 5.348612e-10, strain = 4.939860e-05, elapsed = 64.2 sec
Writing configuration in legacy data format
 Output file: /data/home/dg000246b/openDIS/HomeWork/output_Cu_twin/config.84.data
Writing restart file
 Restart file: /data/home/dg000246b/openDIS/HomeWork/output_Cu_twin/restart.84.exadis
Step =     85: nodes = 2108, dt = 6.418334e-10, strain = 5.004043e-05, elapsed = 65.0 sec
Writing configuration in legacy data format
 Output file: /data/home/dg000246b/openDIS/HomeWork/output_Cu_twin/config.85.data
Writing restart file
 Restart file: /data/home/dg000246b/openDIS/HomeWork/output_Cu_twin/restart.85.exadis
Step =     86: nodes = 2104, dt = 7.702001e-10, strain = 5.081063e-05, elapsed = 66.1 sec
Writing configuration in legacy data format
 Output file: /data/home/dg000246b/openDIS/HomeWork/output_Cu_twin/config.86.data
Writing restart file
 Restart file: /data/home/dg000246b/openDIS/HomeWork/output_Cu_twin/restart.86.exadis
Step =     87: nodes = 2102, dt = 4.621201e-10, strain = 5.127275e-05, elapsed = 66.8 sec
Writing configuration in legacy data format
 Output file: /data/home/dg000246b/openDIS/HomeWork/output_Cu_twin/config.87.data
Writing restart file
 Restart file: /data/home/dg000246b/openDIS/HomeWork/output_Cu_twin/restart.87.exadis
Step =     88: nodes = 2082, dt = 4.621201e-10, strain = 5.173487e-05, elapsed = 67.6 sec
Writing configuration in legacy data format
 Output file: /data/home/dg000246b/openDIS/HomeWork/output_Cu_twin/config.88.data
Writing restart file
 Restart file: /data/home/dg000246b/openDIS/HomeWork/output_Cu_twin/restart.88.exadis
Step =     89: nodes = 2080, dt = 5.545441e-10, strain = 5.228942e-05, elapsed = 68.5 sec
Writing configuration in legacy data format
 Output file: /data/home/dg000246b/openDIS/HomeWork/output_Cu_twin/config.89.data
Writing restart file
 Restart file: /data/home/dg000246b/openDIS/HomeWork/output_Cu_twin/restart.89.exadis
Step =     90: nodes = 2078, dt = 6.654529e-10, strain = 5.295487e-05, elapsed = 69.6 sec
Writing configuration in legacy data format
 Output file: /data/home/dg000246b/openDIS/HomeWork/output_Cu_twin/config.90.data
Writing restart file
 Restart file: /data/home/dg000246b/openDIS/HomeWork/output_Cu_twin/restart.90.exadis
Step =     91: nodes = 2090, dt = 7.985435e-10, strain = 5.375341e-05, elapsed = 70.6 sec
Writing configuration in legacy data format
 Output file: /data/home/dg000246b/openDIS/HomeWork/output_Cu_twin/config.91.data
Writing restart file
 Restart file: /data/home/dg000246b/openDIS/HomeWork/output_Cu_twin/restart.91.exadis
Step =     92: nodes = 2084, dt = 4.791261e-10, strain = 5.423254e-05, elapsed = 71.5 sec
Writing configuration in legacy data format
 Output file: /data/home/dg000246b/openDIS/HomeWork/output_Cu_twin/config.92.data
Writing restart file
 Restart file: /data/home/dg000246b/openDIS/HomeWork/output_Cu_twin/restart.92.exadis
Step =     93: nodes = 2085, dt = 4.791261e-10, strain = 5.471167e-05, elapsed = 72.2 sec
Writing configuration in legacy data format
 Output file: /data/home/dg000246b/openDIS/HomeWork/output_Cu_twin/config.93.data
Writing restart file
 Restart file: /data/home/dg000246b/openDIS/HomeWork/output_Cu_twin/restart.93.exadis
Step =     94: nodes = 2093, dt = 5.749513e-10, strain = 5.528662e-05, elapsed = 72.9 sec
Writing configuration in legacy data format
 Output file: /data/home/dg000246b/openDIS/HomeWork/output_Cu_twin/config.94.data
Writing restart file
 Restart file: /data/home/dg000246b/openDIS/HomeWork/output_Cu_twin/restart.94.exadis
Step =     95: nodes = 2102, dt = 6.899415e-10, strain = 5.597656e-05, elapsed = 73.7 sec
Writing configuration in legacy data format
 Output file: /data/home/dg000246b/openDIS/HomeWork/output_Cu_twin/config.95.data
Writing restart file
 Restart file: /data/home/dg000246b/openDIS/HomeWork/output_Cu_twin/restart.95.exadis
Step =     96: nodes = 2096, dt = 8.279298e-10, strain = 5.680449e-05, elapsed = 74.8 sec
Writing configuration in legacy data format
 Output file: /data/home/dg000246b/openDIS/HomeWork/output_Cu_twin/config.96.data
Writing restart file
 Restart file: /data/home/dg000246b/openDIS/HomeWork/output_Cu_twin/restart.96.exadis
Step =     97: nodes = 2091, dt = 4.967579e-10, strain = 5.730125e-05, elapsed = 75.6 sec
Writing configuration in legacy data format
 Output file: /data/home/dg000246b/openDIS/HomeWork/output_Cu_twin/config.97.data
Writing restart file
 Restart file: /data/home/dg000246b/openDIS/HomeWork/output_Cu_twin/restart.97.exadis
Step =     98: nodes = 2062, dt = 4.967579e-10, strain = 5.779800e-05, elapsed = 76.6 sec
Writing configuration in legacy data format
 Output file: /data/home/dg000246b/openDIS/HomeWork/output_Cu_twin/config.98.data
Writing restart file
 Restart file: /data/home/dg000246b/openDIS/HomeWork/output_Cu_twin/restart.98.exadis
Step =     99: nodes = 2030, dt = 5.961095e-10, strain = 5.839411e-05, elapsed = 77.9 sec
Writing configuration in legacy data format
 Output file: /data/home/dg000246b/openDIS/HomeWork/output_Cu_twin/config.99.data
Writing restart file
 Restart file: /data/home/dg000246b/openDIS/HomeWork/output_Cu_twin/restart.99.exadis
Step =    100: nodes = 2022, dt = 7.153314e-10, strain = 5.910945e-05, elapsed = 79.4 sec
Writing configuration in legacy data format
 Output file: /data/home/dg000246b/openDIS/HomeWork/output_Cu_twin/config.100.data
Writing restart file
 Restart file: /data/home/dg000246b/openDIS/HomeWork/output_Cu_twin/restart.100.exadis
Step =    101: nodes = 2053, dt = 8.583977e-10, strain = 5.996784e-05, elapsed = 81.2 sec
Writing configuration in legacy data format
 Output file: /data/home/dg000246b/openDIS/HomeWork/output_Cu_twin/config.101.data
Writing restart file
 Restart file: /data/home/dg000246b/openDIS/HomeWork/output_Cu_twin/restart.101.exadis
Step =    102: nodes = 2052, dt = 2.575193e-10, strain = 6.022536e-05, elapsed = 81.8 sec
Writing configuration in legacy data format
 Output file: /data/home/dg000246b/openDIS/HomeWork/output_Cu_twin/config.102.data
Writing restart file
 Restart file: /data/home/dg000246b/openDIS/HomeWork/output_Cu_twin/restart.102.exadis
Step =    103: nodes = 2055, dt = 2.575193e-10, strain = 6.048288e-05, elapsed = 82.3 sec
Writing configuration in legacy data format
 Output file: /data/home/dg000246b/openDIS/HomeWork/output_Cu_twin/config.103.data
Writing restart file
 Restart file: /data/home/dg000246b/openDIS/HomeWork/output_Cu_twin/restart.103.exadis
Step =    104: nodes = 2060, dt = 3.090232e-10, strain = 6.079191e-05, elapsed = 82.7 sec
Writing configuration in legacy data format
 Output file: /data/home/dg000246b/openDIS/HomeWork/output_Cu_twin/config.104.data
Writing restart file
 Restart file: /data/home/dg000246b/openDIS/HomeWork/output_Cu_twin/restart.104.exadis
Step =    105: nodes = 2060, dt = 3.708278e-10, strain = 6.116273e-05, elapsed = 83.3 sec
Writing configuration in legacy data format
 Output file: /data/home/dg000246b/openDIS/HomeWork/output_Cu_twin/config.105.data
Writing restart file
 Restart file: /data/home/dg000246b/openDIS/HomeWork/output_Cu_twin/restart.105.exadis
Step =    106: nodes = 2064, dt = 4.449934e-10, strain = 6.160773e-05, elapsed = 83.8 sec
Writing configuration in legacy data format
 Output file: /data/home/dg000246b/openDIS/HomeWork/output_Cu_twin/config.106.data
Writing restart file
 Restart file: /data/home/dg000246b/openDIS/HomeWork/output_Cu_twin/restart.106.exadis
Step =    107: nodes = 2070, dt = 5.339920e-10, strain = 6.214172e-05, elapsed = 84.4 sec
Writing configuration in legacy data format
 Output file: /data/home/dg000246b/openDIS/HomeWork/output_Cu_twin/config.107.data
Writing restart file
 Restart file: /data/home/dg000246b/openDIS/HomeWork/output_Cu_twin/restart.107.exadis
Step =    108: nodes = 2081, dt = 6.407904e-10, strain = 6.278251e-05, elapsed = 85.2 sec
Writing configuration in legacy data format
 Output file: /data/home/dg000246b/openDIS/HomeWork/output_Cu_twin/config.108.data
Writing restart file
 Restart file: /data/home/dg000246b/openDIS/HomeWork/output_Cu_twin/restart.108.exadis
Step =    109: nodes = 2085, dt = 7.689485e-10, strain = 6.355146e-05, elapsed = 86.3 sec
Writing configuration in legacy data format
 Output file: /data/home/dg000246b/openDIS/HomeWork/output_Cu_twin/config.109.data
Writing restart file
 Restart file: /data/home/dg000246b/openDIS/HomeWork/output_Cu_twin/restart.109.exadis
Step =    110: nodes = 2087, dt = 4.613691e-10, strain = 6.401283e-05, elapsed = 87.0 sec
Writing configuration in legacy data format
 Output file: /data/home/dg000246b/openDIS/HomeWork/output_Cu_twin/config.110.data
Writing restart file
 Restart file: /data/home/dg000246b/openDIS/HomeWork/output_Cu_twin/restart.110.exadis
Step =    111: nodes = 2081, dt = 4.613691e-10, strain = 6.447420e-05, elapsed = 87.7 sec
Writing configuration in legacy data format
 Output file: /data/home/dg000246b/openDIS/HomeWork/output_Cu_twin/config.111.data
Writing restart file
 Restart file: /data/home/dg000246b/openDIS/HomeWork/output_Cu_twin/restart.111.exadis
Step =    112: nodes = 2089, dt = 5.536429e-10, strain = 6.502784e-05, elapsed = 88.4 sec
Writing configuration in legacy data format
 Output file: /data/home/dg000246b/openDIS/HomeWork/output_Cu_twin/config.112.data
Writing restart file
 Restart file: /data/home/dg000246b/openDIS/HomeWork/output_Cu_twin/restart.112.exadis
Step =    113: nodes = 2091, dt = 6.643715e-10, strain = 6.569221e-05, elapsed = 89.2 sec
Writing configuration in legacy data format
 Output file: /data/home/dg000246b/openDIS/HomeWork/output_Cu_twin/config.113.data
Writing restart file
 Restart file: /data/home/dg000246b/openDIS/HomeWork/output_Cu_twin/restart.113.exadis
Step =    114: nodes = 2060, dt = 7.972458e-10, strain = 6.648946e-05, elapsed = 90.9 sec
Writing configuration in legacy data format
 Output file: /data/home/dg000246b/openDIS/HomeWork/output_Cu_twin/config.114.data
Writing restart file
 Restart file: /data/home/dg000246b/openDIS/HomeWork/output_Cu_twin/restart.114.exadis
Step =    115: nodes = 2054, dt = 4.783475e-10, strain = 6.696780e-05, elapsed = 91.7 sec
Writing configuration in legacy data format
 Output file: /data/home/dg000246b/openDIS/HomeWork/output_Cu_twin/config.115.data
Writing restart file
 Restart file: /data/home/dg000246b/openDIS/HomeWork/output_Cu_twin/restart.115.exadis
Step =    116: nodes = 2059, dt = 4.783475e-10, strain = 6.744615e-05, elapsed = 92.3 sec
Writing configuration in legacy data format
 Output file: /data/home/dg000246b/openDIS/HomeWork/output_Cu_twin/config.116.data
Writing restart file
 Restart file: /data/home/dg000246b/openDIS/HomeWork/output_Cu_twin/restart.116.exadis
Step =    117: nodes = 2056, dt = 5.740170e-10, strain = 6.802017e-05, elapsed = 93.7 sec
Writing configuration in legacy data format
 Output file: /data/home/dg000246b/openDIS/HomeWork/output_Cu_twin/config.117.data
Writing restart file
 Restart file: /data/home/dg000246b/openDIS/HomeWork/output_Cu_twin/restart.117.exadis
Step =    118: nodes = 2074, dt = 6.888204e-10, strain = 6.870899e-05, elapsed = 94.6 sec
Writing configuration in legacy data format
 Output file: /data/home/dg000246b/openDIS/HomeWork/output_Cu_twin/config.118.data
Writing restart file
 Restart file: /data/home/dg000246b/openDIS/HomeWork/output_Cu_twin/restart.118.exadis
Step =    119: nodes = 2089, dt = 8.265845e-10, strain = 6.953557e-05, elapsed = 95.7 sec
Writing configuration in legacy data format
 Output file: /data/home/dg000246b/openDIS/HomeWork/output_Cu_twin/config.119.data
Writing restart file
 Restart file: /data/home/dg000246b/openDIS/HomeWork/output_Cu_twin/restart.119.exadis
Step =    120: nodes = 2098, dt = 4.959507e-10, strain = 7.003152e-05, elapsed = 96.5 sec
Writing configuration in legacy data format
 Output file: /data/home/dg000246b/openDIS/HomeWork/output_Cu_twin/config.120.data
Writing restart file
 Restart file: /data/home/dg000246b/openDIS/HomeWork/output_Cu_twin/restart.120.exadis
Step =    121: nodes = 2107, dt = 4.959507e-10, strain = 7.052747e-05, elapsed = 97.2 sec
Writing configuration in legacy data format
 Output file: /data/home/dg000246b/openDIS/HomeWork/output_Cu_twin/config.121.data
Writing restart file
 Restart file: /data/home/dg000246b/openDIS/HomeWork/output_Cu_twin/restart.121.exadis
Step =    122: nodes = 2103, dt = 5.951408e-10, strain = 7.112261e-05, elapsed = 97.9 sec
Writing configuration in legacy data format
 Output file: /data/home/dg000246b/openDIS/HomeWork/output_Cu_twin/config.122.data
Writing restart file
 Restart file: /data/home/dg000246b/openDIS/HomeWork/output_Cu_twin/restart.122.exadis
Step =    123: nodes = 2110, dt = 7.141690e-10, strain = 7.183678e-05, elapsed = 98.9 sec
Writing configuration in legacy data format
 Output file: /data/home/dg000246b/openDIS/HomeWork/output_Cu_twin/config.123.data
Writing restart file
 Restart file: /data/home/dg000246b/openDIS/HomeWork/output_Cu_twin/restart.123.exadis
Step =    124: nodes = 2097, dt = 8.570028e-10, strain = 7.269379e-05, elapsed = 100.2 sec
Writing configuration in legacy data format
 Output file: /data/home/dg000246b/openDIS/HomeWork/output_Cu_twin/config.124.data
Writing restart file
 Restart file: /data/home/dg000246b/openDIS/HomeWork/output_Cu_twin/restart.124.exadis
Step =    125: nodes = 2090, dt = 5.142017e-10, strain = 7.320799e-05, elapsed = 101.0 sec
Writing configuration in legacy data format
 Output file: /data/home/dg000246b/openDIS/HomeWork/output_Cu_twin/config.125.data
Writing restart file
 Restart file: /data/home/dg000246b/openDIS/HomeWork/output_Cu_twin/restart.125.exadis
Step =    126: nodes = 2103, dt = 5.142017e-10, strain = 7.372219e-05, elapsed = 101.7 sec
Writing configuration in legacy data format
 Output file: /data/home/dg000246b/openDIS/HomeWork/output_Cu_twin/config.126.data
Writing restart file
 Restart file: /data/home/dg000246b/openDIS/HomeWork/output_Cu_twin/restart.126.exadis
Step =    127: nodes = 2102, dt = 6.170420e-10, strain = 7.433923e-05, elapsed = 102.5 sec
Writing configuration in legacy data format
 Output file: /data/home/dg000246b/openDIS/HomeWork/output_Cu_twin/config.127.data
Writing restart file
 Restart file: /data/home/dg000246b/openDIS/HomeWork/output_Cu_twin/restart.127.exadis
Step =    128: nodes = 2096, dt = 7.404504e-10, strain = 7.507968e-05, elapsed = 103.5 sec
Writing configuration in legacy data format
 Output file: /data/home/dg000246b/openDIS/HomeWork/output_Cu_twin/config.128.data
Writing restart file
 Restart file: /data/home/dg000246b/openDIS/HomeWork/output_Cu_twin/restart.128.exadis
Step =    129: nodes = 2095, dt = 8.885405e-10, strain = 7.596822e-05, elapsed = 104.9 sec
Writing configuration in legacy data format
 Output file: /data/home/dg000246b/openDIS/HomeWork/output_Cu_twin/config.129.data
Writing restart file
 Restart file: /data/home/dg000246b/openDIS/HomeWork/output_Cu_twin/restart.129.exadis
Step =    130: nodes = 2100, dt = 2.665621e-10, strain = 7.623478e-05, elapsed = 105.3 sec
Writing configuration in legacy data format
 Output file: /data/home/dg000246b/openDIS/HomeWork/output_Cu_twin/config.130.data
Writing restart file
 Restart file: /data/home/dg000246b/openDIS/HomeWork/output_Cu_twin/restart.130.exadis
Step =    131: nodes = 2103, dt = 2.665621e-10, strain = 7.650135e-05, elapsed = 105.7 sec
Writing configuration in legacy data format
 Output file: /data/home/dg000246b/openDIS/HomeWork/output_Cu_twin/config.131.data
Writing restart file
 Restart file: /data/home/dg000246b/openDIS/HomeWork/output_Cu_twin/restart.131.exadis
Step =    132: nodes = 2100, dt = 3.198746e-10, strain = 7.682122e-05, elapsed = 106.1 sec
Writing configuration in legacy data format
 Output file: /data/home/dg000246b/openDIS/HomeWork/output_Cu_twin/config.132.data
Writing restart file
 Restart file: /data/home/dg000246b/openDIS/HomeWork/output_Cu_twin/restart.132.exadis
Step =    133: nodes = 2103, dt = 3.838495e-10, strain = 7.720507e-05, elapsed = 106.6 sec
Writing configuration in legacy data format
 Output file: /data/home/dg000246b/openDIS/HomeWork/output_Cu_twin/config.133.data
Writing restart file
 Restart file: /data/home/dg000246b/openDIS/HomeWork/output_Cu_twin/restart.133.exadis
Step =    134: nodes = 2098, dt = 4.606194e-10, strain = 7.766569e-05, elapsed = 107.3 sec
Writing configuration in legacy data format
 Output file: /data/home/dg000246b/openDIS/HomeWork/output_Cu_twin/config.134.data
Writing restart file
 Restart file: /data/home/dg000246b/openDIS/HomeWork/output_Cu_twin/restart.134.exadis
Step =    135: nodes = 2102, dt = 5.527433e-10, strain = 7.821843e-05, elapsed = 108.0 sec
Writing configuration in legacy data format
 Output file: /data/home/dg000246b/openDIS/HomeWork/output_Cu_twin/config.135.data
Writing restart file
 Restart file: /data/home/dg000246b/openDIS/HomeWork/output_Cu_twin/restart.135.exadis
Step =    136: nodes = 2100, dt = 6.632919e-10, strain = 7.888173e-05, elapsed = 108.7 sec
Writing configuration in legacy data format
 Output file: /data/home/dg000246b/openDIS/HomeWork/output_Cu_twin/config.136.data
Writing restart file
 Restart file: /data/home/dg000246b/openDIS/HomeWork/output_Cu_twin/restart.136.exadis
Step =    137: nodes = 2103, dt = 7.959503e-10, strain = 7.967768e-05, elapsed = 109.8 sec
Writing configuration in legacy data format
 Output file: /data/home/dg000246b/openDIS/HomeWork/output_Cu_twin/config.137.data
Writing restart file
 Restart file: /data/home/dg000246b/openDIS/HomeWork/output_Cu_twin/restart.137.exadis
Step =    138: nodes = 2111, dt = 4.775702e-10, strain = 8.015525e-05, elapsed = 110.5 sec
Writing configuration in legacy data format
 Output file: /data/home/dg000246b/openDIS/HomeWork/output_Cu_twin/config.138.data
Writing restart file
 Restart file: /data/home/dg000246b/openDIS/HomeWork/output_Cu_twin/restart.138.exadis
Step =    139: nodes = 2106, dt = 4.775702e-10, strain = 8.063282e-05, elapsed = 111.2 sec
Writing configuration in legacy data format
 Output file: /data/home/dg000246b/openDIS/HomeWork/output_Cu_twin/config.139.data
Writing restart file
 Restart file: /data/home/dg000246b/openDIS/HomeWork/output_Cu_twin/restart.139.exadis
Step =    140: nodes = 2089, dt = 5.730842e-10, strain = 8.120590e-05, elapsed = 112.1 sec
Writing configuration in legacy data format
 Output file: /data/home/dg000246b/openDIS/HomeWork/output_Cu_twin/config.140.data
Writing restart file
 Restart file: /data/home/dg000246b/openDIS/HomeWork/output_Cu_twin/restart.140.exadis
Step =    141: nodes = 2058, dt = 6.877010e-10, strain = 8.189360e-05, elapsed = 113.3 sec
Writing configuration in legacy data format
 Output file: /data/home/dg000246b/openDIS/HomeWork/output_Cu_twin/config.141.data
Writing restart file
 Restart file: /data/home/dg000246b/openDIS/HomeWork/output_Cu_twin/restart.141.exadis
Step =    142: nodes = 2076, dt = 8.252413e-10, strain = 8.271884e-05, elapsed = 114.7 sec
Writing configuration in legacy data format
 Output file: /data/home/dg000246b/openDIS/HomeWork/output_Cu_twin/config.142.data
Writing restart file
 Restart file: /data/home/dg000246b/openDIS/HomeWork/output_Cu_twin/restart.142.exadis
Step =    143: nodes = 2085, dt = 4.951448e-10, strain = 8.321399e-05, elapsed = 115.4 sec
Writing configuration in legacy data format
 Output file: /data/home/dg000246b/openDIS/HomeWork/output_Cu_twin/config.143.data
Writing restart file
 Restart file: /data/home/dg000246b/openDIS/HomeWork/output_Cu_twin/restart.143.exadis
Step =    144: nodes = 2090, dt = 4.951448e-10, strain = 8.370913e-05, elapsed = 116.1 sec
Writing configuration in legacy data format
 Output file: /data/home/dg000246b/openDIS/HomeWork/output_Cu_twin/config.144.data
Writing restart file
 Restart file: /data/home/dg000246b/openDIS/HomeWork/output_Cu_twin/restart.144.exadis
Step =    145: nodes = 2103, dt = 5.941737e-10, strain = 8.430331e-05, elapsed = 116.9 sec
Writing configuration in legacy data format
 Output file: /data/home/dg000246b/openDIS/HomeWork/output_Cu_twin/config.145.data
Writing restart file
 Restart file: /data/home/dg000246b/openDIS/HomeWork/output_Cu_twin/restart.145.exadis
Step =    146: nodes = 2116, dt = 7.130084e-10, strain = 8.501631e-05, elapsed = 117.7 sec
Writing configuration in legacy data format
 Output file: /data/home/dg000246b/openDIS/HomeWork/output_Cu_twin/config.146.data
Writing restart file
 Restart file: /data/home/dg000246b/openDIS/HomeWork/output_Cu_twin/restart.146.exadis
Step =    147: nodes = 2105, dt = 8.556101e-10, strain = 8.587192e-05, elapsed = 119.0 sec
Writing configuration in legacy data format
 Output file: /data/home/dg000246b/openDIS/HomeWork/output_Cu_twin/config.147.data
Writing restart file
 Restart file: /data/home/dg000246b/openDIS/HomeWork/output_Cu_twin/restart.147.exadis
Step =    148: nodes = 2101, dt = 2.566830e-10, strain = 8.612861e-05, elapsed = 119.6 sec
Writing configuration in legacy data format
 Output file: /data/home/dg000246b/openDIS/HomeWork/output_Cu_twin/config.148.data
Writing restart file
 Restart file: /data/home/dg000246b/openDIS/HomeWork/output_Cu_twin/restart.148.exadis
Step =    149: nodes = 2104, dt = 2.566830e-10, strain = 8.638529e-05, elapsed = 120.0 sec
Writing configuration in legacy data format
 Output file: /data/home/dg000246b/openDIS/HomeWork/output_Cu_twin/config.149.data
Writing restart file
 Restart file: /data/home/dg000246b/openDIS/HomeWork/output_Cu_twin/restart.149.exadis
Step =    150: nodes = 2106, dt = 3.080196e-10, strain = 8.669331e-05, elapsed = 120.4 sec
Writing configuration in legacy data format
 Output file: /data/home/dg000246b/openDIS/HomeWork/output_Cu_twin/config.150.data
Writing restart file
 Restart file: /data/home/dg000246b/openDIS/HomeWork/output_Cu_twin/restart.150.exadis
Step =    151: nodes = 2109, dt = 3.696236e-10, strain = 8.706293e-05, elapsed = 120.9 sec
Writing configuration in legacy data format
 Output file: /data/home/dg000246b/openDIS/HomeWork/output_Cu_twin/config.151.data
Writing restart file
 Restart file: /data/home/dg000246b/openDIS/HomeWork/output_Cu_twin/restart.151.exadis
Step =    152: nodes = 2105, dt = 4.435483e-10, strain = 8.750648e-05, elapsed = 121.5 sec
Writing configuration in legacy data format
 Output file: /data/home/dg000246b/openDIS/HomeWork/output_Cu_twin/config.152.data
Writing restart file
 Restart file: /data/home/dg000246b/openDIS/HomeWork/output_Cu_twin/restart.152.exadis
Step =    153: nodes = 2097, dt = 5.322580e-10, strain = 8.803874e-05, elapsed = 122.5 sec
Writing configuration in legacy data format
 Output file: /data/home/dg000246b/openDIS/HomeWork/output_Cu_twin/config.153.data
Writing restart file
 Restart file: /data/home/dg000246b/openDIS/HomeWork/output_Cu_twin/restart.153.exadis
Step =    154: nodes = 2106, dt = 6.387095e-10, strain = 8.867745e-05, elapsed = 123.4 sec
Writing configuration in legacy data format
 Output file: /data/home/dg000246b/openDIS/HomeWork/output_Cu_twin/config.154.data
Writing restart file
 Restart file: /data/home/dg000246b/openDIS/HomeWork/output_Cu_twin/restart.154.exadis
Step =    155: nodes = 2107, dt = 7.664515e-10, strain = 8.944390e-05, elapsed = 124.3 sec
Writing configuration in legacy data format
 Output file: /data/home/dg000246b/openDIS/HomeWork/output_Cu_twin/config.155.data
Writing restart file
 Restart file: /data/home/dg000246b/openDIS/HomeWork/output_Cu_twin/restart.155.exadis
Step =    156: nodes = 2108, dt = 4.598709e-10, strain = 8.990377e-05, elapsed = 125.1 sec
Writing configuration in legacy data format
 Output file: /data/home/dg000246b/openDIS/HomeWork/output_Cu_twin/config.156.data
Writing restart file
 Restart file: /data/home/dg000246b/openDIS/HomeWork/output_Cu_twin/restart.156.exadis
Step =    157: nodes = 2107, dt = 4.598709e-10, strain = 9.036364e-05, elapsed = 129.7 sec
Writing configuration in legacy data format
 Output file: /data/home/dg000246b/openDIS/HomeWork/output_Cu_twin/config.157.data
Writing restart file
 Restart file: /data/home/dg000246b/openDIS/HomeWork/output_Cu_twin/restart.157.exadis
Step =    158: nodes = 2092, dt = 5.518450e-10, strain = 9.091549e-05, elapsed = 131.1 sec
Writing configuration in legacy data format
 Output file: /data/home/dg000246b/openDIS/HomeWork/output_Cu_twin/config.158.data
Writing restart file
 Restart file: /data/home/dg000246b/openDIS/HomeWork/output_Cu_twin/restart.158.exadis
Step =    159: nodes = 2099, dt = 6.622141e-10, strain = 9.157770e-05, elapsed = 132.2 sec
Writing configuration in legacy data format
 Output file: /data/home/dg000246b/openDIS/HomeWork/output_Cu_twin/config.159.data
Writing restart file
 Restart file: /data/home/dg000246b/openDIS/HomeWork/output_Cu_twin/restart.159.exadis
Step =    160: nodes = 2102, dt = 7.946569e-10, strain = 9.237236e-05, elapsed = 133.2 sec
Writing configuration in legacy data format
 Output file: /data/home/dg000246b/openDIS/HomeWork/output_Cu_twin/config.160.data
Writing restart file
 Restart file: /data/home/dg000246b/openDIS/HomeWork/output_Cu_twin/restart.160.exadis
Step =    161: nodes = 2108, dt = 2.383971e-10, strain = 9.261076e-05, elapsed = 133.6 sec
Writing configuration in legacy data format
 Output file: /data/home/dg000246b/openDIS/HomeWork/output_Cu_twin/config.161.data
Writing restart file
 Restart file: /data/home/dg000246b/openDIS/HomeWork/output_Cu_twin/restart.161.exadis
Step =    162: nodes = 2116, dt = 2.383971e-10, strain = 9.284915e-05, elapsed = 133.9 sec
Writing configuration in legacy data format
 Output file: /data/home/dg000246b/openDIS/HomeWork/output_Cu_twin/config.162.data
Writing restart file
 Restart file: /data/home/dg000246b/openDIS/HomeWork/output_Cu_twin/restart.162.exadis
Step =    163: nodes = 2110, dt = 2.860765e-10, strain = 9.313523e-05, elapsed = 134.4 sec
Writing configuration in legacy data format
 Output file: /data/home/dg000246b/openDIS/HomeWork/output_Cu_twin/config.163.data
Writing restart file
 Restart file: /data/home/dg000246b/openDIS/HomeWork/output_Cu_twin/restart.163.exadis
Step =    164: nodes = 2119, dt = 3.432918e-10, strain = 9.347852e-05, elapsed = 134.9 sec
Writing configuration in legacy data format
 Output file: /data/home/dg000246b/openDIS/HomeWork/output_Cu_twin/config.164.data
Writing restart file
 Restart file: /data/home/dg000246b/openDIS/HomeWork/output_Cu_twin/restart.164.exadis
Step =    165: nodes = 2117, dt = 4.119501e-10, strain = 9.389047e-05, elapsed = 135.5 sec
Writing configuration in legacy data format
 Output file: /data/home/dg000246b/openDIS/HomeWork/output_Cu_twin/config.165.data
Writing restart file
 Restart file: /data/home/dg000246b/openDIS/HomeWork/output_Cu_twin/restart.165.exadis
Step =    166: nodes = 2124, dt = 4.943401e-10, strain = 9.438481e-05, elapsed = 136.2 sec
Writing configuration in legacy data format
 Output file: /data/home/dg000246b/openDIS/HomeWork/output_Cu_twin/config.166.data
Writing restart file
 Restart file: /data/home/dg000246b/openDIS/HomeWork/output_Cu_twin/restart.166.exadis
Step =    167: nodes = 2118, dt = 5.932082e-10, strain = 9.497802e-05, elapsed = 136.9 sec
Writing configuration in legacy data format
 Output file: /data/home/dg000246b/openDIS/HomeWork/output_Cu_twin/config.167.data
Writing restart file
 Restart file: /data/home/dg000246b/openDIS/HomeWork/output_Cu_twin/restart.167.exadis
Step =    168: nodes = 2127, dt = 7.118498e-10, strain = 9.568987e-05, elapsed = 137.9 sec
Writing configuration in legacy data format
 Output file: /data/home/dg000246b/openDIS/HomeWork/output_Cu_twin/config.168.data
Writing restart file
 Restart file: /data/home/dg000246b/openDIS/HomeWork/output_Cu_twin/restart.168.exadis
Step =    169: nodes = 2130, dt = 2.135549e-10, strain = 9.590342e-05, elapsed = 138.3 sec
Writing configuration in legacy data format
 Output file: /data/home/dg000246b/openDIS/HomeWork/output_Cu_twin/config.169.data
Writing restart file
 Restart file: /data/home/dg000246b/openDIS/HomeWork/output_Cu_twin/restart.169.exadis
Step =    170: nodes = 2126, dt = 2.135549e-10, strain = 9.611698e-05, elapsed = 138.6 sec
Writing configuration in legacy data format
 Output file: /data/home/dg000246b/openDIS/HomeWork/output_Cu_twin/config.170.data
Writing restart file
 Restart file: /data/home/dg000246b/openDIS/HomeWork/output_Cu_twin/restart.170.exadis
Step =    171: nodes = 2125, dt = 2.562659e-10, strain = 9.637325e-05, elapsed = 139.0 sec
Writing configuration in legacy data format
 Output file: /data/home/dg000246b/openDIS/HomeWork/output_Cu_twin/config.171.data
Writing restart file
 Restart file: /data/home/dg000246b/openDIS/HomeWork/output_Cu_twin/restart.171.exadis
Step =    172: nodes = 2127, dt = 3.075191e-10, strain = 9.668076e-05, elapsed = 139.5 sec
Writing configuration in legacy data format
 Output file: /data/home/dg000246b/openDIS/HomeWork/output_Cu_twin/config.172.data
Writing restart file
 Restart file: /data/home/dg000246b/openDIS/HomeWork/output_Cu_twin/restart.172.exadis
Step =    173: nodes = 2115, dt = 3.690229e-10, strain = 9.704979e-05, elapsed = 140.0 sec
Writing configuration in legacy data format
 Output file: /data/home/dg000246b/openDIS/HomeWork/output_Cu_twin/config.173.data
Writing restart file
 Restart file: /data/home/dg000246b/openDIS/HomeWork/output_Cu_twin/restart.173.exadis
Step =    174: nodes = 2112, dt = 4.428275e-10, strain = 9.749261e-05, elapsed = 140.7 sec
Writing configuration in legacy data format
 Output file: /data/home/dg000246b/openDIS/HomeWork/output_Cu_twin/config.174.data
Writing restart file
 Restart file: /data/home/dg000246b/openDIS/HomeWork/output_Cu_twin/restart.174.exadis
Step =    175: nodes = 2107, dt = 5.313930e-10, strain = 9.802401e-05, elapsed = 141.5 sec
Writing configuration in legacy data format
 Output file: /data/home/dg000246b/openDIS/HomeWork/output_Cu_twin/config.175.data
Writing restart file
 Restart file: /data/home/dg000246b/openDIS/HomeWork/output_Cu_twin/restart.175.exadis
Step =    176: nodes = 2114, dt = 6.376716e-10, strain = 9.866168e-05, elapsed = 142.4 sec
Writing configuration in legacy data format
 Output file: /data/home/dg000246b/openDIS/HomeWork/output_Cu_twin/config.176.data
Writing restart file
 Restart file: /data/home/dg000246b/openDIS/HomeWork/output_Cu_twin/restart.176.exadis
Step =    177: nodes = 2091, dt = 7.652060e-10, strain = 9.942689e-05, elapsed = 144.0 sec
Writing configuration in legacy data format
 Output file: /data/home/dg000246b/openDIS/HomeWork/output_Cu_twin/config.177.data
Writing restart file
 Restart file: /data/home/dg000246b/openDIS/HomeWork/output_Cu_twin/restart.177.exadis
Step =    178: nodes = 2092, dt = 2.295618e-10, strain = 9.965645e-05, elapsed = 144.6 sec
Writing configuration in legacy data format
 Output file: /data/home/dg000246b/openDIS/HomeWork/output_Cu_twin/config.178.data
Writing restart file
 Restart file: /data/home/dg000246b/openDIS/HomeWork/output_Cu_twin/restart.178.exadis
Step =    179: nodes = 2091, dt = 2.295618e-10, strain = 9.988601e-05, elapsed = 145.0 sec
Writing configuration in legacy data format
 Output file: /data/home/dg000246b/openDIS/HomeWork/output_Cu_twin/config.179.data
Writing restart file
 Restart file: /data/home/dg000246b/openDIS/HomeWork/output_Cu_twin/restart.179.exadis
Step =    180: nodes = 2092, dt = 2.754741e-10, strain = 1.001615e-04, elapsed = 145.3 sec
Writing configuration in legacy data format
 Output file: /data/home/dg000246b/openDIS/HomeWork/output_Cu_twin/config.180.data
Writing restart file
 Restart file: /data/home/dg000246b/openDIS/HomeWork/output_Cu_twin/restart.180.exadis
Step =    181: nodes = 2096, dt = 3.305690e-10, strain = 1.004921e-04, elapsed = 145.8 sec
Writing configuration in legacy data format
 Output file: /data/home/dg000246b/openDIS/HomeWork/output_Cu_twin/config.181.data
Writing restart file
 Restart file: /data/home/dg000246b/openDIS/HomeWork/output_Cu_twin/restart.181.exadis
Step =    182: nodes = 2096, dt = 3.966828e-10, strain = 1.008887e-04, elapsed = 146.3 sec
Writing configuration in legacy data format
 Output file: /data/home/dg000246b/openDIS/HomeWork/output_Cu_twin/config.182.data
Writing restart file
 Restart file: /data/home/dg000246b/openDIS/HomeWork/output_Cu_twin/restart.182.exadis
Step =    183: nodes = 2110, dt = 4.760193e-10, strain = 1.013648e-04, elapsed = 147.0 sec
Writing configuration in legacy data format
 Output file: /data/home/dg000246b/openDIS/HomeWork/output_Cu_twin/config.183.data
Writing restart file
 Restart file: /data/home/dg000246b/openDIS/HomeWork/output_Cu_twin/restart.183.exadis
Step =    184: nodes = 2109, dt = 5.712232e-10, strain = 1.019360e-04, elapsed = 147.7 sec
Writing configuration in legacy data format
 Output file: /data/home/dg000246b/openDIS/HomeWork/output_Cu_twin/config.184.data
Writing restart file
 Restart file: /data/home/dg000246b/openDIS/HomeWork/output_Cu_twin/restart.184.exadis
Step =    185: nodes = 2117, dt = 6.854678e-10, strain = 1.026214e-04, elapsed = 148.7 sec
Writing configuration in legacy data format
 Output file: /data/home/dg000246b/openDIS/HomeWork/output_Cu_twin/config.185.data
Writing restart file
 Restart file: /data/home/dg000246b/openDIS/HomeWork/output_Cu_twin/restart.185.exadis
Step =    186: nodes = 2117, dt = 2.056404e-10, strain = 1.028271e-04, elapsed = 149.1 sec
Writing configuration in legacy data format
 Output file: /data/home/dg000246b/openDIS/HomeWork/output_Cu_twin/config.186.data
Writing restart file
 Restart file: /data/home/dg000246b/openDIS/HomeWork/output_Cu_twin/restart.186.exadis
Step =    187: nodes = 2118, dt = 2.056404e-10, strain = 1.030327e-04, elapsed = 149.4 sec
Writing configuration in legacy data format
 Output file: /data/home/dg000246b/openDIS/HomeWork/output_Cu_twin/config.187.data
Writing restart file
 Restart file: /data/home/dg000246b/openDIS/HomeWork/output_Cu_twin/restart.187.exadis
Step =    188: nodes = 2111, dt = 2.467684e-10, strain = 1.032795e-04, elapsed = 149.8 sec
Writing configuration in legacy data format
 Output file: /data/home/dg000246b/openDIS/HomeWork/output_Cu_twin/config.188.data
Writing restart file
 Restart file: /data/home/dg000246b/openDIS/HomeWork/output_Cu_twin/restart.188.exadis
Step =    189: nodes = 2113, dt = 2.961221e-10, strain = 1.035756e-04, elapsed = 150.3 sec
Writing configuration in legacy data format
 Output file: /data/home/dg000246b/openDIS/HomeWork/output_Cu_twin/config.189.data
Writing restart file
 Restart file: /data/home/dg000246b/openDIS/HomeWork/output_Cu_twin/restart.189.exadis
Step =    190: nodes = 2117, dt = 3.553465e-10, strain = 1.039310e-04, elapsed = 150.7 sec
Writing configuration in legacy data format
 Output file: /data/home/dg000246b/openDIS/HomeWork/output_Cu_twin/config.190.data
Writing restart file
 Restart file: /data/home/dg000246b/openDIS/HomeWork/output_Cu_twin/restart.190.exadis
Step =    191: nodes = 2113, dt = 4.264158e-10, strain = 1.043574e-04, elapsed = 151.3 sec
Writing configuration in legacy data format
 Output file: /data/home/dg000246b/openDIS/HomeWork/output_Cu_twin/config.191.data
Writing restart file
 Restart file: /data/home/dg000246b/openDIS/HomeWork/output_Cu_twin/restart.191.exadis
Step =    192: nodes = 2105, dt = 5.116990e-10, strain = 1.048691e-04, elapsed = 152.0 sec
Writing configuration in legacy data format
 Output file: /data/home/dg000246b/openDIS/HomeWork/output_Cu_twin/config.192.data
Writing restart file
 Restart file: /data/home/dg000246b/openDIS/HomeWork/output_Cu_twin/restart.192.exadis
Step =    193: nodes = 2126, dt = 1.535097e-10, strain = 1.050226e-04, elapsed = 152.4 sec
Writing configuration in legacy data format
 Output file: /data/home/dg000246b/openDIS/HomeWork/output_Cu_twin/config.193.data
Writing restart file
 Restart file: /data/home/dg000246b/openDIS/HomeWork/output_Cu_twin/restart.193.exadis
Step =    194: nodes = 2125, dt = 1.535097e-10, strain = 1.051761e-04, elapsed = 152.6 sec
Writing configuration in legacy data format
 Output file: /data/home/dg000246b/openDIS/HomeWork/output_Cu_twin/config.194.data
Writing restart file
 Restart file: /data/home/dg000246b/openDIS/HomeWork/output_Cu_twin/restart.194.exadis
Step =    195: nodes = 2127, dt = 1.842116e-10, strain = 1.053603e-04, elapsed = 152.9 sec
Writing configuration in legacy data format
 Output file: /data/home/dg000246b/openDIS/HomeWork/output_Cu_twin/config.195.data
Writing restart file
 Restart file: /data/home/dg000246b/openDIS/HomeWork/output_Cu_twin/restart.195.exadis
Step =    196: nodes = 2125, dt = 2.210540e-10, strain = 1.055814e-04, elapsed = 153.2 sec
Writing configuration in legacy data format
 Output file: /data/home/dg000246b/openDIS/HomeWork/output_Cu_twin/config.196.data
Writing restart file
 Restart file: /data/home/dg000246b/openDIS/HomeWork/output_Cu_twin/restart.196.exadis
Step =    197: nodes = 2121, dt = 2.652648e-10, strain = 1.058466e-04, elapsed = 153.6 sec
Writing configuration in legacy data format
 Output file: /data/home/dg000246b/openDIS/HomeWork/output_Cu_twin/config.197.data
Writing restart file
 Restart file: /data/home/dg000246b/openDIS/HomeWork/output_Cu_twin/restart.197.exadis
Step =    198: nodes = 2125, dt = 3.183177e-10, strain = 1.061649e-04, elapsed = 154.0 sec
Writing configuration in legacy data format
 Output file: /data/home/dg000246b/openDIS/HomeWork/output_Cu_twin/config.198.data
Writing restart file
 Restart file: /data/home/dg000246b/openDIS/HomeWork/output_Cu_twin/restart.198.exadis
Step =    199: nodes = 2125, dt = 3.819813e-10, strain = 1.065469e-04, elapsed = 154.6 sec
Writing configuration in legacy data format
 Output file: /data/home/dg000246b/openDIS/HomeWork/output_Cu_twin/config.199.data
Writing restart file
 Restart file: /data/home/dg000246b/openDIS/HomeWork/output_Cu_twin/restart.199.exadis
Step =    200: nodes = 2131, dt = 4.583775e-10, strain = 1.070053e-04, elapsed = 155.2 sec
Writing configuration in legacy data format
 Output file: /data/home/dg000246b/openDIS/HomeWork/output_Cu_twin/config.200.data
Writing restart file
 Restart file: /data/home/dg000246b/openDIS/HomeWork/output_Cu_twin/restart.200.exadis
Step =    201: nodes = 2130, dt = 1.375133e-10, strain = 1.071428e-04, elapsed = 155.5 sec
Writing configuration in legacy data format
 Output file: /data/home/dg000246b/openDIS/HomeWork/output_Cu_twin/config.201.data
Writing restart file
 Restart file: /data/home/dg000246b/openDIS/HomeWork/output_Cu_twin/restart.201.exadis
Step =    202: nodes = 2132, dt = 1.375133e-10, strain = 1.072803e-04, elapsed = 155.8 sec
Writing configuration in legacy data format
 Output file: /data/home/dg000246b/openDIS/HomeWork/output_Cu_twin/config.202.data
Writing restart file
 Restart file: /data/home/dg000246b/openDIS/HomeWork/output_Cu_twin/restart.202.exadis
Step =    203: nodes = 2127, dt = 1.650159e-10, strain = 1.074453e-04, elapsed = 156.1 sec
Writing configuration in legacy data format
 Output file: /data/home/dg000246b/openDIS/HomeWork/output_Cu_twin/config.203.data
Writing restart file
 Restart file: /data/home/dg000246b/openDIS/HomeWork/output_Cu_twin/restart.203.exadis
Step =    204: nodes = 2125, dt = 1.980191e-10, strain = 1.076434e-04, elapsed = 156.4 sec
Writing configuration in legacy data format
 Output file: /data/home/dg000246b/openDIS/HomeWork/output_Cu_twin/config.204.data
Writing restart file
 Restart file: /data/home/dg000246b/openDIS/HomeWork/output_Cu_twin/restart.204.exadis
Step =    205: nodes = 2117, dt = 2.376229e-10, strain = 1.078810e-04, elapsed = 156.8 sec
Writing configuration in legacy data format
 Output file: /data/home/dg000246b/openDIS/HomeWork/output_Cu_twin/config.205.data
Writing restart file
 Restart file: /data/home/dg000246b/openDIS/HomeWork/output_Cu_twin/restart.205.exadis
Step =    206: nodes = 2118, dt = 2.851475e-10, strain = 1.081661e-04, elapsed = 157.2 sec
Writing configuration in legacy data format
 Output file: /data/home/dg000246b/openDIS/HomeWork/output_Cu_twin/config.206.data
Writing restart file
 Restart file: /data/home/dg000246b/openDIS/HomeWork/output_Cu_twin/restart.206.exadis
Step =    207: nodes = 2120, dt = 3.421770e-10, strain = 1.085083e-04, elapsed = 157.8 sec
Writing configuration in legacy data format
 Output file: /data/home/dg000246b/openDIS/HomeWork/output_Cu_twin/config.207.data
Writing restart file
 Restart file: /data/home/dg000246b/openDIS/HomeWork/output_Cu_twin/restart.207.exadis
Step =    208: nodes = 2121, dt = 4.106124e-10, strain = 1.089189e-04, elapsed = 158.4 sec
Writing configuration in legacy data format
 Output file: /data/home/dg000246b/openDIS/HomeWork/output_Cu_twin/config.208.data
Writing restart file
 Restart file: /data/home/dg000246b/openDIS/HomeWork/output_Cu_twin/restart.208.exadis
Step =    209: nodes = 2127, dt = 1.231837e-10, strain = 1.090421e-04, elapsed = 158.7 sec
Writing configuration in legacy data format
 Output file: /data/home/dg000246b/openDIS/HomeWork/output_Cu_twin/config.209.data
Writing restart file
 Restart file: /data/home/dg000246b/openDIS/HomeWork/output_Cu_twin/restart.209.exadis
Step =    210: nodes = 2126, dt = 1.231837e-10, strain = 1.091653e-04, elapsed = 158.9 sec
Writing configuration in legacy data format
 Output file: /data/home/dg000246b/openDIS/HomeWork/output_Cu_twin/config.210.data
Writing restart file
 Restart file: /data/home/dg000246b/openDIS/HomeWork/output_Cu_twin/restart.210.exadis
Step =    211: nodes = 2129, dt = 1.478205e-10, strain = 1.093131e-04, elapsed = 159.1 sec
Writing configuration in legacy data format
 Output file: /data/home/dg000246b/openDIS/HomeWork/output_Cu_twin/config.211.data
Writing restart file
 Restart file: /data/home/dg000246b/openDIS/HomeWork/output_Cu_twin/restart.211.exadis
Step =    212: nodes = 2131, dt = 1.773845e-10, strain = 1.094905e-04, elapsed = 159.4 sec
Writing configuration in legacy data format
 Output file: /data/home/dg000246b/openDIS/HomeWork/output_Cu_twin/config.212.data
Writing restart file
 Restart file: /data/home/dg000246b/openDIS/HomeWork/output_Cu_twin/restart.212.exadis
Step =    213: nodes = 2138, dt = 2.128615e-10, strain = 1.097034e-04, elapsed = 159.8 sec
Writing configuration in legacy data format
 Output file: /data/home/dg000246b/openDIS/HomeWork/output_Cu_twin/config.213.data
Writing restart file
 Restart file: /data/home/dg000246b/openDIS/HomeWork/output_Cu_twin/restart.213.exadis
Step =    214: nodes = 2141, dt = 2.554337e-10, strain = 1.099588e-04, elapsed = 160.1 sec
Writing configuration in legacy data format
 Output file: /data/home/dg000246b/openDIS/HomeWork/output_Cu_twin/config.214.data
Writing restart file
 Restart file: /data/home/dg000246b/openDIS/HomeWork/output_Cu_twin/restart.214.exadis
Step =    215: nodes = 2136, dt = 3.065205e-10, strain = 1.102653e-04, elapsed = 160.7 sec
Writing configuration in legacy data format
 Output file: /data/home/dg000246b/openDIS/HomeWork/output_Cu_twin/config.215.data
Writing restart file
 Restart file: /data/home/dg000246b/openDIS/HomeWork/output_Cu_twin/restart.215.exadis
Step =    216: nodes = 2138, dt = 3.678246e-10, strain = 1.106331e-04, elapsed = 161.3 sec
Writing configuration in legacy data format
 Output file: /data/home/dg000246b/openDIS/HomeWork/output_Cu_twin/config.216.data
Writing restart file
 Restart file: /data/home/dg000246b/openDIS/HomeWork/output_Cu_twin/restart.216.exadis
Step =    217: nodes = 2126, dt = 4.413895e-10, strain = 1.110745e-04, elapsed = 162.2 sec
Writing configuration in legacy data format
 Output file: /data/home/dg000246b/openDIS/HomeWork/output_Cu_twin/config.217.data
Writing restart file
 Restart file: /data/home/dg000246b/openDIS/HomeWork/output_Cu_twin/restart.217.exadis
Step =    218: nodes = 2125, dt = 5.296674e-10, strain = 1.116042e-04, elapsed = 163.1 sec
Writing configuration in legacy data format
 Output file: /data/home/dg000246b/openDIS/HomeWork/output_Cu_twin/config.218.data
Writing restart file
 Restart file: /data/home/dg000246b/openDIS/HomeWork/output_Cu_twin/restart.218.exadis
Step =    219: nodes = 2126, dt = 7.945011e-11, strain = 1.116836e-04, elapsed = 163.4 sec
Writing configuration in legacy data format
 Output file: /data/home/dg000246b/openDIS/HomeWork/output_Cu_twin/config.219.data
Writing restart file
 Restart file: /data/home/dg000246b/openDIS/HomeWork/output_Cu_twin/restart.219.exadis
Step =    220: nodes = 2130, dt = 7.945011e-11, strain = 1.117631e-04, elapsed = 164.1 sec
Writing configuration in legacy data format
 Output file: /data/home/dg000246b/openDIS/HomeWork/output_Cu_twin/config.220.data
Writing restart file
 Restart file: /data/home/dg000246b/openDIS/HomeWork/output_Cu_twin/restart.220.exadis
Step =    221: nodes = 2130, dt = 9.534013e-11, strain = 1.118584e-04, elapsed = 165.0 sec
Writing configuration in legacy data format
 Output file: /data/home/dg000246b/openDIS/HomeWork/output_Cu_twin/config.221.data
Writing restart file
 Restart file: /data/home/dg000246b/openDIS/HomeWork/output_Cu_twin/restart.221.exadis
Step =    222: nodes = 2132, dt = 1.144082e-10, strain = 1.119728e-04, elapsed = 165.8 sec
Writing configuration in legacy data format
 Output file: /data/home/dg000246b/openDIS/HomeWork/output_Cu_twin/config.222.data
Writing restart file
 Restart file: /data/home/dg000246b/openDIS/HomeWork/output_Cu_twin/restart.222.exadis
Step =    223: nodes = 2130, dt = 1.372898e-10, strain = 1.121101e-04, elapsed = 166.7 sec
Writing configuration in legacy data format
 Output file: /data/home/dg000246b/openDIS/HomeWork/output_Cu_twin/config.223.data
Writing restart file
 Restart file: /data/home/dg000246b/openDIS/HomeWork/output_Cu_twin/restart.223.exadis
Step =    224: nodes = 2134, dt = 1.647478e-10, strain = 1.122749e-04, elapsed = 167.9 sec
Writing configuration in legacy data format
 Output file: /data/home/dg000246b/openDIS/HomeWork/output_Cu_twin/config.224.data
Writing restart file
 Restart file: /data/home/dg000246b/openDIS/HomeWork/output_Cu_twin/restart.224.exadis
Step =    225: nodes = 2130, dt = 1.976973e-10, strain = 1.124726e-04, elapsed = 169.5 sec
Writing configuration in legacy data format
 Output file: /data/home/dg000246b/openDIS/HomeWork/output_Cu_twin/config.225.data
Writing restart file
 Restart file: /data/home/dg000246b/openDIS/HomeWork/output_Cu_twin/restart.225.exadis
Step =    226: nodes = 2127, dt = 2.372368e-10, strain = 1.127098e-04, elapsed = 171.5 sec
Writing configuration in legacy data format
 Output file: /data/home/dg000246b/openDIS/HomeWork/output_Cu_twin/config.226.data
Writing restart file
 Restart file: /data/home/dg000246b/openDIS/HomeWork/output_Cu_twin/restart.226.exadis
Step =    227: nodes = 2124, dt = 2.846841e-10, strain = 1.129945e-04, elapsed = 174.8 sec
Writing configuration in legacy data format
 Output file: /data/home/dg000246b/openDIS/HomeWork/output_Cu_twin/config.227.data
Writing restart file
 Restart file: /data/home/dg000246b/openDIS/HomeWork/output_Cu_twin/restart.227.exadis
Step =    228: nodes = 2120, dt = 3.416209e-10, strain = 1.133361e-04, elapsed = 178.0 sec
Writing configuration in legacy data format
 Output file: /data/home/dg000246b/openDIS/HomeWork/output_Cu_twin/config.228.data
Writing restart file
 Restart file: /data/home/dg000246b/openDIS/HomeWork/output_Cu_twin/restart.228.exadis
Step =    229: nodes = 2122, dt = 4.099451e-10, strain = 1.137461e-04, elapsed = 181.8 sec
Writing configuration in legacy data format
 Output file: /data/home/dg000246b/openDIS/HomeWork/output_Cu_twin/config.229.data
Writing restart file
 Restart file: /data/home/dg000246b/openDIS/HomeWork/output_Cu_twin/restart.229.exadis
Step =    230: nodes = 2105, dt = 4.919341e-10, strain = 1.142380e-04, elapsed = 187.8 sec
Writing configuration in legacy data format
 Output file: /data/home/dg000246b/openDIS/HomeWork/output_Cu_twin/config.230.data
Writing restart file
 Restart file: /data/home/dg000246b/openDIS/HomeWork/output_Cu_twin/restart.230.exadis
Step =    231: nodes = 2103, dt = 1.475802e-10, strain = 1.143856e-04, elapsed = 190.5 sec
Writing configuration in legacy data format
 Output file: /data/home/dg000246b/openDIS/HomeWork/output_Cu_twin/config.231.data
Writing restart file
 Restart file: /data/home/dg000246b/openDIS/HomeWork/output_Cu_twin/restart.231.exadis
Step =    232: nodes = 2101, dt = 1.475802e-10, strain = 1.145332e-04, elapsed = 195.5 sec
Writing configuration in legacy data format
 Output file: /data/home/dg000246b/openDIS/HomeWork/output_Cu_twin/config.232.data
Writing restart file
 Restart file: /data/home/dg000246b/openDIS/HomeWork/output_Cu_twin/restart.232.exadis
Step =    233: nodes = 2098, dt = 1.770963e-10, strain = 1.147103e-04, elapsed = 196.7 sec
Writing configuration in legacy data format
 Output file: /data/home/dg000246b/openDIS/HomeWork/output_Cu_twin/config.233.data
Writing restart file
 Restart file: /data/home/dg000246b/openDIS/HomeWork/output_Cu_twin/restart.233.exadis
Step =    234: nodes = 2095, dt = 2.125156e-10, strain = 1.149228e-04, elapsed = 198.0 sec
Writing configuration in legacy data format
 Output file: /data/home/dg000246b/openDIS/HomeWork/output_Cu_twin/config.234.data
Writing restart file
 Restart file: /data/home/dg000246b/openDIS/HomeWork/output_Cu_twin/restart.234.exadis
Step =    235: nodes = 2100, dt = 2.550187e-10, strain = 1.151778e-04, elapsed = 199.4 sec
Writing configuration in legacy data format
 Output file: /data/home/dg000246b/openDIS/HomeWork/output_Cu_twin/config.235.data
Writing restart file
 Restart file: /data/home/dg000246b/openDIS/HomeWork/output_Cu_twin/restart.235.exadis
Step =    236: nodes = 2102, dt = 3.060224e-10, strain = 1.154838e-04, elapsed = 201.5 sec
Writing configuration in legacy data format
 Output file: /data/home/dg000246b/openDIS/HomeWork/output_Cu_twin/config.236.data
Writing restart file
 Restart file: /data/home/dg000246b/openDIS/HomeWork/output_Cu_twin/restart.236.exadis
Step =    237: nodes = 2091, dt = 3.672269e-10, strain = 1.158510e-04, elapsed = 219.2 sec
Writing configuration in legacy data format
 Output file: /data/home/dg000246b/openDIS/HomeWork/output_Cu_twin/config.237.data
Writing restart file
 Restart file: /data/home/dg000246b/openDIS/HomeWork/output_Cu_twin/restart.237.exadis
Step =    238: nodes = 2090, dt = 4.406722e-10, strain = 1.162917e-04, elapsed = 221.9 sec
Writing configuration in legacy data format
 Output file: /data/home/dg000246b/openDIS/HomeWork/output_Cu_twin/config.238.data
Writing restart file
 Restart file: /data/home/dg000246b/openDIS/HomeWork/output_Cu_twin/restart.238.exadis
Step =    239: nodes = 2095, dt = 1.322017e-10, strain = 1.164239e-04, elapsed = 222.4 sec
Writing configuration in legacy data format
 Output file: /data/home/dg000246b/openDIS/HomeWork/output_Cu_twin/config.239.data
Writing restart file
 Restart file: /data/home/dg000246b/openDIS/HomeWork/output_Cu_twin/restart.239.exadis
Step =    240: nodes = 2092, dt = 1.322017e-10, strain = 1.165561e-04, elapsed = 222.7 sec
Writing configuration in legacy data format
 Output file: /data/home/dg000246b/openDIS/HomeWork/output_Cu_twin/config.240.data
Writing restart file
 Restart file: /data/home/dg000246b/openDIS/HomeWork/output_Cu_twin/restart.240.exadis
Step =    241: nodes = 2096, dt = 1.586420e-10, strain = 1.167148e-04, elapsed = 223.0 sec
Writing configuration in legacy data format
 Output file: /data/home/dg000246b/openDIS/HomeWork/output_Cu_twin/config.241.data
Writing restart file
 Restart file: /data/home/dg000246b/openDIS/HomeWork/output_Cu_twin/restart.241.exadis
Step =    242: nodes = 2099, dt = 1.903704e-10, strain = 1.169051e-04, elapsed = 223.3 sec
Writing configuration in legacy data format
 Output file: /data/home/dg000246b/openDIS/HomeWork/output_Cu_twin/config.242.data
Writing restart file
 Restart file: /data/home/dg000246b/openDIS/HomeWork/output_Cu_twin/restart.242.exadis
Step =    243: nodes = 2102, dt = 2.284445e-10, strain = 1.171336e-04, elapsed = 223.7 sec
Writing configuration in legacy data format
 Output file: /data/home/dg000246b/openDIS/HomeWork/output_Cu_twin/config.243.data
Writing restart file
 Restart file: /data/home/dg000246b/openDIS/HomeWork/output_Cu_twin/restart.243.exadis
Step =    244: nodes = 2103, dt = 2.741334e-10, strain = 1.174077e-04, elapsed = 224.4 sec
Writing configuration in legacy data format
 Output file: /data/home/dg000246b/openDIS/HomeWork/output_Cu_twin/config.244.data
Writing restart file
 Restart file: /data/home/dg000246b/openDIS/HomeWork/output_Cu_twin/restart.244.exadis
Step =    245: nodes = 2114, dt = 3.289601e-10, strain = 1.177367e-04, elapsed = 225.2 sec
Writing configuration in legacy data format
 Output file: /data/home/dg000246b/openDIS/HomeWork/output_Cu_twin/config.245.data
Writing restart file
 Restart file: /data/home/dg000246b/openDIS/HomeWork/output_Cu_twin/restart.245.exadis
Step =    246: nodes = 2109, dt = 3.947521e-10, strain = 1.181314e-04, elapsed = 231.6 sec
Writing configuration in legacy data format
 Output file: /data/home/dg000246b/openDIS/HomeWork/output_Cu_twin/config.246.data
Writing restart file
 Restart file: /data/home/dg000246b/openDIS/HomeWork/output_Cu_twin/restart.246.exadis
Step =    247: nodes = 2105, dt = 4.737025e-10, strain = 1.186051e-04, elapsed = 239.1 sec
Writing configuration in legacy data format
 Output file: /data/home/dg000246b/openDIS/HomeWork/output_Cu_twin/config.247.data
Writing restart file
 Restart file: /data/home/dg000246b/openDIS/HomeWork/output_Cu_twin/restart.247.exadis
Step =    248: nodes = 2097, dt = 5.684430e-10, strain = 1.191736e-04, elapsed = 263.4 sec
Writing configuration in legacy data format
 Output file: /data/home/dg000246b/openDIS/HomeWork/output_Cu_twin/config.248.data
Writing restart file
 Restart file: /data/home/dg000246b/openDIS/HomeWork/output_Cu_twin/restart.248.exadis
