Host Parallel Execution Space:
  KOKKOS_ENABLE_OPENMP: yes

OpenMP Runtime Configuration:
Kokkos::OpenMP thread_pool_topology[ 1 x 48 x 1 ]
[System] 100 spherical obstacles loaded
[System] 1 planar obstacles (twin boundaries) loaded
Step =      0: nodes = 1908, dt = 0.000000e+00, strain = 0.000000e+00, elapsed = 0.0 sec
Writing configuration in legacy data format
 Output file: /data/home/dg000246b/openDIS/HomeWork/output_Cu_twin/config.0.data
Writing restart file
 Restart file: /data/home/dg000246b/openDIS/HomeWork/output_Cu_twin/restart.0.exadis
Run until reaching strain = 0.010000
Step =      1: nodes = 1908, dt = 1.000000e-09, strain = 1.000000e-06, elapsed = 0.1 sec
Step =      2: nodes = 1908, dt = 1.200000e-09, strain = 2.200000e-06, elapsed = 0.3 sec
Step =      3: nodes = 1908, dt = 1.440000e-09, strain = 3.640000e-06, elapsed = 0.4 sec
Step =      4: nodes = 1908, dt = 1.728000e-09, strain = 5.368000e-06, elapsed = 0.5 sec
Step =      5: nodes = 1908, dt = 2.073600e-09, strain = 7.441600e-06, elapsed = 0.6 sec
Step =      6: nodes = 1908, dt = 2.488320e-09, strain = 9.929920e-06, elapsed = 0.8 sec
Step =      7: nodes = 1908, dt = 2.985984e-09, strain = 1.291590e-05, elapsed = 1.0 sec
Step =      8: nodes = 1908, dt = 3.583181e-09, strain = 1.649908e-05, elapsed = 1.2 sec
Step =      9: nodes = 1908, dt = 4.299817e-09, strain = 2.079890e-05, elapsed = 1.4 sec
Step =     10: nodes = 1910, dt = 5.159780e-09, strain = 2.595868e-05, elapsed = 1.7 sec
Step =     11: nodes = 1929, dt = 6.191736e-09, strain = 3.215042e-05, elapsed = 2.6 sec
Step =     12: nodes = 1938, dt = 7.430084e-09, strain = 3.958050e-05, elapsed = 3.5 sec
Step =     13: nodes = 1953, dt = 8.916100e-09, strain = 4.849660e-05, elapsed = 5.0 sec
Step =     14: nodes = 1951, dt = 2.674830e-09, strain = 5.117143e-05, elapsed = 5.5 sec
Step =     15: nodes = 1947, dt = 2.674830e-09, strain = 5.384626e-05, elapsed = 6.0 sec
Step =     16: nodes = 1939, dt = 3.209796e-09, strain = 5.705606e-05, elapsed = 6.4 sec
Step =     17: nodes = 1933, dt = 3.851755e-09, strain = 6.090781e-05, elapsed = 7.0 sec
Step =     18: nodes = 1952, dt = 4.622106e-09, strain = 6.552992e-05, elapsed = 7.9 sec
Step =     19: nodes = 1964, dt = 5.546528e-09, strain = 7.107645e-05, elapsed = 8.5 sec
Step =     20: nodes = 1954, dt = 6.655833e-09, strain = 7.773228e-05, elapsed = 9.3 sec
Step =     21: nodes = 1951, dt = 7.987000e-09, strain = 8.571928e-05, elapsed = 10.9 sec
Step =     22: nodes = 1928, dt = 4.792200e-09, strain = 9.051148e-05, elapsed = 12.0 sec
Step =     23: nodes = 1915, dt = 4.792200e-09, strain = 9.530368e-05, elapsed = 12.7 sec
Step =     24: nodes = 1907, dt = 5.750640e-09, strain = 1.010543e-04, elapsed = 13.5 sec
Step =     25: nodes = 1915, dt = 6.900768e-09, strain = 1.079551e-04, elapsed = 14.5 sec
Step =     26: nodes = 1932, dt = 8.280922e-09, strain = 1.162360e-04, elapsed = 16.1 sec
Step =     27: nodes = 1943, dt = 4.968553e-09, strain = 1.212046e-04, elapsed = 17.2 sec
Step =     28: nodes = 1947, dt = 4.968553e-09, strain = 1.261731e-04, elapsed = 18.0 sec
Step =     29: nodes = 1954, dt = 5.962264e-09, strain = 1.321354e-04, elapsed = 18.9 sec
Step =     30: nodes = 1957, dt = 7.154716e-09, strain = 1.392901e-04, elapsed = 20.1 sec
Step =     31: nodes = 1966, dt = 8.585659e-09, strain = 1.478758e-04, elapsed = 22.0 sec
Step =     32: nodes = 1962, dt = 2.575698e-09, strain = 1.504515e-04, elapsed = 22.6 sec
Step =     33: nodes = 1958, dt = 2.575698e-09, strain = 1.530272e-04, elapsed = 23.0 sec
Step =     34: nodes = 1953, dt = 3.090837e-09, strain = 1.561180e-04, elapsed = 23.4 sec
Step =     35: nodes = 1947, dt = 3.709005e-09, strain = 1.598270e-04, elapsed = 23.8 sec
Step =     36: nodes = 1944, dt = 4.450806e-09, strain = 1.642778e-04, elapsed = 24.6 sec
Step =     37: nodes = 1937, dt = 5.340967e-09, strain = 1.696188e-04, elapsed = 25.3 sec
Step =     38: nodes = 1948, dt = 6.409160e-09, strain = 1.760279e-04, elapsed = 26.1 sec
Step =     39: nodes = 1962, dt = 7.690993e-09, strain = 1.837189e-04, elapsed = 26.9 sec
Step =     40: nodes = 1966, dt = 9.229191e-09, strain = 1.929481e-04, elapsed = 28.2 sec
Step =     41: nodes = 1966, dt = 5.537515e-09, strain = 1.984856e-04, elapsed = 29.5 sec
Step =     42: nodes = 1961, dt = 5.537515e-09, strain = 2.040231e-04, elapsed = 30.4 sec
Step =     43: nodes = 1964, dt = 6.645018e-09, strain = 2.106682e-04, elapsed = 31.4 sec
Step =     44: nodes = 1962, dt = 7.974021e-09, strain = 2.186422e-04, elapsed = 32.9 sec
Step =     45: nodes = 1995, dt = 9.568825e-09, strain = 2.282110e-04, elapsed = 34.8 sec
Step =     46: nodes = 1992, dt = 2.870648e-09, strain = 2.310817e-04, elapsed = 35.5 sec
Step =     47: nodes = 1986, dt = 2.870648e-09, strain = 2.339523e-04, elapsed = 36.0 sec
Step =     48: nodes = 1974, dt = 3.444777e-09, strain = 2.373971e-04, elapsed = 36.7 sec
Step =     49: nodes = 1968, dt = 4.133733e-09, strain = 2.415308e-04, elapsed = 37.2 sec
Step =     50: nodes = 1961, dt = 4.960479e-09, strain = 2.464913e-04, elapsed = 38.0 sec
Step =     51: nodes = 1962, dt = 5.952575e-09, strain = 2.524439e-04, elapsed = 38.7 sec
Step =     52: nodes = 1964, dt = 7.143090e-09, strain = 2.595870e-04, elapsed = 39.7 sec
Step =     53: nodes = 1985, dt = 8.571708e-09, strain = 2.681587e-04, elapsed = 41.4 sec
Step =     54: nodes = 1970, dt = 5.143025e-09, strain = 2.733017e-04, elapsed = 42.7 sec
Step =     55: nodes = 1961, dt = 5.143025e-09, strain = 2.784447e-04, elapsed = 43.7 sec
Step =     56: nodes = 1958, dt = 6.171630e-09, strain = 2.846163e-04, elapsed = 44.6 sec
Step =     57: nodes = 1968, dt = 7.405956e-09, strain = 2.920223e-04, elapsed = 46.0 sec
Step =     58: nodes = 1982, dt = 8.887147e-09, strain = 3.009094e-04, elapsed = 47.9 sec
Step =     59: nodes = 1970, dt = 2.666144e-09, strain = 3.035756e-04, elapsed = 48.6 sec
Step =     60: nodes = 1970, dt = 2.666144e-09, strain = 3.062417e-04, elapsed = 49.1 sec
Step =     61: nodes = 1970, dt = 3.199373e-09, strain = 3.094411e-04, elapsed = 49.6 sec
Step =     62: nodes = 1956, dt = 3.839247e-09, strain = 3.132804e-04, elapsed = 50.2 sec
Step =     63: nodes = 1960, dt = 4.607097e-09, strain = 3.178874e-04, elapsed = 50.9 sec
Step =     64: nodes = 1974, dt = 5.528516e-09, strain = 3.234160e-04, elapsed = 51.6 sec
Step =     65: nodes = 1974, dt = 6.634219e-09, strain = 3.300502e-04, elapsed = 52.3 sec
Step =     66: nodes = 2012, dt = 7.961063e-09, strain = 3.380112e-04, elapsed = 53.3 sec
Step =     67: nodes = 2019, dt = 9.553276e-09, strain = 3.475645e-04, elapsed = 55.2 sec
Step =     68: nodes = 2015, dt = 2.865983e-09, strain = 3.504305e-04, elapsed = 55.9 sec
Step =     69: nodes = 2008, dt = 2.865983e-09, strain = 3.532965e-04, elapsed = 56.4 sec
Step =     70: nodes = 2008, dt = 3.439179e-09, strain = 3.567357e-04, elapsed = 56.8 sec
Step =     71: nodes = 2002, dt = 4.127015e-09, strain = 3.608627e-04, elapsed = 57.4 sec
Step =     72: nodes = 2004, dt = 4.952418e-09, strain = 3.658151e-04, elapsed = 58.0 sec
Step =     73: nodes = 2007, dt = 5.942902e-09, strain = 3.717580e-04, elapsed = 58.9 sec
Step =     74: nodes = 2013, dt = 7.131482e-09, strain = 3.788895e-04, elapsed = 59.8 sec
Step =     75: nodes = 2039, dt = 8.557779e-09, strain = 3.874473e-04, elapsed = 61.3 sec
Step =     76: nodes = 2037, dt = 5.134667e-09, strain = 3.925819e-04, elapsed = 62.5 sec
Step =     77: nodes = 2037, dt = 5.134667e-09, strain = 3.977166e-04, elapsed = 63.3 sec
Step =     78: nodes = 2037, dt = 6.161601e-09, strain = 4.038782e-04, elapsed = 64.2 sec
Step =     79: nodes = 2041, dt = 7.393921e-09, strain = 4.112721e-04, elapsed = 65.7 sec
Step =     80: nodes = 2069, dt = 8.872705e-09, strain = 4.201448e-04, elapsed = 67.1 sec
Step =     81: nodes = 2063, dt = 5.323623e-09, strain = 4.254684e-04, elapsed = 68.8 sec
Step =     82: nodes = 2056, dt = 5.323623e-09, strain = 4.307921e-04, elapsed = 69.8 sec
Step =     83: nodes = 2062, dt = 6.388348e-09, strain = 4.371804e-04, elapsed = 71.0 sec
Step =     84: nodes = 2083, dt = 7.666017e-09, strain = 4.448464e-04, elapsed = 72.8 sec
Step =     85: nodes = 2078, dt = 4.599610e-09, strain = 4.494460e-04, elapsed = 73.7 sec
Step =     86: nodes = 2080, dt = 4.599610e-09, strain = 4.540457e-04, elapsed = 74.5 sec
Step =     87: nodes = 2084, dt = 5.519532e-09, strain = 4.595652e-04, elapsed = 75.3 sec
Step =     88: nodes = 2090, dt = 3.311719e-09, strain = 4.628769e-04, elapsed = 75.9 sec
Step =     89: nodes = 2075, dt = 3.311719e-09, strain = 4.661886e-04, elapsed = 76.5 sec
Step =     90: nodes = 2080, dt = 1.987032e-09, strain = 4.681757e-04, elapsed = 76.8 sec
Step =     91: nodes = 2085, dt = 1.987032e-09, strain = 4.701627e-04, elapsed = 77.1 sec
Step =     92: nodes = 2098, dt = 2.384438e-09, strain = 4.725471e-04, elapsed = 77.3 sec
Step =     93: nodes = 2108, dt = 2.861326e-09, strain = 4.754085e-04, elapsed = 77.6 sec
Step =     94: nodes = 2113, dt = 3.433591e-09, strain = 4.788420e-04, elapsed = 78.1 sec
Step =     95: nodes = 2109, dt = 2.060154e-09, strain = 4.809022e-04, elapsed = 78.3 sec
Step =     96: nodes = 2112, dt = 2.060154e-09, strain = 4.829624e-04, elapsed = 78.6 sec
Step =     97: nodes = 2110, dt = 2.472185e-09, strain = 4.854345e-04, elapsed = 78.9 sec
Step =     98: nodes = 2108, dt = 2.966622e-09, strain = 4.884012e-04, elapsed = 79.2 sec
Step =     99: nodes = 2117, dt = 3.559947e-09, strain = 4.919611e-04, elapsed = 79.6 sec
Step =    100: nodes = 2127, dt = 4.271936e-09, strain = 4.962330e-04, elapsed = 80.2 sec
Writing configuration in legacy data format
 Output file: /data/home/dg000246b/openDIS/HomeWork/output_Cu_twin/config.100.data
Writing restart file
 Restart file: /data/home/dg000246b/openDIS/HomeWork/output_Cu_twin/restart.100.exadis
Step =    101: nodes = 2142, dt = 5.126323e-09, strain = 5.013594e-04, elapsed = 81.0 sec
Step =    102: nodes = 2142, dt = 1.537897e-09, strain = 5.028973e-04, elapsed = 81.5 sec
Step =    103: nodes = 2155, dt = 1.537897e-09, strain = 5.044352e-04, elapsed = 82.1 sec
Step =    104: nodes = 2155, dt = 1.845476e-09, strain = 5.062806e-04, elapsed = 82.6 sec
Step =    105: nodes = 2163, dt = 2.214572e-09, strain = 5.084952e-04, elapsed = 83.3 sec
Step =    106: nodes = 2168, dt = 2.657486e-09, strain = 5.111527e-04, elapsed = 84.7 sec
Step =    107: nodes = 2176, dt = 3.188983e-09, strain = 5.143417e-04, elapsed = 87.1 sec
Step =    108: nodes = 2182, dt = 3.826780e-09, strain = 5.181685e-04, elapsed = 89.5 sec
Step =    109: nodes = 2174, dt = 2.296068e-09, strain = 5.204645e-04, elapsed = 90.9 sec
Step =    110: nodes = 2182, dt = 2.296068e-09, strain = 5.227606e-04, elapsed = 91.9 sec
Step =    111: nodes = 2188, dt = 2.755282e-09, strain = 5.255159e-04, elapsed = 93.9 sec
Step =    112: nodes = 2199, dt = 3.306338e-09, strain = 5.288222e-04, elapsed = 94.5 sec
Step =    113: nodes = 2199, dt = 3.967605e-09, strain = 5.327898e-04, elapsed = 99.5 sec
Step =    114: nodes = 2217, dt = 4.761126e-09, strain = 5.375509e-04, elapsed = 121.5 sec
Step =    115: nodes = 2242, dt = 5.713352e-09, strain = 5.432643e-04, elapsed = 129.6 sec
Step =    116: nodes = 2243, dt = 1.714006e-09, strain = 5.449783e-04, elapsed = 130.2 sec
Step =    117: nodes = 2235, dt = 1.714006e-09, strain = 5.466923e-04, elapsed = 130.6 sec
Step =    118: nodes = 2245, dt = 2.056807e-09, strain = 5.487491e-04, elapsed = 131.0 sec
Step =    119: nodes = 2260, dt = 2.468168e-09, strain = 5.512173e-04, elapsed = 131.4 sec
Step =    120: nodes = 2265, dt = 2.961802e-09, strain = 5.541791e-04, elapsed = 132.3 sec
Step =    121: nodes = 2278, dt = 3.554162e-09, strain = 5.577332e-04, elapsed = 137.7 sec
Step =    122: nodes = 2292, dt = 4.264994e-09, strain = 5.619982e-04, elapsed = 138.6 sec
Step =    123: nodes = 2321, dt = 5.117993e-09, strain = 5.671162e-04, elapsed = 139.4 sec
Step =    124: nodes = 2334, dt = 1.535398e-09, strain = 5.686516e-04, elapsed = 139.6 sec
Step =    125: nodes = 2334, dt = 1.535398e-09, strain = 5.701870e-04, elapsed = 139.8 sec
Step =    126: nodes = 2333, dt = 1.842478e-09, strain = 5.720295e-04, elapsed = 140.0 sec
Step =    127: nodes = 2346, dt = 2.210973e-09, strain = 5.742405e-04, elapsed = 141.0 sec
Step =    128: nodes = 2353, dt = 2.653168e-09, strain = 5.768936e-04, elapsed = 142.3 sec
Step =    129: nodes = 2369, dt = 3.183801e-09, strain = 5.800774e-04, elapsed = 144.7 sec
Step =    130: nodes = 2396, dt = 3.820561e-09, strain = 5.838980e-04, elapsed = 146.0 sec
Step =    131: nodes = 2427, dt = 4.584674e-09, strain = 5.884827e-04, elapsed = 146.9 sec
Step =    132: nodes = 2443, dt = 1.375402e-09, strain = 5.898581e-04, elapsed = 147.2 sec
Step =    133: nodes = 2451, dt = 1.375402e-09, strain = 5.912335e-04, elapsed = 147.6 sec
Step =    134: nodes = 2465, dt = 1.650483e-09, strain = 5.928840e-04, elapsed = 153.8 sec
Step =    135: nodes = 2474, dt = 1.980579e-09, strain = 5.948646e-04, elapsed = 161.8 sec
Step =    136: nodes = 2491, dt = 2.376695e-09, strain = 5.972412e-04, elapsed = 163.4 sec
Step =    137: nodes = 2506, dt = 2.852034e-09, strain = 6.000933e-04, elapsed = 164.0 sec
Step =    138: nodes = 2526, dt = 3.422441e-09, strain = 6.035157e-04, elapsed = 169.2 sec
Step =    139: nodes = 2559, dt = 4.106929e-09, strain = 6.076226e-04, elapsed = 169.8 sec
Step =    140: nodes = 2607, dt = 4.928314e-09, strain = 6.125510e-04, elapsed = 170.4 sec
Step =    141: nodes = 2665, dt = 1.478494e-09, strain = 6.140295e-04, elapsed = 170.8 sec
Step =    142: nodes = 2741, dt = 1.478494e-09, strain = 6.155080e-04, elapsed = 171.2 sec
Step =    143: nodes = 2786, dt = 1.774193e-09, strain = 6.172821e-04, elapsed = 171.6 sec
Step =    144: nodes = 2868, dt = 2.129032e-09, strain = 6.194112e-04, elapsed = 172.0 sec
Step =    145: nodes = 3018, dt = 2.554838e-09, strain = 6.219660e-04, elapsed = 172.5 sec
Step =    146: nodes = 3043, dt = 3.065806e-09, strain = 6.250318e-04, elapsed = 173.2 sec
Step =    147: nodes = 3070, dt = 3.678967e-09, strain = 6.287108e-04, elapsed = 174.2 sec
Step =    148: nodes = 3107, dt = 4.414760e-09, strain = 6.331255e-04, elapsed = 177.1 sec
Step =    149: nodes = 3135, dt = 5.297712e-09, strain = 6.384233e-04, elapsed = 189.0 sec
Step =    150: nodes = 3196, dt = 6.357255e-09, strain = 6.447805e-04, elapsed = 202.0 sec
Step =    151: nodes = 3227, dt = 1.907176e-09, strain = 6.466877e-04, elapsed = 206.6 sec
Step =    152: nodes = 3266, dt = 1.907176e-09, strain = 6.485949e-04, elapsed = 212.3 sec
Step =    153: nodes = 3338, dt = 2.288612e-09, strain = 6.508835e-04, elapsed = 214.3 sec
Step =    154: nodes = 3361, dt = 2.746334e-09, strain = 6.536298e-04, elapsed = 217.0 sec
Step =    155: nodes = 3385, dt = 3.295601e-09, strain = 6.569254e-04, elapsed = 218.8 sec
Step =    156: nodes = 3435, dt = 3.954721e-09, strain = 6.608801e-04, elapsed = 222.4 sec
Step =    157: nodes = 3481, dt = 4.745665e-09, strain = 6.656258e-04, elapsed = 241.4 sec
Step =    158: nodes = 3495, dt = 1.423700e-09, strain = 6.670495e-04, elapsed = 242.6 sec
Step =    159: nodes = 3517, dt = 1.423700e-09, strain = 6.684732e-04, elapsed = 245.4 sec
Step =    160: nodes = 3539, dt = 1.708440e-09, strain = 6.701816e-04, elapsed = 250.1 sec
Step =    161: nodes = 3557, dt = 2.050127e-09, strain = 6.722318e-04, elapsed = 256.1 sec
Step =    162: nodes = 3599, dt = 2.460153e-09, strain = 6.746919e-04, elapsed = 276.1 sec
Step =    163: nodes = 3644, dt = 2.952184e-09, strain = 6.776441e-04, elapsed = 292.2 sec
Step =    164: nodes = 3728, dt = 3.542620e-09, strain = 6.811867e-04, elapsed = 298.0 sec
Step =    165: nodes = 3835, dt = 4.251144e-09, strain = 6.854379e-04, elapsed = 329.5 sec
Step =    166: nodes = 3997, dt = 5.101373e-09, strain = 6.905392e-04, elapsed = 366.0 sec
Step =    167: nodes = 4038, dt = 1.530412e-09, strain = 6.920697e-04, elapsed = 381.8 sec
Step =    168: nodes = 4079, dt = 1.530412e-09, strain = 6.936001e-04, elapsed = 389.8 sec
Step =    169: nodes = 4165, dt = 1.836494e-09, strain = 6.954366e-04, elapsed = 395.4 sec
Step =    170: nodes = 4305, dt = 2.203793e-09, strain = 6.976404e-04, elapsed = 397.8 sec
Step =    171: nodes = 4397, dt = 2.644552e-09, strain = 7.002849e-04, elapsed = 400.1 sec
Step =    172: nodes = 4552, dt = 3.173462e-09, strain = 7.034584e-04, elapsed = 414.7 sec
Step =    173: nodes = 4684, dt = 3.808155e-09, strain = 7.072665e-04, elapsed = 444.7 sec
Step =    174: nodes = 4774, dt = 4.569786e-09, strain = 7.118363e-04, elapsed = 527.9 sec
Step =    175: nodes = 4886, dt = 1.370936e-09, strain = 7.132072e-04, elapsed = 552.1 sec
Step =    176: nodes = 5075, dt = 1.370936e-09, strain = 7.145782e-04, elapsed = 553.8 sec
Step =    177: nodes = 5216, dt = 1.645123e-09, strain = 7.162233e-04, elapsed = 561.0 sec
Step =    178: nodes = 5473, dt = 1.974147e-09, strain = 7.181974e-04, elapsed = 572.4 sec
Step =    179: nodes = 5672, dt = 2.368977e-09, strain = 7.205664e-04, elapsed = 586.7 sec
Step =    180: nodes = 5778, dt = 2.842772e-09, strain = 7.234092e-04, elapsed = 604.1 sec
Step =    181: nodes = 5980, dt = 3.411327e-09, strain = 7.268205e-04, elapsed = 701.0 sec
Step =    182: nodes = 6119, dt = 4.093592e-09, strain = 7.309141e-04, elapsed = 738.9 sec
Step =    183: nodes = 6359, dt = 4.912310e-09, strain = 7.358264e-04, elapsed = 831.0 sec
Step =    184: nodes = 6708, dt = 2.947386e-09, strain = 7.387738e-04, elapsed = 854.7 sec
Step =    185: nodes = 7029, dt = 2.947386e-09, strain = 7.417212e-04, elapsed = 899.8 sec
Step =    186: nodes = 7323, dt = 1.768432e-09, strain = 7.434896e-04, elapsed = 924.6 sec
Step =    187: nodes = 7551, dt = 4.421079e-10, strain = 7.439317e-04, elapsed = 926.3 sec
Step =    188: nodes = 7627, dt = 4.421079e-10, strain = 7.443738e-04, elapsed = 927.4 sec
Step =    189: nodes = 7734, dt = 5.305295e-10, strain = 7.449044e-04, elapsed = 930.7 sec
Step =    190: nodes = 7790, dt = 6.366354e-10, strain = 7.455410e-04, elapsed = 936.2 sec
Step =    191: nodes = 7760, dt = 7.639625e-10, strain = 7.463050e-04, elapsed = 942.2 sec
Step =    192: nodes = 7742, dt = 9.167550e-10, strain = 7.472217e-04, elapsed = 950.9 sec
Step =    193: nodes = 7731, dt = 1.100106e-09, strain = 7.483218e-04, elapsed = 957.3 sec
Step =    194: nodes = 7714, dt = 1.320127e-09, strain = 7.496420e-04, elapsed = 960.3 sec
Step =    195: nodes = 7701, dt = 1.584153e-09, strain = 7.512261e-04, elapsed = 980.2 sec
Step =    196: nodes = 7734, dt = 1.900983e-09, strain = 7.531271e-04, elapsed = 1004.0 sec
Step =    197: nodes = 7786, dt = 2.281180e-09, strain = 7.554083e-04, elapsed = 1038.9 sec
Step =    198: nodes = 7938, dt = 2.737416e-09, strain = 7.581457e-04, elapsed = 1081.5 sec
Step =    199: nodes = 8179, dt = 3.284899e-09, strain = 7.614306e-04, elapsed = 1162.0 sec
Step =    200: nodes = 8532, dt = 1.970939e-09, strain = 7.634015e-04, elapsed = 1231.7 sec
Writing configuration in legacy data format
 Output file: /data/home/dg000246b/openDIS/HomeWork/output_Cu_twin/config.200.data
Writing restart file
 Restart file: /data/home/dg000246b/openDIS/HomeWork/output_Cu_twin/restart.200.exadis
Step =    201: nodes = 8797, dt = 1.970939e-09, strain = 7.653725e-04, elapsed = 1252.4 sec
Step =    202: nodes = 8967, dt = 2.365127e-09, strain = 7.677376e-04, elapsed = 1277.8 sec
