Host Parallel Execution Space:
  KOKKOS_ENABLE_OPENMP: yes

OpenMP Runtime Configuration:
Kokkos::OpenMP thread_pool_topology[ 1 x 48 x 1 ]
Reading ParaDiS configuration
 Input file: /data/home/dg000246b/openDIS/HomeWork/init_data_twin/init_config.data
 nodes: 4170, segments: 3880
 Warning: Burgers vector is not conserved for 580 node(s)
[System] 100 spherical obstacles loaded
[System] 2 planar obstacles (twin boundaries) loaded
Step =      0: nodes = 4170, dt = 0.000000e+00, strain = 0.000000e+00, elapsed = 0.0 sec
Writing configuration in legacy data format
 Output file: /data/home/dg000246b/openDIS/HomeWork/output_Cu_twin/config.0.data
Writing restart file
 Restart file: /data/home/dg000246b/openDIS/HomeWork/output_Cu_twin/restart.0.exadis
Run until reaching strain = 0.010000
Step =      1: nodes = 4169, dt = 1.000000e-08, strain = 1.000000e-05, elapsed = 39.0 sec
Writing configuration in legacy data format
 Output file: /data/home/dg000246b/openDIS/HomeWork/output_Cu_twin/config.1.data
Writing restart file
 Restart file: /data/home/dg000246b/openDIS/HomeWork/output_Cu_twin/restart.1.exadis
Step =      2: nodes = 4168, dt = 1.200000e-08, strain = 2.200000e-05, elapsed = 87.5 sec
Writing configuration in legacy data format
 Output file: /data/home/dg000246b/openDIS/HomeWork/output_Cu_twin/config.2.data
Writing restart file
 Restart file: /data/home/dg000246b/openDIS/HomeWork/output_Cu_twin/restart.2.exadis
Step =      3: nodes = 4183, dt = 1.440000e-08, strain = 3.640000e-05, elapsed = 256.6 sec
Writing configuration in legacy data format
 Output file: /data/home/dg000246b/openDIS/HomeWork/output_Cu_twin/config.3.data
Writing restart file
 Restart file: /data/home/dg000246b/openDIS/HomeWork/output_Cu_twin/restart.3.exadis
Step =      4: nodes = 4194, dt = 4.320000e-09, strain = 4.072000e-05, elapsed = 1256.2 sec
Writing configuration in legacy data format
 Output file: /data/home/dg000246b/openDIS/HomeWork/output_Cu_twin/config.4.data
Writing restart file
 Restart file: /data/home/dg000246b/openDIS/HomeWork/output_Cu_twin/restart.4.exadis
Step =      5: nodes = 4243, dt = 4.320000e-09, strain = 4.504000e-05, elapsed = 1484.8 sec
Writing configuration in legacy data format
 Output file: /data/home/dg000246b/openDIS/HomeWork/output_Cu_twin/config.5.data
Writing restart file
 Restart file: /data/home/dg000246b/openDIS/HomeWork/output_Cu_twin/restart.5.exadis
Step =      6: nodes = 4344, dt = 2.592000e-09, strain = 4.763200e-05, elapsed = 1764.7 sec
Writing configuration in legacy data format
 Output file: /data/home/dg000246b/openDIS/HomeWork/output_Cu_twin/config.6.data
Writing restart file
 Restart file: /data/home/dg000246b/openDIS/HomeWork/output_Cu_twin/restart.6.exadis
Step =      7: nodes = 4595, dt = 1.296000e-09, strain = 4.892800e-05, elapsed = 2147.9 sec
Writing configuration in legacy data format
 Output file: /data/home/dg000246b/openDIS/HomeWork/output_Cu_twin/config.7.data
Writing restart file
 Restart file: /data/home/dg000246b/openDIS/HomeWork/output_Cu_twin/restart.7.exadis
Step =      8: nodes = 5037, dt = 1.296000e-09, strain = 5.022400e-05, elapsed = 2835.0 sec
Writing configuration in legacy data format
 Output file: /data/home/dg000246b/openDIS/HomeWork/output_Cu_twin/config.8.data
Writing restart file
 Restart file: /data/home/dg000246b/openDIS/HomeWork/output_Cu_twin/restart.8.exadis
Step =      9: nodes = 5700, dt = 7.776000e-10, strain = 5.100160e-05, elapsed = 3662.0 sec
Writing configuration in legacy data format
 Output file: /data/home/dg000246b/openDIS/HomeWork/output_Cu_twin/config.9.data
Writing restart file
 Restart file: /data/home/dg000246b/openDIS/HomeWork/output_Cu_twin/restart.9.exadis
Step =     10: nodes = 6845, dt = 7.776000e-10, strain = 5.177920e-05, elapsed = 5904.2 sec
Writing configuration in legacy data format
 Output file: /data/home/dg000246b/openDIS/HomeWork/output_Cu_twin/config.10.data
Writing restart file
 Restart file: /data/home/dg000246b/openDIS/HomeWork/output_Cu_twin/restart.10.exadis
Step =     11: nodes = 7892, dt = 9.331200e-10, strain = 5.271232e-05, elapsed = 11583.5 sec
Writing configuration in legacy data format
 Output file: /data/home/dg000246b/openDIS/HomeWork/output_Cu_twin/config.11.data
Writing restart file
 Restart file: /data/home/dg000246b/openDIS/HomeWork/output_Cu_twin/restart.11.exadis
Step =     12: nodes = 8272, dt = 5.598720e-10, strain = 5.327219e-05, elapsed = 17746.8 sec
Writing configuration in legacy data format
 Output file: /data/home/dg000246b/openDIS/HomeWork/output_Cu_twin/config.12.data
Writing restart file
 Restart file: /data/home/dg000246b/openDIS/HomeWork/output_Cu_twin/restart.12.exadis
Step =     13: nodes = 9061, dt = 5.598720e-10, strain = 5.383206e-05, elapsed = 23493.6 sec
Writing configuration in legacy data format
 Output file: /data/home/dg000246b/openDIS/HomeWork/output_Cu_twin/config.13.data
Writing restart file
 Restart file: /data/home/dg000246b/openDIS/HomeWork/output_Cu_twin/restart.13.exadis
Step =     14: nodes = 11698, dt = 6.718464e-10, strain = 5.450391e-05, elapsed = 32600.3 sec
Writing configuration in legacy data format
 Output file: /data/home/dg000246b/openDIS/HomeWork/output_Cu_twin/config.14.data
Writing restart file
 Restart file: /data/home/dg000246b/openDIS/HomeWork/output_Cu_twin/restart.14.exadis
