Host Parallel Execution Space:
  KOKKOS_ENABLE_OPENMP: yes

OpenMP Runtime Configuration:
Kokkos::OpenMP thread_pool_topology[ 1 x 48 x 1 ]
[System] 100 spherical obstacles loaded
Step =      0: nodes = 1908, dt = 0.000000e+00, strain = 0.000000e+00, elapsed = 0.0 sec
Writing configuration in legacy data format
 Output file: /data/home/dg000246b/openDIS/HomeWork/output_Cu_fcc/config.0.data
Writing restart file
 Restart file: /data/home/dg000246b/openDIS/HomeWork/output_Cu_fcc/restart.0.exadis
Run until reaching strain = 0.010000
Step =      1: nodes = 1908, dt = 1.000000e-09, strain = 1.000000e-06, elapsed = 0.5 sec
Step =      2: nodes = 1908, dt = 6.000000e-10, strain = 1.600000e-06, elapsed = 0.8 sec
Step =      3: nodes = 1908, dt = 6.000000e-10, strain = 2.200000e-06, elapsed = 1.1 sec
Step =      4: nodes = 1908, dt = 7.200000e-10, strain = 2.920000e-06, elapsed = 1.4 sec
Step =      5: nodes = 1908, dt = 8.640000e-10, strain = 3.784000e-06, elapsed = 1.8 sec
Step =      6: nodes = 1908, dt = 5.184000e-10, strain = 4.302400e-06, elapsed = 2.1 sec
Step =      7: nodes = 1911, dt = 5.184000e-10, strain = 4.820800e-06, elapsed = 2.3 sec
Step =      8: nodes = 1915, dt = 6.220800e-10, strain = 5.442880e-06, elapsed = 2.7 sec
Step =      9: nodes = 1926, dt = 7.464960e-10, strain = 6.189376e-06, elapsed = 3.1 sec
Step =     10: nodes = 1951, dt = 4.478976e-10, strain = 6.637274e-06, elapsed = 3.4 sec
Step =     11: nodes = 1965, dt = 4.478976e-10, strain = 7.085171e-06, elapsed = 3.7 sec
Step =     12: nodes = 1987, dt = 5.374771e-10, strain = 7.622648e-06, elapsed = 4.2 sec
Step =     13: nodes = 2014, dt = 6.449725e-10, strain = 8.267621e-06, elapsed = 4.8 sec
Step =     14: nodes = 2045, dt = 7.739671e-10, strain = 9.041588e-06, elapsed = 5.5 sec
Step =     15: nodes = 2046, dt = 4.643802e-10, strain = 9.505968e-06, elapsed = 6.4 sec
Step =     16: nodes = 2034, dt = 4.643802e-10, strain = 9.970348e-06, elapsed = 7.0 sec
Step =     17: nodes = 2035, dt = 5.572563e-10, strain = 1.052760e-05, elapsed = 7.7 sec
Step =     18: nodes = 2011, dt = 6.687075e-10, strain = 1.119631e-05, elapsed = 8.6 sec
Step =     19: nodes = 1982, dt = 8.024490e-10, strain = 1.199876e-05, elapsed = 9.8 sec
Step =     20: nodes = 1960, dt = 4.814694e-10, strain = 1.248023e-05, elapsed = 11.0 sec
Step =     21: nodes = 1991, dt = 4.814694e-10, strain = 1.296170e-05, elapsed = 11.7 sec
Step =     22: nodes = 1970, dt = 5.777633e-10, strain = 1.353946e-05, elapsed = 12.5 sec
Step =     23: nodes = 2003, dt = 6.933160e-10, strain = 1.423278e-05, elapsed = 13.2 sec
Step =     24: nodes = 2008, dt = 8.319792e-10, strain = 1.506476e-05, elapsed = 14.1 sec
Step =     25: nodes = 1996, dt = 4.991875e-10, strain = 1.556395e-05, elapsed = 14.8 sec
Step =     26: nodes = 2004, dt = 4.991875e-10, strain = 1.606313e-05, elapsed = 15.5 sec
Step =     27: nodes = 2017, dt = 5.990250e-10, strain = 1.666216e-05, elapsed = 16.2 sec
Step =     28: nodes = 2021, dt = 7.188300e-10, strain = 1.738099e-05, elapsed = 17.2 sec
Step =     29: nodes = 2025, dt = 4.312980e-10, strain = 1.781229e-05, elapsed = 17.8 sec
Step =     30: nodes = 2038, dt = 4.312980e-10, strain = 1.824358e-05, elapsed = 18.4 sec
Step =     31: nodes = 2044, dt = 5.175576e-10, strain = 1.876114e-05, elapsed = 19.1 sec
Step =     32: nodes = 2026, dt = 6.210691e-10, strain = 1.938221e-05, elapsed = 20.5 sec
Step =     33: nodes = 1973, dt = 7.452829e-10, strain = 2.012749e-05, elapsed = 21.7 sec
Step =     34: nodes = 1981, dt = 4.471698e-10, strain = 2.057466e-05, elapsed = 22.4 sec
Step =     35: nodes = 1993, dt = 4.471698e-10, strain = 2.102183e-05, elapsed = 22.9 sec
Step =     36: nodes = 2013, dt = 5.366037e-10, strain = 2.155844e-05, elapsed = 23.4 sec
Step =     37: nodes = 2019, dt = 6.439245e-10, strain = 2.220236e-05, elapsed = 23.9 sec
Step =     38: nodes = 2035, dt = 7.727094e-10, strain = 2.297507e-05, elapsed = 24.7 sec
Step =     39: nodes = 2054, dt = 4.636256e-10, strain = 2.343870e-05, elapsed = 25.3 sec
Step =     40: nodes = 2055, dt = 4.636256e-10, strain = 2.390232e-05, elapsed = 26.0 sec
Step =     41: nodes = 2052, dt = 5.563507e-10, strain = 2.445867e-05, elapsed = 27.3 sec
Step =     42: nodes = 2045, dt = 6.676209e-10, strain = 2.512629e-05, elapsed = 28.5 sec
Step =     43: nodes = 2045, dt = 8.011451e-10, strain = 2.592744e-05, elapsed = 29.5 sec
Step =     44: nodes = 2049, dt = 4.806870e-10, strain = 2.640813e-05, elapsed = 30.3 sec
Step =     45: nodes = 2041, dt = 4.806870e-10, strain = 2.688881e-05, elapsed = 31.0 sec
Step =     46: nodes = 2052, dt = 5.768244e-10, strain = 2.746564e-05, elapsed = 31.8 sec
Step =     47: nodes = 2065, dt = 6.921893e-10, strain = 2.815783e-05, elapsed = 32.6 sec
Step =     48: nodes = 2071, dt = 8.306272e-10, strain = 2.898845e-05, elapsed = 33.5 sec
Step =     49: nodes = 2084, dt = 4.983763e-10, strain = 2.948683e-05, elapsed = 34.0 sec
Step =     50: nodes = 2087, dt = 4.983763e-10, strain = 2.998521e-05, elapsed = 34.6 sec
Step =     51: nodes = 2092, dt = 5.980516e-10, strain = 3.058326e-05, elapsed = 35.2 sec
Step =     52: nodes = 2091, dt = 7.176619e-10, strain = 3.130092e-05, elapsed = 36.2 sec
Step =     53: nodes = 2088, dt = 4.305971e-10, strain = 3.173152e-05, elapsed = 36.8 sec
Step =     54: nodes = 2079, dt = 4.305971e-10, strain = 3.216211e-05, elapsed = 37.5 sec
Step =     55: nodes = 2075, dt = 5.167166e-10, strain = 3.267883e-05, elapsed = 38.2 sec
Step =     56: nodes = 2077, dt = 6.200599e-10, strain = 3.329889e-05, elapsed = 39.0 sec
Step =     57: nodes = 2088, dt = 7.440719e-10, strain = 3.404296e-05, elapsed = 39.7 sec
Step =     58: nodes = 2093, dt = 4.464431e-10, strain = 3.448941e-05, elapsed = 40.4 sec
Step =     59: nodes = 2092, dt = 4.464431e-10, strain = 3.493585e-05, elapsed = 41.3 sec
Step =     60: nodes = 2091, dt = 5.357317e-10, strain = 3.547158e-05, elapsed = 42.0 sec
Step =     61: nodes = 2086, dt = 6.428781e-10, strain = 3.611446e-05, elapsed = 42.9 sec
Step =     62: nodes = 2054, dt = 7.714537e-10, strain = 3.688591e-05, elapsed = 44.1 sec
Step =     63: nodes = 2058, dt = 4.628722e-10, strain = 3.734878e-05, elapsed = 44.8 sec
Step =     64: nodes = 2075, dt = 4.628722e-10, strain = 3.781166e-05, elapsed = 45.4 sec
Step =     65: nodes = 2088, dt = 5.554467e-10, strain = 3.836710e-05, elapsed = 46.1 sec
Step =     66: nodes = 2090, dt = 6.665360e-10, strain = 3.903364e-05, elapsed = 46.9 sec
Step =     67: nodes = 2059, dt = 7.998432e-10, strain = 3.983348e-05, elapsed = 48.6 sec
Step =     68: nodes = 2062, dt = 2.399530e-10, strain = 4.007344e-05, elapsed = 49.1 sec
Step =     69: nodes = 2061, dt = 2.399530e-10, strain = 4.031339e-05, elapsed = 49.4 sec
Step =     70: nodes = 2063, dt = 2.879436e-10, strain = 4.060133e-05, elapsed = 49.8 sec
Step =     71: nodes = 2074, dt = 3.455323e-10, strain = 4.094686e-05, elapsed = 50.5 sec
Step =     72: nodes = 2072, dt = 4.146387e-10, strain = 4.136150e-05, elapsed = 51.1 sec
Step =     73: nodes = 2069, dt = 4.975665e-10, strain = 4.185907e-05, elapsed = 51.7 sec
Step =     74: nodes = 2083, dt = 5.970797e-10, strain = 4.245615e-05, elapsed = 52.3 sec
Step =     75: nodes = 2087, dt = 7.164957e-10, strain = 4.317265e-05, elapsed = 53.1 sec
Step =     76: nodes = 2094, dt = 4.298974e-10, strain = 4.360254e-05, elapsed = 53.7 sec
Step =     77: nodes = 2082, dt = 4.298974e-10, strain = 4.403244e-05, elapsed = 54.4 sec
Step =     78: nodes = 2078, dt = 5.158769e-10, strain = 4.454832e-05, elapsed = 55.2 sec
Step =     79: nodes = 2054, dt = 6.190523e-10, strain = 4.516737e-05, elapsed = 56.1 sec
Step =     80: nodes = 2044, dt = 7.428627e-10, strain = 4.591023e-05, elapsed = 57.5 sec
Step =     81: nodes = 2040, dt = 4.457176e-10, strain = 4.635595e-05, elapsed = 58.2 sec
Step =     82: nodes = 2050, dt = 4.457176e-10, strain = 4.680167e-05, elapsed = 59.0 sec
Step =     83: nodes = 2051, dt = 5.348612e-10, strain = 4.733653e-05, elapsed = 59.9 sec
Step =     84: nodes = 2055, dt = 6.418334e-10, strain = 4.797836e-05, elapsed = 60.8 sec
Step =     85: nodes = 2068, dt = 7.702001e-10, strain = 4.874856e-05, elapsed = 61.7 sec
Step =     86: nodes = 2080, dt = 4.621201e-10, strain = 4.921068e-05, elapsed = 62.4 sec
Step =     87: nodes = 2089, dt = 4.621201e-10, strain = 4.967280e-05, elapsed = 62.9 sec
Step =     88: nodes = 2089, dt = 5.545441e-10, strain = 5.022735e-05, elapsed = 63.8 sec
Step =     89: nodes = 2084, dt = 6.654529e-10, strain = 5.089280e-05, elapsed = 64.8 sec
Step =     90: nodes = 2051, dt = 7.985435e-10, strain = 5.169134e-05, elapsed = 67.0 sec
Step =     91: nodes = 2009, dt = 4.791261e-10, strain = 5.217047e-05, elapsed = 68.4 sec
Step =     92: nodes = 2001, dt = 4.791261e-10, strain = 5.264959e-05, elapsed = 69.6 sec
Step =     93: nodes = 2006, dt = 5.749513e-10, strain = 5.322455e-05, elapsed = 71.5 sec
Step =     94: nodes = 2016, dt = 6.899415e-10, strain = 5.391449e-05, elapsed = 73.1 sec
Step =     95: nodes = 2023, dt = 4.139649e-10, strain = 5.432845e-05, elapsed = 74.2 sec
Step =     96: nodes = 2026, dt = 4.139649e-10, strain = 5.474242e-05, elapsed = 74.7 sec
Step =     97: nodes = 2027, dt = 4.967579e-10, strain = 5.523918e-05, elapsed = 75.2 sec
Step =     98: nodes = 2039, dt = 5.961095e-10, strain = 5.583528e-05, elapsed = 75.8 sec
Step =     99: nodes = 2041, dt = 7.153314e-10, strain = 5.655062e-05, elapsed = 76.4 sec
Step =    100: nodes = 2041, dt = 4.291988e-10, strain = 5.697981e-05, elapsed = 76.8 sec
Writing configuration in legacy data format
 Output file: /data/home/dg000246b/openDIS/HomeWork/output_Cu_fcc/config.100.data
Writing restart file
 Restart file: /data/home/dg000246b/openDIS/HomeWork/output_Cu_fcc/restart.100.exadis
Step =    101: nodes = 2045, dt = 4.291988e-10, strain = 5.740901e-05, elapsed = 77.3 sec
Step =    102: nodes = 2047, dt = 5.150386e-10, strain = 5.792405e-05, elapsed = 77.8 sec
Step =    103: nodes = 2049, dt = 6.180463e-10, strain = 5.854210e-05, elapsed = 78.4 sec
Step =    104: nodes = 2052, dt = 7.416556e-10, strain = 5.928375e-05, elapsed = 79.3 sec
Step =    105: nodes = 2061, dt = 4.449934e-10, strain = 5.972875e-05, elapsed = 79.8 sec
Step =    106: nodes = 2062, dt = 4.449934e-10, strain = 6.017374e-05, elapsed = 80.3 sec
Step =    107: nodes = 2072, dt = 5.339920e-10, strain = 6.070773e-05, elapsed = 80.9 sec
Step =    108: nodes = 2079, dt = 6.407904e-10, strain = 6.134852e-05, elapsed = 81.5 sec
Step =    109: nodes = 2088, dt = 7.689485e-10, strain = 6.211747e-05, elapsed = 82.4 sec
Step =    110: nodes = 2092, dt = 4.613691e-10, strain = 6.257884e-05, elapsed = 83.1 sec
Step =    111: nodes = 2087, dt = 4.613691e-10, strain = 6.304021e-05, elapsed = 83.7 sec
Step =    112: nodes = 2088, dt = 5.536429e-10, strain = 6.359385e-05, elapsed = 84.5 sec
Step =    113: nodes = 2067, dt = 6.643715e-10, strain = 6.425822e-05, elapsed = 85.5 sec
Step =    114: nodes = 2035, dt = 7.972458e-10, strain = 6.505547e-05, elapsed = 87.6 sec
Step =    115: nodes = 2044, dt = 4.783475e-10, strain = 6.553382e-05, elapsed = 88.4 sec
Step =    116: nodes = 2055, dt = 4.783475e-10, strain = 6.601217e-05, elapsed = 89.0 sec
Step =    117: nodes = 2074, dt = 5.740170e-10, strain = 6.658618e-05, elapsed = 89.5 sec
Step =    118: nodes = 2076, dt = 6.888204e-10, strain = 6.727500e-05, elapsed = 90.4 sec
Step =    119: nodes = 2074, dt = 4.132922e-10, strain = 6.768829e-05, elapsed = 91.3 sec
Step =    120: nodes = 2076, dt = 4.132922e-10, strain = 6.810159e-05, elapsed = 91.9 sec
Step =    121: nodes = 2075, dt = 4.959507e-10, strain = 6.859754e-05, elapsed = 92.4 sec
Step =    122: nodes = 2084, dt = 5.951408e-10, strain = 6.919268e-05, elapsed = 93.2 sec
Step =    123: nodes = 2079, dt = 7.141690e-10, strain = 6.990685e-05, elapsed = 94.1 sec
Step =    124: nodes = 2084, dt = 4.285014e-10, strain = 7.033535e-05, elapsed = 94.7 sec
Step =    125: nodes = 2084, dt = 4.285014e-10, strain = 7.076385e-05, elapsed = 95.1 sec
Step =    126: nodes = 2086, dt = 5.142017e-10, strain = 7.127805e-05, elapsed = 95.8 sec
Step =    127: nodes = 2095, dt = 6.170420e-10, strain = 7.189509e-05, elapsed = 96.5 sec
Step =    128: nodes = 2097, dt = 7.404504e-10, strain = 7.263554e-05, elapsed = 97.3 sec
Step =    129: nodes = 2099, dt = 4.442702e-10, strain = 7.307981e-05, elapsed = 97.9 sec
Step =    130: nodes = 2099, dt = 4.442702e-10, strain = 7.352408e-05, elapsed = 98.5 sec
Step =    131: nodes = 2095, dt = 5.331243e-10, strain = 7.405721e-05, elapsed = 99.3 sec
Step =    132: nodes = 2091, dt = 6.397491e-10, strain = 7.469696e-05, elapsed = 100.2 sec
Step =    133: nodes = 2075, dt = 7.676990e-10, strain = 7.546466e-05, elapsed = 102.2 sec
Step =    134: nodes = 2062, dt = 4.606194e-10, strain = 7.592528e-05, elapsed = 103.5 sec
Step =    135: nodes = 2055, dt = 4.606194e-10, strain = 7.638590e-05, elapsed = 104.7 sec
Step =    136: nodes = 2054, dt = 5.527433e-10, strain = 7.693864e-05, elapsed = 106.0 sec
Step =    137: nodes = 2056, dt = 6.632919e-10, strain = 7.760193e-05, elapsed = 108.1 sec
Step =    138: nodes = 2082, dt = 7.959503e-10, strain = 7.839788e-05, elapsed = 109.7 sec
Step =    139: nodes = 2079, dt = 4.775702e-10, strain = 7.887545e-05, elapsed = 111.2 sec
Step =    140: nodes = 2089, dt = 4.775702e-10, strain = 7.935302e-05, elapsed = 111.9 sec
Step =    141: nodes = 2097, dt = 5.730842e-10, strain = 7.992611e-05, elapsed = 112.7 sec
Step =    142: nodes = 2094, dt = 6.877010e-10, strain = 8.061381e-05, elapsed = 113.5 sec
Step =    143: nodes = 2101, dt = 4.126206e-10, strain = 8.102643e-05, elapsed = 114.0 sec
Step =    144: nodes = 2107, dt = 4.126206e-10, strain = 8.143905e-05, elapsed = 114.5 sec
Step =    145: nodes = 2099, dt = 4.951448e-10, strain = 8.193419e-05, elapsed = 115.2 sec
Step =    146: nodes = 2090, dt = 5.941737e-10, strain = 8.252837e-05, elapsed = 116.1 sec
Step =    147: nodes = 2047, dt = 7.130084e-10, strain = 8.324138e-05, elapsed = 119.5 sec
Step =    148: nodes = 2043, dt = 4.278051e-10, strain = 8.366918e-05, elapsed = 120.4 sec
Step =    149: nodes = 2047, dt = 4.278051e-10, strain = 8.409699e-05, elapsed = 120.9 sec
Step =    150: nodes = 2049, dt = 5.133661e-10, strain = 8.461035e-05, elapsed = 121.5 sec
Step =    151: nodes = 2073, dt = 6.160393e-10, strain = 8.522639e-05, elapsed = 122.1 sec
Step =    152: nodes = 2077, dt = 7.392472e-10, strain = 8.596564e-05, elapsed = 123.5 sec
Step =    153: nodes = 2089, dt = 4.435483e-10, strain = 8.640919e-05, elapsed = 124.3 sec
Step =    154: nodes = 2082, dt = 4.435483e-10, strain = 8.685273e-05, elapsed = 124.9 sec
Step =    155: nodes = 2084, dt = 5.322580e-10, strain = 8.738499e-05, elapsed = 125.6 sec
Step =    156: nodes = 2094, dt = 6.387095e-10, strain = 8.802370e-05, elapsed = 126.3 sec
Step =    157: nodes = 2106, dt = 7.664515e-10, strain = 8.879015e-05, elapsed = 127.2 sec
Step =    158: nodes = 2109, dt = 4.598709e-10, strain = 8.925002e-05, elapsed = 127.9 sec
Step =    159: nodes = 2111, dt = 4.598709e-10, strain = 8.970990e-05, elapsed = 128.5 sec
Step =    160: nodes = 2113, dt = 5.518450e-10, strain = 9.026174e-05, elapsed = 129.2 sec
Step =    161: nodes = 2126, dt = 6.622141e-10, strain = 9.092395e-05, elapsed = 129.9 sec
Step =    162: nodes = 2096, dt = 7.946569e-10, strain = 9.171861e-05, elapsed = 131.5 sec
Step =    163: nodes = 2087, dt = 4.767941e-10, strain = 9.219541e-05, elapsed = 132.5 sec
Step =    164: nodes = 2083, dt = 4.767941e-10, strain = 9.267220e-05, elapsed = 133.2 sec
Step =    165: nodes = 2096, dt = 5.721529e-10, strain = 9.324435e-05, elapsed = 134.0 sec
Step =    166: nodes = 2101, dt = 6.865835e-10, strain = 9.393094e-05, elapsed = 134.8 sec
Step =    167: nodes = 2112, dt = 4.119501e-10, strain = 9.434289e-05, elapsed = 135.4 sec
Step =    168: nodes = 2105, dt = 4.119501e-10, strain = 9.475484e-05, elapsed = 136.0 sec
Step =    169: nodes = 2104, dt = 4.943401e-10, strain = 9.524918e-05, elapsed = 136.7 sec
Step =    170: nodes = 2097, dt = 5.932082e-10, strain = 9.584238e-05, elapsed = 137.6 sec
Step =    171: nodes = 2087, dt = 7.118498e-10, strain = 9.655423e-05, elapsed = 138.7 sec
Step =    172: nodes = 2077, dt = 4.271099e-10, strain = 9.698134e-05, elapsed = 139.4 sec
Step =    173: nodes = 2082, dt = 4.271099e-10, strain = 9.740845e-05, elapsed = 140.0 sec
Step =    174: nodes = 2083, dt = 5.125319e-10, strain = 9.792099e-05, elapsed = 140.5 sec
Step =    175: nodes = 2085, dt = 6.150382e-10, strain = 9.853602e-05, elapsed = 141.5 sec
Step =    176: nodes = 2095, dt = 7.380459e-10, strain = 9.927407e-05, elapsed = 142.6 sec
Step =    177: nodes = 2100, dt = 4.428275e-10, strain = 9.971690e-05, elapsed = 143.2 sec
Step =    178: nodes = 2105, dt = 4.428275e-10, strain = 1.001597e-04, elapsed = 143.8 sec
Step =    179: nodes = 2111, dt = 5.313930e-10, strain = 1.006911e-04, elapsed = 144.6 sec
Step =    180: nodes = 2106, dt = 6.376716e-10, strain = 1.013288e-04, elapsed = 145.4 sec
Step =    181: nodes = 2094, dt = 7.652060e-10, strain = 1.020940e-04, elapsed = 147.0 sec
Step =    182: nodes = 2082, dt = 4.591236e-10, strain = 1.025531e-04, elapsed = 147.9 sec
Step =    183: nodes = 2093, dt = 4.591236e-10, strain = 1.030122e-04, elapsed = 148.8 sec
Step =    184: nodes = 2091, dt = 5.509483e-10, strain = 1.035632e-04, elapsed = 149.7 sec
Step =    185: nodes = 2097, dt = 6.611380e-10, strain = 1.042243e-04, elapsed = 150.7 sec
Step =    186: nodes = 2108, dt = 7.933655e-10, strain = 1.050177e-04, elapsed = 151.9 sec
Step =    187: nodes = 2119, dt = 4.760193e-10, strain = 1.054937e-04, elapsed = 152.6 sec
Step =    188: nodes = 2118, dt = 4.760193e-10, strain = 1.059697e-04, elapsed = 153.3 sec
Step =    189: nodes = 2118, dt = 5.712232e-10, strain = 1.065410e-04, elapsed = 154.2 sec
Step =    190: nodes = 2109, dt = 6.854678e-10, strain = 1.072264e-04, elapsed = 155.2 sec
Step =    191: nodes = 2104, dt = 4.112807e-10, strain = 1.076377e-04, elapsed = 155.8 sec
Step =    192: nodes = 2108, dt = 4.112807e-10, strain = 1.080490e-04, elapsed = 156.3 sec
Step =    193: nodes = 2106, dt = 4.935368e-10, strain = 1.085425e-04, elapsed = 157.0 sec
Step =    194: nodes = 2112, dt = 5.922442e-10, strain = 1.091348e-04, elapsed = 157.8 sec
Step =    195: nodes = 2106, dt = 7.106931e-10, strain = 1.098455e-04, elapsed = 158.8 sec
Step =    196: nodes = 2110, dt = 4.264158e-10, strain = 1.102719e-04, elapsed = 159.5 sec
Step =    197: nodes = 2099, dt = 4.264158e-10, strain = 1.106983e-04, elapsed = 160.1 sec
Step =    198: nodes = 2104, dt = 5.116990e-10, strain = 1.112100e-04, elapsed = 161.0 sec
Step =    199: nodes = 2110, dt = 6.140388e-10, strain = 1.118240e-04, elapsed = 161.9 sec
Step =    200: nodes = 2107, dt = 7.368466e-10, strain = 1.125609e-04, elapsed = 163.0 sec
Writing configuration in legacy data format
 Output file: /data/home/dg000246b/openDIS/HomeWork/output_Cu_fcc/config.200.data
Writing restart file
 Restart file: /data/home/dg000246b/openDIS/HomeWork/output_Cu_fcc/restart.200.exadis
Step =    201: nodes = 2108, dt = 4.421079e-10, strain = 1.130030e-04, elapsed = 163.8 sec
Step =    202: nodes = 2101, dt = 4.421079e-10, strain = 1.134451e-04, elapsed = 164.5 sec
Step =    203: nodes = 2093, dt = 5.305295e-10, strain = 1.139756e-04, elapsed = 165.3 sec
Step =    204: nodes = 2089, dt = 6.366354e-10, strain = 1.146123e-04, elapsed = 166.3 sec
Step =    205: nodes = 2084, dt = 7.639625e-10, strain = 1.153762e-04, elapsed = 167.7 sec
Step =    206: nodes = 2088, dt = 4.583775e-10, strain = 1.158346e-04, elapsed = 168.5 sec
Step =    207: nodes = 2095, dt = 4.583775e-10, strain = 1.162930e-04, elapsed = 169.0 sec
Step =    208: nodes = 2098, dt = 5.500530e-10, strain = 1.168430e-04, elapsed = 169.6 sec
Step =    209: nodes = 2102, dt = 6.600636e-10, strain = 1.175031e-04, elapsed = 170.4 sec
Step =    210: nodes = 2093, dt = 7.920763e-10, strain = 1.182952e-04, elapsed = 171.5 sec
Step =    211: nodes = 2100, dt = 4.752458e-10, strain = 1.187704e-04, elapsed = 172.2 sec
Step =    212: nodes = 2094, dt = 4.752458e-10, strain = 1.192457e-04, elapsed = 172.9 sec
Step =    213: nodes = 2102, dt = 5.702950e-10, strain = 1.198160e-04, elapsed = 173.7 sec
Step =    214: nodes = 2089, dt = 6.843539e-10, strain = 1.205003e-04, elapsed = 174.7 sec
Step =    215: nodes = 2094, dt = 8.212247e-10, strain = 1.213215e-04, elapsed = 176.1 sec
Step =    216: nodes = 2094, dt = 1.231837e-10, strain = 1.214447e-04, elapsed = 176.5 sec
Step =    217: nodes = 2099, dt = 1.231837e-10, strain = 1.215679e-04, elapsed = 176.7 sec
Step =    218: nodes = 2095, dt = 1.478205e-10, strain = 1.217157e-04, elapsed = 176.9 sec
Step =    219: nodes = 2099, dt = 1.773845e-10, strain = 1.218931e-04, elapsed = 177.3 sec
Step =    220: nodes = 2101, dt = 2.128615e-10, strain = 1.221060e-04, elapsed = 177.6 sec
Step =    221: nodes = 2100, dt = 2.554337e-10, strain = 1.223614e-04, elapsed = 178.0 sec
Step =    222: nodes = 2099, dt = 3.065205e-10, strain = 1.226679e-04, elapsed = 178.4 sec
Step =    223: nodes = 2104, dt = 3.678246e-10, strain = 1.230357e-04, elapsed = 178.9 sec
Step =    224: nodes = 2108, dt = 4.413895e-10, strain = 1.234771e-04, elapsed = 179.4 sec
Step =    225: nodes = 2095, dt = 5.296674e-10, strain = 1.240068e-04, elapsed = 180.4 sec
Step =    226: nodes = 2105, dt = 6.356009e-10, strain = 1.246424e-04, elapsed = 181.3 sec
Step =    227: nodes = 2084, dt = 7.627211e-10, strain = 1.254051e-04, elapsed = 183.3 sec
Step =    228: nodes = 2082, dt = 1.144082e-10, strain = 1.255195e-04, elapsed = 183.8 sec
Step =    229: nodes = 2076, dt = 1.144082e-10, strain = 1.256339e-04, elapsed = 184.0 sec
Step =    230: nodes = 2084, dt = 1.372898e-10, strain = 1.257712e-04, elapsed = 184.2 sec
Step =    231: nodes = 2084, dt = 1.647478e-10, strain = 1.259360e-04, elapsed = 184.5 sec
Step =    232: nodes = 2085, dt = 1.976973e-10, strain = 1.261337e-04, elapsed = 184.8 sec
Step =    233: nodes = 2091, dt = 2.372368e-10, strain = 1.263709e-04, elapsed = 185.1 sec
Step =    234: nodes = 2097, dt = 2.846841e-10, strain = 1.266556e-04, elapsed = 185.5 sec
Step =    235: nodes = 2108, dt = 3.416209e-10, strain = 1.269972e-04, elapsed = 186.0 sec
Step =    236: nodes = 2118, dt = 4.099451e-10, strain = 1.274072e-04, elapsed = 210.2 sec
Step =    237: nodes = 2118, dt = 6.149177e-11, strain = 1.274687e-04, elapsed = 211.5 sec
Step =    238: nodes = 2118, dt = 6.149177e-11, strain = 1.275301e-04, elapsed = 214.4 sec
Step =    239: nodes = 2113, dt = 7.379012e-11, strain = 1.276039e-04, elapsed = 220.2 sec
Step =    240: nodes = 2107, dt = 8.854815e-11, strain = 1.276925e-04, elapsed = 222.6 sec
Step =    241: nodes = 2111, dt = 1.062578e-10, strain = 1.277987e-04, elapsed = 223.0 sec
Step =    242: nodes = 2110, dt = 1.275093e-10, strain = 1.279263e-04, elapsed = 223.5 sec
Step =    243: nodes = 2110, dt = 1.530112e-10, strain = 1.280793e-04, elapsed = 224.0 sec
Step =    244: nodes = 2102, dt = 1.836134e-10, strain = 1.282629e-04, elapsed = 224.8 sec
Step =    245: nodes = 2099, dt = 2.203361e-10, strain = 1.284832e-04, elapsed = 225.9 sec
Step =    246: nodes = 2100, dt = 2.644033e-10, strain = 1.287476e-04, elapsed = 226.9 sec
Step =    247: nodes = 2103, dt = 3.172840e-10, strain = 1.290649e-04, elapsed = 228.0 sec
Step =    248: nodes = 2106, dt = 3.807408e-10, strain = 1.294456e-04, elapsed = 229.3 sec
Step =    249: nodes = 2102, dt = 4.568890e-10, strain = 1.299025e-04, elapsed = 231.3 sec
Step =    250: nodes = 2098, dt = 2.741334e-10, strain = 1.301767e-04, elapsed = 232.2 sec
Step =    251: nodes = 2099, dt = 2.741334e-10, strain = 1.304508e-04, elapsed = 233.1 sec
Step =    252: nodes = 2094, dt = 3.289601e-10, strain = 1.307798e-04, elapsed = 233.6 sec
Step =    253: nodes = 2092, dt = 3.947521e-10, strain = 1.311745e-04, elapsed = 234.1 sec
Step =    254: nodes = 2095, dt = 4.737025e-10, strain = 1.316482e-04, elapsed = 234.8 sec
Step =    255: nodes = 2092, dt = 7.105538e-11, strain = 1.317193e-04, elapsed = 235.1 sec
Step =    256: nodes = 2097, dt = 7.105538e-11, strain = 1.317903e-04, elapsed = 235.2 sec
Step =    257: nodes = 2097, dt = 8.526645e-11, strain = 1.318756e-04, elapsed = 235.4 sec
Step =    258: nodes = 2095, dt = 1.023197e-10, strain = 1.319779e-04, elapsed = 235.6 sec
Step =    259: nodes = 2094, dt = 1.227837e-10, strain = 1.321007e-04, elapsed = 235.9 sec
Step =    260: nodes = 2096, dt = 1.473404e-10, strain = 1.322480e-04, elapsed = 236.1 sec
Step =    261: nodes = 2092, dt = 1.768085e-10, strain = 1.324248e-04, elapsed = 236.4 sec
Step =    262: nodes = 2091, dt = 2.121702e-10, strain = 1.326370e-04, elapsed = 236.8 sec
Step =    263: nodes = 2085, dt = 2.546043e-10, strain = 1.328916e-04, elapsed = 237.3 sec
Step =    264: nodes = 2086, dt = 3.055251e-10, strain = 1.331971e-04, elapsed = 244.8 sec
Step =    265: nodes = 2087, dt = 3.666301e-10, strain = 1.335638e-04, elapsed = 247.0 sec
Step =    266: nodes = 2089, dt = 4.399562e-10, strain = 1.340037e-04, elapsed = 249.5 sec
Step =    267: nodes = 2082, dt = 5.279474e-10, strain = 1.345317e-04, elapsed = 253.1 sec
Step =    268: nodes = 2083, dt = 7.919211e-11, strain = 1.346109e-04, elapsed = 253.6 sec
Step =    269: nodes = 2081, dt = 7.919211e-11, strain = 1.346901e-04, elapsed = 254.0 sec
Step =    270: nodes = 2084, dt = 9.503053e-11, strain = 1.347851e-04, elapsed = 254.7 sec
Step =    271: nodes = 2076, dt = 1.140366e-10, strain = 1.348991e-04, elapsed = 255.9 sec
Step =    272: nodes = 2077, dt = 1.368440e-10, strain = 1.350360e-04, elapsed = 256.8 sec
Step =    273: nodes = 2075, dt = 1.642128e-10, strain = 1.352002e-04, elapsed = 257.8 sec
