Host Parallel Execution Space:
  KOKKOS_ENABLE_OPENMP: yes

OpenMP Runtime Configuration:
Kokkos::OpenMP thread_pool_topology[ 1 x 48 x 1 ]
[System] 100 spherical obstacles loaded
Step =      0: nodes = 1908, dt = 0.000000e+00, strain = 0.000000e+00, elapsed = 0.0 sec
Writing configuration in legacy data format
 Output file: /data/home/dg000246b/openDIS/HomeWork/output_Cu_fcc/config.0.data
Writing restart file
 Restart file: /data/home/dg000246b/openDIS/HomeWork/output_Cu_fcc/restart.0.exadis
Run until reaching strain = 0.010000
Step =      1: nodes = 1908, dt = 1.000000e-09, strain = 1.000000e-06, elapsed = 0.2 sec
Step =      2: nodes = 1908, dt = 1.200000e-09, strain = 2.200000e-06, elapsed = 0.3 sec
Step =      3: nodes = 1908, dt = 1.440000e-09, strain = 3.640000e-06, elapsed = 0.4 sec
Step =      4: nodes = 1908, dt = 1.728000e-09, strain = 5.368000e-06, elapsed = 0.6 sec
Step =      5: nodes = 1908, dt = 2.073600e-09, strain = 7.441600e-06, elapsed = 0.8 sec
Step =      6: nodes = 1908, dt = 2.488320e-09, strain = 9.929920e-06, elapsed = 1.0 sec
Step =      7: nodes = 1908, dt = 2.985984e-09, strain = 1.291590e-05, elapsed = 1.2 sec
Step =      8: nodes = 1908, dt = 3.583181e-09, strain = 1.649908e-05, elapsed = 1.5 sec
Step =      9: nodes = 1908, dt = 4.299817e-09, strain = 2.079890e-05, elapsed = 1.8 sec
Step =     10: nodes = 1919, dt = 5.159780e-09, strain = 2.595868e-05, elapsed = 2.2 sec
Step =     11: nodes = 1932, dt = 6.191736e-09, strain = 3.215042e-05, elapsed = 3.1 sec
Step =     12: nodes = 1932, dt = 7.430084e-09, strain = 3.958050e-05, elapsed = 4.0 sec
Step =     13: nodes = 1933, dt = 8.916100e-09, strain = 4.849660e-05, elapsed = 4.8 sec
Step =     14: nodes = 1944, dt = 1.069932e-08, strain = 5.919592e-05, elapsed = 6.0 sec
Step =     15: nodes = 1944, dt = 1.283918e-08, strain = 7.203511e-05, elapsed = 8.2 sec
Step =     16: nodes = 2010, dt = 1.540702e-08, strain = 8.744213e-05, elapsed = 11.0 sec
Step =     17: nodes = 2029, dt = 1.848843e-08, strain = 1.059306e-04, elapsed = 14.9 sec
Step =     18: nodes = 2091, dt = 2.218611e-08, strain = 1.281167e-04, elapsed = 20.8 sec
Step =     19: nodes = 2135, dt = 2.662333e-08, strain = 1.547400e-04, elapsed = 28.6 sec
Step =     20: nodes = 2159, dt = 3.194800e-08, strain = 1.866880e-04, elapsed = 42.0 sec
Step =     21: nodes = 2177, dt = 1.916880e-08, strain = 2.058568e-04, elapsed = 48.9 sec
Step =     22: nodes = 2173, dt = 1.916880e-08, strain = 2.250256e-04, elapsed = 54.6 sec
Step =     23: nodes = 2178, dt = 1.150128e-08, strain = 2.365269e-04, elapsed = 58.7 sec
Step =     24: nodes = 2177, dt = 1.150128e-08, strain = 2.480282e-04, elapsed = 62.2 sec
Step =     25: nodes = 2174, dt = 1.380154e-08, strain = 2.618297e-04, elapsed = 66.1 sec
Step =     26: nodes = 2179, dt = 1.656184e-08, strain = 2.783915e-04, elapsed = 72.3 sec
Step =     27: nodes = 2203, dt = 1.987421e-08, strain = 2.982658e-04, elapsed = 78.3 sec
Step =     28: nodes = 2194, dt = 1.192453e-08, strain = 3.101903e-04, elapsed = 82.0 sec
Step =     29: nodes = 2201, dt = 1.192453e-08, strain = 3.221148e-04, elapsed = 85.0 sec
Step =     30: nodes = 2200, dt = 1.430943e-08, strain = 3.364242e-04, elapsed = 89.2 sec
Step =     31: nodes = 2205, dt = 1.717132e-08, strain = 3.535956e-04, elapsed = 95.4 sec
Step =     32: nodes = 2251, dt = 2.060558e-08, strain = 3.742011e-04, elapsed = 103.5 sec
Step =     33: nodes = 2272, dt = 2.472670e-08, strain = 3.989278e-04, elapsed = 122.3 sec
Step =     34: nodes = 2304, dt = 2.967204e-08, strain = 4.285999e-04, elapsed = 208.8 sec
Step =     35: nodes = 2311, dt = 8.901612e-09, strain = 4.375015e-04, elapsed = 218.8 sec
Step =     36: nodes = 2312, dt = 8.901612e-09, strain = 4.464031e-04, elapsed = 300.3 sec
Step =     37: nodes = 2312, dt = 1.068193e-08, strain = 4.570850e-04, elapsed = 320.0 sec
Step =     38: nodes = 2313, dt = 1.281832e-08, strain = 4.699034e-04, elapsed = 508.7 sec
Step =     39: nodes = 2316, dt = 1.538199e-08, strain = 4.852853e-04, elapsed = 617.0 sec
Step =     40: nodes = 2358, dt = 1.845838e-08, strain = 5.037437e-04, elapsed = 624.4 sec
Step =     41: nodes = 2430, dt = 2.215006e-08, strain = 5.258938e-04, elapsed = 632.6 sec
Step =     42: nodes = 2523, dt = 2.658007e-08, strain = 5.524739e-04, elapsed = 661.3 sec
Step =     43: nodes = 2691, dt = 3.189608e-08, strain = 5.843699e-04, elapsed = 753.8 sec
Step =     44: nodes = 2812, dt = 1.913765e-08, strain = 6.035076e-04, elapsed = 797.1 sec
Step =     45: nodes = 2902, dt = 9.568825e-09, strain = 6.130764e-04, elapsed = 810.6 sec
Step =     46: nodes = 3010, dt = 9.568825e-09, strain = 6.226452e-04, elapsed = 827.5 sec
Step =     47: nodes = 3062, dt = 5.741295e-09, strain = 6.283865e-04, elapsed = 914.1 sec
Step =     48: nodes = 3129, dt = 5.741295e-09, strain = 6.341278e-04, elapsed = 951.7 sec
Step =     49: nodes = 3211, dt = 6.889554e-09, strain = 6.410174e-04, elapsed = 989.3 sec
Step =     50: nodes = 3296, dt = 8.267465e-09, strain = 6.492848e-04, elapsed = 1089.8 sec
Step =     51: nodes = 3399, dt = 9.920958e-09, strain = 6.592058e-04, elapsed = 1254.6 sec
Step =     52: nodes = 3563, dt = 1.190515e-08, strain = 6.711110e-04, elapsed = 1423.0 sec
Step =     53: nodes = 3768, dt = 1.428618e-08, strain = 6.853971e-04, elapsed = 1567.0 sec
Step =     54: nodes = 4059, dt = 1.714342e-08, strain = 7.025406e-04, elapsed = 1838.9 sec
Step =     55: nodes = 4451, dt = 2.057210e-08, strain = 7.231126e-04, elapsed = 2469.0 sec
Step =     56: nodes = 4615, dt = 6.171630e-09, strain = 7.292843e-04, elapsed = 2801.0 sec
Step =     57: nodes = 4745, dt = 6.171630e-09, strain = 7.354559e-04, elapsed = 3147.9 sec
Step =     58: nodes = 4932, dt = 7.405956e-09, strain = 7.428619e-04, elapsed = 3388.8 sec
Step =     59: nodes = 5113, dt = 8.887147e-09, strain = 7.517490e-04, elapsed = 3725.2 sec
Step =     60: nodes = 5317, dt = 1.066458e-08, strain = 7.624136e-04, elapsed = 4610.7 sec
Step =     61: nodes = 5425, dt = 6.398746e-09, strain = 7.688123e-04, elapsed = 5190.6 sec
Step =     62: nodes = 5558, dt = 6.398746e-09, strain = 7.752111e-04, elapsed = 5486.6 sec
Step =     63: nodes = 5771, dt = 7.678495e-09, strain = 7.828896e-04, elapsed = 6038.7 sec
Step =     64: nodes = 6068, dt = 9.214194e-09, strain = 7.921038e-04, elapsed = 6262.4 sec
Step =     65: nodes = 6438, dt = 1.105703e-08, strain = 8.031608e-04, elapsed = 6811.4 sec
Step =     66: nodes = 6945, dt = 1.326844e-08, strain = 8.164292e-04, elapsed = 8525.3 sec
Error: MAX_CONN = 10 exceeded during merge_node()
Error: MAX_CONN = 10 exceeded during merge_node()
Error: MAX_CONN = 10 exceeded during merge_node()
Step =     67: nodes = 7522, dt = 1.592213e-08, strain = 8.323514e-04, elapsed = 10056.7 sec
Step =     68: nodes = 7984, dt = 1.910655e-08, strain = 8.514579e-04, elapsed = 14027.8 sec
Error: MAX_CONN = 10 exceeded during merge_node()
Step =     69: nodes = 8324, dt = 5.731966e-09, strain = 8.571899e-04, elapsed = 15063.2 sec
Error: MAX_CONN = 10 exceeded during merge_node()
Error: MAX_CONN = 10 exceeded during merge_node()
Step =     70: nodes = 8496, dt = 5.731966e-09, strain = 8.629218e-04, elapsed = 15822.4 sec
Error: MAX_CONN = 10 exceeded during merge_node()
Step =     71: nodes = 8581, dt = 6.878359e-09, strain = 8.698002e-04, elapsed = 16997.3 sec
Error: MAX_CONN = 10 exceeded during merge_node()
Error: MAX_CONN = 10 exceeded during merge_node()
Step =     72: nodes = 8659, dt = 8.254030e-09, strain = 8.780542e-04, elapsed = 18197.7 sec
Error: MAX_CONN = 10 exceeded during merge_node()
Error: MAX_CONN = 10 exceeded during merge_node()
Error: MAX_CONN = 10 exceeded during merge_node()
Error: MAX_CONN = 10 exceeded during merge_node()
Error: MAX_CONN = 10 exceeded during merge_node()
Error: MAX_CONN = 10 exceeded during merge_node()
Error: MAX_CONN = 10 exceeded during merge_node()
Error: MAX_CONN = 10 exceeded during merge_node()
Error: MAX_CONN = 10 exceeded during merge_node()
Error: MAX_CONN = 10 exceeded during merge_node()
Error: MAX_CONN = 10 exceeded during merge_node()
Step =     73: nodes = 8610, dt = 2.476209e-09, strain = 8.805304e-04, elapsed = 18393.4 sec
Step =     74: nodes = 8695, dt = 2.476209e-09, strain = 8.830067e-04, elapsed = 18580.2 sec
Step =     75: nodes = 8784, dt = 2.971451e-09, strain = 8.859781e-04, elapsed = 18714.7 sec
Step =     76: nodes = 8927, dt = 3.565741e-09, strain = 8.895438e-04, elapsed = 18886.1 sec
Step =     77: nodes = 9025, dt = 4.278889e-09, strain = 8.938227e-04, elapsed = 19583.1 sec
Step =     78: nodes = 9185, dt = 5.134667e-09, strain = 8.989574e-04, elapsed = 20103.1 sec
Step =     79: nodes = 9364, dt = 6.161601e-09, strain = 9.051190e-04, elapsed = 20540.6 sec
Step =     80: nodes = 9687, dt = 7.393921e-09, strain = 9.125129e-04, elapsed = 21352.3 sec
Error: MAX_CONN = 10 exceeded during merge_node()
Error: MAX_CONN = 10 exceeded during merge_node()
Step =     81: nodes = 9911, dt = 8.872705e-09, strain = 9.213856e-04, elapsed = 23484.8 sec
Error: MAX_CONN = 10 exceeded during merge_node()
Error: MAX_CONN = 10 exceeded during merge_node()
Step =     82: nodes = 9904, dt = 5.323623e-09, strain = 9.267093e-04, elapsed = 24824.6 sec
Step =     83: nodes = 10087, dt = 5.323623e-09, strain = 9.320329e-04, elapsed = 25419.0 sec
Error: MAX_CONN = 10 exceeded during merge_node()
Step =     84: nodes = 10310, dt = 6.388348e-09, strain = 9.384212e-04, elapsed = 26579.0 sec
Step =     85: nodes = 10564, dt = 7.666017e-09, strain = 9.460872e-04, elapsed = 27512.4 sec
Step =     86: nodes = 10671, dt = 9.199221e-09, strain = 9.552865e-04, elapsed = 29996.3 sec
Error: MAX_CONN = 10 exceeded during merge_node()
Error: MAX_CONN = 10 exceeded during merge_node()
Error: MAX_CONN = 10 exceeded during merge_node()
Error: MAX_CONN = 10 exceeded during merge_node()
Error: MAX_CONN = 10 exceeded during merge_node()
Error: MAX_CONN = 10 exceeded during merge_node()
Error: MAX_CONN = 10 exceeded during merge_node()
Error: MAX_CONN = 10 exceeded during merge_node()
Error: MAX_CONN = 10 exceeded during merge_node()
Step =     87: nodes = 10665, dt = 2.759766e-09, strain = 9.580462e-04, elapsed = 30770.8 sec
Error: MAX_CONN = 10 exceeded during merge_node()
Error: MAX_CONN = 10 exceeded during merge_node()
Error: MAX_CONN = 10 exceeded during merge_node()
Error: MAX_CONN = 10 exceeded during merge_node()
Step =     88: nodes = 10724, dt = 2.759766e-09, strain = 9.608060e-04, elapsed = 31039.3 sec
Step =     89: nodes = 10795, dt = 3.311719e-09, strain = 9.641177e-04, elapsed = 31620.9 sec
Step =     90: nodes = 10796, dt = 3.974063e-09, strain = 9.680918e-04, elapsed = 32423.1 sec
Step =     91: nodes = 10700, dt = 4.768876e-09, strain = 9.728607e-04, elapsed = 33564.9 sec
Step =     92: nodes = 10779, dt = 5.722651e-09, strain = 9.785833e-04, elapsed = 34560.5 sec
Step =     93: nodes = 10957, dt = 6.867181e-09, strain = 9.854505e-04, elapsed = 35513.8 sec
Step =     94: nodes = 11062, dt = 8.240618e-09, strain = 9.936911e-04, elapsed = 38068.9 sec
Step =     95: nodes = 11154, dt = 9.888741e-09, strain = 1.003580e-03, elapsed = 41427.8 sec
slurmstepd-c2n096: error: *** JOB 211995 ON c2n096 CANCELLED AT 2026-04-26T22:08:02 DUE TO TIME LIMIT ***
