Host Parallel Execution Space:
  KOKKOS_ENABLE_OPENMP: yes

OpenMP Runtime Configuration:
Kokkos::OpenMP thread_pool_topology[ 1 x 48 x 1 ]
[System] 100 spherical obstacles loaded
[System] 1 planar obstacles (twin boundaries) loaded
Step =      0: nodes = 1908, dt = 0.000000e+00, strain = 0.000000e+00, elapsed = 0.0 sec
Writing configuration in legacy data format
 Output file: /data/home/dg000246b/openDIS/HomeWork/output_Cu_twin/config.0.data
Writing restart file
 Restart file: /data/home/dg000246b/openDIS/HomeWork/output_Cu_twin/restart.0.exadis
Run until reaching strain = 0.010000
Step =      1: nodes = 1908, dt = 1.000000e-09, strain = 1.000000e-06, elapsed = 0.8 sec
Writing configuration in legacy data format
 Output file: /data/home/dg000246b/openDIS/HomeWork/output_Cu_twin/config.1.data
Writing restart file
 Restart file: /data/home/dg000246b/openDIS/HomeWork/output_Cu_twin/restart.1.exadis
Step =      2: nodes = 1908, dt = 1.200000e-09, strain = 2.200000e-06, elapsed = 1.6 sec
Writing configuration in legacy data format
 Output file: /data/home/dg000246b/openDIS/HomeWork/output_Cu_twin/config.2.data
Writing restart file
 Restart file: /data/home/dg000246b/openDIS/HomeWork/output_Cu_twin/restart.2.exadis
Step =      3: nodes = 1908, dt = 1.440000e-09, strain = 3.640000e-06, elapsed = 2.8 sec
Writing configuration in legacy data format
 Output file: /data/home/dg000246b/openDIS/HomeWork/output_Cu_twin/config.3.data
Writing restart file
 Restart file: /data/home/dg000246b/openDIS/HomeWork/output_Cu_twin/restart.3.exadis
Step =      4: nodes = 1921, dt = 1.728000e-09, strain = 5.368000e-06, elapsed = 4.1 sec
Writing configuration in legacy data format
 Output file: /data/home/dg000246b/openDIS/HomeWork/output_Cu_twin/config.4.data
Writing restart file
 Restart file: /data/home/dg000246b/openDIS/HomeWork/output_Cu_twin/restart.4.exadis
Step =      5: nodes = 2138, dt = 2.073600e-09, strain = 7.441600e-06, elapsed = 326.8 sec
Writing configuration in legacy data format
 Output file: /data/home/dg000246b/openDIS/HomeWork/output_Cu_twin/config.5.data
Writing restart file
 Restart file: /data/home/dg000246b/openDIS/HomeWork/output_Cu_twin/restart.5.exadis
Step =      6: nodes = 2770, dt = 1.244160e-09, strain = 8.685760e-06, elapsed = 812.9 sec
Writing configuration in legacy data format
 Output file: /data/home/dg000246b/openDIS/HomeWork/output_Cu_twin/config.6.data
Writing restart file
 Restart file: /data/home/dg000246b/openDIS/HomeWork/output_Cu_twin/restart.6.exadis
Step =      7: nodes = 4166, dt = 6.220800e-10, strain = 9.307840e-06, elapsed = 1261.6 sec
Writing configuration in legacy data format
 Output file: /data/home/dg000246b/openDIS/HomeWork/output_Cu_twin/config.7.data
Writing restart file
 Restart file: /data/home/dg000246b/openDIS/HomeWork/output_Cu_twin/restart.7.exadis
Step =      8: nodes = 6563, dt = 3.110400e-10, strain = 9.618880e-06, elapsed = 1778.4 sec
Writing configuration in legacy data format
 Output file: /data/home/dg000246b/openDIS/HomeWork/output_Cu_twin/config.8.data
Writing restart file
 Restart file: /data/home/dg000246b/openDIS/HomeWork/output_Cu_twin/restart.8.exadis
Step =      9: nodes = 10774, dt = 3.110400e-10, strain = 9.929920e-06, elapsed = 3090.0 sec
Writing configuration in legacy data format
 Output file: /data/home/dg000246b/openDIS/HomeWork/output_Cu_twin/config.9.data
Writing restart file
 Restart file: /data/home/dg000246b/openDIS/HomeWork/output_Cu_twin/restart.9.exadis
Step =     10: nodes = 16945, dt = 5.832000e-12, strain = 9.935752e-06, elapsed = 3168.3 sec
Writing configuration in legacy data format
 Output file: /data/home/dg000246b/openDIS/HomeWork/output_Cu_twin/config.10.data
Writing restart file
 Restart file: /data/home/dg000246b/openDIS/HomeWork/output_Cu_twin/restart.10.exadis
Step =     11: nodes = 26671, dt = 5.832000e-12, strain = 9.941584e-06, elapsed = 3387.4 sec
Writing configuration in legacy data format
 Output file: /data/home/dg000246b/openDIS/HomeWork/output_Cu_twin/config.11.data
Writing restart file
 Restart file: /data/home/dg000246b/openDIS/HomeWork/output_Cu_twin/restart.11.exadis
Error: MAX_CONN = 15 exceeded during merge_node()
Error: MAX_CONN = 15 exceeded during merge_node()
Error: MAX_CONN = 15 exceeded during merge_node()
Step =     12: nodes = 41279, dt = 8.748000e-13, strain = 9.942459e-06, elapsed = 3544.2 sec
Writing configuration in legacy data format
 Output file: /data/home/dg000246b/openDIS/HomeWork/output_Cu_twin/config.12.data
Writing restart file
 Restart file: /data/home/dg000246b/openDIS/HomeWork/output_Cu_twin/restart.12.exadis
Error: MAX_CONN = 15 exceeded during merge_node()
Error: MAX_CONN = 15 exceeded during merge_node()
Error: MAX_CONN = 15 exceeded during merge_node()
Error: MAX_CONN = 15 exceeded during merge_node()
Error: MAX_CONN = 15 exceeded during merge_node()
Error: MAX_CONN = 15 exceeded during merge_node()
Error: MAX_CONN = 15 exceeded during merge_node()
Error: MAX_CONN = 15 exceeded during merge_node()
Error: MAX_CONN = 15 exceeded during merge_node()
Error: MAX_CONN = 15 exceeded during merge_node()
Error: MAX_CONN = 15 exceeded during merge_node()
Error: MAX_CONN = 15 exceeded during merge_node()
Error: MAX_CONN = 15 exceeded during merge_node()
Error: MAX_CONN = 15 exceeded during merge_node()
Error: MAX_CONN = 15 exceeded during merge_node()
Error: MAX_CONN = 15 exceeded during merge_node()
Error: MAX_CONN = 15 exceeded during merge_node()
Step =     13: nodes = 59952, dt = 2.187000e-13, strain = 9.942678e-06, elapsed = 3717.6 sec
Writing configuration in legacy data format
 Output file: /data/home/dg000246b/openDIS/HomeWork/output_Cu_twin/config.13.data
Writing restart file
 Restart file: /data/home/dg000246b/openDIS/HomeWork/output_Cu_twin/restart.13.exadis
Warning: max collisions have been reached. Some collisions have been ignored
Error: MAX_CONN = 15 exceeded during merge_node()
Error: MAX_CONN = 15 exceeded during merge_node()
Error: MAX_CONN = 15 exceeded during merge_node()
Error: MAX_CONN = 15 exceeded during merge_node()
Error: MAX_CONN = 15 exceeded during merge_node()
Error: MAX_CONN = 15 exceeded during merge_node()
Error: MAX_CONN = 15 exceeded during merge_node()
Error: MAX_CONN = 15 exceeded during merge_node()
Error: MAX_CONN = 15 exceeded during merge_node()
Error: MAX_CONN = 15 exceeded during merge_node()
Error: MAX_CONN = 15 exceeded during merge_node()
Error: MAX_CONN = 15 exceeded during merge_node()
Error: MAX_CONN = 15 exceeded during merge_node()
Error: MAX_CONN = 15 exceeded during merge_node()
Error: MAX_CONN = 15 exceeded during merge_node()
Error: MAX_CONN = 15 exceeded during merge_node()
Error: MAX_CONN = 15 exceeded during merge_node()
Error: MAX_CONN = 15 exceeded during merge_node()
Error: MAX_CONN = 15 exceeded during merge_node()
Error: MAX_CONN = 15 exceeded during merge_node()
Error: MAX_CONN = 15 exceeded during merge_node()
Error: MAX_CONN = 15 exceeded during merge_node()
Error: MAX_CONN = 15 exceeded during merge_node()
Error: MAX_CONN = 15 exceeded during merge_node()
Error: MAX_CONN = 15 exceeded during merge_node()
Error: MAX_CONN = 15 exceeded during merge_node()
Step =     14: nodes = 90279, dt = 5.467500e-14, strain = 9.942732e-06, elapsed = 3916.9 sec
Writing configuration in legacy data format
 Output file: /data/home/dg000246b/openDIS/HomeWork/output_Cu_twin/config.14.data
Writing restart file
 Restart file: /data/home/dg000246b/openDIS/HomeWork/output_Cu_twin/restart.14.exadis
/var/spool/slurmd/job213733/slurm_script: line 16:  8487 Segmentation fault      (core dumped) python /data/home/dg000246b/openDIS/HomeWork/test_Cu_twin.py
